[1] "/liulab/galib/mouse_scRNAseq_margaret/data/infercnv/inferCNV_out_new/cd70/6mos"
Warning message:
package ‘rBCS’ was built under R version 4.1.3 
── Attaching packages ─────────────────────────────────────── tidyverse 1.3.1 ──
✔ ggplot2 3.3.6     ✔ purrr   0.3.4
✔ tibble  3.1.7     ✔ dplyr   1.0.9
✔ tidyr   1.2.0     ✔ stringr 1.4.0
✔ readr   2.1.2     ✔ forcats 0.5.1
── Conflicts ────────────────────────────────────────── tidyverse_conflicts() ──
✖ dplyr::filter() masks stats::filter()
✖ dplyr::lag()    masks stats::lag()
Warning messages:
1: package ‘tidyverse’ was built under R version 4.1.3 
2: package ‘ggplot2’ was built under R version 4.1.3 
3: package ‘tibble’ was built under R version 4.1.3 
4: package ‘tidyr’ was built under R version 4.1.2 
5: package ‘readr’ was built under R version 4.1.2 
6: package ‘dplyr’ was built under R version 4.1.3 
7: package ‘forcats’ was built under R version 4.1.3 
Attaching SeuratObject
Attaching sp
Warning message:
package ‘Seurat’ was built under R version 4.1.3 
here() starts at /liulab/galib/mouse_scRNAseq_margaret
Loading required package: usethis
Warning message:
package ‘ggpubr’ was built under R version 4.1.3 
Warning message:
package ‘infercnv’ was built under R version 4.1.3 
[1]  32285 176583
Rows: 55228 Columns: 4
── Column specification ────────────────────────────────────────────────────────
Delimiter: "\t"
chr (2): X1, X2
dbl (2): X3, X4

ℹ Use `spec()` to retrieve the full column specification for this data.
ℹ Specify the column types or set `show_col_types = FALSE` to quiet this message.
[1] 6
INFO [2022-09-02 03:01:33] Parsing gene order file: ./data/infercnv/gene_order_file.txt
INFO [2022-09-02 03:01:33] ::order_reduce:Start.
INFO [2022-09-02 03:01:41] .order_reduce(): expr and order match.
INFO [2022-09-02 03:02:20] ::process_data:order_reduce:Reduction from positional data, new dimensions (r,c) = 32285,176583 Total=901670571 Min=0 Max=21505.
INFO [2022-09-02 03:02:22] num genes removed taking into account provided gene ordering list: 1949 = 6.03685922254917% removed.
INFO [2022-09-02 03:02:23] -filtering out cells < 100 or > Inf, removing 0 % of cells
INFO [2022-09-02 03:02:32] validating infercnv_obj
INFO [2022-09-02 03:02:32] ::process_data:Start
INFO [2022-09-02 03:02:32] Creating output path ./data/infercnv/inferCNV_out_new/cd70/Pool105_11/
INFO [2022-09-02 03:02:32] Checking for saved results.
INFO [2022-09-02 03:02:32] 

	STEP 1: incoming data

INFO [2022-09-02 03:02:56] 

	STEP 02: Removing lowly expressed genes

INFO [2022-09-02 03:02:56] ::above_min_mean_expr_cutoff:Start
INFO [2022-09-02 03:02:57] Removing 25571 genes from matrix as below mean expr threshold: 0.1
INFO [2022-09-02 03:02:58] validating infercnv_obj
INFO [2022-09-02 03:02:58] There are 4765 genes and 17001 cells remaining in the expr matrix.
INFO [2022-09-02 03:03:03] no genes removed due to min cells/gene filter
INFO [2022-09-02 03:03:26] 

	STEP 03: normalization by sequencing depth

INFO [2022-09-02 03:03:26] normalizing counts matrix by depth
INFO [2022-09-02 03:03:31] Computed total sum normalization factor as median libsize: 3105.000000
INFO [2022-09-02 03:03:31] Adding h-spike
INFO [2022-09-02 03:03:31] -hspike modeling of WT
INFO [2022-09-02 03:04:23] validating infercnv_obj
INFO [2022-09-02 03:04:23] normalizing counts matrix by depth
INFO [2022-09-02 03:04:23] Using specified normalization factor: 3105.000000
INFO [2022-09-02 03:04:46] 

	STEP 04: log transformation of data

INFO [2022-09-02 03:04:46] transforming log2xplus1()
INFO [2022-09-02 03:04:49] -mirroring for hspike
INFO [2022-09-02 03:04:49] transforming log2xplus1()
INFO [2022-09-02 03:05:13] 

	STEP 08: removing average of reference data (before smoothing)

INFO [2022-09-02 03:05:13] ::subtract_ref_expr_from_obs:Start inv_log=FALSE, use_bounds=TRUE
INFO [2022-09-02 03:05:13] subtracting mean(normal) per gene per cell across all data
INFO [2022-09-02 03:05:17] -subtracting expr per gene, use_bounds=TRUE
INFO [2022-09-02 03:30:13] -mirroring for hspike
INFO [2022-09-02 03:30:13] ::subtract_ref_expr_from_obs:Start inv_log=FALSE, use_bounds=TRUE
INFO [2022-09-02 03:30:13] subtracting mean(normal) per gene per cell across all data
INFO [2022-09-02 03:30:15] -subtracting expr per gene, use_bounds=TRUE
INFO [2022-09-02 03:30:54] 

	STEP 09: apply max centered expression threshold: 3

INFO [2022-09-02 03:30:54] ::process_data:setting max centered expr, threshold set to: +/-:  3
INFO [2022-09-02 03:30:56] -mirroring for hspike
INFO [2022-09-02 03:30:56] ::process_data:setting max centered expr, threshold set to: +/-:  3
INFO [2022-09-02 03:31:34] 

	STEP 10: Smoothing data per cell by chromosome

INFO [2022-09-02 03:31:34] smooth_by_chromosome: chr: chr1
INFO [2022-09-02 03:31:47] smooth_by_chromosome: chr: chr10
INFO [2022-09-02 03:31:59] smooth_by_chromosome: chr: chr11
INFO [2022-09-02 03:32:14] smooth_by_chromosome: chr: chr12
INFO [2022-09-02 03:32:26] smooth_by_chromosome: chr: chr13
INFO [2022-09-02 03:32:38] smooth_by_chromosome: chr: chr14
INFO [2022-09-02 03:32:51] smooth_by_chromosome: chr: chr15
INFO [2022-09-02 03:33:03] smooth_by_chromosome: chr: chr16
INFO [2022-09-02 03:33:15] smooth_by_chromosome: chr: chr17
INFO [2022-09-02 03:33:29] smooth_by_chromosome: chr: chr18
INFO [2022-09-02 03:33:41] smooth_by_chromosome: chr: chr19
INFO [2022-09-02 03:33:53] smooth_by_chromosome: chr: chr2
INFO [2022-09-02 03:34:07] smooth_by_chromosome: chr: chr3
INFO [2022-09-02 03:34:19] smooth_by_chromosome: chr: chr4
INFO [2022-09-02 03:34:33] smooth_by_chromosome: chr: chr5
INFO [2022-09-02 03:34:47] smooth_by_chromosome: chr: chr6
INFO [2022-09-02 03:35:00] smooth_by_chromosome: chr: chr7
INFO [2022-09-02 03:35:15] smooth_by_chromosome: chr: chr8
INFO [2022-09-02 03:35:28] smooth_by_chromosome: chr: chr9
INFO [2022-09-02 03:35:42] -mirroring for hspike
INFO [2022-09-02 03:35:42] smooth_by_chromosome: chr: chrA
INFO [2022-09-02 03:35:42] smooth_by_chromosome: chr: chr_0
INFO [2022-09-02 03:35:42] smooth_by_chromosome: chr: chr_B
INFO [2022-09-02 03:35:42] smooth_by_chromosome: chr: chr_0pt5
INFO [2022-09-02 03:35:43] smooth_by_chromosome: chr: chr_C
INFO [2022-09-02 03:35:43] smooth_by_chromosome: chr: chr_1pt5
INFO [2022-09-02 03:35:43] smooth_by_chromosome: chr: chr_D
INFO [2022-09-02 03:35:43] smooth_by_chromosome: chr: chr_2pt0
INFO [2022-09-02 03:35:43] smooth_by_chromosome: chr: chr_E
INFO [2022-09-02 03:35:44] smooth_by_chromosome: chr: chr_3pt0
INFO [2022-09-02 03:35:44] smooth_by_chromosome: chr: chr_F
INFO [2022-09-02 03:36:23] 

	STEP 11: re-centering data across chromosome after smoothing

INFO [2022-09-02 03:36:23] ::center_smooth across chromosomes per cell
INFO [2022-09-02 03:36:35] -mirroring for hspike
INFO [2022-09-02 03:36:35] ::center_smooth across chromosomes per cell
INFO [2022-09-02 03:37:15] 

	STEP 12: removing average of reference data (after smoothing)

INFO [2022-09-02 03:37:15] ::subtract_ref_expr_from_obs:Start inv_log=FALSE, use_bounds=TRUE
INFO [2022-09-02 03:37:15] subtracting mean(normal) per gene per cell across all data
INFO [2022-09-02 03:37:19] -subtracting expr per gene, use_bounds=TRUE
INFO [2022-09-02 03:37:25] -mirroring for hspike
INFO [2022-09-02 03:37:25] ::subtract_ref_expr_from_obs:Start inv_log=FALSE, use_bounds=TRUE
INFO [2022-09-02 03:37:25] subtracting mean(normal) per gene per cell across all data
INFO [2022-09-02 03:37:26] -subtracting expr per gene, use_bounds=TRUE
INFO [2022-09-02 03:38:05] 

	STEP 14: invert log2(FC) to FC

INFO [2022-09-02 03:38:05] invert_log2(), computing 2^x
INFO [2022-09-02 03:38:10] -mirroring for hspike
INFO [2022-09-02 03:38:10] invert_log2(), computing 2^x
INFO [2022-09-02 03:39:05] 

	STEP 15: Clustering samples (not defining tumor subclusters)

INFO [2022-09-02 03:39:05] define_signif_tumor_subclusters(p_val=0.1
INFO [2022-09-02 03:39:05] define_signif_tumor_subclusters(), tumor: CD70-/-
INFO [2022-09-02 03:43:13] cut tree into: 1 groups
INFO [2022-09-02 03:43:13] -processing CD70-/-,CD70-/-_s1
INFO [2022-09-02 03:43:13] define_signif_tumor_subclusters(), tumor: WT
INFO [2022-09-02 06:49:40] cut tree into: 1 groups
INFO [2022-09-02 06:49:40] -processing WT,WT_s1
INFO [2022-09-02 06:49:40] -mirroring for hspike
INFO [2022-09-02 06:49:40] define_signif_tumor_subclusters(p_val=0.1
INFO [2022-09-02 06:49:40] define_signif_tumor_subclusters(), tumor: spike_tumor_cell_WT
INFO [2022-09-02 06:49:40] cut tree into: 1 groups
INFO [2022-09-02 06:49:40] -processing spike_tumor_cell_WT,spike_tumor_cell_WT_s1
INFO [2022-09-02 06:49:40] define_signif_tumor_subclusters(), tumor: simnorm_cell_WT
INFO [2022-09-02 06:49:40] cut tree into: 1 groups
INFO [2022-09-02 06:49:40] -processing simnorm_cell_WT,simnorm_cell_WT_s1
INFO [2022-09-02 06:51:31] ::plot_cnv:Start
INFO [2022-09-02 06:51:31] ::plot_cnv:Current data dimensions (r,c)=4765,17001 Total=81080514.7775397 Min=0.640661208512763 Max=1.54300269666474.
INFO [2022-09-02 06:51:32] ::plot_cnv:Depending on the size of the matrix this may take a moment.
INFO [2022-09-02 06:52:53] plot_cnv(): auto thresholding at: (0.889443 , 1.112303)
INFO [2022-09-02 06:52:55] plot_cnv_observation:Start
INFO [2022-09-02 06:52:55] Observation data size: Cells= 2590 Genes= 4765
INFO [2022-09-02 06:52:56] plot_cnv_observation:Writing observation groupings/color.
INFO [2022-09-02 06:52:56] plot_cnv_observation:Done writing observation groupings/color.
INFO [2022-09-02 06:52:56] plot_cnv_observation:Writing observation heatmap thresholds.
INFO [2022-09-02 06:52:56] plot_cnv_observation:Done writing observation heatmap thresholds.
INFO [2022-09-02 06:52:59] Colors for breaks:  #00008B,#24249B,#4848AB,#6D6DBC,#9191CC,#B6B6DD,#DADAEE,#FFFFFF,#EEDADA,#DDB6B6,#CC9191,#BC6D6D,#AB4848,#9B2424,#8B0000
INFO [2022-09-02 06:52:59] Quantiles of plotted data range: 0.889443216647128,0.973210054625253,0.998870382732117,1.02621649246137,1.11230348086618
INFO [2022-09-02 06:53:02] plot_cnv_observations:Writing observation data to ./data/infercnv/inferCNV_out_new/cd70/Pool105_11//infercnv.preliminary.observations.txt
INFO [2022-09-02 06:53:14] plot_cnv_references:Start
INFO [2022-09-02 06:53:14] Reference data size: Cells= 14411 Genes= 4765
INFO [2022-09-02 10:03:48] plot_cnv_references:Number reference groups= 1
INFO [2022-09-02 10:03:49] plot_cnv_references:Plotting heatmap.
INFO [2022-09-02 10:04:06] Colors for breaks:  #00008B,#24249B,#4848AB,#6D6DBC,#9191CC,#B6B6DD,#DADAEE,#FFFFFF,#EEDADA,#DDB6B6,#CC9191,#BC6D6D,#AB4848,#9B2424,#8B0000
INFO [2022-09-02 10:04:06] Quantiles of plotted data range: 0.889443216647128,0.973125975932559,0.998900424298989,1.026344566092,1.11230348086618
INFO [2022-09-02 10:04:13] plot_cnv_references:Writing reference data to ./data/infercnv/inferCNV_out_new/cd70/Pool105_11//infercnv.preliminary.references.txt
INFO [2022-09-02 10:05:22] 

	STEP 17: HMM-based CNV prediction

INFO [2022-09-02 10:05:22] predict_CNV_via_HMM_on_whole_tumor_samples
INFO [2022-09-02 10:05:25] -done predicting CNV based on initial tumor subclusters
INFO [2022-09-02 10:05:25] get_predicted_CNV_regions(subcluster)
INFO [2022-09-02 10:05:25] -processing cell_group_name: CD70-/-.CD70-/-_s1, size: 2590
INFO [2022-09-02 10:05:37] -processing cell_group_name: WT.WT_s1, size: 14411
INFO [2022-09-02 10:06:25] -writing cell clusters file: ./data/infercnv/inferCNV_out_new/cd70/Pool105_11//17_HMM_predHMMi6.hmm_mode-samples.cell_groupings
INFO [2022-09-02 10:06:25] -writing cnv regions file: ./data/infercnv/inferCNV_out_new/cd70/Pool105_11//17_HMM_predHMMi6.hmm_mode-samples.pred_cnv_regions.dat
INFO [2022-09-02 10:06:26] -writing per-gene cnv report: ./data/infercnv/inferCNV_out_new/cd70/Pool105_11//17_HMM_predHMMi6.hmm_mode-samples.pred_cnv_genes.dat
INFO [2022-09-02 10:06:26] -writing gene ordering info: ./data/infercnv/inferCNV_out_new/cd70/Pool105_11//17_HMM_predHMMi6.hmm_mode-samples.genes_used.dat
INFO [2022-09-02 10:06:43] ::plot_cnv:Start
INFO [2022-09-02 10:06:43] ::plot_cnv:Current data dimensions (r,c)=4765,17001 Total=243029295 Min=3 Max=3.
INFO [2022-09-02 10:06:43] ::plot_cnv:Depending on the size of the matrix this may take a moment.
INFO [2022-09-02 10:07:50] plot_cnv_observation:Start
INFO [2022-09-02 10:07:50] Observation data size: Cells= 2590 Genes= 4765
INFO [2022-09-02 10:07:50] plot_cnv_observation:Writing observation groupings/color.
INFO [2022-09-02 10:07:50] plot_cnv_observation:Done writing observation groupings/color.
INFO [2022-09-02 10:07:50] plot_cnv_observation:Writing observation heatmap thresholds.
INFO [2022-09-02 10:07:50] plot_cnv_observation:Done writing observation heatmap thresholds.
INFO [2022-09-02 10:07:53] Colors for breaks:  #00008B,#24249B,#4848AB,#6D6DBC,#9191CC,#B6B6DD,#DADAEE,#FFFFFF,#EEDADA,#DDB6B6,#CC9191,#BC6D6D,#AB4848,#9B2424,#8B0000
INFO [2022-09-02 10:07:53] Quantiles of plotted data range: 3,3,3,3,3
INFO [2022-09-02 10:07:55] plot_cnv_observations:Writing observation data to ./data/infercnv/inferCNV_out_new/cd70/Pool105_11//infercnv.17_HMM_predHMMi6.hmm_mode-samples.observations.txt
INFO [2022-09-02 10:08:05] plot_cnv_references:Start
INFO [2022-09-02 10:08:05] Reference data size: Cells= 14411 Genes= 4765
INFO [2022-09-02 13:17:48] plot_cnv_references:Number reference groups= 1
INFO [2022-09-02 13:17:49] plot_cnv_references:Plotting heatmap.
INFO [2022-09-02 13:18:05] Colors for breaks:  #00008B,#24249B,#4848AB,#6D6DBC,#9191CC,#B6B6DD,#DADAEE,#FFFFFF,#EEDADA,#DDB6B6,#CC9191,#BC6D6D,#AB4848,#9B2424,#8B0000
INFO [2022-09-02 13:18:05] Quantiles of plotted data range: 3,3,3,3,3
INFO [2022-09-02 13:18:11] plot_cnv_references:Writing reference data to ./data/infercnv/inferCNV_out_new/cd70/Pool105_11//infercnv.17_HMM_predHMMi6.hmm_mode-samples.references.txt
INFO [2022-09-02 13:19:16] 

	STEP 20: Converting HMM-based CNV states to repr expr vals

INFO [2022-09-02 13:19:36] ::plot_cnv:Start
INFO [2022-09-02 13:19:36] ::plot_cnv:Current data dimensions (r,c)=4765,17001 Total=81009765 Min=1 Max=1.
INFO [2022-09-02 13:19:37] ::plot_cnv:Depending on the size of the matrix this may take a moment.
INFO [2022-09-02 13:20:44] plot_cnv_observation:Start
INFO [2022-09-02 13:20:44] Observation data size: Cells= 2590 Genes= 4765
INFO [2022-09-02 13:20:44] plot_cnv_observation:Writing observation groupings/color.
INFO [2022-09-02 13:20:44] plot_cnv_observation:Done writing observation groupings/color.
INFO [2022-09-02 13:20:44] plot_cnv_observation:Writing observation heatmap thresholds.
INFO [2022-09-02 13:20:44] plot_cnv_observation:Done writing observation heatmap thresholds.
INFO [2022-09-02 13:20:47] Colors for breaks:  #00008B,#24249B,#4848AB,#6D6DBC,#9191CC,#B6B6DD,#DADAEE,#FFFFFF,#EEDADA,#DDB6B6,#CC9191,#BC6D6D,#AB4848,#9B2424,#8B0000
INFO [2022-09-02 13:20:47] Quantiles of plotted data range: 1,1,1,1,1
INFO [2022-09-02 13:20:49] plot_cnv_observations:Writing observation data to ./data/infercnv/inferCNV_out_new/cd70/Pool105_11//infercnv.20_HMM_predHMMi6.hmm_mode-samples.Pnorm_0.5.repr_intensities.observations.txt
INFO [2022-09-02 13:20:59] plot_cnv_references:Start
INFO [2022-09-02 13:20:59] Reference data size: Cells= 14411 Genes= 4765
INFO [2022-09-02 16:31:21] plot_cnv_references:Number reference groups= 1
INFO [2022-09-02 16:31:22] plot_cnv_references:Plotting heatmap.
INFO [2022-09-02 16:31:40] Colors for breaks:  #00008B,#24249B,#4848AB,#6D6DBC,#9191CC,#B6B6DD,#DADAEE,#FFFFFF,#EEDADA,#DDB6B6,#CC9191,#BC6D6D,#AB4848,#9B2424,#8B0000
INFO [2022-09-02 16:31:40] Quantiles of plotted data range: 1,1,1,1,1
INFO [2022-09-02 16:31:46] plot_cnv_references:Writing reference data to ./data/infercnv/inferCNV_out_new/cd70/Pool105_11//infercnv.20_HMM_predHMMi6.hmm_mode-samples.Pnorm_0.5.repr_intensities.references.txt
INFO [2022-09-02 16:32:43] 

	STEP 22: Denoising

INFO [2022-09-02 16:32:43] ::process_data:Remove noise, noise threshold defined via ref mean sd_amplifier:  1.5
INFO [2022-09-02 16:32:43] denoising using mean(normal) +- sd_amplifier * sd(normal) per gene per cell across all data
INFO [2022-09-02 16:32:45] :: **** clear_noise_via_ref_quantiles **** : removing noise between bounds:  0.939056736948114 - 1.06268336941472
INFO [2022-09-02 16:33:25] 

## Making the final infercnv heatmap ##
INFO [2022-09-02 16:33:26] ::plot_cnv:Start
INFO [2022-09-02 16:33:26] ::plot_cnv:Current data dimensions (r,c)=4765,17001 Total=81216868.1052841 Min=0.640661208512763 Max=1.54300269666474.
INFO [2022-09-02 16:33:27] ::plot_cnv:Depending on the size of the matrix this may take a moment.
INFO [2022-09-02 16:34:45] plot_cnv(): auto thresholding at: (0.887697 , 1.112303)
INFO [2022-09-02 16:34:47] plot_cnv_observation:Start
INFO [2022-09-02 16:34:47] Observation data size: Cells= 2590 Genes= 4765
INFO [2022-09-02 16:34:47] plot_cnv_observation:Writing observation groupings/color.
INFO [2022-09-02 16:34:47] plot_cnv_observation:Done writing observation groupings/color.
INFO [2022-09-02 16:34:47] plot_cnv_observation:Writing observation heatmap thresholds.
INFO [2022-09-02 16:34:47] plot_cnv_observation:Done writing observation heatmap thresholds.
INFO [2022-09-02 16:34:50] Colors for breaks:  #00008B,#24249B,#4848AB,#6D6DBC,#9191CC,#B6B6DD,#DADAEE,#FFFFFF,#EEDADA,#DDB6B6,#CC9191,#BC6D6D,#AB4848,#9B2424,#8B0000
INFO [2022-09-02 16:34:50] Quantiles of plotted data range: 0.887696519133818,1.00087005318142,1.00087005318142,1.00087005318142,1.11230348086618
INFO [2022-09-02 16:34:52] plot_cnv_observations:Writing observation data to ./data/infercnv/inferCNV_out_new/cd70/Pool105_11//infercnv.observations.txt
INFO [2022-09-02 16:35:04] plot_cnv_references:Start
INFO [2022-09-02 16:35:04] Reference data size: Cells= 14411 Genes= 4765
INFO [2022-09-02 19:46:53] plot_cnv_references:Number reference groups= 1
INFO [2022-09-02 19:46:53] plot_cnv_references:Plotting heatmap.
INFO [2022-09-02 19:47:10] Colors for breaks:  #00008B,#24249B,#4848AB,#6D6DBC,#9191CC,#B6B6DD,#DADAEE,#FFFFFF,#EEDADA,#DDB6B6,#CC9191,#BC6D6D,#AB4848,#9B2424,#8B0000
INFO [2022-09-02 19:47:10] Quantiles of plotted data range: 0.887696519133818,1.00087005318142,1.00087005318142,1.00087005318142,1.11230348086618
INFO [2022-09-02 19:47:17] plot_cnv_references:Writing reference data to ./data/infercnv/inferCNV_out_new/cd70/Pool105_11//infercnv.references.txt
