[1] "/liulab/galib/mouse_scRNAseq_margaret/data/infercnv/inferCNV_out_new/cd70/14mos"
Warning message:
package ‘rBCS’ was built under R version 4.1.3 
── Attaching packages ─────────────────────────────────────── tidyverse 1.3.1 ──
✔ ggplot2 3.3.6     ✔ purrr   0.3.4
✔ tibble  3.1.7     ✔ dplyr   1.0.9
✔ tidyr   1.2.0     ✔ stringr 1.4.0
✔ readr   2.1.2     ✔ forcats 0.5.1
── Conflicts ────────────────────────────────────────── tidyverse_conflicts() ──
✖ dplyr::filter() masks stats::filter()
✖ dplyr::lag()    masks stats::lag()
Warning messages:
1: package ‘tidyverse’ was built under R version 4.1.3 
2: package ‘ggplot2’ was built under R version 4.1.3 
3: package ‘tibble’ was built under R version 4.1.3 
4: package ‘tidyr’ was built under R version 4.1.2 
5: package ‘readr’ was built under R version 4.1.2 
6: package ‘dplyr’ was built under R version 4.1.3 
7: package ‘forcats’ was built under R version 4.1.3 
Attaching SeuratObject
Attaching sp
Warning message:
package ‘Seurat’ was built under R version 4.1.3 
here() starts at /liulab/galib/mouse_scRNAseq_margaret
Loading required package: usethis
Warning message:
package ‘ggpubr’ was built under R version 4.1.3 
Warning message:
package ‘infercnv’ was built under R version 4.1.3 
[1]  32285 176583
Rows: 55228 Columns: 4
── Column specification ────────────────────────────────────────────────────────
Delimiter: "\t"
chr (2): X1, X2
dbl (2): X3, X4

ℹ Use `spec()` to retrieve the full column specification for this data.
ℹ Specify the column types or set `show_col_types = FALSE` to quiet this message.
[1] 6
INFO [2022-09-02 19:23:35] Parsing gene order file: ./data/infercnv/gene_order_file.txt
INFO [2022-09-02 19:23:35] ::order_reduce:Start.
INFO [2022-09-02 19:23:43] .order_reduce(): expr and order match.
INFO [2022-09-02 19:24:16] ::process_data:order_reduce:Reduction from positional data, new dimensions (r,c) = 32285,176583 Total=901670571 Min=0 Max=21505.
INFO [2022-09-02 19:24:18] num genes removed taking into account provided gene ordering list: 1949 = 6.03685922254917% removed.
INFO [2022-09-02 19:24:20] -filtering out cells < 100 or > Inf, removing 0 % of cells
INFO [2022-09-02 19:24:29] validating infercnv_obj
INFO [2022-09-02 19:24:29] ::process_data:Start
INFO [2022-09-02 19:24:29] Creating output path ./data/infercnv/inferCNV_out_new/cd70/Pool105_43/
INFO [2022-09-02 19:24:29] Checking for saved results.
INFO [2022-09-02 19:24:29] 

	STEP 1: incoming data

INFO [2022-09-02 19:24:52] 

	STEP 02: Removing lowly expressed genes

INFO [2022-09-02 19:24:52] ::above_min_mean_expr_cutoff:Start
INFO [2022-09-02 19:24:53] Removing 25792 genes from matrix as below mean expr threshold: 0.1
INFO [2022-09-02 19:24:54] validating infercnv_obj
INFO [2022-09-02 19:24:54] There are 4544 genes and 17106 cells remaining in the expr matrix.
INFO [2022-09-02 19:24:59] no genes removed due to min cells/gene filter
INFO [2022-09-02 19:25:21] 

	STEP 03: normalization by sequencing depth

INFO [2022-09-02 19:25:21] normalizing counts matrix by depth
INFO [2022-09-02 19:25:27] Computed total sum normalization factor as median libsize: 3002.000000
INFO [2022-09-02 19:25:27] Adding h-spike
INFO [2022-09-02 19:25:27] -hspike modeling of WT
INFO [2022-09-02 19:26:20] validating infercnv_obj
INFO [2022-09-02 19:26:20] normalizing counts matrix by depth
INFO [2022-09-02 19:26:20] Using specified normalization factor: 3002.000000
INFO [2022-09-02 19:26:42] 

	STEP 04: log transformation of data

INFO [2022-09-02 19:26:42] transforming log2xplus1()
INFO [2022-09-02 19:26:46] -mirroring for hspike
INFO [2022-09-02 19:26:46] transforming log2xplus1()
INFO [2022-09-02 19:27:09] 

	STEP 08: removing average of reference data (before smoothing)

INFO [2022-09-02 19:27:09] ::subtract_ref_expr_from_obs:Start inv_log=FALSE, use_bounds=TRUE
INFO [2022-09-02 19:27:09] subtracting mean(normal) per gene per cell across all data
INFO [2022-09-02 19:27:14] -subtracting expr per gene, use_bounds=TRUE
INFO [2022-09-02 19:55:17] -mirroring for hspike
INFO [2022-09-02 19:55:17] ::subtract_ref_expr_from_obs:Start inv_log=FALSE, use_bounds=TRUE
INFO [2022-09-02 19:55:17] subtracting mean(normal) per gene per cell across all data
INFO [2022-09-02 19:55:19] -subtracting expr per gene, use_bounds=TRUE
INFO [2022-09-02 19:55:57] 

	STEP 09: apply max centered expression threshold: 3

INFO [2022-09-02 19:55:57] ::process_data:setting max centered expr, threshold set to: +/-:  3
INFO [2022-09-02 19:55:59] -mirroring for hspike
INFO [2022-09-02 19:55:59] ::process_data:setting max centered expr, threshold set to: +/-:  3
INFO [2022-09-02 19:56:39] 

	STEP 10: Smoothing data per cell by chromosome

INFO [2022-09-02 19:56:39] smooth_by_chromosome: chr: chr1
INFO [2022-09-02 19:56:52] smooth_by_chromosome: chr: chr10
INFO [2022-09-02 19:57:05] smooth_by_chromosome: chr: chr11
INFO [2022-09-02 19:57:19] smooth_by_chromosome: chr: chr12
INFO [2022-09-02 19:57:31] smooth_by_chromosome: chr: chr13
INFO [2022-09-02 19:57:43] smooth_by_chromosome: chr: chr14
INFO [2022-09-02 19:57:55] smooth_by_chromosome: chr: chr15
INFO [2022-09-02 19:58:08] smooth_by_chromosome: chr: chr16
INFO [2022-09-02 19:58:20] smooth_by_chromosome: chr: chr17
INFO [2022-09-02 19:58:34] smooth_by_chromosome: chr: chr18
INFO [2022-09-02 19:58:46] smooth_by_chromosome: chr: chr19
INFO [2022-09-02 19:59:00] smooth_by_chromosome: chr: chr2
INFO [2022-09-02 19:59:14] smooth_by_chromosome: chr: chr3
INFO [2022-09-02 19:59:26] smooth_by_chromosome: chr: chr4
INFO [2022-09-02 19:59:39] smooth_by_chromosome: chr: chr5
INFO [2022-09-02 19:59:53] smooth_by_chromosome: chr: chr6
INFO [2022-09-02 20:00:07] smooth_by_chromosome: chr: chr7
INFO [2022-09-02 20:00:21] smooth_by_chromosome: chr: chr8
INFO [2022-09-02 20:00:35] smooth_by_chromosome: chr: chr9
INFO [2022-09-02 20:00:49] -mirroring for hspike
INFO [2022-09-02 20:00:49] smooth_by_chromosome: chr: chrA
INFO [2022-09-02 20:00:49] smooth_by_chromosome: chr: chr_0
INFO [2022-09-02 20:00:49] smooth_by_chromosome: chr: chr_B
INFO [2022-09-02 20:00:49] smooth_by_chromosome: chr: chr_0pt5
INFO [2022-09-02 20:00:49] smooth_by_chromosome: chr: chr_C
INFO [2022-09-02 20:00:49] smooth_by_chromosome: chr: chr_1pt5
INFO [2022-09-02 20:00:50] smooth_by_chromosome: chr: chr_D
INFO [2022-09-02 20:00:50] smooth_by_chromosome: chr: chr_2pt0
INFO [2022-09-02 20:00:50] smooth_by_chromosome: chr: chr_E
INFO [2022-09-02 20:00:50] smooth_by_chromosome: chr: chr_3pt0
INFO [2022-09-02 20:00:50] smooth_by_chromosome: chr: chr_F
INFO [2022-09-02 20:01:28] 

	STEP 11: re-centering data across chromosome after smoothing

INFO [2022-09-02 20:01:28] ::center_smooth across chromosomes per cell
INFO [2022-09-02 20:01:42] -mirroring for hspike
INFO [2022-09-02 20:01:42] ::center_smooth across chromosomes per cell
INFO [2022-09-02 20:02:21] 

	STEP 12: removing average of reference data (after smoothing)

INFO [2022-09-02 20:02:21] ::subtract_ref_expr_from_obs:Start inv_log=FALSE, use_bounds=TRUE
INFO [2022-09-02 20:02:21] subtracting mean(normal) per gene per cell across all data
INFO [2022-09-02 20:02:26] -subtracting expr per gene, use_bounds=TRUE
INFO [2022-09-02 20:02:32] -mirroring for hspike
INFO [2022-09-02 20:02:32] ::subtract_ref_expr_from_obs:Start inv_log=FALSE, use_bounds=TRUE
INFO [2022-09-02 20:02:32] subtracting mean(normal) per gene per cell across all data
INFO [2022-09-02 20:02:33] -subtracting expr per gene, use_bounds=TRUE
INFO [2022-09-02 20:03:10] 

	STEP 14: invert log2(FC) to FC

INFO [2022-09-02 20:03:10] invert_log2(), computing 2^x
INFO [2022-09-02 20:03:15] -mirroring for hspike
INFO [2022-09-02 20:03:15] invert_log2(), computing 2^x
INFO [2022-09-02 20:04:08] 

	STEP 15: Clustering samples (not defining tumor subclusters)

INFO [2022-09-02 20:04:08] define_signif_tumor_subclusters(p_val=0.1
INFO [2022-09-02 20:04:08] define_signif_tumor_subclusters(), tumor: CD70-/-
INFO [2022-09-02 20:04:29] cut tree into: 1 groups
INFO [2022-09-02 20:04:29] -processing CD70-/-,CD70-/-_s1
INFO [2022-09-02 20:04:29] define_signif_tumor_subclusters(), tumor: WT
INFO [2022-09-03 00:12:09] cut tree into: 1 groups
INFO [2022-09-03 00:12:09] -processing WT,WT_s1
INFO [2022-09-03 00:12:09] -mirroring for hspike
INFO [2022-09-03 00:12:09] define_signif_tumor_subclusters(p_val=0.1
INFO [2022-09-03 00:12:09] define_signif_tumor_subclusters(), tumor: spike_tumor_cell_WT
INFO [2022-09-03 00:12:09] cut tree into: 1 groups
INFO [2022-09-03 00:12:09] -processing spike_tumor_cell_WT,spike_tumor_cell_WT_s1
INFO [2022-09-03 00:12:09] define_signif_tumor_subclusters(), tumor: simnorm_cell_WT
INFO [2022-09-03 00:12:09] cut tree into: 1 groups
INFO [2022-09-03 00:12:09] -processing simnorm_cell_WT,simnorm_cell_WT_s1
INFO [2022-09-03 00:13:54] ::plot_cnv:Start
INFO [2022-09-03 00:13:54] ::plot_cnv:Current data dimensions (r,c)=4544,17106 Total=77798354.7704011 Min=0.662605280672288 Max=1.49641871946819.
INFO [2022-09-03 00:13:55] ::plot_cnv:Depending on the size of the matrix this may take a moment.
INFO [2022-09-03 00:15:15] plot_cnv(): auto thresholding at: (0.888347 , 1.113421)
INFO [2022-09-03 00:15:17] plot_cnv_observation:Start
INFO [2022-09-03 00:15:17] Observation data size: Cells= 972 Genes= 4544
INFO [2022-09-03 00:15:17] plot_cnv_observation:Writing observation groupings/color.
INFO [2022-09-03 00:15:17] plot_cnv_observation:Done writing observation groupings/color.
INFO [2022-09-03 00:15:17] plot_cnv_observation:Writing observation heatmap thresholds.
INFO [2022-09-03 00:15:17] plot_cnv_observation:Done writing observation heatmap thresholds.
INFO [2022-09-03 00:15:18] Colors for breaks:  #00008B,#24249B,#4848AB,#6D6DBC,#9191CC,#B6B6DD,#DADAEE,#FFFFFF,#EEDADA,#DDB6B6,#CC9191,#BC6D6D,#AB4848,#9B2424,#8B0000
INFO [2022-09-03 00:15:18] Quantiles of plotted data range: 0.888346573260244,0.970839201420331,0.998869281953333,1.02861159378086,1.1134208541765
INFO [2022-09-03 00:15:19] plot_cnv_observations:Writing observation data to ./data/infercnv/inferCNV_out_new/cd70/Pool105_43//infercnv.preliminary.observations.txt
INFO [2022-09-03 00:15:24] plot_cnv_references:Start
INFO [2022-09-03 00:15:24] Reference data size: Cells= 16134 Genes= 4544
INFO [2022-09-03 04:18:04] plot_cnv_references:Number reference groups= 1
INFO [2022-09-03 04:18:05] plot_cnv_references:Plotting heatmap.
INFO [2022-09-03 04:18:24] Colors for breaks:  #00008B,#24249B,#4848AB,#6D6DBC,#9191CC,#B6B6DD,#DADAEE,#FFFFFF,#EEDADA,#DDB6B6,#CC9191,#BC6D6D,#AB4848,#9B2424,#8B0000
INFO [2022-09-03 04:18:24] Quantiles of plotted data range: 0.888346573260244,0.973149510387611,0.998860443936224,1.02632939688724,1.1134208541765
INFO [2022-09-03 04:18:32] plot_cnv_references:Writing reference data to ./data/infercnv/inferCNV_out_new/cd70/Pool105_43//infercnv.preliminary.references.txt
INFO [2022-09-03 04:19:47] 

	STEP 17: HMM-based CNV prediction

INFO [2022-09-03 04:19:47] predict_CNV_via_HMM_on_whole_tumor_samples
INFO [2022-09-03 04:19:51] -done predicting CNV based on initial tumor subclusters
INFO [2022-09-03 04:19:51] get_predicted_CNV_regions(subcluster)
INFO [2022-09-03 04:19:51] -processing cell_group_name: CD70-/-.CD70-/-_s1, size: 972
INFO [2022-09-03 04:19:57] -processing cell_group_name: WT.WT_s1, size: 16134
INFO [2022-09-03 04:20:51] -writing cell clusters file: ./data/infercnv/inferCNV_out_new/cd70/Pool105_43//17_HMM_predHMMi6.hmm_mode-samples.cell_groupings
INFO [2022-09-03 04:20:51] -writing cnv regions file: ./data/infercnv/inferCNV_out_new/cd70/Pool105_43//17_HMM_predHMMi6.hmm_mode-samples.pred_cnv_regions.dat
INFO [2022-09-03 04:20:51] -writing per-gene cnv report: ./data/infercnv/inferCNV_out_new/cd70/Pool105_43//17_HMM_predHMMi6.hmm_mode-samples.pred_cnv_genes.dat
INFO [2022-09-03 04:20:52] -writing gene ordering info: ./data/infercnv/inferCNV_out_new/cd70/Pool105_43//17_HMM_predHMMi6.hmm_mode-samples.genes_used.dat
INFO [2022-09-03 04:21:09] ::plot_cnv:Start
INFO [2022-09-03 04:21:09] ::plot_cnv:Current data dimensions (r,c)=4544,17106 Total=233188992 Min=3 Max=3.
INFO [2022-09-03 04:21:10] ::plot_cnv:Depending on the size of the matrix this may take a moment.
INFO [2022-09-03 04:22:16] plot_cnv_observation:Start
INFO [2022-09-03 04:22:16] Observation data size: Cells= 972 Genes= 4544
INFO [2022-09-03 04:22:16] plot_cnv_observation:Writing observation groupings/color.
INFO [2022-09-03 04:22:16] plot_cnv_observation:Done writing observation groupings/color.
INFO [2022-09-03 04:22:16] plot_cnv_observation:Writing observation heatmap thresholds.
INFO [2022-09-03 04:22:16] plot_cnv_observation:Done writing observation heatmap thresholds.
INFO [2022-09-03 04:22:17] Colors for breaks:  #00008B,#24249B,#4848AB,#6D6DBC,#9191CC,#B6B6DD,#DADAEE,#FFFFFF,#EEDADA,#DDB6B6,#CC9191,#BC6D6D,#AB4848,#9B2424,#8B0000
INFO [2022-09-03 04:22:17] Quantiles of plotted data range: 3,3,3,3,3
INFO [2022-09-03 04:22:18] plot_cnv_observations:Writing observation data to ./data/infercnv/inferCNV_out_new/cd70/Pool105_43//infercnv.17_HMM_predHMMi6.hmm_mode-samples.observations.txt
INFO [2022-09-03 04:22:22] plot_cnv_references:Start
INFO [2022-09-03 04:22:22] Reference data size: Cells= 16134 Genes= 4544
INFO [2022-09-03 08:24:45] plot_cnv_references:Number reference groups= 1
INFO [2022-09-03 08:24:46] plot_cnv_references:Plotting heatmap.
INFO [2022-09-03 08:25:06] Colors for breaks:  #00008B,#24249B,#4848AB,#6D6DBC,#9191CC,#B6B6DD,#DADAEE,#FFFFFF,#EEDADA,#DDB6B6,#CC9191,#BC6D6D,#AB4848,#9B2424,#8B0000
INFO [2022-09-03 08:25:06] Quantiles of plotted data range: 3,3,3,3,3
INFO [2022-09-03 08:25:13] plot_cnv_references:Writing reference data to ./data/infercnv/inferCNV_out_new/cd70/Pool105_43//infercnv.17_HMM_predHMMi6.hmm_mode-samples.references.txt
INFO [2022-09-03 08:26:23] 

	STEP 20: Converting HMM-based CNV states to repr expr vals

INFO [2022-09-03 08:26:44] ::plot_cnv:Start
INFO [2022-09-03 08:26:44] ::plot_cnv:Current data dimensions (r,c)=4544,17106 Total=77729664 Min=1 Max=1.
INFO [2022-09-03 08:26:45] ::plot_cnv:Depending on the size of the matrix this may take a moment.
INFO [2022-09-03 08:27:49] plot_cnv_observation:Start
INFO [2022-09-03 08:27:49] Observation data size: Cells= 972 Genes= 4544
INFO [2022-09-03 08:27:49] plot_cnv_observation:Writing observation groupings/color.
INFO [2022-09-03 08:27:49] plot_cnv_observation:Done writing observation groupings/color.
INFO [2022-09-03 08:27:49] plot_cnv_observation:Writing observation heatmap thresholds.
INFO [2022-09-03 08:27:49] plot_cnv_observation:Done writing observation heatmap thresholds.
INFO [2022-09-03 08:27:50] Colors for breaks:  #00008B,#24249B,#4848AB,#6D6DBC,#9191CC,#B6B6DD,#DADAEE,#FFFFFF,#EEDADA,#DDB6B6,#CC9191,#BC6D6D,#AB4848,#9B2424,#8B0000
INFO [2022-09-03 08:27:50] Quantiles of plotted data range: 1,1,1,1,1
INFO [2022-09-03 08:27:51] plot_cnv_observations:Writing observation data to ./data/infercnv/inferCNV_out_new/cd70/Pool105_43//infercnv.20_HMM_predHMMi6.hmm_mode-samples.Pnorm_0.5.repr_intensities.observations.txt
INFO [2022-09-03 08:27:54] plot_cnv_references:Start
INFO [2022-09-03 08:27:54] Reference data size: Cells= 16134 Genes= 4544
INFO [2022-09-03 12:32:06] plot_cnv_references:Number reference groups= 1
INFO [2022-09-03 12:32:07] plot_cnv_references:Plotting heatmap.
INFO [2022-09-03 12:32:24] Colors for breaks:  #00008B,#24249B,#4848AB,#6D6DBC,#9191CC,#B6B6DD,#DADAEE,#FFFFFF,#EEDADA,#DDB6B6,#CC9191,#BC6D6D,#AB4848,#9B2424,#8B0000
INFO [2022-09-03 12:32:24] Quantiles of plotted data range: 1,1,1,1,1
INFO [2022-09-03 12:32:31] plot_cnv_references:Writing reference data to ./data/infercnv/inferCNV_out_new/cd70/Pool105_43//infercnv.20_HMM_predHMMi6.hmm_mode-samples.Pnorm_0.5.repr_intensities.references.txt
INFO [2022-09-03 12:33:32] 

	STEP 22: Denoising

INFO [2022-09-03 12:33:32] ::process_data:Remove noise, noise threshold defined via ref mean sd_amplifier:  1.5
INFO [2022-09-03 12:33:32] denoising using mean(normal) +- sd_amplifier * sd(normal) per gene per cell across all data
INFO [2022-09-03 12:33:35] :: **** clear_noise_via_ref_quantiles **** : removing noise between bounds:  0.938926585116939 - 1.06282917432505
INFO [2022-09-03 12:34:15] 

## Making the final infercnv heatmap ##
INFO [2022-09-03 12:34:16] ::plot_cnv:Start
INFO [2022-09-03 12:34:16] ::plot_cnv:Current data dimensions (r,c)=4544,17106 Total=77929986.4062114 Min=0.662605280672288 Max=1.49641871946819.
INFO [2022-09-03 12:34:17] ::plot_cnv:Depending on the size of the matrix this may take a moment.
INFO [2022-09-03 12:35:31] plot_cnv(): auto thresholding at: (0.886579 , 1.113421)
INFO [2022-09-03 12:35:33] plot_cnv_observation:Start
INFO [2022-09-03 12:35:33] Observation data size: Cells= 972 Genes= 4544
INFO [2022-09-03 12:35:33] plot_cnv_observation:Writing observation groupings/color.
INFO [2022-09-03 12:35:33] plot_cnv_observation:Done writing observation groupings/color.
INFO [2022-09-03 12:35:33] plot_cnv_observation:Writing observation heatmap thresholds.
INFO [2022-09-03 12:35:33] plot_cnv_observation:Done writing observation heatmap thresholds.
INFO [2022-09-03 12:35:34] Colors for breaks:  #00008B,#24249B,#4848AB,#6D6DBC,#9191CC,#B6B6DD,#DADAEE,#FFFFFF,#EEDADA,#DDB6B6,#CC9191,#BC6D6D,#AB4848,#9B2424,#8B0000
INFO [2022-09-03 12:35:34] Quantiles of plotted data range: 0.886579145823502,1.000877879721,1.000877879721,1.000877879721,1.1134208541765
INFO [2022-09-03 12:35:35] plot_cnv_observations:Writing observation data to ./data/infercnv/inferCNV_out_new/cd70/Pool105_43//infercnv.observations.txt
INFO [2022-09-03 12:35:39] plot_cnv_references:Start
INFO [2022-09-03 12:35:39] Reference data size: Cells= 16134 Genes= 4544
INFO [2022-09-03 16:33:53] plot_cnv_references:Number reference groups= 1
INFO [2022-09-03 16:33:54] plot_cnv_references:Plotting heatmap.
INFO [2022-09-03 16:34:12] Colors for breaks:  #00008B,#24249B,#4848AB,#6D6DBC,#9191CC,#B6B6DD,#DADAEE,#FFFFFF,#EEDADA,#DDB6B6,#CC9191,#BC6D6D,#AB4848,#9B2424,#8B0000
INFO [2022-09-03 16:34:12] Quantiles of plotted data range: 0.886579145823502,1.000877879721,1.000877879721,1.000877879721,1.1134208541765
INFO [2022-09-03 16:34:19] plot_cnv_references:Writing reference data to ./data/infercnv/inferCNV_out_new/cd70/Pool105_43//infercnv.references.txt
