[1] "/liulab/galib/mouse_scRNAseq_margaret/data/infercnv/inferCNV_out_new/cd70/14mos"
Warning message:
package ‘rBCS’ was built under R version 4.1.3 
── Attaching packages ─────────────────────────────────────── tidyverse 1.3.1 ──
✔ ggplot2 3.3.6     ✔ purrr   0.3.4
✔ tibble  3.1.7     ✔ dplyr   1.0.9
✔ tidyr   1.2.0     ✔ stringr 1.4.0
✔ readr   2.1.2     ✔ forcats 0.5.1
── Conflicts ────────────────────────────────────────── tidyverse_conflicts() ──
✖ dplyr::filter() masks stats::filter()
✖ dplyr::lag()    masks stats::lag()
Warning messages:
1: package ‘tidyverse’ was built under R version 4.1.3 
2: package ‘ggplot2’ was built under R version 4.1.3 
3: package ‘tibble’ was built under R version 4.1.3 
4: package ‘tidyr’ was built under R version 4.1.2 
5: package ‘readr’ was built under R version 4.1.2 
6: package ‘dplyr’ was built under R version 4.1.3 
7: package ‘forcats’ was built under R version 4.1.3 
Attaching SeuratObject
Attaching sp
Warning message:
package ‘Seurat’ was built under R version 4.1.3 
here() starts at /liulab/galib/mouse_scRNAseq_margaret
Loading required package: usethis
Warning message:
package ‘ggpubr’ was built under R version 4.1.3 
Warning message:
package ‘infercnv’ was built under R version 4.1.3 
[1]  32285 176583
Rows: 55228 Columns: 4
── Column specification ────────────────────────────────────────────────────────
Delimiter: "\t"
chr (2): X1, X2
dbl (2): X3, X4

ℹ Use `spec()` to retrieve the full column specification for this data.
ℹ Specify the column types or set `show_col_types = FALSE` to quiet this message.
[1] 6
INFO [2022-09-02 03:20:23] Parsing gene order file: ./data/infercnv/gene_order_file.txt
INFO [2022-09-02 03:20:23] ::order_reduce:Start.
INFO [2022-09-02 03:20:31] .order_reduce(): expr and order match.
INFO [2022-09-02 03:21:05] ::process_data:order_reduce:Reduction from positional data, new dimensions (r,c) = 32285,176583 Total=901670571 Min=0 Max=21505.
INFO [2022-09-02 03:21:07] num genes removed taking into account provided gene ordering list: 1949 = 6.03685922254917% removed.
INFO [2022-09-02 03:21:08] -filtering out cells < 100 or > Inf, removing 0 % of cells
INFO [2022-09-02 03:21:16] validating infercnv_obj
INFO [2022-09-02 03:21:16] ::process_data:Start
INFO [2022-09-02 03:21:16] Creating output path ./data/infercnv/inferCNV_out_new/cd70/Pool105_39/
INFO [2022-09-02 03:21:16] Checking for saved results.
INFO [2022-09-02 03:21:16] 

	STEP 1: incoming data

INFO [2022-09-02 03:21:43] 

	STEP 02: Removing lowly expressed genes

INFO [2022-09-02 03:21:43] ::above_min_mean_expr_cutoff:Start
INFO [2022-09-02 03:21:44] Removing 25683 genes from matrix as below mean expr threshold: 0.1
INFO [2022-09-02 03:21:45] validating infercnv_obj
INFO [2022-09-02 03:21:45] There are 4653 genes and 18841 cells remaining in the expr matrix.
INFO [2022-09-02 03:21:50] no genes removed due to min cells/gene filter
INFO [2022-09-02 03:22:15] 

	STEP 03: normalization by sequencing depth

INFO [2022-09-02 03:22:15] normalizing counts matrix by depth
INFO [2022-09-02 03:22:21] Computed total sum normalization factor as median libsize: 3112.000000
INFO [2022-09-02 03:22:21] Adding h-spike
INFO [2022-09-02 03:22:21] -hspike modeling of WT
INFO [2022-09-02 03:23:16] validating infercnv_obj
INFO [2022-09-02 03:23:16] normalizing counts matrix by depth
INFO [2022-09-02 03:23:16] Using specified normalization factor: 3112.000000
INFO [2022-09-02 03:23:41] 

	STEP 04: log transformation of data

INFO [2022-09-02 03:23:41] transforming log2xplus1()
INFO [2022-09-02 03:23:44] -mirroring for hspike
INFO [2022-09-02 03:23:44] transforming log2xplus1()
INFO [2022-09-02 03:24:11] 

	STEP 08: removing average of reference data (before smoothing)

INFO [2022-09-02 03:24:11] ::subtract_ref_expr_from_obs:Start inv_log=FALSE, use_bounds=TRUE
INFO [2022-09-02 03:24:11] subtracting mean(normal) per gene per cell across all data
INFO [2022-09-02 03:24:15] -subtracting expr per gene, use_bounds=TRUE
INFO [2022-09-02 03:55:23] -mirroring for hspike
INFO [2022-09-02 03:55:23] ::subtract_ref_expr_from_obs:Start inv_log=FALSE, use_bounds=TRUE
INFO [2022-09-02 03:55:23] subtracting mean(normal) per gene per cell across all data
INFO [2022-09-02 03:55:25] -subtracting expr per gene, use_bounds=TRUE
INFO [2022-09-02 03:56:08] 

	STEP 09: apply max centered expression threshold: 3

INFO [2022-09-02 03:56:08] ::process_data:setting max centered expr, threshold set to: +/-:  3
INFO [2022-09-02 03:56:10] -mirroring for hspike
INFO [2022-09-02 03:56:10] ::process_data:setting max centered expr, threshold set to: +/-:  3
INFO [2022-09-02 03:56:52] 

	STEP 10: Smoothing data per cell by chromosome

INFO [2022-09-02 03:56:52] smooth_by_chromosome: chr: chr1
INFO [2022-09-02 03:57:07] smooth_by_chromosome: chr: chr10
INFO [2022-09-02 03:57:21] smooth_by_chromosome: chr: chr11
INFO [2022-09-02 03:57:38] smooth_by_chromosome: chr: chr12
INFO [2022-09-02 03:57:53] smooth_by_chromosome: chr: chr13
INFO [2022-09-02 03:58:08] smooth_by_chromosome: chr: chr14
INFO [2022-09-02 03:58:24] smooth_by_chromosome: chr: chr15
INFO [2022-09-02 03:58:37] smooth_by_chromosome: chr: chr16
INFO [2022-09-02 03:58:52] smooth_by_chromosome: chr: chr17
INFO [2022-09-02 03:59:09] smooth_by_chromosome: chr: chr18
INFO [2022-09-02 03:59:24] smooth_by_chromosome: chr: chr19
INFO [2022-09-02 03:59:40] smooth_by_chromosome: chr: chr2
INFO [2022-09-02 03:59:57] smooth_by_chromosome: chr: chr3
INFO [2022-09-02 04:00:13] smooth_by_chromosome: chr: chr4
INFO [2022-09-02 04:00:31] smooth_by_chromosome: chr: chr5
INFO [2022-09-02 04:00:48] smooth_by_chromosome: chr: chr6
INFO [2022-09-02 04:01:05] smooth_by_chromosome: chr: chr7
INFO [2022-09-02 04:01:21] smooth_by_chromosome: chr: chr8
INFO [2022-09-02 04:01:37] smooth_by_chromosome: chr: chr9
INFO [2022-09-02 04:01:53] -mirroring for hspike
INFO [2022-09-02 04:01:53] smooth_by_chromosome: chr: chrA
INFO [2022-09-02 04:01:53] smooth_by_chromosome: chr: chr_0
INFO [2022-09-02 04:01:53] smooth_by_chromosome: chr: chr_B
INFO [2022-09-02 04:01:53] smooth_by_chromosome: chr: chr_0pt5
INFO [2022-09-02 04:01:54] smooth_by_chromosome: chr: chr_C
INFO [2022-09-02 04:01:54] smooth_by_chromosome: chr: chr_1pt5
INFO [2022-09-02 04:01:54] smooth_by_chromosome: chr: chr_D
INFO [2022-09-02 04:01:54] smooth_by_chromosome: chr: chr_2pt0
INFO [2022-09-02 04:01:54] smooth_by_chromosome: chr: chr_E
INFO [2022-09-02 04:01:55] smooth_by_chromosome: chr: chr_3pt0
INFO [2022-09-02 04:01:55] smooth_by_chromosome: chr: chr_F
INFO [2022-09-02 04:02:37] 

	STEP 11: re-centering data across chromosome after smoothing

INFO [2022-09-02 04:02:37] ::center_smooth across chromosomes per cell
INFO [2022-09-02 04:02:53] -mirroring for hspike
INFO [2022-09-02 04:02:53] ::center_smooth across chromosomes per cell
INFO [2022-09-02 04:03:37] 

	STEP 12: removing average of reference data (after smoothing)

INFO [2022-09-02 04:03:37] ::subtract_ref_expr_from_obs:Start inv_log=FALSE, use_bounds=TRUE
INFO [2022-09-02 04:03:37] subtracting mean(normal) per gene per cell across all data
INFO [2022-09-02 04:03:42] -subtracting expr per gene, use_bounds=TRUE
INFO [2022-09-02 04:03:50] -mirroring for hspike
INFO [2022-09-02 04:03:50] ::subtract_ref_expr_from_obs:Start inv_log=FALSE, use_bounds=TRUE
INFO [2022-09-02 04:03:50] subtracting mean(normal) per gene per cell across all data
INFO [2022-09-02 04:03:51] -subtracting expr per gene, use_bounds=TRUE
INFO [2022-09-02 04:04:34] 

	STEP 14: invert log2(FC) to FC

INFO [2022-09-02 04:04:34] invert_log2(), computing 2^x
INFO [2022-09-02 04:04:39] -mirroring for hspike
INFO [2022-09-02 04:04:39] invert_log2(), computing 2^x
INFO [2022-09-02 04:05:39] 

	STEP 15: Clustering samples (not defining tumor subclusters)

INFO [2022-09-02 04:05:39] define_signif_tumor_subclusters(p_val=0.1
INFO [2022-09-02 04:05:39] define_signif_tumor_subclusters(), tumor: CD70-/-
INFO [2022-09-02 04:10:33] cut tree into: 1 groups
INFO [2022-09-02 04:10:33] -processing CD70-/-,CD70-/-_s1
INFO [2022-09-02 04:10:33] define_signif_tumor_subclusters(), tumor: WT
INFO [2022-09-02 08:25:15] cut tree into: 1 groups
INFO [2022-09-02 08:25:15] -processing WT,WT_s1
INFO [2022-09-02 08:25:15] -mirroring for hspike
INFO [2022-09-02 08:25:15] define_signif_tumor_subclusters(p_val=0.1
INFO [2022-09-02 08:25:15] define_signif_tumor_subclusters(), tumor: spike_tumor_cell_WT
INFO [2022-09-02 08:25:15] cut tree into: 1 groups
INFO [2022-09-02 08:25:15] -processing spike_tumor_cell_WT,spike_tumor_cell_WT_s1
INFO [2022-09-02 08:25:15] define_signif_tumor_subclusters(), tumor: simnorm_cell_WT
INFO [2022-09-02 08:25:16] cut tree into: 1 groups
INFO [2022-09-02 08:25:16] -processing simnorm_cell_WT,simnorm_cell_WT_s1
INFO [2022-09-02 08:27:17] ::plot_cnv:Start
INFO [2022-09-02 08:27:17] ::plot_cnv:Current data dimensions (r,c)=4653,18841 Total=87744754.6589104 Min=0.660438570637759 Max=1.49857020636101.
INFO [2022-09-02 08:27:18] ::plot_cnv:Depending on the size of the matrix this may take a moment.
INFO [2022-09-02 08:28:49] plot_cnv(): auto thresholding at: (0.888617 , 1.113153)
INFO [2022-09-02 08:28:52] plot_cnv_observation:Start
INFO [2022-09-02 08:28:52] Observation data size: Cells= 2707 Genes= 4653
INFO [2022-09-02 08:28:53] plot_cnv_observation:Writing observation groupings/color.
INFO [2022-09-02 08:28:53] plot_cnv_observation:Done writing observation groupings/color.
INFO [2022-09-02 08:28:53] plot_cnv_observation:Writing observation heatmap thresholds.
INFO [2022-09-02 08:28:53] plot_cnv_observation:Done writing observation heatmap thresholds.
INFO [2022-09-02 08:28:56] Colors for breaks:  #00008B,#24249B,#4848AB,#6D6DBC,#9191CC,#B6B6DD,#DADAEE,#FFFFFF,#EEDADA,#DDB6B6,#CC9191,#BC6D6D,#AB4848,#9B2424,#8B0000
INFO [2022-09-02 08:28:56] Quantiles of plotted data range: 0.888616740042766,0.973489042709242,0.998815190708143,1.02590107230445,1.11315317351223
INFO [2022-09-02 08:28:59] plot_cnv_observations:Writing observation data to ./data/infercnv/inferCNV_out_new/cd70/Pool105_39//infercnv.preliminary.observations.txt
INFO [2022-09-02 08:29:12] plot_cnv_references:Start
INFO [2022-09-02 08:29:12] Reference data size: Cells= 16134 Genes= 4653
INFO [2022-09-02 12:46:47] plot_cnv_references:Number reference groups= 1
INFO [2022-09-02 12:46:48] plot_cnv_references:Plotting heatmap.
INFO [2022-09-02 12:47:08] Colors for breaks:  #00008B,#24249B,#4848AB,#6D6DBC,#9191CC,#B6B6DD,#DADAEE,#FFFFFF,#EEDADA,#DDB6B6,#CC9191,#BC6D6D,#AB4848,#9B2424,#8B0000
INFO [2022-09-02 12:47:08] Quantiles of plotted data range: 0.888616740042766,0.972844035394723,0.998840171592394,1.02661020851733,1.11315317351223
INFO [2022-09-02 12:47:17] plot_cnv_references:Writing reference data to ./data/infercnv/inferCNV_out_new/cd70/Pool105_39//infercnv.preliminary.references.txt
INFO [2022-09-02 12:48:34] 

	STEP 17: HMM-based CNV prediction

INFO [2022-09-02 12:48:34] predict_CNV_via_HMM_on_whole_tumor_samples
INFO [2022-09-02 12:48:36] -done predicting CNV based on initial tumor subclusters
INFO [2022-09-02 12:48:36] get_predicted_CNV_regions(subcluster)
INFO [2022-09-02 12:48:36] -processing cell_group_name: CD70-/-.CD70-/-_s1, size: 2707
INFO [2022-09-02 12:48:48] -processing cell_group_name: WT.WT_s1, size: 16134
INFO [2022-09-02 12:49:42] -writing cell clusters file: ./data/infercnv/inferCNV_out_new/cd70/Pool105_39//17_HMM_predHMMi6.hmm_mode-samples.cell_groupings
INFO [2022-09-02 12:49:42] -writing cnv regions file: ./data/infercnv/inferCNV_out_new/cd70/Pool105_39//17_HMM_predHMMi6.hmm_mode-samples.pred_cnv_regions.dat
INFO [2022-09-02 12:49:42] -writing per-gene cnv report: ./data/infercnv/inferCNV_out_new/cd70/Pool105_39//17_HMM_predHMMi6.hmm_mode-samples.pred_cnv_genes.dat
INFO [2022-09-02 12:49:42] -writing gene ordering info: ./data/infercnv/inferCNV_out_new/cd70/Pool105_39//17_HMM_predHMMi6.hmm_mode-samples.genes_used.dat
INFO [2022-09-02 12:50:01] ::plot_cnv:Start
INFO [2022-09-02 12:50:01] ::plot_cnv:Current data dimensions (r,c)=4653,18841 Total=263001519 Min=3 Max=3.
INFO [2022-09-02 12:50:01] ::plot_cnv:Depending on the size of the matrix this may take a moment.
INFO [2022-09-02 12:51:15] plot_cnv_observation:Start
INFO [2022-09-02 12:51:15] Observation data size: Cells= 2707 Genes= 4653
INFO [2022-09-02 12:51:15] plot_cnv_observation:Writing observation groupings/color.
INFO [2022-09-02 12:51:15] plot_cnv_observation:Done writing observation groupings/color.
INFO [2022-09-02 12:51:15] plot_cnv_observation:Writing observation heatmap thresholds.
INFO [2022-09-02 12:51:16] plot_cnv_observation:Done writing observation heatmap thresholds.
INFO [2022-09-02 12:51:18] Colors for breaks:  #00008B,#24249B,#4848AB,#6D6DBC,#9191CC,#B6B6DD,#DADAEE,#FFFFFF,#EEDADA,#DDB6B6,#CC9191,#BC6D6D,#AB4848,#9B2424,#8B0000
INFO [2022-09-02 12:51:18] Quantiles of plotted data range: 3,3,3,3,3
INFO [2022-09-02 12:51:21] plot_cnv_observations:Writing observation data to ./data/infercnv/inferCNV_out_new/cd70/Pool105_39//infercnv.17_HMM_predHMMi6.hmm_mode-samples.observations.txt
INFO [2022-09-02 12:51:31] plot_cnv_references:Start
INFO [2022-09-02 12:51:31] Reference data size: Cells= 16134 Genes= 4653
INFO [2022-09-02 17:06:48] plot_cnv_references:Number reference groups= 1
INFO [2022-09-02 17:06:49] plot_cnv_references:Plotting heatmap.
INFO [2022-09-02 17:07:10] Colors for breaks:  #00008B,#24249B,#4848AB,#6D6DBC,#9191CC,#B6B6DD,#DADAEE,#FFFFFF,#EEDADA,#DDB6B6,#CC9191,#BC6D6D,#AB4848,#9B2424,#8B0000
INFO [2022-09-02 17:07:10] Quantiles of plotted data range: 3,3,3,3,3
INFO [2022-09-02 17:07:17] plot_cnv_references:Writing reference data to ./data/infercnv/inferCNV_out_new/cd70/Pool105_39//infercnv.17_HMM_predHMMi6.hmm_mode-samples.references.txt
INFO [2022-09-02 17:08:29] 

	STEP 20: Converting HMM-based CNV states to repr expr vals

INFO [2022-09-02 17:08:52] ::plot_cnv:Start
INFO [2022-09-02 17:08:52] ::plot_cnv:Current data dimensions (r,c)=4653,18841 Total=87667173 Min=1 Max=1.
INFO [2022-09-02 17:08:53] ::plot_cnv:Depending on the size of the matrix this may take a moment.
INFO [2022-09-02 17:10:06] plot_cnv_observation:Start
INFO [2022-09-02 17:10:06] Observation data size: Cells= 2707 Genes= 4653
INFO [2022-09-02 17:10:06] plot_cnv_observation:Writing observation groupings/color.
INFO [2022-09-02 17:10:06] plot_cnv_observation:Done writing observation groupings/color.
INFO [2022-09-02 17:10:06] plot_cnv_observation:Writing observation heatmap thresholds.
INFO [2022-09-02 17:10:07] plot_cnv_observation:Done writing observation heatmap thresholds.
INFO [2022-09-02 17:10:09] Colors for breaks:  #00008B,#24249B,#4848AB,#6D6DBC,#9191CC,#B6B6DD,#DADAEE,#FFFFFF,#EEDADA,#DDB6B6,#CC9191,#BC6D6D,#AB4848,#9B2424,#8B0000
INFO [2022-09-02 17:10:09] Quantiles of plotted data range: 1,1,1,1,1
INFO [2022-09-02 17:10:11] plot_cnv_observations:Writing observation data to ./data/infercnv/inferCNV_out_new/cd70/Pool105_39//infercnv.20_HMM_predHMMi6.hmm_mode-samples.Pnorm_0.5.repr_intensities.observations.txt
INFO [2022-09-02 17:10:22] plot_cnv_references:Start
INFO [2022-09-02 17:10:22] Reference data size: Cells= 16134 Genes= 4653
INFO [2022-09-02 21:24:14] plot_cnv_references:Number reference groups= 1
INFO [2022-09-02 21:24:15] plot_cnv_references:Plotting heatmap.
INFO [2022-09-02 21:24:37] Colors for breaks:  #00008B,#24249B,#4848AB,#6D6DBC,#9191CC,#B6B6DD,#DADAEE,#FFFFFF,#EEDADA,#DDB6B6,#CC9191,#BC6D6D,#AB4848,#9B2424,#8B0000
INFO [2022-09-02 21:24:37] Quantiles of plotted data range: 1,1,1,1,1
INFO [2022-09-02 21:24:44] plot_cnv_references:Writing reference data to ./data/infercnv/inferCNV_out_new/cd70/Pool105_39//infercnv.20_HMM_predHMMi6.hmm_mode-samples.Pnorm_0.5.repr_intensities.references.txt
INFO [2022-09-02 21:25:48] 

	STEP 22: Denoising

INFO [2022-09-02 21:25:48] ::process_data:Remove noise, noise threshold defined via ref mean sd_amplifier:  1.5
INFO [2022-09-02 21:25:48] denoising using mean(normal) +- sd_amplifier * sd(normal) per gene per cell across all data
INFO [2022-09-02 21:25:52] :: **** clear_noise_via_ref_quantiles **** : removing noise between bounds:  0.9382991211159 - 1.06349149061766
INFO [2022-09-02 21:26:36] 

## Making the final infercnv heatmap ##
INFO [2022-09-02 21:26:36] ::plot_cnv:Start
INFO [2022-09-02 21:26:36] ::plot_cnv:Current data dimensions (r,c)=4653,18841 Total=87897363.9091322 Min=0.660438570637759 Max=1.49857020636101.
INFO [2022-09-02 21:26:37] ::plot_cnv:Depending on the size of the matrix this may take a moment.
INFO [2022-09-02 21:28:03] plot_cnv(): auto thresholding at: (0.886847 , 1.113153)
INFO [2022-09-02 21:28:06] plot_cnv_observation:Start
INFO [2022-09-02 21:28:06] Observation data size: Cells= 2707 Genes= 4653
INFO [2022-09-02 21:28:06] plot_cnv_observation:Writing observation groupings/color.
INFO [2022-09-02 21:28:06] plot_cnv_observation:Done writing observation groupings/color.
INFO [2022-09-02 21:28:06] plot_cnv_observation:Writing observation heatmap thresholds.
INFO [2022-09-02 21:28:06] plot_cnv_observation:Done writing observation heatmap thresholds.
INFO [2022-09-02 21:28:09] Colors for breaks:  #00008B,#24249B,#4848AB,#6D6DBC,#9191CC,#B6B6DD,#DADAEE,#FFFFFF,#EEDADA,#DDB6B6,#CC9191,#BC6D6D,#AB4848,#9B2424,#8B0000
INFO [2022-09-02 21:28:09] Quantiles of plotted data range: 0.886846826487771,1.00089530586678,1.00089530586678,1.00089530586678,1.11315317351223
INFO [2022-09-02 21:28:12] plot_cnv_observations:Writing observation data to ./data/infercnv/inferCNV_out_new/cd70/Pool105_39//infercnv.observations.txt
INFO [2022-09-02 21:28:24] plot_cnv_references:Start
INFO [2022-09-02 21:28:24] Reference data size: Cells= 16134 Genes= 4653
INFO [2022-09-03 01:42:27] plot_cnv_references:Number reference groups= 1
INFO [2022-09-03 01:42:28] plot_cnv_references:Plotting heatmap.
INFO [2022-09-03 01:42:49] Colors for breaks:  #00008B,#24249B,#4848AB,#6D6DBC,#9191CC,#B6B6DD,#DADAEE,#FFFFFF,#EEDADA,#DDB6B6,#CC9191,#BC6D6D,#AB4848,#9B2424,#8B0000
INFO [2022-09-03 01:42:49] Quantiles of plotted data range: 0.886846826487771,1.00089530586678,1.00089530586678,1.00089530586678,1.11315317351223
INFO [2022-09-03 01:42:56] plot_cnv_references:Writing reference data to ./data/infercnv/inferCNV_out_new/cd70/Pool105_39//infercnv.references.txt
