[1] "/liulab/galib/mouse_scRNAseq_margaret/data/infercnv/inferCNV_out_new/cd70/18mos"
Warning message:
package ‘rBCS’ was built under R version 4.1.3 
── Attaching packages ─────────────────────────────────────── tidyverse 1.3.1 ──
✔ ggplot2 3.3.6     ✔ purrr   0.3.4
✔ tibble  3.1.7     ✔ dplyr   1.0.9
✔ tidyr   1.2.0     ✔ stringr 1.4.0
✔ readr   2.1.2     ✔ forcats 0.5.1
── Conflicts ────────────────────────────────────────── tidyverse_conflicts() ──
✖ dplyr::filter() masks stats::filter()
✖ dplyr::lag()    masks stats::lag()
Warning messages:
1: package ‘tidyverse’ was built under R version 4.1.3 
2: package ‘ggplot2’ was built under R version 4.1.3 
3: package ‘tibble’ was built under R version 4.1.3 
4: package ‘tidyr’ was built under R version 4.1.2 
5: package ‘readr’ was built under R version 4.1.2 
6: package ‘dplyr’ was built under R version 4.1.3 
7: package ‘forcats’ was built under R version 4.1.3 
Attaching SeuratObject
Attaching sp
Warning message:
package ‘Seurat’ was built under R version 4.1.3 
here() starts at /liulab/galib/mouse_scRNAseq_margaret
Loading required package: usethis
Warning message:
package ‘ggpubr’ was built under R version 4.1.3 
Warning message:
package ‘infercnv’ was built under R version 4.1.3 
[1]  32285 176583
Rows: 55228 Columns: 4
── Column specification ────────────────────────────────────────────────────────
Delimiter: "\t"
chr (2): X1, X2
dbl (2): X3, X4

ℹ Use `spec()` to retrieve the full column specification for this data.
ℹ Specify the column types or set `show_col_types = FALSE` to quiet this message.
[1] 6
INFO [2022-09-03 03:32:08] Parsing gene order file: ./data/infercnv/gene_order_file.txt
INFO [2022-09-03 03:32:08] ::order_reduce:Start.
INFO [2022-09-03 03:32:14] .order_reduce(): expr and order match.
INFO [2022-09-03 03:32:45] ::process_data:order_reduce:Reduction from positional data, new dimensions (r,c) = 32285,176583 Total=901670571 Min=0 Max=21505.
INFO [2022-09-03 03:32:46] num genes removed taking into account provided gene ordering list: 1949 = 6.03685922254917% removed.
INFO [2022-09-03 03:32:48] -filtering out cells < 100 or > Inf, removing 0 % of cells
INFO [2022-09-03 03:32:55] validating infercnv_obj
INFO [2022-09-03 03:32:55] ::process_data:Start
INFO [2022-09-03 03:32:55] Creating output path ./data/infercnv/inferCNV_out_new/cd70/Pool105_68/
INFO [2022-09-03 03:32:55] Checking for saved results.
INFO [2022-09-03 03:32:55] 

	STEP 1: incoming data

INFO [2022-09-03 03:33:17] 

	STEP 02: Removing lowly expressed genes

INFO [2022-09-03 03:33:17] ::above_min_mean_expr_cutoff:Start
INFO [2022-09-03 03:33:18] Removing 25453 genes from matrix as below mean expr threshold: 0.1
INFO [2022-09-03 03:33:18] validating infercnv_obj
INFO [2022-09-03 03:33:18] There are 4883 genes and 15236 cells remaining in the expr matrix.
INFO [2022-09-03 03:33:23] no genes removed due to min cells/gene filter
INFO [2022-09-03 03:33:43] 

	STEP 03: normalization by sequencing depth

INFO [2022-09-03 03:33:43] normalizing counts matrix by depth
INFO [2022-09-03 03:33:48] Computed total sum normalization factor as median libsize: 3134.000000
INFO [2022-09-03 03:33:48] Adding h-spike
INFO [2022-09-03 03:33:48] -hspike modeling of WT
INFO [2022-09-03 03:34:38] validating infercnv_obj
INFO [2022-09-03 03:34:38] normalizing counts matrix by depth
INFO [2022-09-03 03:34:38] Using specified normalization factor: 3134.000000
INFO [2022-09-03 03:34:58] 

	STEP 04: log transformation of data

INFO [2022-09-03 03:34:58] transforming log2xplus1()
INFO [2022-09-03 03:35:01] -mirroring for hspike
INFO [2022-09-03 03:35:01] transforming log2xplus1()
INFO [2022-09-03 03:35:23] 

	STEP 08: removing average of reference data (before smoothing)

INFO [2022-09-03 03:35:23] ::subtract_ref_expr_from_obs:Start inv_log=FALSE, use_bounds=TRUE
INFO [2022-09-03 03:35:23] subtracting mean(normal) per gene per cell across all data
INFO [2022-09-03 03:35:27] -subtracting expr per gene, use_bounds=TRUE
INFO [2022-09-03 04:02:37] -mirroring for hspike
INFO [2022-09-03 04:02:37] ::subtract_ref_expr_from_obs:Start inv_log=FALSE, use_bounds=TRUE
INFO [2022-09-03 04:02:37] subtracting mean(normal) per gene per cell across all data
INFO [2022-09-03 04:02:38] -subtracting expr per gene, use_bounds=TRUE
INFO [2022-09-03 04:03:13] 

	STEP 09: apply max centered expression threshold: 3

INFO [2022-09-03 04:03:13] ::process_data:setting max centered expr, threshold set to: +/-:  3
INFO [2022-09-03 04:03:14] -mirroring for hspike
INFO [2022-09-03 04:03:14] ::process_data:setting max centered expr, threshold set to: +/-:  3
INFO [2022-09-03 04:03:49] 

	STEP 10: Smoothing data per cell by chromosome

INFO [2022-09-03 04:03:49] smooth_by_chromosome: chr: chr1
INFO [2022-09-03 04:04:01] smooth_by_chromosome: chr: chr10
INFO [2022-09-03 04:04:13] smooth_by_chromosome: chr: chr11
INFO [2022-09-03 04:04:26] smooth_by_chromosome: chr: chr12
INFO [2022-09-03 04:04:38] smooth_by_chromosome: chr: chr13
INFO [2022-09-03 04:04:48] smooth_by_chromosome: chr: chr14
INFO [2022-09-03 04:04:59] smooth_by_chromosome: chr: chr15
INFO [2022-09-03 04:05:10] smooth_by_chromosome: chr: chr16
INFO [2022-09-03 04:05:21] smooth_by_chromosome: chr: chr17
INFO [2022-09-03 04:05:33] smooth_by_chromosome: chr: chr18
INFO [2022-09-03 04:05:44] smooth_by_chromosome: chr: chr19
INFO [2022-09-03 04:05:56] smooth_by_chromosome: chr: chr2
INFO [2022-09-03 04:06:09] smooth_by_chromosome: chr: chr3
INFO [2022-09-03 04:06:21] smooth_by_chromosome: chr: chr4
INFO [2022-09-03 04:06:34] smooth_by_chromosome: chr: chr5
INFO [2022-09-03 04:06:46] smooth_by_chromosome: chr: chr6
INFO [2022-09-03 04:06:58] smooth_by_chromosome: chr: chr7
INFO [2022-09-03 04:07:11] smooth_by_chromosome: chr: chr8
INFO [2022-09-03 04:07:23] smooth_by_chromosome: chr: chr9
INFO [2022-09-03 04:07:35] -mirroring for hspike
INFO [2022-09-03 04:07:35] smooth_by_chromosome: chr: chrA
INFO [2022-09-03 04:07:35] smooth_by_chromosome: chr: chr_0
INFO [2022-09-03 04:07:35] smooth_by_chromosome: chr: chr_B
INFO [2022-09-03 04:07:35] smooth_by_chromosome: chr: chr_0pt5
INFO [2022-09-03 04:07:35] smooth_by_chromosome: chr: chr_C
INFO [2022-09-03 04:07:36] smooth_by_chromosome: chr: chr_1pt5
INFO [2022-09-03 04:07:36] smooth_by_chromosome: chr: chr_D
INFO [2022-09-03 04:07:36] smooth_by_chromosome: chr: chr_2pt0
INFO [2022-09-03 04:07:36] smooth_by_chromosome: chr: chr_E
INFO [2022-09-03 04:07:36] smooth_by_chromosome: chr: chr_3pt0
INFO [2022-09-03 04:07:37] smooth_by_chromosome: chr: chr_F
INFO [2022-09-03 04:08:12] 

	STEP 11: re-centering data across chromosome after smoothing

INFO [2022-09-03 04:08:12] ::center_smooth across chromosomes per cell
INFO [2022-09-03 04:08:23] -mirroring for hspike
INFO [2022-09-03 04:08:23] ::center_smooth across chromosomes per cell
INFO [2022-09-03 04:08:59] 

	STEP 12: removing average of reference data (after smoothing)

INFO [2022-09-03 04:08:59] ::subtract_ref_expr_from_obs:Start inv_log=FALSE, use_bounds=TRUE
INFO [2022-09-03 04:08:59] subtracting mean(normal) per gene per cell across all data
INFO [2022-09-03 04:09:04] -subtracting expr per gene, use_bounds=TRUE
INFO [2022-09-03 04:09:10] -mirroring for hspike
INFO [2022-09-03 04:09:10] ::subtract_ref_expr_from_obs:Start inv_log=FALSE, use_bounds=TRUE
INFO [2022-09-03 04:09:10] subtracting mean(normal) per gene per cell across all data
INFO [2022-09-03 04:09:11] -subtracting expr per gene, use_bounds=TRUE
INFO [2022-09-03 04:09:46] 

	STEP 14: invert log2(FC) to FC

INFO [2022-09-03 04:09:46] invert_log2(), computing 2^x
INFO [2022-09-03 04:09:50] -mirroring for hspike
INFO [2022-09-03 04:09:50] invert_log2(), computing 2^x
INFO [2022-09-03 04:10:39] 

	STEP 15: Clustering samples (not defining tumor subclusters)

INFO [2022-09-03 04:10:39] define_signif_tumor_subclusters(p_val=0.1
INFO [2022-09-03 04:10:39] define_signif_tumor_subclusters(), tumor: CD70-/-
INFO [2022-09-03 04:11:49] cut tree into: 1 groups
INFO [2022-09-03 04:11:49] -processing CD70-/-,CD70-/-_s1
INFO [2022-09-03 04:11:49] define_signif_tumor_subclusters(), tumor: WT
INFO [2022-09-03 07:04:30] cut tree into: 1 groups
INFO [2022-09-03 07:04:30] -processing WT,WT_s1
INFO [2022-09-03 07:04:30] -mirroring for hspike
INFO [2022-09-03 07:04:30] define_signif_tumor_subclusters(p_val=0.1
INFO [2022-09-03 07:04:30] define_signif_tumor_subclusters(), tumor: spike_tumor_cell_WT
INFO [2022-09-03 07:04:31] cut tree into: 1 groups
INFO [2022-09-03 07:04:31] -processing spike_tumor_cell_WT,spike_tumor_cell_WT_s1
INFO [2022-09-03 07:04:31] define_signif_tumor_subclusters(), tumor: simnorm_cell_WT
INFO [2022-09-03 07:04:31] cut tree into: 1 groups
INFO [2022-09-03 07:04:31] -processing simnorm_cell_WT,simnorm_cell_WT_s1
INFO [2022-09-03 07:06:10] ::plot_cnv:Start
INFO [2022-09-03 07:06:10] ::plot_cnv:Current data dimensions (r,c)=4883,15236 Total=74464499.4777302 Min=0.64075004486504 Max=1.55113646129933.
INFO [2022-09-03 07:06:10] ::plot_cnv:Depending on the size of the matrix this may take a moment.
INFO [2022-09-03 07:07:22] plot_cnv(): auto thresholding at: (0.886611 , 1.115193)
INFO [2022-09-03 07:07:25] plot_cnv_observation:Start
INFO [2022-09-03 07:07:25] Observation data size: Cells= 1557 Genes= 4883
INFO [2022-09-03 07:07:25] plot_cnv_observation:Writing observation groupings/color.
INFO [2022-09-03 07:07:25] plot_cnv_observation:Done writing observation groupings/color.
INFO [2022-09-03 07:07:25] plot_cnv_observation:Writing observation heatmap thresholds.
INFO [2022-09-03 07:07:25] plot_cnv_observation:Done writing observation heatmap thresholds.
INFO [2022-09-03 07:07:27] Colors for breaks:  #00008B,#24249B,#4848AB,#6D6DBC,#9191CC,#B6B6DD,#DADAEE,#FFFFFF,#EEDADA,#DDB6B6,#CC9191,#BC6D6D,#AB4848,#9B2424,#8B0000
INFO [2022-09-03 07:07:27] Quantiles of plotted data range: 0.886611158087447,0.973526392274934,0.998782203169787,1.02574181770992,1.11519297723328
INFO [2022-09-03 07:07:29] plot_cnv_observations:Writing observation data to ./data/infercnv/inferCNV_out_new/cd70/Pool105_68//infercnv.preliminary.observations.txt
INFO [2022-09-03 07:07:36] plot_cnv_references:Start
INFO [2022-09-03 07:07:36] Reference data size: Cells= 13679 Genes= 4883
INFO [2022-09-03 10:07:30] plot_cnv_references:Number reference groups= 1
INFO [2022-09-03 10:07:31] plot_cnv_references:Plotting heatmap.
INFO [2022-09-03 10:07:49] Colors for breaks:  #00008B,#24249B,#4848AB,#6D6DBC,#9191CC,#B6B6DD,#DADAEE,#FFFFFF,#EEDADA,#DDB6B6,#CC9191,#BC6D6D,#AB4848,#9B2424,#8B0000
INFO [2022-09-03 10:07:49] Quantiles of plotted data range: 0.886611158087447,0.973024756999027,0.99880703704447,1.02630512641329,1.11519297723328
INFO [2022-09-03 10:07:55] plot_cnv_references:Writing reference data to ./data/infercnv/inferCNV_out_new/cd70/Pool105_68//infercnv.preliminary.references.txt
INFO [2022-09-03 10:09:01] 

	STEP 17: HMM-based CNV prediction

INFO [2022-09-03 10:09:01] predict_CNV_via_HMM_on_whole_tumor_samples
INFO [2022-09-03 10:09:03] -done predicting CNV based on initial tumor subclusters
INFO [2022-09-03 10:09:03] get_predicted_CNV_regions(subcluster)
INFO [2022-09-03 10:09:03] -processing cell_group_name: CD70-/-.CD70-/-_s1, size: 1557
INFO [2022-09-03 10:09:12] -processing cell_group_name: WT.WT_s1, size: 13679
INFO [2022-09-03 10:09:58] -writing cell clusters file: ./data/infercnv/inferCNV_out_new/cd70/Pool105_68//17_HMM_predHMMi6.hmm_mode-samples.cell_groupings
INFO [2022-09-03 10:09:58] -writing cnv regions file: ./data/infercnv/inferCNV_out_new/cd70/Pool105_68//17_HMM_predHMMi6.hmm_mode-samples.pred_cnv_regions.dat
INFO [2022-09-03 10:09:58] -writing per-gene cnv report: ./data/infercnv/inferCNV_out_new/cd70/Pool105_68//17_HMM_predHMMi6.hmm_mode-samples.pred_cnv_genes.dat
INFO [2022-09-03 10:09:59] -writing gene ordering info: ./data/infercnv/inferCNV_out_new/cd70/Pool105_68//17_HMM_predHMMi6.hmm_mode-samples.genes_used.dat
INFO [2022-09-03 10:10:15] ::plot_cnv:Start
INFO [2022-09-03 10:10:15] ::plot_cnv:Current data dimensions (r,c)=4883,15236 Total=223192164 Min=3 Max=3.
INFO [2022-09-03 10:10:16] ::plot_cnv:Depending on the size of the matrix this may take a moment.
INFO [2022-09-03 10:11:15] plot_cnv_observation:Start
INFO [2022-09-03 10:11:15] Observation data size: Cells= 1557 Genes= 4883
INFO [2022-09-03 10:11:16] plot_cnv_observation:Writing observation groupings/color.
INFO [2022-09-03 10:11:16] plot_cnv_observation:Done writing observation groupings/color.
INFO [2022-09-03 10:11:16] plot_cnv_observation:Writing observation heatmap thresholds.
INFO [2022-09-03 10:11:16] plot_cnv_observation:Done writing observation heatmap thresholds.
INFO [2022-09-03 10:11:17] Colors for breaks:  #00008B,#24249B,#4848AB,#6D6DBC,#9191CC,#B6B6DD,#DADAEE,#FFFFFF,#EEDADA,#DDB6B6,#CC9191,#BC6D6D,#AB4848,#9B2424,#8B0000
INFO [2022-09-03 10:11:17] Quantiles of plotted data range: 3,3,3,3,3
INFO [2022-09-03 10:11:18] plot_cnv_observations:Writing observation data to ./data/infercnv/inferCNV_out_new/cd70/Pool105_68//infercnv.17_HMM_predHMMi6.hmm_mode-samples.observations.txt
INFO [2022-09-03 10:11:24] plot_cnv_references:Start
INFO [2022-09-03 10:11:24] Reference data size: Cells= 13679 Genes= 4883
INFO [2022-09-03 13:09:45] plot_cnv_references:Number reference groups= 1
INFO [2022-09-03 13:09:46] plot_cnv_references:Plotting heatmap.
INFO [2022-09-03 13:10:02] Colors for breaks:  #00008B,#24249B,#4848AB,#6D6DBC,#9191CC,#B6B6DD,#DADAEE,#FFFFFF,#EEDADA,#DDB6B6,#CC9191,#BC6D6D,#AB4848,#9B2424,#8B0000
INFO [2022-09-03 13:10:02] Quantiles of plotted data range: 3,3,3,3,3
INFO [2022-09-03 13:10:07] plot_cnv_references:Writing reference data to ./data/infercnv/inferCNV_out_new/cd70/Pool105_68//infercnv.17_HMM_predHMMi6.hmm_mode-samples.references.txt
INFO [2022-09-03 13:11:07] 

	STEP 20: Converting HMM-based CNV states to repr expr vals

INFO [2022-09-03 13:11:25] ::plot_cnv:Start
INFO [2022-09-03 13:11:25] ::plot_cnv:Current data dimensions (r,c)=4883,15236 Total=74397388 Min=1 Max=1.
INFO [2022-09-03 13:11:26] ::plot_cnv:Depending on the size of the matrix this may take a moment.
INFO [2022-09-03 13:12:24] plot_cnv_observation:Start
INFO [2022-09-03 13:12:24] Observation data size: Cells= 1557 Genes= 4883
INFO [2022-09-03 13:12:25] plot_cnv_observation:Writing observation groupings/color.
INFO [2022-09-03 13:12:25] plot_cnv_observation:Done writing observation groupings/color.
INFO [2022-09-03 13:12:25] plot_cnv_observation:Writing observation heatmap thresholds.
INFO [2022-09-03 13:12:25] plot_cnv_observation:Done writing observation heatmap thresholds.
INFO [2022-09-03 13:12:27] Colors for breaks:  #00008B,#24249B,#4848AB,#6D6DBC,#9191CC,#B6B6DD,#DADAEE,#FFFFFF,#EEDADA,#DDB6B6,#CC9191,#BC6D6D,#AB4848,#9B2424,#8B0000
INFO [2022-09-03 13:12:27] Quantiles of plotted data range: 1,1,1,1,1
INFO [2022-09-03 13:12:28] plot_cnv_observations:Writing observation data to ./data/infercnv/inferCNV_out_new/cd70/Pool105_68//infercnv.20_HMM_predHMMi6.hmm_mode-samples.Pnorm_0.5.repr_intensities.observations.txt
INFO [2022-09-03 13:12:34] plot_cnv_references:Start
INFO [2022-09-03 13:12:34] Reference data size: Cells= 13679 Genes= 4883
INFO [2022-09-03 16:09:45] plot_cnv_references:Number reference groups= 1
INFO [2022-09-03 16:09:46] plot_cnv_references:Plotting heatmap.
INFO [2022-09-03 16:10:02] Colors for breaks:  #00008B,#24249B,#4848AB,#6D6DBC,#9191CC,#B6B6DD,#DADAEE,#FFFFFF,#EEDADA,#DDB6B6,#CC9191,#BC6D6D,#AB4848,#9B2424,#8B0000
INFO [2022-09-03 16:10:02] Quantiles of plotted data range: 1,1,1,1,1
INFO [2022-09-03 16:10:08] plot_cnv_references:Writing reference data to ./data/infercnv/inferCNV_out_new/cd70/Pool105_68//infercnv.20_HMM_predHMMi6.hmm_mode-samples.Pnorm_0.5.repr_intensities.references.txt
INFO [2022-09-03 16:11:02] 

	STEP 22: Denoising

INFO [2022-09-03 16:11:02] ::process_data:Remove noise, noise threshold defined via ref mean sd_amplifier:  1.5
INFO [2022-09-03 16:11:02] denoising using mean(normal) +- sd_amplifier * sd(normal) per gene per cell across all data
INFO [2022-09-03 16:11:05] :: **** clear_noise_via_ref_quantiles **** : removing noise between bounds:  0.938393403847865 - 1.06339423130174
INFO [2022-09-03 16:11:42] 

## Making the final infercnv heatmap ##
INFO [2022-09-03 16:11:43] ::plot_cnv:Start
INFO [2022-09-03 16:11:43] ::plot_cnv:Current data dimensions (r,c)=4883,15236 Total=74597694.899933 Min=0.64075004486504 Max=1.55113646129933.
INFO [2022-09-03 16:11:43] ::plot_cnv:Depending on the size of the matrix this may take a moment.
INFO [2022-09-03 16:12:52] plot_cnv(): auto thresholding at: (0.884807 , 1.115193)
INFO [2022-09-03 16:12:54] plot_cnv_observation:Start
INFO [2022-09-03 16:12:54] Observation data size: Cells= 1557 Genes= 4883
INFO [2022-09-03 16:12:54] plot_cnv_observation:Writing observation groupings/color.
INFO [2022-09-03 16:12:54] plot_cnv_observation:Done writing observation groupings/color.
INFO [2022-09-03 16:12:54] plot_cnv_observation:Writing observation heatmap thresholds.
INFO [2022-09-03 16:12:54] plot_cnv_observation:Done writing observation heatmap thresholds.
INFO [2022-09-03 16:12:56] Colors for breaks:  #00008B,#24249B,#4848AB,#6D6DBC,#9191CC,#B6B6DD,#DADAEE,#FFFFFF,#EEDADA,#DDB6B6,#CC9191,#BC6D6D,#AB4848,#9B2424,#8B0000
INFO [2022-09-03 16:12:56] Quantiles of plotted data range: 0.884807022766724,1.0008938175748,1.0008938175748,1.0008938175748,1.11519297723328
INFO [2022-09-03 16:12:57] plot_cnv_observations:Writing observation data to ./data/infercnv/inferCNV_out_new/cd70/Pool105_68//infercnv.observations.txt
INFO [2022-09-03 16:13:04] plot_cnv_references:Start
INFO [2022-09-03 16:13:04] Reference data size: Cells= 13679 Genes= 4883
INFO [2022-09-03 19:09:12] plot_cnv_references:Number reference groups= 1
INFO [2022-09-03 19:09:13] plot_cnv_references:Plotting heatmap.
INFO [2022-09-03 19:09:28] Colors for breaks:  #00008B,#24249B,#4848AB,#6D6DBC,#9191CC,#B6B6DD,#DADAEE,#FFFFFF,#EEDADA,#DDB6B6,#CC9191,#BC6D6D,#AB4848,#9B2424,#8B0000
INFO [2022-09-03 19:09:28] Quantiles of plotted data range: 0.884807022766724,1.0008938175748,1.0008938175748,1.0008938175748,1.11519297723328
INFO [2022-09-03 19:09:33] plot_cnv_references:Writing reference data to ./data/infercnv/inferCNV_out_new/cd70/Pool105_68//infercnv.references.txt
