[1] "/liulab/galib/mouse_scRNAseq_margaret/data/infercnv/inferCNV_out_new/cd70/6mos"
Warning message:
package ‘rBCS’ was built under R version 4.1.3 
── Attaching packages ─────────────────────────────────────── tidyverse 1.3.1 ──
✔ ggplot2 3.3.6     ✔ purrr   0.3.4
✔ tibble  3.1.7     ✔ dplyr   1.0.9
✔ tidyr   1.2.0     ✔ stringr 1.4.0
✔ readr   2.1.2     ✔ forcats 0.5.1
── Conflicts ────────────────────────────────────────── tidyverse_conflicts() ──
✖ dplyr::filter() masks stats::filter()
✖ dplyr::lag()    masks stats::lag()
Warning messages:
1: package ‘tidyverse’ was built under R version 4.1.3 
2: package ‘ggplot2’ was built under R version 4.1.3 
3: package ‘tibble’ was built under R version 4.1.3 
4: package ‘tidyr’ was built under R version 4.1.2 
5: package ‘readr’ was built under R version 4.1.2 
6: package ‘dplyr’ was built under R version 4.1.3 
7: package ‘forcats’ was built under R version 4.1.3 
Attaching SeuratObject
Attaching sp
Warning message:
package ‘Seurat’ was built under R version 4.1.3 
here() starts at /liulab/galib/mouse_scRNAseq_margaret
Loading required package: usethis
Warning message:
package ‘ggpubr’ was built under R version 4.1.3 
Warning message:
package ‘infercnv’ was built under R version 4.1.3 
[1]  32285 176583
Rows: 55228 Columns: 4
── Column specification ────────────────────────────────────────────────────────
Delimiter: "\t"
chr (2): X1, X2
dbl (2): X3, X4

ℹ Use `spec()` to retrieve the full column specification for this data.
ℹ Specify the column types or set `show_col_types = FALSE` to quiet this message.
[1] 6
INFO [2022-09-02 03:01:31] Parsing gene order file: ./data/infercnv/gene_order_file.txt
INFO [2022-09-02 03:01:31] ::order_reduce:Start.
INFO [2022-09-02 03:01:38] .order_reduce(): expr and order match.
INFO [2022-09-02 03:02:09] ::process_data:order_reduce:Reduction from positional data, new dimensions (r,c) = 32285,176583 Total=901670571 Min=0 Max=21505.
INFO [2022-09-02 03:02:11] num genes removed taking into account provided gene ordering list: 1949 = 6.03685922254917% removed.
INFO [2022-09-02 03:02:12] -filtering out cells < 100 or > Inf, removing 0 % of cells
INFO [2022-09-02 03:02:20] validating infercnv_obj
INFO [2022-09-02 03:02:20] ::process_data:Start
INFO [2022-09-02 03:02:20] Creating output path ./data/infercnv/inferCNV_out_new/cd70/Pool105_10/
INFO [2022-09-02 03:02:20] Checking for saved results.
INFO [2022-09-02 03:02:20] 

	STEP 1: incoming data

INFO [2022-09-02 03:02:45] 

	STEP 02: Removing lowly expressed genes

INFO [2022-09-02 03:02:45] ::above_min_mean_expr_cutoff:Start
INFO [2022-09-02 03:02:46] Removing 25720 genes from matrix as below mean expr threshold: 0.1
INFO [2022-09-02 03:02:47] validating infercnv_obj
INFO [2022-09-02 03:02:47] There are 4616 genes and 18498 cells remaining in the expr matrix.
INFO [2022-09-02 03:02:52] no genes removed due to min cells/gene filter
INFO [2022-09-02 03:03:15] 

	STEP 03: normalization by sequencing depth

INFO [2022-09-02 03:03:15] normalizing counts matrix by depth
INFO [2022-09-02 03:03:20] Computed total sum normalization factor as median libsize: 2929.000000
INFO [2022-09-02 03:03:21] Adding h-spike
INFO [2022-09-02 03:03:21] -hspike modeling of WT
INFO [2022-09-02 03:04:13] validating infercnv_obj
INFO [2022-09-02 03:04:13] normalizing counts matrix by depth
INFO [2022-09-02 03:04:13] Using specified normalization factor: 2929.000000
INFO [2022-09-02 03:04:37] 

	STEP 04: log transformation of data

INFO [2022-09-02 03:04:37] transforming log2xplus1()
INFO [2022-09-02 03:04:41] -mirroring for hspike
INFO [2022-09-02 03:04:41] transforming log2xplus1()
INFO [2022-09-02 03:05:06] 

	STEP 08: removing average of reference data (before smoothing)

INFO [2022-09-02 03:05:06] ::subtract_ref_expr_from_obs:Start inv_log=FALSE, use_bounds=TRUE
INFO [2022-09-02 03:05:06] subtracting mean(normal) per gene per cell across all data
INFO [2022-09-02 03:05:11] -subtracting expr per gene, use_bounds=TRUE
INFO [2022-09-02 03:32:59] -mirroring for hspike
INFO [2022-09-02 03:32:59] ::subtract_ref_expr_from_obs:Start inv_log=FALSE, use_bounds=TRUE
INFO [2022-09-02 03:32:59] subtracting mean(normal) per gene per cell across all data
INFO [2022-09-02 03:33:01] -subtracting expr per gene, use_bounds=TRUE
INFO [2022-09-02 03:33:43] 

	STEP 09: apply max centered expression threshold: 3

INFO [2022-09-02 03:33:43] ::process_data:setting max centered expr, threshold set to: +/-:  3
INFO [2022-09-02 03:33:45] -mirroring for hspike
INFO [2022-09-02 03:33:45] ::process_data:setting max centered expr, threshold set to: +/-:  3
INFO [2022-09-02 03:34:26] 

	STEP 10: Smoothing data per cell by chromosome

INFO [2022-09-02 03:34:26] smooth_by_chromosome: chr: chr1
INFO [2022-09-02 03:34:41] smooth_by_chromosome: chr: chr10
INFO [2022-09-02 03:34:55] smooth_by_chromosome: chr: chr11
INFO [2022-09-02 03:35:11] smooth_by_chromosome: chr: chr12
INFO [2022-09-02 03:35:25] smooth_by_chromosome: chr: chr13
INFO [2022-09-02 03:35:38] smooth_by_chromosome: chr: chr14
INFO [2022-09-02 03:35:52] smooth_by_chromosome: chr: chr15
INFO [2022-09-02 03:36:06] smooth_by_chromosome: chr: chr16
INFO [2022-09-02 03:36:20] smooth_by_chromosome: chr: chr17
INFO [2022-09-02 03:36:34] smooth_by_chromosome: chr: chr18
INFO [2022-09-02 03:36:47] smooth_by_chromosome: chr: chr19
INFO [2022-09-02 03:37:00] smooth_by_chromosome: chr: chr2
INFO [2022-09-02 03:37:15] smooth_by_chromosome: chr: chr3
INFO [2022-09-02 03:37:29] smooth_by_chromosome: chr: chr4
INFO [2022-09-02 03:37:44] smooth_by_chromosome: chr: chr5
INFO [2022-09-02 03:37:59] smooth_by_chromosome: chr: chr6
INFO [2022-09-02 03:38:15] smooth_by_chromosome: chr: chr7
INFO [2022-09-02 03:38:31] smooth_by_chromosome: chr: chr8
INFO [2022-09-02 03:38:45] smooth_by_chromosome: chr: chr9
INFO [2022-09-02 03:38:59] -mirroring for hspike
INFO [2022-09-02 03:38:59] smooth_by_chromosome: chr: chrA
INFO [2022-09-02 03:38:59] smooth_by_chromosome: chr: chr_0
INFO [2022-09-02 03:38:59] smooth_by_chromosome: chr: chr_B
INFO [2022-09-02 03:38:59] smooth_by_chromosome: chr: chr_0pt5
INFO [2022-09-02 03:39:00] smooth_by_chromosome: chr: chr_C
INFO [2022-09-02 03:39:00] smooth_by_chromosome: chr: chr_1pt5
INFO [2022-09-02 03:39:00] smooth_by_chromosome: chr: chr_D
INFO [2022-09-02 03:39:00] smooth_by_chromosome: chr: chr_2pt0
INFO [2022-09-02 03:39:00] smooth_by_chromosome: chr: chr_E
INFO [2022-09-02 03:39:01] smooth_by_chromosome: chr: chr_3pt0
INFO [2022-09-02 03:39:01] smooth_by_chromosome: chr: chr_F
INFO [2022-09-02 03:39:41] 

	STEP 11: re-centering data across chromosome after smoothing

INFO [2022-09-02 03:39:41] ::center_smooth across chromosomes per cell
INFO [2022-09-02 03:39:55] -mirroring for hspike
INFO [2022-09-02 03:39:55] ::center_smooth across chromosomes per cell
INFO [2022-09-02 03:40:36] 

	STEP 12: removing average of reference data (after smoothing)

INFO [2022-09-02 03:40:36] ::subtract_ref_expr_from_obs:Start inv_log=FALSE, use_bounds=TRUE
INFO [2022-09-02 03:40:36] subtracting mean(normal) per gene per cell across all data
INFO [2022-09-02 03:40:41] -subtracting expr per gene, use_bounds=TRUE
INFO [2022-09-02 03:40:46] -mirroring for hspike
INFO [2022-09-02 03:40:46] ::subtract_ref_expr_from_obs:Start inv_log=FALSE, use_bounds=TRUE
INFO [2022-09-02 03:40:46] subtracting mean(normal) per gene per cell across all data
INFO [2022-09-02 03:40:47] -subtracting expr per gene, use_bounds=TRUE
INFO [2022-09-02 03:41:28] 

	STEP 14: invert log2(FC) to FC

INFO [2022-09-02 03:41:28] invert_log2(), computing 2^x
INFO [2022-09-02 03:41:33] -mirroring for hspike
INFO [2022-09-02 03:41:33] invert_log2(), computing 2^x
INFO [2022-09-02 03:42:32] 

	STEP 15: Clustering samples (not defining tumor subclusters)

INFO [2022-09-02 03:42:32] define_signif_tumor_subclusters(p_val=0.1
INFO [2022-09-02 03:42:32] define_signif_tumor_subclusters(), tumor: CD70-/-
INFO [2022-09-02 03:54:15] cut tree into: 1 groups
INFO [2022-09-02 03:54:15] -processing CD70-/-,CD70-/-_s1
INFO [2022-09-02 03:54:15] define_signif_tumor_subclusters(), tumor: WT
INFO [2022-09-02 06:52:11] cut tree into: 1 groups
INFO [2022-09-02 06:52:11] -processing WT,WT_s1
INFO [2022-09-02 06:52:11] -mirroring for hspike
INFO [2022-09-02 06:52:11] define_signif_tumor_subclusters(p_val=0.1
INFO [2022-09-02 06:52:11] define_signif_tumor_subclusters(), tumor: spike_tumor_cell_WT
INFO [2022-09-02 06:52:12] cut tree into: 1 groups
INFO [2022-09-02 06:52:12] -processing spike_tumor_cell_WT,spike_tumor_cell_WT_s1
INFO [2022-09-02 06:52:12] define_signif_tumor_subclusters(), tumor: simnorm_cell_WT
INFO [2022-09-02 06:52:12] cut tree into: 1 groups
INFO [2022-09-02 06:52:12] -processing simnorm_cell_WT,simnorm_cell_WT_s1
INFO [2022-09-02 06:54:09] ::plot_cnv:Start
INFO [2022-09-02 06:54:09] ::plot_cnv:Current data dimensions (r,c)=4616,18498 Total=85459454.9407002 Min=0.643724748065447 Max=1.49587082074398.
INFO [2022-09-02 06:54:09] ::plot_cnv:Depending on the size of the matrix this may take a moment.
INFO [2022-09-02 06:55:38] plot_cnv(): auto thresholding at: (0.891362 , 1.110341)
INFO [2022-09-02 06:55:40] plot_cnv_observation:Start
INFO [2022-09-02 06:55:40] Observation data size: Cells= 4087 Genes= 4616
INFO [2022-09-02 06:55:41] plot_cnv_observation:Writing observation groupings/color.
INFO [2022-09-02 06:55:41] plot_cnv_observation:Done writing observation groupings/color.
INFO [2022-09-02 06:55:41] plot_cnv_observation:Writing observation heatmap thresholds.
INFO [2022-09-02 06:55:41] plot_cnv_observation:Done writing observation heatmap thresholds.
INFO [2022-09-02 06:55:45] Colors for breaks:  #00008B,#24249B,#4848AB,#6D6DBC,#9191CC,#B6B6DD,#DADAEE,#FFFFFF,#EEDADA,#DDB6B6,#CC9191,#BC6D6D,#AB4848,#9B2424,#8B0000
INFO [2022-09-02 06:55:45] Quantiles of plotted data range: 0.891361757636609,0.972912954875984,0.998958139421147,1.0266535351476,1.1103407764305
INFO [2022-09-02 06:55:49] plot_cnv_observations:Writing observation data to ./data/infercnv/inferCNV_out_new/cd70/Pool105_10//infercnv.preliminary.observations.txt
INFO [2022-09-02 06:56:10] plot_cnv_references:Start
INFO [2022-09-02 06:56:10] Reference data size: Cells= 14411 Genes= 4616
INFO [2022-09-02 09:53:58] plot_cnv_references:Number reference groups= 1
INFO [2022-09-02 09:53:59] plot_cnv_references:Plotting heatmap.
INFO [2022-09-02 09:54:14] Colors for breaks:  #00008B,#24249B,#4848AB,#6D6DBC,#9191CC,#B6B6DD,#DADAEE,#FFFFFF,#EEDADA,#DDB6B6,#CC9191,#BC6D6D,#AB4848,#9B2424,#8B0000
INFO [2022-09-02 09:54:14] Quantiles of plotted data range: 0.891361757636609,0.973678132033067,0.998941549743268,1.02581781549246,1.1103407764305
INFO [2022-09-02 09:54:21] plot_cnv_references:Writing reference data to ./data/infercnv/inferCNV_out_new/cd70/Pool105_10//infercnv.preliminary.references.txt
INFO [2022-09-02 09:55:30] 

	STEP 17: HMM-based CNV prediction

INFO [2022-09-02 09:55:30] predict_CNV_via_HMM_on_whole_tumor_samples
INFO [2022-09-02 09:55:33] -done predicting CNV based on initial tumor subclusters
INFO [2022-09-02 09:55:33] get_predicted_CNV_regions(subcluster)
INFO [2022-09-02 09:55:33] -processing cell_group_name: CD70-/-.CD70-/-_s1, size: 4087
INFO [2022-09-02 09:55:48] -processing cell_group_name: WT.WT_s1, size: 14411
INFO [2022-09-02 09:56:35] -writing cell clusters file: ./data/infercnv/inferCNV_out_new/cd70/Pool105_10//17_HMM_predHMMi6.hmm_mode-samples.cell_groupings
INFO [2022-09-02 09:56:35] -writing cnv regions file: ./data/infercnv/inferCNV_out_new/cd70/Pool105_10//17_HMM_predHMMi6.hmm_mode-samples.pred_cnv_regions.dat
INFO [2022-09-02 09:56:35] -writing per-gene cnv report: ./data/infercnv/inferCNV_out_new/cd70/Pool105_10//17_HMM_predHMMi6.hmm_mode-samples.pred_cnv_genes.dat
INFO [2022-09-02 09:56:35] -writing gene ordering info: ./data/infercnv/inferCNV_out_new/cd70/Pool105_10//17_HMM_predHMMi6.hmm_mode-samples.genes_used.dat
INFO [2022-09-02 09:56:53] ::plot_cnv:Start
INFO [2022-09-02 09:56:53] ::plot_cnv:Current data dimensions (r,c)=4616,18498 Total=256160304 Min=3 Max=3.
INFO [2022-09-02 09:56:54] ::plot_cnv:Depending on the size of the matrix this may take a moment.
INFO [2022-09-02 09:58:05] plot_cnv_observation:Start
INFO [2022-09-02 09:58:05] Observation data size: Cells= 4087 Genes= 4616
INFO [2022-09-02 09:58:05] plot_cnv_observation:Writing observation groupings/color.
INFO [2022-09-02 09:58:05] plot_cnv_observation:Done writing observation groupings/color.
INFO [2022-09-02 09:58:05] plot_cnv_observation:Writing observation heatmap thresholds.
INFO [2022-09-02 09:58:05] plot_cnv_observation:Done writing observation heatmap thresholds.
INFO [2022-09-02 09:58:09] Colors for breaks:  #00008B,#24249B,#4848AB,#6D6DBC,#9191CC,#B6B6DD,#DADAEE,#FFFFFF,#EEDADA,#DDB6B6,#CC9191,#BC6D6D,#AB4848,#9B2424,#8B0000
INFO [2022-09-02 09:58:09] Quantiles of plotted data range: 3,3,3,3,3
INFO [2022-09-02 09:58:13] plot_cnv_observations:Writing observation data to ./data/infercnv/inferCNV_out_new/cd70/Pool105_10//infercnv.17_HMM_predHMMi6.hmm_mode-samples.observations.txt
INFO [2022-09-02 09:58:27] plot_cnv_references:Start
INFO [2022-09-02 09:58:27] Reference data size: Cells= 14411 Genes= 4616
INFO [2022-09-02 12:57:33] plot_cnv_references:Number reference groups= 1
INFO [2022-09-02 12:57:34] plot_cnv_references:Plotting heatmap.
INFO [2022-09-02 12:57:49] Colors for breaks:  #00008B,#24249B,#4848AB,#6D6DBC,#9191CC,#B6B6DD,#DADAEE,#FFFFFF,#EEDADA,#DDB6B6,#CC9191,#BC6D6D,#AB4848,#9B2424,#8B0000
INFO [2022-09-02 12:57:49] Quantiles of plotted data range: 3,3,3,3,3
INFO [2022-09-02 12:57:54] plot_cnv_references:Writing reference data to ./data/infercnv/inferCNV_out_new/cd70/Pool105_10//infercnv.17_HMM_predHMMi6.hmm_mode-samples.references.txt
INFO [2022-09-02 12:58:57] 

	STEP 20: Converting HMM-based CNV states to repr expr vals

INFO [2022-09-02 12:59:19] ::plot_cnv:Start
INFO [2022-09-02 12:59:19] ::plot_cnv:Current data dimensions (r,c)=4616,18498 Total=85386768 Min=1 Max=1.
INFO [2022-09-02 12:59:20] ::plot_cnv:Depending on the size of the matrix this may take a moment.
INFO [2022-09-02 13:00:30] plot_cnv_observation:Start
INFO [2022-09-02 13:00:30] Observation data size: Cells= 4087 Genes= 4616
INFO [2022-09-02 13:00:30] plot_cnv_observation:Writing observation groupings/color.
INFO [2022-09-02 13:00:30] plot_cnv_observation:Done writing observation groupings/color.
INFO [2022-09-02 13:00:30] plot_cnv_observation:Writing observation heatmap thresholds.
INFO [2022-09-02 13:00:30] plot_cnv_observation:Done writing observation heatmap thresholds.
INFO [2022-09-02 13:00:34] Colors for breaks:  #00008B,#24249B,#4848AB,#6D6DBC,#9191CC,#B6B6DD,#DADAEE,#FFFFFF,#EEDADA,#DDB6B6,#CC9191,#BC6D6D,#AB4848,#9B2424,#8B0000
INFO [2022-09-02 13:00:34] Quantiles of plotted data range: 1,1,1,1,1
INFO [2022-09-02 13:00:37] plot_cnv_observations:Writing observation data to ./data/infercnv/inferCNV_out_new/cd70/Pool105_10//infercnv.20_HMM_predHMMi6.hmm_mode-samples.Pnorm_0.5.repr_intensities.observations.txt
INFO [2022-09-02 13:00:53] plot_cnv_references:Start
INFO [2022-09-02 13:00:53] Reference data size: Cells= 14411 Genes= 4616
INFO [2022-09-02 16:01:38] plot_cnv_references:Number reference groups= 1
INFO [2022-09-02 16:01:38] plot_cnv_references:Plotting heatmap.
INFO [2022-09-02 16:01:53] Colors for breaks:  #00008B,#24249B,#4848AB,#6D6DBC,#9191CC,#B6B6DD,#DADAEE,#FFFFFF,#EEDADA,#DDB6B6,#CC9191,#BC6D6D,#AB4848,#9B2424,#8B0000
INFO [2022-09-02 16:01:53] Quantiles of plotted data range: 1,1,1,1,1
INFO [2022-09-02 16:01:58] plot_cnv_references:Writing reference data to ./data/infercnv/inferCNV_out_new/cd70/Pool105_10//infercnv.20_HMM_predHMMi6.hmm_mode-samples.Pnorm_0.5.repr_intensities.references.txt
INFO [2022-09-02 16:02:54] 

	STEP 22: Denoising

INFO [2022-09-02 16:02:54] ::process_data:Remove noise, noise threshold defined via ref mean sd_amplifier:  1.5
INFO [2022-09-02 16:02:54] denoising using mean(normal) +- sd_amplifier * sd(normal) per gene per cell across all data
INFO [2022-09-02 16:02:56] :: **** clear_noise_via_ref_quantiles **** : removing noise between bounds:  0.940261699704104 - 1.061411598562
INFO [2022-09-02 16:03:38] 

## Making the final infercnv heatmap ##
INFO [2022-09-02 16:03:39] ::plot_cnv:Start
INFO [2022-09-02 16:03:39] ::plot_cnv:Current data dimensions (r,c)=4616,18498 Total=85597480.5191806 Min=0.643724748065447 Max=1.49587082074398.
INFO [2022-09-02 16:03:39] ::plot_cnv:Depending on the size of the matrix this may take a moment.
INFO [2022-09-02 16:05:01] plot_cnv(): auto thresholding at: (0.889659 , 1.110341)
INFO [2022-09-02 16:05:03] plot_cnv_observation:Start
INFO [2022-09-02 16:05:03] Observation data size: Cells= 4087 Genes= 4616
INFO [2022-09-02 16:05:04] plot_cnv_observation:Writing observation groupings/color.
INFO [2022-09-02 16:05:04] plot_cnv_observation:Done writing observation groupings/color.
INFO [2022-09-02 16:05:04] plot_cnv_observation:Writing observation heatmap thresholds.
INFO [2022-09-02 16:05:04] plot_cnv_observation:Done writing observation heatmap thresholds.
INFO [2022-09-02 16:05:08] Colors for breaks:  #00008B,#24249B,#4848AB,#6D6DBC,#9191CC,#B6B6DD,#DADAEE,#FFFFFF,#EEDADA,#DDB6B6,#CC9191,#BC6D6D,#AB4848,#9B2424,#8B0000
INFO [2022-09-02 16:05:08] Quantiles of plotted data range: 0.889659223569499,1.00083664913305,1.00083664913305,1.00083664913305,1.1103407764305
INFO [2022-09-02 16:05:11] plot_cnv_observations:Writing observation data to ./data/infercnv/inferCNV_out_new/cd70/Pool105_10//infercnv.observations.txt
INFO [2022-09-02 16:05:29] plot_cnv_references:Start
INFO [2022-09-02 16:05:29] Reference data size: Cells= 14411 Genes= 4616
INFO [2022-09-02 19:08:18] plot_cnv_references:Number reference groups= 1
INFO [2022-09-02 19:08:18] plot_cnv_references:Plotting heatmap.
INFO [2022-09-02 19:08:32] Colors for breaks:  #00008B,#24249B,#4848AB,#6D6DBC,#9191CC,#B6B6DD,#DADAEE,#FFFFFF,#EEDADA,#DDB6B6,#CC9191,#BC6D6D,#AB4848,#9B2424,#8B0000
INFO [2022-09-02 19:08:32] Quantiles of plotted data range: 0.889659223569499,1.00083664913305,1.00083664913305,1.00083664913305,1.1103407764305
INFO [2022-09-02 19:08:38] plot_cnv_references:Writing reference data to ./data/infercnv/inferCNV_out_new/cd70/Pool105_10//infercnv.references.txt
