[1] "/liulab/galib/mouse_scRNAseq_margaret/data/infercnv/inferCNV_out_new/cd70/6mos"
Warning message:
package ‘rBCS’ was built under R version 4.1.3 
── Attaching packages ─────────────────────────────────────── tidyverse 1.3.1 ──
✔ ggplot2 3.3.6     ✔ purrr   0.3.4
✔ tibble  3.1.7     ✔ dplyr   1.0.9
✔ tidyr   1.2.0     ✔ stringr 1.4.0
✔ readr   2.1.2     ✔ forcats 0.5.1
── Conflicts ────────────────────────────────────────── tidyverse_conflicts() ──
✖ dplyr::filter() masks stats::filter()
✖ dplyr::lag()    masks stats::lag()
Warning messages:
1: package ‘tidyverse’ was built under R version 4.1.3 
2: package ‘ggplot2’ was built under R version 4.1.3 
3: package ‘tibble’ was built under R version 4.1.3 
4: package ‘tidyr’ was built under R version 4.1.2 
5: package ‘readr’ was built under R version 4.1.2 
6: package ‘dplyr’ was built under R version 4.1.3 
7: package ‘forcats’ was built under R version 4.1.3 
Attaching SeuratObject
Attaching sp
Warning message:
package ‘Seurat’ was built under R version 4.1.3 
here() starts at /liulab/galib/mouse_scRNAseq_margaret
Loading required package: usethis
Warning message:
package ‘ggpubr’ was built under R version 4.1.3 
Warning message:
package ‘infercnv’ was built under R version 4.1.3 
[1]  32285 176583
Rows: 55228 Columns: 4
── Column specification ────────────────────────────────────────────────────────
Delimiter: "\t"
chr (2): X1, X2
dbl (2): X3, X4

ℹ Use `spec()` to retrieve the full column specification for this data.
ℹ Specify the column types or set `show_col_types = FALSE` to quiet this message.
[1] 6
INFO [2022-09-02 03:00:26] Parsing gene order file: ./data/infercnv/gene_order_file.txt
INFO [2022-09-02 03:00:26] ::order_reduce:Start.
INFO [2022-09-02 03:00:32] .order_reduce(): expr and order match.
INFO [2022-09-02 03:01:02] ::process_data:order_reduce:Reduction from positional data, new dimensions (r,c) = 32285,176583 Total=901670571 Min=0 Max=21505.
INFO [2022-09-02 03:01:04] num genes removed taking into account provided gene ordering list: 1949 = 6.03685922254917% removed.
INFO [2022-09-02 03:01:05] -filtering out cells < 100 or > Inf, removing 0 % of cells
INFO [2022-09-02 03:01:13] validating infercnv_obj
INFO [2022-09-02 03:01:13] ::process_data:Start
INFO [2022-09-02 03:01:13] Creating output path ./data/infercnv/inferCNV_out_new/cd70/Pool105_24/
INFO [2022-09-02 03:01:13] Checking for saved results.
INFO [2022-09-02 03:01:13] 

	STEP 1: incoming data

INFO [2022-09-02 03:01:36] 

	STEP 02: Removing lowly expressed genes

INFO [2022-09-02 03:01:36] ::above_min_mean_expr_cutoff:Start
INFO [2022-09-02 03:01:37] Removing 25662 genes from matrix as below mean expr threshold: 0.1
INFO [2022-09-02 03:01:38] validating infercnv_obj
INFO [2022-09-02 03:01:38] There are 4674 genes and 17087 cells remaining in the expr matrix.
INFO [2022-09-02 03:01:43] no genes removed due to min cells/gene filter
INFO [2022-09-02 03:02:04] 

	STEP 03: normalization by sequencing depth

INFO [2022-09-02 03:02:04] normalizing counts matrix by depth
INFO [2022-09-02 03:02:09] Computed total sum normalization factor as median libsize: 3007.000000
INFO [2022-09-02 03:02:09] Adding h-spike
INFO [2022-09-02 03:02:09] -hspike modeling of WT
INFO [2022-09-02 03:03:01] validating infercnv_obj
INFO [2022-09-02 03:03:01] normalizing counts matrix by depth
INFO [2022-09-02 03:03:01] Using specified normalization factor: 3007.000000
INFO [2022-09-02 03:03:22] 

	STEP 04: log transformation of data

INFO [2022-09-02 03:03:22] transforming log2xplus1()
INFO [2022-09-02 03:03:25] -mirroring for hspike
INFO [2022-09-02 03:03:25] transforming log2xplus1()
INFO [2022-09-02 03:03:47] 

	STEP 08: removing average of reference data (before smoothing)

INFO [2022-09-02 03:03:47] ::subtract_ref_expr_from_obs:Start inv_log=FALSE, use_bounds=TRUE
INFO [2022-09-02 03:03:47] subtracting mean(normal) per gene per cell across all data
INFO [2022-09-02 03:03:52] -subtracting expr per gene, use_bounds=TRUE
INFO [2022-09-02 03:32:13] -mirroring for hspike
INFO [2022-09-02 03:32:13] ::subtract_ref_expr_from_obs:Start inv_log=FALSE, use_bounds=TRUE
INFO [2022-09-02 03:32:13] subtracting mean(normal) per gene per cell across all data
INFO [2022-09-02 03:32:16] -subtracting expr per gene, use_bounds=TRUE
INFO [2022-09-02 03:32:53] 

	STEP 09: apply max centered expression threshold: 3

INFO [2022-09-02 03:32:53] ::process_data:setting max centered expr, threshold set to: +/-:  3
INFO [2022-09-02 03:32:55] -mirroring for hspike
INFO [2022-09-02 03:32:55] ::process_data:setting max centered expr, threshold set to: +/-:  3
INFO [2022-09-02 03:33:32] 

	STEP 10: Smoothing data per cell by chromosome

INFO [2022-09-02 03:33:32] smooth_by_chromosome: chr: chr1
INFO [2022-09-02 03:33:46] smooth_by_chromosome: chr: chr10
INFO [2022-09-02 03:33:59] smooth_by_chromosome: chr: chr11
INFO [2022-09-02 03:34:14] smooth_by_chromosome: chr: chr12
INFO [2022-09-02 03:34:27] smooth_by_chromosome: chr: chr13
INFO [2022-09-02 03:34:39] smooth_by_chromosome: chr: chr14
INFO [2022-09-02 03:34:51] smooth_by_chromosome: chr: chr15
INFO [2022-09-02 03:35:04] smooth_by_chromosome: chr: chr16
INFO [2022-09-02 03:35:17] smooth_by_chromosome: chr: chr17
INFO [2022-09-02 03:35:31] smooth_by_chromosome: chr: chr18
INFO [2022-09-02 03:35:43] smooth_by_chromosome: chr: chr19
INFO [2022-09-02 03:35:56] smooth_by_chromosome: chr: chr2
INFO [2022-09-02 03:36:09] smooth_by_chromosome: chr: chr3
INFO [2022-09-02 03:36:22] smooth_by_chromosome: chr: chr4
INFO [2022-09-02 03:36:36] smooth_by_chromosome: chr: chr5
INFO [2022-09-02 03:36:50] smooth_by_chromosome: chr: chr6
INFO [2022-09-02 03:37:04] smooth_by_chromosome: chr: chr7
INFO [2022-09-02 03:37:19] smooth_by_chromosome: chr: chr8
INFO [2022-09-02 03:37:32] smooth_by_chromosome: chr: chr9
INFO [2022-09-02 03:37:45] -mirroring for hspike
INFO [2022-09-02 03:37:45] smooth_by_chromosome: chr: chrA
INFO [2022-09-02 03:37:46] smooth_by_chromosome: chr: chr_0
INFO [2022-09-02 03:37:46] smooth_by_chromosome: chr: chr_B
INFO [2022-09-02 03:37:46] smooth_by_chromosome: chr: chr_0pt5
INFO [2022-09-02 03:37:46] smooth_by_chromosome: chr: chr_C
INFO [2022-09-02 03:37:46] smooth_by_chromosome: chr: chr_1pt5
INFO [2022-09-02 03:37:47] smooth_by_chromosome: chr: chr_D
INFO [2022-09-02 03:37:47] smooth_by_chromosome: chr: chr_2pt0
INFO [2022-09-02 03:37:47] smooth_by_chromosome: chr: chr_E
INFO [2022-09-02 03:37:47] smooth_by_chromosome: chr: chr_3pt0
INFO [2022-09-02 03:37:47] smooth_by_chromosome: chr: chr_F
INFO [2022-09-02 03:38:25] 

	STEP 11: re-centering data across chromosome after smoothing

INFO [2022-09-02 03:38:25] ::center_smooth across chromosomes per cell
INFO [2022-09-02 03:38:39] -mirroring for hspike
INFO [2022-09-02 03:38:39] ::center_smooth across chromosomes per cell
INFO [2022-09-02 03:39:18] 

	STEP 12: removing average of reference data (after smoothing)

INFO [2022-09-02 03:39:18] ::subtract_ref_expr_from_obs:Start inv_log=FALSE, use_bounds=TRUE
INFO [2022-09-02 03:39:18] subtracting mean(normal) per gene per cell across all data
INFO [2022-09-02 03:39:24] -subtracting expr per gene, use_bounds=TRUE
INFO [2022-09-02 03:39:29] -mirroring for hspike
INFO [2022-09-02 03:39:29] ::subtract_ref_expr_from_obs:Start inv_log=FALSE, use_bounds=TRUE
INFO [2022-09-02 03:39:29] subtracting mean(normal) per gene per cell across all data
INFO [2022-09-02 03:39:31] -subtracting expr per gene, use_bounds=TRUE
INFO [2022-09-02 03:40:09] 

	STEP 14: invert log2(FC) to FC

INFO [2022-09-02 03:40:09] invert_log2(), computing 2^x
INFO [2022-09-02 03:40:13] -mirroring for hspike
INFO [2022-09-02 03:40:13] invert_log2(), computing 2^x
INFO [2022-09-02 03:41:07] 

	STEP 15: Clustering samples (not defining tumor subclusters)

INFO [2022-09-02 03:41:07] define_signif_tumor_subclusters(p_val=0.1
INFO [2022-09-02 03:41:07] define_signif_tumor_subclusters(), tumor: CD70-/-
INFO [2022-09-02 03:44:44] cut tree into: 1 groups
INFO [2022-09-02 03:44:44] -processing CD70-/-,CD70-/-_s1
INFO [2022-09-02 03:44:44] define_signif_tumor_subclusters(), tumor: WT
INFO [2022-09-02 06:50:06] cut tree into: 1 groups
INFO [2022-09-02 06:50:06] -processing WT,WT_s1
INFO [2022-09-02 06:50:06] -mirroring for hspike
INFO [2022-09-02 06:50:06] define_signif_tumor_subclusters(p_val=0.1
INFO [2022-09-02 06:50:06] define_signif_tumor_subclusters(), tumor: spike_tumor_cell_WT
INFO [2022-09-02 06:50:06] cut tree into: 1 groups
INFO [2022-09-02 06:50:06] -processing spike_tumor_cell_WT,spike_tumor_cell_WT_s1
INFO [2022-09-02 06:50:06] define_signif_tumor_subclusters(), tumor: simnorm_cell_WT
INFO [2022-09-02 06:50:07] cut tree into: 1 groups
INFO [2022-09-02 06:50:07] -processing simnorm_cell_WT,simnorm_cell_WT_s1
INFO [2022-09-02 06:51:52] ::plot_cnv:Start
INFO [2022-09-02 06:51:52] ::plot_cnv:Current data dimensions (r,c)=4674,17087 Total=79934383.7167317 Min=0.643008721262507 Max=1.49774686095385.
INFO [2022-09-02 06:51:53] ::plot_cnv:Depending on the size of the matrix this may take a moment.
INFO [2022-09-02 06:53:11] plot_cnv(): auto thresholding at: (0.890813 , 1.110933)
INFO [2022-09-02 06:53:13] plot_cnv_observation:Start
INFO [2022-09-02 06:53:13] Observation data size: Cells= 2676 Genes= 4674
INFO [2022-09-02 06:53:13] plot_cnv_observation:Writing observation groupings/color.
INFO [2022-09-02 06:53:13] plot_cnv_observation:Done writing observation groupings/color.
INFO [2022-09-02 06:53:14] plot_cnv_observation:Writing observation heatmap thresholds.
INFO [2022-09-02 06:53:14] plot_cnv_observation:Done writing observation heatmap thresholds.
INFO [2022-09-02 06:53:16] Colors for breaks:  #00008B,#24249B,#4848AB,#6D6DBC,#9191CC,#B6B6DD,#DADAEE,#FFFFFF,#EEDADA,#DDB6B6,#CC9191,#BC6D6D,#AB4848,#9B2424,#8B0000
INFO [2022-09-02 06:53:16] Quantiles of plotted data range: 0.89081338448135,0.973393442221518,0.998951703617522,1.02618980874753,1.11093321372477
INFO [2022-09-02 06:53:19] plot_cnv_observations:Writing observation data to ./data/infercnv/inferCNV_out_new/cd70/Pool105_24//infercnv.preliminary.observations.txt
INFO [2022-09-02 06:53:31] plot_cnv_references:Start
INFO [2022-09-02 06:53:31] Reference data size: Cells= 14411 Genes= 4674
INFO [2022-09-02 09:59:14] plot_cnv_references:Number reference groups= 1
INFO [2022-09-02 09:59:14] plot_cnv_references:Plotting heatmap.
INFO [2022-09-02 09:59:30] Colors for breaks:  #00008B,#24249B,#4848AB,#6D6DBC,#9191CC,#B6B6DD,#DADAEE,#FFFFFF,#EEDADA,#DDB6B6,#CC9191,#BC6D6D,#AB4848,#9B2424,#8B0000
INFO [2022-09-02 09:59:30] Quantiles of plotted data range: 0.89081338448135,0.973409607232382,0.998925067588026,1.02606999431333,1.11093321372477
INFO [2022-09-02 09:59:38] plot_cnv_references:Writing reference data to ./data/infercnv/inferCNV_out_new/cd70/Pool105_24//infercnv.preliminary.references.txt
INFO [2022-09-02 10:00:45] 

	STEP 17: HMM-based CNV prediction

INFO [2022-09-02 10:00:45] predict_CNV_via_HMM_on_whole_tumor_samples
INFO [2022-09-02 10:00:48] -done predicting CNV based on initial tumor subclusters
INFO [2022-09-02 10:00:48] get_predicted_CNV_regions(subcluster)
INFO [2022-09-02 10:00:48] -processing cell_group_name: CD70-/-.CD70-/-_s1, size: 2676
INFO [2022-09-02 10:00:59] -processing cell_group_name: WT.WT_s1, size: 14411
INFO [2022-09-02 10:01:46] -writing cell clusters file: ./data/infercnv/inferCNV_out_new/cd70/Pool105_24//17_HMM_predHMMi6.hmm_mode-samples.cell_groupings
INFO [2022-09-02 10:01:46] -writing cnv regions file: ./data/infercnv/inferCNV_out_new/cd70/Pool105_24//17_HMM_predHMMi6.hmm_mode-samples.pred_cnv_regions.dat
INFO [2022-09-02 10:01:46] -writing per-gene cnv report: ./data/infercnv/inferCNV_out_new/cd70/Pool105_24//17_HMM_predHMMi6.hmm_mode-samples.pred_cnv_genes.dat
INFO [2022-09-02 10:01:46] -writing gene ordering info: ./data/infercnv/inferCNV_out_new/cd70/Pool105_24//17_HMM_predHMMi6.hmm_mode-samples.genes_used.dat
INFO [2022-09-02 10:02:03] ::plot_cnv:Start
INFO [2022-09-02 10:02:03] ::plot_cnv:Current data dimensions (r,c)=4674,17087 Total=239593914 Min=3 Max=3.
INFO [2022-09-02 10:02:04] ::plot_cnv:Depending on the size of the matrix this may take a moment.
INFO [2022-09-02 10:03:07] plot_cnv_observation:Start
INFO [2022-09-02 10:03:07] Observation data size: Cells= 2676 Genes= 4674
INFO [2022-09-02 10:03:08] plot_cnv_observation:Writing observation groupings/color.
INFO [2022-09-02 10:03:08] plot_cnv_observation:Done writing observation groupings/color.
INFO [2022-09-02 10:03:08] plot_cnv_observation:Writing observation heatmap thresholds.
INFO [2022-09-02 10:03:08] plot_cnv_observation:Done writing observation heatmap thresholds.
INFO [2022-09-02 10:03:10] Colors for breaks:  #00008B,#24249B,#4848AB,#6D6DBC,#9191CC,#B6B6DD,#DADAEE,#FFFFFF,#EEDADA,#DDB6B6,#CC9191,#BC6D6D,#AB4848,#9B2424,#8B0000
INFO [2022-09-02 10:03:10] Quantiles of plotted data range: 3,3,3,3,3
INFO [2022-09-02 10:03:12] plot_cnv_observations:Writing observation data to ./data/infercnv/inferCNV_out_new/cd70/Pool105_24//infercnv.17_HMM_predHMMi6.hmm_mode-samples.observations.txt
INFO [2022-09-02 10:03:22] plot_cnv_references:Start
INFO [2022-09-02 10:03:22] Reference data size: Cells= 14411 Genes= 4674
INFO [2022-09-02 13:06:14] plot_cnv_references:Number reference groups= 1
INFO [2022-09-02 13:06:15] plot_cnv_references:Plotting heatmap.
INFO [2022-09-02 13:06:31] Colors for breaks:  #00008B,#24249B,#4848AB,#6D6DBC,#9191CC,#B6B6DD,#DADAEE,#FFFFFF,#EEDADA,#DDB6B6,#CC9191,#BC6D6D,#AB4848,#9B2424,#8B0000
INFO [2022-09-02 13:06:31] Quantiles of plotted data range: 3,3,3,3,3
INFO [2022-09-02 13:06:38] plot_cnv_references:Writing reference data to ./data/infercnv/inferCNV_out_new/cd70/Pool105_24//infercnv.17_HMM_predHMMi6.hmm_mode-samples.references.txt
INFO [2022-09-02 13:07:40] 

	STEP 20: Converting HMM-based CNV states to repr expr vals

INFO [2022-09-02 13:07:59] ::plot_cnv:Start
INFO [2022-09-02 13:07:59] ::plot_cnv:Current data dimensions (r,c)=4674,17087 Total=79864638 Min=1 Max=1.
INFO [2022-09-02 13:08:00] ::plot_cnv:Depending on the size of the matrix this may take a moment.
INFO [2022-09-02 13:09:04] plot_cnv_observation:Start
INFO [2022-09-02 13:09:04] Observation data size: Cells= 2676 Genes= 4674
INFO [2022-09-02 13:09:04] plot_cnv_observation:Writing observation groupings/color.
INFO [2022-09-02 13:09:04] plot_cnv_observation:Done writing observation groupings/color.
INFO [2022-09-02 13:09:04] plot_cnv_observation:Writing observation heatmap thresholds.
INFO [2022-09-02 13:09:04] plot_cnv_observation:Done writing observation heatmap thresholds.
INFO [2022-09-02 13:09:06] Colors for breaks:  #00008B,#24249B,#4848AB,#6D6DBC,#9191CC,#B6B6DD,#DADAEE,#FFFFFF,#EEDADA,#DDB6B6,#CC9191,#BC6D6D,#AB4848,#9B2424,#8B0000
INFO [2022-09-02 13:09:06] Quantiles of plotted data range: 1,1,1,1,1
INFO [2022-09-02 13:09:09] plot_cnv_observations:Writing observation data to ./data/infercnv/inferCNV_out_new/cd70/Pool105_24//infercnv.20_HMM_predHMMi6.hmm_mode-samples.Pnorm_0.5.repr_intensities.observations.txt
INFO [2022-09-02 13:09:18] plot_cnv_references:Start
INFO [2022-09-02 13:09:18] Reference data size: Cells= 14411 Genes= 4674
INFO [2022-09-02 16:19:26] plot_cnv_references:Number reference groups= 1
INFO [2022-09-02 16:19:27] plot_cnv_references:Plotting heatmap.
INFO [2022-09-02 16:19:43] Colors for breaks:  #00008B,#24249B,#4848AB,#6D6DBC,#9191CC,#B6B6DD,#DADAEE,#FFFFFF,#EEDADA,#DDB6B6,#CC9191,#BC6D6D,#AB4848,#9B2424,#8B0000
INFO [2022-09-02 16:19:43] Quantiles of plotted data range: 1,1,1,1,1
INFO [2022-09-02 16:19:50] plot_cnv_references:Writing reference data to ./data/infercnv/inferCNV_out_new/cd70/Pool105_24//infercnv.20_HMM_predHMMi6.hmm_mode-samples.Pnorm_0.5.repr_intensities.references.txt
INFO [2022-09-02 16:20:44] 

	STEP 22: Denoising

INFO [2022-09-02 16:20:44] ::process_data:Remove noise, noise threshold defined via ref mean sd_amplifier:  1.5
INFO [2022-09-02 16:20:44] denoising using mean(normal) +- sd_amplifier * sd(normal) per gene per cell across all data
INFO [2022-09-02 16:20:46] :: **** clear_noise_via_ref_quantiles **** : removing noise between bounds:  0.939673887453984 - 1.06203198482899
INFO [2022-09-02 16:21:25] 

## Making the final infercnv heatmap ##
INFO [2022-09-02 16:21:25] ::plot_cnv:Start
INFO [2022-09-02 16:21:25] ::plot_cnv:Current data dimensions (r,c)=4674,17087 Total=80066306.1956236 Min=0.643008721262507 Max=1.49774686095385.
INFO [2022-09-02 16:21:26] ::plot_cnv:Depending on the size of the matrix this may take a moment.
INFO [2022-09-02 16:22:40] plot_cnv(): auto thresholding at: (0.889067 , 1.110933)
INFO [2022-09-02 16:22:42] plot_cnv_observation:Start
INFO [2022-09-02 16:22:42] Observation data size: Cells= 2676 Genes= 4674
INFO [2022-09-02 16:22:42] plot_cnv_observation:Writing observation groupings/color.
INFO [2022-09-02 16:22:42] plot_cnv_observation:Done writing observation groupings/color.
INFO [2022-09-02 16:22:42] plot_cnv_observation:Writing observation heatmap thresholds.
INFO [2022-09-02 16:22:42] plot_cnv_observation:Done writing observation heatmap thresholds.
INFO [2022-09-02 16:22:44] Colors for breaks:  #00008B,#24249B,#4848AB,#6D6DBC,#9191CC,#B6B6DD,#DADAEE,#FFFFFF,#EEDADA,#DDB6B6,#CC9191,#BC6D6D,#AB4848,#9B2424,#8B0000
INFO [2022-09-02 16:22:44] Quantiles of plotted data range: 0.889066786275228,1.00085293614149,1.00085293614149,1.00085293614149,1.11093321372477
INFO [2022-09-02 16:22:47] plot_cnv_observations:Writing observation data to ./data/infercnv/inferCNV_out_new/cd70/Pool105_24//infercnv.observations.txt
INFO [2022-09-02 16:22:58] plot_cnv_references:Start
INFO [2022-09-02 16:22:58] Reference data size: Cells= 14411 Genes= 4674
INFO [2022-09-02 19:24:55] plot_cnv_references:Number reference groups= 1
INFO [2022-09-02 19:24:55] plot_cnv_references:Plotting heatmap.
INFO [2022-09-02 19:25:10] Colors for breaks:  #00008B,#24249B,#4848AB,#6D6DBC,#9191CC,#B6B6DD,#DADAEE,#FFFFFF,#EEDADA,#DDB6B6,#CC9191,#BC6D6D,#AB4848,#9B2424,#8B0000
INFO [2022-09-02 19:25:10] Quantiles of plotted data range: 0.889066786275228,1.00085293614149,1.00085293614149,1.00085293614149,1.11093321372477
INFO [2022-09-02 19:25:18] plot_cnv_references:Writing reference data to ./data/infercnv/inferCNV_out_new/cd70/Pool105_24//infercnv.references.txt
