[1] "/liulab/galib/mouse_scRNAseq_margaret/data/infercnv/inferCNV_out_new/cd70/18mos"
Warning message:
package ‘rBCS’ was built under R version 4.1.3 
── Attaching packages ─────────────────────────────────────── tidyverse 1.3.1 ──
✔ ggplot2 3.3.6     ✔ purrr   0.3.4
✔ tibble  3.1.7     ✔ dplyr   1.0.9
✔ tidyr   1.2.0     ✔ stringr 1.4.0
✔ readr   2.1.2     ✔ forcats 0.5.1
── Conflicts ────────────────────────────────────────── tidyverse_conflicts() ──
✖ dplyr::filter() masks stats::filter()
✖ dplyr::lag()    masks stats::lag()
Warning messages:
1: package ‘tidyverse’ was built under R version 4.1.3 
2: package ‘ggplot2’ was built under R version 4.1.3 
3: package ‘tibble’ was built under R version 4.1.3 
4: package ‘tidyr’ was built under R version 4.1.2 
5: package ‘readr’ was built under R version 4.1.2 
6: package ‘dplyr’ was built under R version 4.1.3 
7: package ‘forcats’ was built under R version 4.1.3 
Attaching SeuratObject
Attaching sp
Warning message:
package ‘Seurat’ was built under R version 4.1.3 
here() starts at /liulab/galib/mouse_scRNAseq_margaret
Loading required package: usethis
Warning message:
package ‘ggpubr’ was built under R version 4.1.3 
Warning message:
package ‘infercnv’ was built under R version 4.1.3 
[1]  32285 176583
Rows: 55228 Columns: 4
── Column specification ────────────────────────────────────────────────────────
Delimiter: "\t"
chr (2): X1, X2
dbl (2): X3, X4

ℹ Use `spec()` to retrieve the full column specification for this data.
ℹ Specify the column types or set `show_col_types = FALSE` to quiet this message.
[1] 6
INFO [2022-09-02 15:58:05] Parsing gene order file: ./data/infercnv/gene_order_file.txt
INFO [2022-09-02 15:58:05] ::order_reduce:Start.
INFO [2022-09-02 15:58:13] .order_reduce(): expr and order match.
INFO [2022-09-02 15:58:43] ::process_data:order_reduce:Reduction from positional data, new dimensions (r,c) = 32285,176583 Total=901670571 Min=0 Max=21505.
INFO [2022-09-02 15:58:45] num genes removed taking into account provided gene ordering list: 1949 = 6.03685922254917% removed.
INFO [2022-09-02 15:58:46] -filtering out cells < 100 or > Inf, removing 0 % of cells
INFO [2022-09-02 15:58:53] validating infercnv_obj
INFO [2022-09-02 15:58:53] ::process_data:Start
INFO [2022-09-02 15:58:53] Creating output path ./data/infercnv/inferCNV_out_new/cd70/Pool105_64/
INFO [2022-09-02 15:58:53] Checking for saved results.
INFO [2022-09-02 15:58:53] 

	STEP 1: incoming data

INFO [2022-09-02 15:59:14] 

	STEP 02: Removing lowly expressed genes

INFO [2022-09-02 15:59:14] ::above_min_mean_expr_cutoff:Start
INFO [2022-09-02 15:59:15] Removing 25490 genes from matrix as below mean expr threshold: 0.1
INFO [2022-09-02 15:59:16] validating infercnv_obj
INFO [2022-09-02 15:59:16] There are 4846 genes and 15608 cells remaining in the expr matrix.
INFO [2022-09-02 15:59:21] no genes removed due to min cells/gene filter
INFO [2022-09-02 15:59:41] 

	STEP 03: normalization by sequencing depth

INFO [2022-09-02 15:59:41] normalizing counts matrix by depth
INFO [2022-09-02 15:59:46] Computed total sum normalization factor as median libsize: 3141.000000
INFO [2022-09-02 15:59:46] Adding h-spike
INFO [2022-09-02 15:59:46] -hspike modeling of WT
INFO [2022-09-02 16:00:39] validating infercnv_obj
INFO [2022-09-02 16:00:39] normalizing counts matrix by depth
INFO [2022-09-02 16:00:39] Using specified normalization factor: 3141.000000
INFO [2022-09-02 16:01:00] 

	STEP 04: log transformation of data

INFO [2022-09-02 16:01:00] transforming log2xplus1()
INFO [2022-09-02 16:01:03] -mirroring for hspike
INFO [2022-09-02 16:01:03] transforming log2xplus1()
INFO [2022-09-02 16:01:24] 

	STEP 08: removing average of reference data (before smoothing)

INFO [2022-09-02 16:01:24] ::subtract_ref_expr_from_obs:Start inv_log=FALSE, use_bounds=TRUE
INFO [2022-09-02 16:01:24] subtracting mean(normal) per gene per cell across all data
INFO [2022-09-02 16:01:29] -subtracting expr per gene, use_bounds=TRUE
INFO [2022-09-02 16:30:21] -mirroring for hspike
INFO [2022-09-02 16:30:21] ::subtract_ref_expr_from_obs:Start inv_log=FALSE, use_bounds=TRUE
INFO [2022-09-02 16:30:21] subtracting mean(normal) per gene per cell across all data
INFO [2022-09-02 16:30:23] -subtracting expr per gene, use_bounds=TRUE
INFO [2022-09-02 16:30:59] 

	STEP 09: apply max centered expression threshold: 3

INFO [2022-09-02 16:30:59] ::process_data:setting max centered expr, threshold set to: +/-:  3
INFO [2022-09-02 16:31:00] -mirroring for hspike
INFO [2022-09-02 16:31:00] ::process_data:setting max centered expr, threshold set to: +/-:  3
INFO [2022-09-02 16:31:34] 

	STEP 10: Smoothing data per cell by chromosome

INFO [2022-09-02 16:31:34] smooth_by_chromosome: chr: chr1
INFO [2022-09-02 16:31:47] smooth_by_chromosome: chr: chr10
INFO [2022-09-02 16:31:58] smooth_by_chromosome: chr: chr11
INFO [2022-09-02 16:32:12] smooth_by_chromosome: chr: chr12
INFO [2022-09-02 16:32:23] smooth_by_chromosome: chr: chr13
INFO [2022-09-02 16:32:33] smooth_by_chromosome: chr: chr14
INFO [2022-09-02 16:32:44] smooth_by_chromosome: chr: chr15
INFO [2022-09-02 16:32:55] smooth_by_chromosome: chr: chr16
INFO [2022-09-02 16:33:06] smooth_by_chromosome: chr: chr17
INFO [2022-09-02 16:33:19] smooth_by_chromosome: chr: chr18
INFO [2022-09-02 16:33:30] smooth_by_chromosome: chr: chr19
INFO [2022-09-02 16:33:41] smooth_by_chromosome: chr: chr2
INFO [2022-09-02 16:33:55] smooth_by_chromosome: chr: chr3
INFO [2022-09-02 16:34:06] smooth_by_chromosome: chr: chr4
INFO [2022-09-02 16:34:17] smooth_by_chromosome: chr: chr5
INFO [2022-09-02 16:34:30] smooth_by_chromosome: chr: chr6
INFO [2022-09-02 16:34:42] smooth_by_chromosome: chr: chr7
INFO [2022-09-02 16:34:55] smooth_by_chromosome: chr: chr8
INFO [2022-09-02 16:35:07] smooth_by_chromosome: chr: chr9
INFO [2022-09-02 16:35:19] -mirroring for hspike
INFO [2022-09-02 16:35:19] smooth_by_chromosome: chr: chrA
INFO [2022-09-02 16:35:19] smooth_by_chromosome: chr: chr_0
INFO [2022-09-02 16:35:19] smooth_by_chromosome: chr: chr_B
INFO [2022-09-02 16:35:19] smooth_by_chromosome: chr: chr_0pt5
INFO [2022-09-02 16:35:19] smooth_by_chromosome: chr: chr_C
INFO [2022-09-02 16:35:19] smooth_by_chromosome: chr: chr_1pt5
INFO [2022-09-02 16:35:20] smooth_by_chromosome: chr: chr_D
INFO [2022-09-02 16:35:20] smooth_by_chromosome: chr: chr_2pt0
INFO [2022-09-02 16:35:20] smooth_by_chromosome: chr: chr_E
INFO [2022-09-02 16:35:20] smooth_by_chromosome: chr: chr_3pt0
INFO [2022-09-02 16:35:20] smooth_by_chromosome: chr: chr_F
INFO [2022-09-02 16:35:55] 

	STEP 11: re-centering data across chromosome after smoothing

INFO [2022-09-02 16:35:55] ::center_smooth across chromosomes per cell
INFO [2022-09-02 16:36:08] -mirroring for hspike
INFO [2022-09-02 16:36:08] ::center_smooth across chromosomes per cell
INFO [2022-09-02 16:36:44] 

	STEP 12: removing average of reference data (after smoothing)

INFO [2022-09-02 16:36:44] ::subtract_ref_expr_from_obs:Start inv_log=FALSE, use_bounds=TRUE
INFO [2022-09-02 16:36:44] subtracting mean(normal) per gene per cell across all data
INFO [2022-09-02 16:36:49] -subtracting expr per gene, use_bounds=TRUE
INFO [2022-09-02 16:36:55] -mirroring for hspike
INFO [2022-09-02 16:36:55] ::subtract_ref_expr_from_obs:Start inv_log=FALSE, use_bounds=TRUE
INFO [2022-09-02 16:36:55] subtracting mean(normal) per gene per cell across all data
INFO [2022-09-02 16:36:56] -subtracting expr per gene, use_bounds=TRUE
INFO [2022-09-02 16:37:31] 

	STEP 14: invert log2(FC) to FC

INFO [2022-09-02 16:37:31] invert_log2(), computing 2^x
INFO [2022-09-02 16:37:35] -mirroring for hspike
INFO [2022-09-02 16:37:35] invert_log2(), computing 2^x
INFO [2022-09-02 16:38:24] 

	STEP 15: Clustering samples (not defining tumor subclusters)

INFO [2022-09-02 16:38:24] define_signif_tumor_subclusters(p_val=0.1
INFO [2022-09-02 16:38:24] define_signif_tumor_subclusters(), tumor: CD70-/-
INFO [2022-09-02 16:40:29] cut tree into: 1 groups
INFO [2022-09-02 16:40:29] -processing CD70-/-,CD70-/-_s1
INFO [2022-09-02 16:40:29] define_signif_tumor_subclusters(), tumor: WT
INFO [2022-09-02 19:35:49] cut tree into: 1 groups
INFO [2022-09-02 19:35:49] -processing WT,WT_s1
INFO [2022-09-02 19:35:49] -mirroring for hspike
INFO [2022-09-02 19:35:49] define_signif_tumor_subclusters(p_val=0.1
INFO [2022-09-02 19:35:49] define_signif_tumor_subclusters(), tumor: spike_tumor_cell_WT
INFO [2022-09-02 19:35:49] cut tree into: 1 groups
INFO [2022-09-02 19:35:49] -processing spike_tumor_cell_WT,spike_tumor_cell_WT_s1
INFO [2022-09-02 19:35:49] define_signif_tumor_subclusters(), tumor: simnorm_cell_WT
INFO [2022-09-02 19:35:50] cut tree into: 1 groups
INFO [2022-09-02 19:35:50] -processing simnorm_cell_WT,simnorm_cell_WT_s1
INFO [2022-09-02 19:37:28] ::plot_cnv:Start
INFO [2022-09-02 19:37:28] ::plot_cnv:Current data dimensions (r,c)=4846,15608 Total=75704783.6154921 Min=0.693980329652576 Max=1.4981429794275.
INFO [2022-09-02 19:37:29] ::plot_cnv:Depending on the size of the matrix this may take a moment.
INFO [2022-09-02 19:38:43] plot_cnv(): auto thresholding at: (0.886477 , 1.115332)
INFO [2022-09-02 19:38:45] plot_cnv_observation:Start
INFO [2022-09-02 19:38:45] Observation data size: Cells= 1929 Genes= 4846
INFO [2022-09-02 19:38:46] plot_cnv_observation:Writing observation groupings/color.
INFO [2022-09-02 19:38:46] plot_cnv_observation:Done writing observation groupings/color.
INFO [2022-09-02 19:38:46] plot_cnv_observation:Writing observation heatmap thresholds.
INFO [2022-09-02 19:38:46] plot_cnv_observation:Done writing observation heatmap thresholds.
INFO [2022-09-02 19:38:48] Colors for breaks:  #00008B,#24249B,#4848AB,#6D6DBC,#9191CC,#B6B6DD,#DADAEE,#FFFFFF,#EEDADA,#DDB6B6,#CC9191,#BC6D6D,#AB4848,#9B2424,#8B0000
INFO [2022-09-02 19:38:48] Quantiles of plotted data range: 0.886476763941284,0.973287275926081,0.998784382160345,1.0260782424538,1.11533230271015
INFO [2022-09-02 19:38:50] plot_cnv_observations:Writing observation data to ./data/infercnv/inferCNV_out_new/cd70/Pool105_64//infercnv.preliminary.observations.txt
INFO [2022-09-02 19:38:59] plot_cnv_references:Start
INFO [2022-09-02 19:38:59] Reference data size: Cells= 13679 Genes= 4846
INFO [2022-09-02 22:29:28] plot_cnv_references:Number reference groups= 1
INFO [2022-09-02 22:29:29] plot_cnv_references:Plotting heatmap.
INFO [2022-09-02 22:29:46] Colors for breaks:  #00008B,#24249B,#4848AB,#6D6DBC,#9191CC,#B6B6DD,#DADAEE,#FFFFFF,#EEDADA,#DDB6B6,#CC9191,#BC6D6D,#AB4848,#9B2424,#8B0000
INFO [2022-09-02 22:29:46] Quantiles of plotted data range: 0.886476763941284,0.972906793715169,0.998802165449331,1.02642516513847,1.11533230271015
INFO [2022-09-02 22:29:54] plot_cnv_references:Writing reference data to ./data/infercnv/inferCNV_out_new/cd70/Pool105_64//infercnv.preliminary.references.txt
INFO [2022-09-02 22:30:57] 

	STEP 17: HMM-based CNV prediction

INFO [2022-09-02 22:30:57] predict_CNV_via_HMM_on_whole_tumor_samples
INFO [2022-09-02 22:31:00] -done predicting CNV based on initial tumor subclusters
INFO [2022-09-02 22:31:00] get_predicted_CNV_regions(subcluster)
INFO [2022-09-02 22:31:00] -processing cell_group_name: CD70-/-.CD70-/-_s1, size: 1929
INFO [2022-09-02 22:31:10] -processing cell_group_name: WT.WT_s1, size: 13679
INFO [2022-09-02 22:31:54] -writing cell clusters file: ./data/infercnv/inferCNV_out_new/cd70/Pool105_64//17_HMM_predHMMi6.hmm_mode-samples.cell_groupings
INFO [2022-09-02 22:31:54] -writing cnv regions file: ./data/infercnv/inferCNV_out_new/cd70/Pool105_64//17_HMM_predHMMi6.hmm_mode-samples.pred_cnv_regions.dat
INFO [2022-09-02 22:31:55] -writing per-gene cnv report: ./data/infercnv/inferCNV_out_new/cd70/Pool105_64//17_HMM_predHMMi6.hmm_mode-samples.pred_cnv_genes.dat
INFO [2022-09-02 22:31:55] -writing gene ordering info: ./data/infercnv/inferCNV_out_new/cd70/Pool105_64//17_HMM_predHMMi6.hmm_mode-samples.genes_used.dat
INFO [2022-09-02 22:32:10] ::plot_cnv:Start
INFO [2022-09-02 22:32:10] ::plot_cnv:Current data dimensions (r,c)=4846,15608 Total=226909104 Min=3 Max=3.
INFO [2022-09-02 22:32:11] ::plot_cnv:Depending on the size of the matrix this may take a moment.
INFO [2022-09-02 22:33:09] plot_cnv_observation:Start
INFO [2022-09-02 22:33:09] Observation data size: Cells= 1929 Genes= 4846
INFO [2022-09-02 22:33:09] plot_cnv_observation:Writing observation groupings/color.
INFO [2022-09-02 22:33:10] plot_cnv_observation:Done writing observation groupings/color.
INFO [2022-09-02 22:33:10] plot_cnv_observation:Writing observation heatmap thresholds.
INFO [2022-09-02 22:33:10] plot_cnv_observation:Done writing observation heatmap thresholds.
INFO [2022-09-02 22:33:11] Colors for breaks:  #00008B,#24249B,#4848AB,#6D6DBC,#9191CC,#B6B6DD,#DADAEE,#FFFFFF,#EEDADA,#DDB6B6,#CC9191,#BC6D6D,#AB4848,#9B2424,#8B0000
INFO [2022-09-02 22:33:11] Quantiles of plotted data range: 3,3,3,3,3
INFO [2022-09-02 22:33:13] plot_cnv_observations:Writing observation data to ./data/infercnv/inferCNV_out_new/cd70/Pool105_64//infercnv.17_HMM_predHMMi6.hmm_mode-samples.observations.txt
INFO [2022-09-02 22:33:20] plot_cnv_references:Start
INFO [2022-09-02 22:33:20] Reference data size: Cells= 13679 Genes= 4846
INFO [2022-09-03 01:25:21] plot_cnv_references:Number reference groups= 1
INFO [2022-09-03 01:25:22] plot_cnv_references:Plotting heatmap.
INFO [2022-09-03 01:25:41] Colors for breaks:  #00008B,#24249B,#4848AB,#6D6DBC,#9191CC,#B6B6DD,#DADAEE,#FFFFFF,#EEDADA,#DDB6B6,#CC9191,#BC6D6D,#AB4848,#9B2424,#8B0000
INFO [2022-09-03 01:25:41] Quantiles of plotted data range: 3,3,3,3,3
INFO [2022-09-03 01:25:47] plot_cnv_references:Writing reference data to ./data/infercnv/inferCNV_out_new/cd70/Pool105_64//infercnv.17_HMM_predHMMi6.hmm_mode-samples.references.txt
INFO [2022-09-03 01:26:47] 

	STEP 20: Converting HMM-based CNV states to repr expr vals

INFO [2022-09-03 01:27:06] ::plot_cnv:Start
INFO [2022-09-03 01:27:06] ::plot_cnv:Current data dimensions (r,c)=4846,15608 Total=75636368 Min=1 Max=1.
INFO [2022-09-03 01:27:07] ::plot_cnv:Depending on the size of the matrix this may take a moment.
INFO [2022-09-03 01:28:06] plot_cnv_observation:Start
INFO [2022-09-03 01:28:06] Observation data size: Cells= 1929 Genes= 4846
INFO [2022-09-03 01:28:06] plot_cnv_observation:Writing observation groupings/color.
INFO [2022-09-03 01:28:06] plot_cnv_observation:Done writing observation groupings/color.
INFO [2022-09-03 01:28:06] plot_cnv_observation:Writing observation heatmap thresholds.
INFO [2022-09-03 01:28:06] plot_cnv_observation:Done writing observation heatmap thresholds.
INFO [2022-09-03 01:28:08] Colors for breaks:  #00008B,#24249B,#4848AB,#6D6DBC,#9191CC,#B6B6DD,#DADAEE,#FFFFFF,#EEDADA,#DDB6B6,#CC9191,#BC6D6D,#AB4848,#9B2424,#8B0000
INFO [2022-09-03 01:28:08] Quantiles of plotted data range: 1,1,1,1,1
INFO [2022-09-03 01:28:10] plot_cnv_observations:Writing observation data to ./data/infercnv/inferCNV_out_new/cd70/Pool105_64//infercnv.20_HMM_predHMMi6.hmm_mode-samples.Pnorm_0.5.repr_intensities.observations.txt
INFO [2022-09-03 01:28:17] plot_cnv_references:Start
INFO [2022-09-03 01:28:17] Reference data size: Cells= 13679 Genes= 4846
INFO [2022-09-03 04:17:03] plot_cnv_references:Number reference groups= 1
INFO [2022-09-03 04:17:04] plot_cnv_references:Plotting heatmap.
INFO [2022-09-03 04:17:23] Colors for breaks:  #00008B,#24249B,#4848AB,#6D6DBC,#9191CC,#B6B6DD,#DADAEE,#FFFFFF,#EEDADA,#DDB6B6,#CC9191,#BC6D6D,#AB4848,#9B2424,#8B0000
INFO [2022-09-03 04:17:23] Quantiles of plotted data range: 1,1,1,1,1
INFO [2022-09-03 04:17:29] plot_cnv_references:Writing reference data to ./data/infercnv/inferCNV_out_new/cd70/Pool105_64//infercnv.20_HMM_predHMMi6.hmm_mode-samples.Pnorm_0.5.repr_intensities.references.txt
INFO [2022-09-03 04:18:21] 

	STEP 22: Denoising

INFO [2022-09-03 04:18:21] ::process_data:Remove noise, noise threshold defined via ref mean sd_amplifier:  1.5
INFO [2022-09-03 04:18:21] denoising using mean(normal) +- sd_amplifier * sd(normal) per gene per cell across all data
INFO [2022-09-03 04:18:24] :: **** clear_noise_via_ref_quantiles **** : removing noise between bounds:  0.938115200730815 - 1.06368877011104
INFO [2022-09-03 04:19:00] 

## Making the final infercnv heatmap ##
INFO [2022-09-03 04:19:01] ::plot_cnv:Start
INFO [2022-09-03 04:19:01] ::plot_cnv:Current data dimensions (r,c)=4846,15608 Total=75840276.6000877 Min=0.693980329652576 Max=1.4981429794275.
INFO [2022-09-03 04:19:01] ::plot_cnv:Depending on the size of the matrix this may take a moment.
INFO [2022-09-03 04:20:08] plot_cnv(): auto thresholding at: (0.884668 , 1.115332)
INFO [2022-09-03 04:20:11] plot_cnv_observation:Start
INFO [2022-09-03 04:20:11] Observation data size: Cells= 1929 Genes= 4846
INFO [2022-09-03 04:20:11] plot_cnv_observation:Writing observation groupings/color.
INFO [2022-09-03 04:20:11] plot_cnv_observation:Done writing observation groupings/color.
INFO [2022-09-03 04:20:11] plot_cnv_observation:Writing observation heatmap thresholds.
INFO [2022-09-03 04:20:11] plot_cnv_observation:Done writing observation heatmap thresholds.
INFO [2022-09-03 04:20:13] Colors for breaks:  #00008B,#24249B,#4848AB,#6D6DBC,#9191CC,#B6B6DD,#DADAEE,#FFFFFF,#EEDADA,#DDB6B6,#CC9191,#BC6D6D,#AB4848,#9B2424,#8B0000
INFO [2022-09-03 04:20:13] Quantiles of plotted data range: 0.884667697289852,1.00090198542093,1.00090198542093,1.00090198542093,1.11533230271015
INFO [2022-09-03 04:20:15] plot_cnv_observations:Writing observation data to ./data/infercnv/inferCNV_out_new/cd70/Pool105_64//infercnv.observations.txt
INFO [2022-09-03 04:20:24] plot_cnv_references:Start
INFO [2022-09-03 04:20:24] Reference data size: Cells= 13679 Genes= 4846
INFO [2022-09-03 07:11:43] plot_cnv_references:Number reference groups= 1
INFO [2022-09-03 07:11:44] plot_cnv_references:Plotting heatmap.
INFO [2022-09-03 07:12:01] Colors for breaks:  #00008B,#24249B,#4848AB,#6D6DBC,#9191CC,#B6B6DD,#DADAEE,#FFFFFF,#EEDADA,#DDB6B6,#CC9191,#BC6D6D,#AB4848,#9B2424,#8B0000
INFO [2022-09-03 07:12:01] Quantiles of plotted data range: 0.884667697289852,1.00090198542093,1.00090198542093,1.00090198542093,1.11533230271015
INFO [2022-09-03 07:12:07] plot_cnv_references:Writing reference data to ./data/infercnv/inferCNV_out_new/cd70/Pool105_64//infercnv.references.txt
