[1] "/liulab/galib/mouse_scRNAseq_margaret/data/infercnv/inferCNV_out_new/cd70/6mos"
Warning message:
package ‘rBCS’ was built under R version 4.1.3 
── Attaching packages ─────────────────────────────────────── tidyverse 1.3.1 ──
✔ ggplot2 3.3.6     ✔ purrr   0.3.4
✔ tibble  3.1.7     ✔ dplyr   1.0.9
✔ tidyr   1.2.0     ✔ stringr 1.4.0
✔ readr   2.1.2     ✔ forcats 0.5.1
── Conflicts ────────────────────────────────────────── tidyverse_conflicts() ──
✖ dplyr::filter() masks stats::filter()
✖ dplyr::lag()    masks stats::lag()
Warning messages:
1: package ‘tidyverse’ was built under R version 4.1.3 
2: package ‘ggplot2’ was built under R version 4.1.3 
3: package ‘tibble’ was built under R version 4.1.3 
4: package ‘tidyr’ was built under R version 4.1.2 
5: package ‘readr’ was built under R version 4.1.2 
6: package ‘dplyr’ was built under R version 4.1.3 
7: package ‘forcats’ was built under R version 4.1.3 
Attaching SeuratObject
Attaching sp
Warning message:
package ‘Seurat’ was built under R version 4.1.3 
here() starts at /liulab/galib/mouse_scRNAseq_margaret
Loading required package: usethis
Warning message:
package ‘ggpubr’ was built under R version 4.1.3 
Warning message:
package ‘infercnv’ was built under R version 4.1.3 
[1]  32285 176583
Rows: 55228 Columns: 4
── Column specification ────────────────────────────────────────────────────────
Delimiter: "\t"
chr (2): X1, X2
dbl (2): X3, X4

ℹ Use `spec()` to retrieve the full column specification for this data.
ℹ Specify the column types or set `show_col_types = FALSE` to quiet this message.
[1] 6
INFO [2022-08-30 13:35:53] Parsing gene order file: ./data/infercnv/gene_order_file.txt
INFO [2022-08-30 13:35:53] ::order_reduce:Start.
INFO [2022-08-30 13:36:01] .order_reduce(): expr and order match.
INFO [2022-08-30 13:36:39] ::process_data:order_reduce:Reduction from positional data, new dimensions (r,c) = 32285,176583 Total=901670571 Min=0 Max=21505.
INFO [2022-08-30 13:36:41] num genes removed taking into account provided gene ordering list: 1949 = 6.03685922254917% removed.
INFO [2022-08-30 13:36:43] -filtering out cells < 100 or > Inf, removing 0 % of cells
INFO [2022-08-30 13:36:52] validating infercnv_obj
INFO [2022-08-30 13:36:52] ::process_data:Start
INFO [2022-08-30 13:36:52] Creating output path ./data/infercnv/inferCNV_out_new/cd70/Pool105_23/
INFO [2022-08-30 13:36:52] Checking for saved results.
INFO [2022-08-30 13:36:52] 

	STEP 1: incoming data

INFO [2022-08-30 13:37:16] 

	STEP 02: Removing lowly expressed genes

INFO [2022-08-30 13:37:16] ::above_min_mean_expr_cutoff:Start
INFO [2022-08-30 13:37:17] Removing 25576 genes from matrix as below mean expr threshold: 0.1
INFO [2022-08-30 13:37:19] validating infercnv_obj
INFO [2022-08-30 13:37:19] There are 4760 genes and 16690 cells remaining in the expr matrix.
INFO [2022-08-30 13:37:24] no genes removed due to min cells/gene filter
INFO [2022-08-30 13:37:47] 

	STEP 03: normalization by sequencing depth

INFO [2022-08-30 13:37:47] normalizing counts matrix by depth
INFO [2022-08-30 13:37:53] Computed total sum normalization factor as median libsize: 3080.000000
INFO [2022-08-30 13:37:53] Adding h-spike
INFO [2022-08-30 13:37:53] -hspike modeling of WT
INFO [2022-08-30 13:38:50] validating infercnv_obj
INFO [2022-08-30 13:38:50] normalizing counts matrix by depth
INFO [2022-08-30 13:38:50] Using specified normalization factor: 3080.000000
INFO [2022-08-30 13:39:13] 

	STEP 04: log transformation of data

INFO [2022-08-30 13:39:13] transforming log2xplus1()
INFO [2022-08-30 13:39:16] -mirroring for hspike
INFO [2022-08-30 13:39:16] transforming log2xplus1()
INFO [2022-08-30 13:39:40] 

	STEP 08: removing average of reference data (before smoothing)

INFO [2022-08-30 13:39:40] ::subtract_ref_expr_from_obs:Start inv_log=FALSE, use_bounds=TRUE
INFO [2022-08-30 13:39:40] subtracting mean(normal) per gene per cell across all data
INFO [2022-08-30 13:39:45] -subtracting expr per gene, use_bounds=TRUE
INFO [2022-08-30 14:05:14] -mirroring for hspike
INFO [2022-08-30 14:05:14] ::subtract_ref_expr_from_obs:Start inv_log=FALSE, use_bounds=TRUE
INFO [2022-08-30 14:05:14] subtracting mean(normal) per gene per cell across all data
INFO [2022-08-30 14:05:16] -subtracting expr per gene, use_bounds=TRUE
INFO [2022-08-30 14:05:57] 

	STEP 09: apply max centered expression threshold: 3

INFO [2022-08-30 14:05:57] ::process_data:setting max centered expr, threshold set to: +/-:  3
INFO [2022-08-30 14:05:58] -mirroring for hspike
INFO [2022-08-30 14:05:58] ::process_data:setting max centered expr, threshold set to: +/-:  3
INFO [2022-08-30 14:06:37] 

	STEP 10: Smoothing data per cell by chromosome

INFO [2022-08-30 14:06:37] smooth_by_chromosome: chr: chr1
INFO [2022-08-30 14:06:50] smooth_by_chromosome: chr: chr10
INFO [2022-08-30 14:07:02] smooth_by_chromosome: chr: chr11
INFO [2022-08-30 14:07:16] smooth_by_chromosome: chr: chr12
INFO [2022-08-30 14:07:28] smooth_by_chromosome: chr: chr13
INFO [2022-08-30 14:07:40] smooth_by_chromosome: chr: chr14
INFO [2022-08-30 14:07:52] smooth_by_chromosome: chr: chr15
INFO [2022-08-30 14:08:04] smooth_by_chromosome: chr: chr16
INFO [2022-08-30 14:08:16] smooth_by_chromosome: chr: chr17
INFO [2022-08-30 14:08:29] smooth_by_chromosome: chr: chr18
INFO [2022-08-30 14:08:42] smooth_by_chromosome: chr: chr19
INFO [2022-08-30 14:08:53] smooth_by_chromosome: chr: chr2
INFO [2022-08-30 14:09:06] smooth_by_chromosome: chr: chr3
INFO [2022-08-30 14:09:19] smooth_by_chromosome: chr: chr4
INFO [2022-08-30 14:09:32] smooth_by_chromosome: chr: chr5
INFO [2022-08-30 14:09:45] smooth_by_chromosome: chr: chr6
INFO [2022-08-30 14:09:58] smooth_by_chromosome: chr: chr7
INFO [2022-08-30 14:10:13] smooth_by_chromosome: chr: chr8
INFO [2022-08-30 14:10:25] smooth_by_chromosome: chr: chr9
INFO [2022-08-30 14:10:39] -mirroring for hspike
INFO [2022-08-30 14:10:39] smooth_by_chromosome: chr: chrA
INFO [2022-08-30 14:10:39] smooth_by_chromosome: chr: chr_0
INFO [2022-08-30 14:10:39] smooth_by_chromosome: chr: chr_B
INFO [2022-08-30 14:10:39] smooth_by_chromosome: chr: chr_0pt5
INFO [2022-08-30 14:10:39] smooth_by_chromosome: chr: chr_C
INFO [2022-08-30 14:10:39] smooth_by_chromosome: chr: chr_1pt5
INFO [2022-08-30 14:10:40] smooth_by_chromosome: chr: chr_D
INFO [2022-08-30 14:10:40] smooth_by_chromosome: chr: chr_2pt0
INFO [2022-08-30 14:10:40] smooth_by_chromosome: chr: chr_E
INFO [2022-08-30 14:10:40] smooth_by_chromosome: chr: chr_3pt0
INFO [2022-08-30 14:10:40] smooth_by_chromosome: chr: chr_F
INFO [2022-08-30 14:11:20] 

	STEP 11: re-centering data across chromosome after smoothing

INFO [2022-08-30 14:11:20] ::center_smooth across chromosomes per cell
INFO [2022-08-30 14:11:34] -mirroring for hspike
INFO [2022-08-30 14:11:34] ::center_smooth across chromosomes per cell
INFO [2022-08-30 14:12:16] 

	STEP 12: removing average of reference data (after smoothing)

INFO [2022-08-30 14:12:16] ::subtract_ref_expr_from_obs:Start inv_log=FALSE, use_bounds=TRUE
INFO [2022-08-30 14:12:16] subtracting mean(normal) per gene per cell across all data
INFO [2022-08-30 14:12:21] -subtracting expr per gene, use_bounds=TRUE
INFO [2022-08-30 14:12:28] -mirroring for hspike
INFO [2022-08-30 14:12:28] ::subtract_ref_expr_from_obs:Start inv_log=FALSE, use_bounds=TRUE
INFO [2022-08-30 14:12:28] subtracting mean(normal) per gene per cell across all data
INFO [2022-08-30 14:12:29] -subtracting expr per gene, use_bounds=TRUE
INFO [2022-08-30 14:13:09] 

	STEP 14: invert log2(FC) to FC

INFO [2022-08-30 14:13:09] invert_log2(), computing 2^x
INFO [2022-08-30 14:13:13] -mirroring for hspike
INFO [2022-08-30 14:13:13] invert_log2(), computing 2^x
INFO [2022-08-30 14:14:10] 

	STEP 15: Clustering samples (not defining tumor subclusters)

INFO [2022-08-30 14:14:10] define_signif_tumor_subclusters(p_val=0.1
INFO [2022-08-30 14:14:10] define_signif_tumor_subclusters(), tumor: CD70-/-
INFO [2022-08-30 14:17:24] cut tree into: 1 groups
INFO [2022-08-30 14:17:24] -processing CD70-/-,CD70-/-_s1
INFO [2022-08-30 14:17:24] define_signif_tumor_subclusters(), tumor: WT
INFO [2022-08-30 17:42:45] cut tree into: 1 groups
INFO [2022-08-30 17:42:45] -processing WT,WT_s1
INFO [2022-08-30 17:42:45] -mirroring for hspike
INFO [2022-08-30 17:42:45] define_signif_tumor_subclusters(p_val=0.1
INFO [2022-08-30 17:42:45] define_signif_tumor_subclusters(), tumor: spike_tumor_cell_WT
INFO [2022-08-30 17:42:46] cut tree into: 1 groups
INFO [2022-08-30 17:42:46] -processing spike_tumor_cell_WT,spike_tumor_cell_WT_s1
INFO [2022-08-30 17:42:46] define_signif_tumor_subclusters(), tumor: simnorm_cell_WT
INFO [2022-08-30 17:42:46] cut tree into: 1 groups
INFO [2022-08-30 17:42:46] -processing simnorm_cell_WT,simnorm_cell_WT_s1
INFO [2022-08-30 17:44:35] ::plot_cnv:Start
INFO [2022-08-30 17:44:35] ::plot_cnv:Current data dimensions (r,c)=4760,16690 Total=79512967.3942374 Min=0.639609758122297 Max=1.48366166924213.
INFO [2022-08-30 17:44:36] ::plot_cnv:Depending on the size of the matrix this may take a moment.
INFO [2022-08-30 17:45:56] plot_cnv(): auto thresholding at: (0.890781 , 1.110945)
INFO [2022-08-30 17:46:00] plot_cnv_observation:Start
INFO [2022-08-30 17:46:00] Observation data size: Cells= 2279 Genes= 4760
INFO [2022-08-30 17:46:00] plot_cnv_observation:Writing observation groupings/color.
INFO [2022-08-30 17:46:00] plot_cnv_observation:Done writing observation groupings/color.
INFO [2022-08-30 17:46:00] plot_cnv_observation:Writing observation heatmap thresholds.
INFO [2022-08-30 17:46:00] plot_cnv_observation:Done writing observation heatmap thresholds.
INFO [2022-08-30 17:46:03] Colors for breaks:  #00008B,#24249B,#4848AB,#6D6DBC,#9191CC,#B6B6DD,#DADAEE,#FFFFFF,#EEDADA,#DDB6B6,#CC9191,#BC6D6D,#AB4848,#9B2424,#8B0000
INFO [2022-08-30 17:46:03] Quantiles of plotted data range: 0.890781307565932,0.974127196097332,0.998915105982521,1.02535190974322,1.11094486556238
INFO [2022-08-30 17:46:06] plot_cnv_observations:Writing observation data to ./data/infercnv/inferCNV_out_new/cd70/Pool105_23//infercnv.preliminary.observations.txt
INFO [2022-08-30 17:46:17] plot_cnv_references:Start
INFO [2022-08-30 17:46:17] Reference data size: Cells= 14411 Genes= 4760
INFO [2022-08-30 21:10:41] plot_cnv_references:Number reference groups= 1
INFO [2022-08-30 21:10:42] plot_cnv_references:Plotting heatmap.
INFO [2022-08-30 21:10:57] Colors for breaks:  #00008B,#24249B,#4848AB,#6D6DBC,#9191CC,#B6B6DD,#DADAEE,#FFFFFF,#EEDADA,#DDB6B6,#CC9191,#BC6D6D,#AB4848,#9B2424,#8B0000
INFO [2022-08-30 21:10:57] Quantiles of plotted data range: 0.890781307565932,0.973228499827934,0.998905784949515,1.02623793720514,1.11094486556238
INFO [2022-08-30 21:11:04] plot_cnv_references:Writing reference data to ./data/infercnv/inferCNV_out_new/cd70/Pool105_23//infercnv.preliminary.references.txt
INFO [2022-08-30 21:12:13] 

	STEP 17: HMM-based CNV prediction

INFO [2022-08-30 21:12:13] predict_CNV_via_HMM_on_whole_tumor_samples
INFO [2022-08-30 21:12:16] -done predicting CNV based on initial tumor subclusters
INFO [2022-08-30 21:12:17] get_predicted_CNV_regions(subcluster)
INFO [2022-08-30 21:12:17] -processing cell_group_name: CD70-/-.CD70-/-_s1, size: 2279
INFO [2022-08-30 21:12:27] -processing cell_group_name: WT.WT_s1, size: 14411
INFO [2022-08-30 21:13:15] -writing cell clusters file: ./data/infercnv/inferCNV_out_new/cd70/Pool105_23//17_HMM_predHMMi6.hmm_mode-samples.cell_groupings
INFO [2022-08-30 21:13:15] -writing cnv regions file: ./data/infercnv/inferCNV_out_new/cd70/Pool105_23//17_HMM_predHMMi6.hmm_mode-samples.pred_cnv_regions.dat
INFO [2022-08-30 21:13:15] -writing per-gene cnv report: ./data/infercnv/inferCNV_out_new/cd70/Pool105_23//17_HMM_predHMMi6.hmm_mode-samples.pred_cnv_genes.dat
INFO [2022-08-30 21:13:15] -writing gene ordering info: ./data/infercnv/inferCNV_out_new/cd70/Pool105_23//17_HMM_predHMMi6.hmm_mode-samples.genes_used.dat
INFO [2022-08-30 21:13:33] ::plot_cnv:Start
INFO [2022-08-30 21:13:33] ::plot_cnv:Current data dimensions (r,c)=4760,16690 Total=238333200 Min=3 Max=3.
INFO [2022-08-30 21:13:33] ::plot_cnv:Depending on the size of the matrix this may take a moment.
INFO [2022-08-30 21:14:40] plot_cnv_observation:Start
INFO [2022-08-30 21:14:40] Observation data size: Cells= 2279 Genes= 4760
INFO [2022-08-30 21:14:40] plot_cnv_observation:Writing observation groupings/color.
INFO [2022-08-30 21:14:40] plot_cnv_observation:Done writing observation groupings/color.
INFO [2022-08-30 21:14:40] plot_cnv_observation:Writing observation heatmap thresholds.
INFO [2022-08-30 21:14:40] plot_cnv_observation:Done writing observation heatmap thresholds.
INFO [2022-08-30 21:14:43] Colors for breaks:  #00008B,#24249B,#4848AB,#6D6DBC,#9191CC,#B6B6DD,#DADAEE,#FFFFFF,#EEDADA,#DDB6B6,#CC9191,#BC6D6D,#AB4848,#9B2424,#8B0000
INFO [2022-08-30 21:14:43] Quantiles of plotted data range: 3,3,3,3,3
INFO [2022-08-30 21:14:45] plot_cnv_observations:Writing observation data to ./data/infercnv/inferCNV_out_new/cd70/Pool105_23//infercnv.17_HMM_predHMMi6.hmm_mode-samples.observations.txt
INFO [2022-08-30 21:14:54] plot_cnv_references:Start
INFO [2022-08-30 21:14:54] Reference data size: Cells= 14411 Genes= 4760
INFO [2022-08-31 00:35:20] plot_cnv_references:Number reference groups= 1
INFO [2022-08-31 00:35:21] plot_cnv_references:Plotting heatmap.
INFO [2022-08-31 00:35:36] Colors for breaks:  #00008B,#24249B,#4848AB,#6D6DBC,#9191CC,#B6B6DD,#DADAEE,#FFFFFF,#EEDADA,#DDB6B6,#CC9191,#BC6D6D,#AB4848,#9B2424,#8B0000
INFO [2022-08-31 00:35:36] Quantiles of plotted data range: 3,3,3,3,3
INFO [2022-08-31 00:35:42] plot_cnv_references:Writing reference data to ./data/infercnv/inferCNV_out_new/cd70/Pool105_23//infercnv.17_HMM_predHMMi6.hmm_mode-samples.references.txt
INFO [2022-08-31 00:36:46] 

	STEP 20: Converting HMM-based CNV states to repr expr vals

INFO [2022-08-31 00:37:06] ::plot_cnv:Start
INFO [2022-08-31 00:37:06] ::plot_cnv:Current data dimensions (r,c)=4760,16690 Total=79444400 Min=1 Max=1.
INFO [2022-08-31 00:37:07] ::plot_cnv:Depending on the size of the matrix this may take a moment.
INFO [2022-08-31 00:38:13] plot_cnv_observation:Start
INFO [2022-08-31 00:38:13] Observation data size: Cells= 2279 Genes= 4760
INFO [2022-08-31 00:38:14] plot_cnv_observation:Writing observation groupings/color.
INFO [2022-08-31 00:38:14] plot_cnv_observation:Done writing observation groupings/color.
INFO [2022-08-31 00:38:14] plot_cnv_observation:Writing observation heatmap thresholds.
INFO [2022-08-31 00:38:14] plot_cnv_observation:Done writing observation heatmap thresholds.
INFO [2022-08-31 00:38:17] Colors for breaks:  #00008B,#24249B,#4848AB,#6D6DBC,#9191CC,#B6B6DD,#DADAEE,#FFFFFF,#EEDADA,#DDB6B6,#CC9191,#BC6D6D,#AB4848,#9B2424,#8B0000
INFO [2022-08-31 00:38:17] Quantiles of plotted data range: 1,1,1,1,1
INFO [2022-08-31 00:38:19] plot_cnv_observations:Writing observation data to ./data/infercnv/inferCNV_out_new/cd70/Pool105_23//infercnv.20_HMM_predHMMi6.hmm_mode-samples.Pnorm_0.5.repr_intensities.observations.txt
INFO [2022-08-31 00:38:28] plot_cnv_references:Start
INFO [2022-08-31 00:38:28] Reference data size: Cells= 14411 Genes= 4760
INFO [2022-08-31 03:58:45] plot_cnv_references:Number reference groups= 1
INFO [2022-08-31 03:58:46] plot_cnv_references:Plotting heatmap.
INFO [2022-08-31 03:59:01] Colors for breaks:  #00008B,#24249B,#4848AB,#6D6DBC,#9191CC,#B6B6DD,#DADAEE,#FFFFFF,#EEDADA,#DDB6B6,#CC9191,#BC6D6D,#AB4848,#9B2424,#8B0000
INFO [2022-08-31 03:59:01] Quantiles of plotted data range: 1,1,1,1,1
INFO [2022-08-31 03:59:07] plot_cnv_references:Writing reference data to ./data/infercnv/inferCNV_out_new/cd70/Pool105_23//infercnv.20_HMM_predHMMi6.hmm_mode-samples.Pnorm_0.5.repr_intensities.references.txt
INFO [2022-08-31 04:00:03] 

	STEP 22: Denoising

INFO [2022-08-31 04:00:03] ::process_data:Remove noise, noise threshold defined via ref mean sd_amplifier:  1.5
INFO [2022-08-31 04:00:03] denoising using mean(normal) +- sd_amplifier * sd(normal) per gene per cell across all data
INFO [2022-08-31 04:00:06] :: **** clear_noise_via_ref_quantiles **** : removing noise between bounds:  0.939319251307441 - 1.06240602258792
INFO [2022-08-31 04:00:45] 

## Making the final infercnv heatmap ##
INFO [2022-08-31 04:00:46] ::plot_cnv:Start
INFO [2022-08-31 04:00:46] ::plot_cnv:Current data dimensions (r,c)=4760,16690 Total=79646143.1240697 Min=0.639609758122297 Max=1.48366166924213.
INFO [2022-08-31 04:00:47] ::plot_cnv:Depending on the size of the matrix this may take a moment.
INFO [2022-08-31 04:02:02] plot_cnv(): auto thresholding at: (0.889055 , 1.110945)
INFO [2022-08-31 04:02:04] plot_cnv_observation:Start
INFO [2022-08-31 04:02:04] Observation data size: Cells= 2279 Genes= 4760
INFO [2022-08-31 04:02:05] plot_cnv_observation:Writing observation groupings/color.
INFO [2022-08-31 04:02:05] plot_cnv_observation:Done writing observation groupings/color.
INFO [2022-08-31 04:02:05] plot_cnv_observation:Writing observation heatmap thresholds.
INFO [2022-08-31 04:02:05] plot_cnv_observation:Done writing observation heatmap thresholds.
INFO [2022-08-31 04:02:07] Colors for breaks:  #00008B,#24249B,#4848AB,#6D6DBC,#9191CC,#B6B6DD,#DADAEE,#FFFFFF,#EEDADA,#DDB6B6,#CC9191,#BC6D6D,#AB4848,#9B2424,#8B0000
INFO [2022-08-31 04:02:07] Quantiles of plotted data range: 0.889055134437621,1.00086263694768,1.00086263694768,1.00086263694768,1.11094486556238
INFO [2022-08-31 04:02:09] plot_cnv_observations:Writing observation data to ./data/infercnv/inferCNV_out_new/cd70/Pool105_23//infercnv.observations.txt
INFO [2022-08-31 04:02:19] plot_cnv_references:Start
INFO [2022-08-31 04:02:19] Reference data size: Cells= 14411 Genes= 4760
INFO [2022-08-31 07:36:30] plot_cnv_references:Number reference groups= 1
INFO [2022-08-31 07:36:31] plot_cnv_references:Plotting heatmap.
INFO [2022-08-31 07:36:49] Colors for breaks:  #00008B,#24249B,#4848AB,#6D6DBC,#9191CC,#B6B6DD,#DADAEE,#FFFFFF,#EEDADA,#DDB6B6,#CC9191,#BC6D6D,#AB4848,#9B2424,#8B0000
INFO [2022-08-31 07:36:49] Quantiles of plotted data range: 0.889055134437621,1.00086263694768,1.00086263694768,1.00086263694768,1.11094486556238
INFO [2022-08-31 07:36:56] plot_cnv_references:Writing reference data to ./data/infercnv/inferCNV_out_new/cd70/Pool105_23//infercnv.references.txt
