[1] "/liulab/galib/mouse_scRNAseq_margaret/data/infercnv/inferCNV_out_new/cd70/14mos"
Warning message:
package ‘rBCS’ was built under R version 4.1.3 
── Attaching packages ─────────────────────────────────────── tidyverse 1.3.1 ──
✔ ggplot2 3.3.6     ✔ purrr   0.3.4
✔ tibble  3.1.7     ✔ dplyr   1.0.9
✔ tidyr   1.2.0     ✔ stringr 1.4.0
✔ readr   2.1.2     ✔ forcats 0.5.1
── Conflicts ────────────────────────────────────────── tidyverse_conflicts() ──
✖ dplyr::filter() masks stats::filter()
✖ dplyr::lag()    masks stats::lag()
Warning messages:
1: package ‘tidyverse’ was built under R version 4.1.3 
2: package ‘ggplot2’ was built under R version 4.1.3 
3: package ‘tibble’ was built under R version 4.1.3 
4: package ‘tidyr’ was built under R version 4.1.2 
5: package ‘readr’ was built under R version 4.1.2 
6: package ‘dplyr’ was built under R version 4.1.3 
7: package ‘forcats’ was built under R version 4.1.3 
Attaching SeuratObject
Attaching sp
Warning message:
package ‘Seurat’ was built under R version 4.1.3 
here() starts at /liulab/galib/mouse_scRNAseq_margaret
Loading required package: usethis
Warning message:
package ‘ggpubr’ was built under R version 4.1.3 
Warning message:
package ‘infercnv’ was built under R version 4.1.3 
[1]  32285 176583
Rows: 55228 Columns: 4
── Column specification ────────────────────────────────────────────────────────
Delimiter: "\t"
chr (2): X1, X2
dbl (2): X3, X4

ℹ Use `spec()` to retrieve the full column specification for this data.
ℹ Specify the column types or set `show_col_types = FALSE` to quiet this message.
[1] 6
INFO [2022-09-02 03:20:31] Parsing gene order file: ./data/infercnv/gene_order_file.txt
INFO [2022-09-02 03:20:31] ::order_reduce:Start.
INFO [2022-09-02 03:20:39] .order_reduce(): expr and order match.
INFO [2022-09-02 03:21:18] ::process_data:order_reduce:Reduction from positional data, new dimensions (r,c) = 32285,176583 Total=901670571 Min=0 Max=21505.
INFO [2022-09-02 03:21:20] num genes removed taking into account provided gene ordering list: 1949 = 6.03685922254917% removed.
INFO [2022-09-02 03:21:21] -filtering out cells < 100 or > Inf, removing 0 % of cells
INFO [2022-09-02 03:21:31] validating infercnv_obj
INFO [2022-09-02 03:21:31] ::process_data:Start
INFO [2022-09-02 03:21:31] Creating output path ./data/infercnv/inferCNV_out_new/cd70/Pool105_41/
INFO [2022-09-02 03:21:31] Checking for saved results.
INFO [2022-09-02 03:21:31] 

	STEP 1: incoming data

INFO [2022-09-02 03:21:57] 

	STEP 02: Removing lowly expressed genes

INFO [2022-09-02 03:21:57] ::above_min_mean_expr_cutoff:Start
INFO [2022-09-02 03:21:58] Removing 25621 genes from matrix as below mean expr threshold: 0.1
INFO [2022-09-02 03:22:00] validating infercnv_obj
INFO [2022-09-02 03:22:00] There are 4715 genes and 18014 cells remaining in the expr matrix.
INFO [2022-09-02 03:22:06] no genes removed due to min cells/gene filter
INFO [2022-09-02 03:22:31] 

	STEP 03: normalization by sequencing depth

INFO [2022-09-02 03:22:31] normalizing counts matrix by depth
INFO [2022-09-02 03:22:37] Computed total sum normalization factor as median libsize: 3121.000000
INFO [2022-09-02 03:22:37] Adding h-spike
INFO [2022-09-02 03:22:37] -hspike modeling of WT
INFO [2022-09-02 03:23:41] validating infercnv_obj
INFO [2022-09-02 03:23:41] normalizing counts matrix by depth
INFO [2022-09-02 03:23:41] Using specified normalization factor: 3121.000000
INFO [2022-09-02 03:24:05] 

	STEP 04: log transformation of data

INFO [2022-09-02 03:24:05] transforming log2xplus1()
INFO [2022-09-02 03:24:08] -mirroring for hspike
INFO [2022-09-02 03:24:08] transforming log2xplus1()
INFO [2022-09-02 03:24:34] 

	STEP 08: removing average of reference data (before smoothing)

INFO [2022-09-02 03:24:34] ::subtract_ref_expr_from_obs:Start inv_log=FALSE, use_bounds=TRUE
INFO [2022-09-02 03:24:34] subtracting mean(normal) per gene per cell across all data
INFO [2022-09-02 03:24:39] -subtracting expr per gene, use_bounds=TRUE
INFO [2022-09-02 03:56:02] -mirroring for hspike
INFO [2022-09-02 03:56:02] ::subtract_ref_expr_from_obs:Start inv_log=FALSE, use_bounds=TRUE
INFO [2022-09-02 03:56:02] subtracting mean(normal) per gene per cell across all data
INFO [2022-09-02 03:56:04] -subtracting expr per gene, use_bounds=TRUE
INFO [2022-09-02 03:56:47] 

	STEP 09: apply max centered expression threshold: 3

INFO [2022-09-02 03:56:47] ::process_data:setting max centered expr, threshold set to: +/-:  3
INFO [2022-09-02 03:56:50] -mirroring for hspike
INFO [2022-09-02 03:56:50] ::process_data:setting max centered expr, threshold set to: +/-:  3
INFO [2022-09-02 03:57:32] 

	STEP 10: Smoothing data per cell by chromosome

INFO [2022-09-02 03:57:32] smooth_by_chromosome: chr: chr1
INFO [2022-09-02 03:57:49] smooth_by_chromosome: chr: chr10
INFO [2022-09-02 03:58:05] smooth_by_chromosome: chr: chr11
INFO [2022-09-02 03:58:21] smooth_by_chromosome: chr: chr12
INFO [2022-09-02 03:58:35] smooth_by_chromosome: chr: chr13
INFO [2022-09-02 03:58:48] smooth_by_chromosome: chr: chr14
INFO [2022-09-02 03:59:01] smooth_by_chromosome: chr: chr15
INFO [2022-09-02 03:59:14] smooth_by_chromosome: chr: chr16
INFO [2022-09-02 03:59:28] smooth_by_chromosome: chr: chr17
INFO [2022-09-02 03:59:41] smooth_by_chromosome: chr: chr18
INFO [2022-09-02 03:59:54] smooth_by_chromosome: chr: chr19
INFO [2022-09-02 04:00:07] smooth_by_chromosome: chr: chr2
INFO [2022-09-02 04:00:22] smooth_by_chromosome: chr: chr3
INFO [2022-09-02 04:00:35] smooth_by_chromosome: chr: chr4
INFO [2022-09-02 04:00:50] smooth_by_chromosome: chr: chr5
INFO [2022-09-02 04:01:05] smooth_by_chromosome: chr: chr6
INFO [2022-09-02 04:01:19] smooth_by_chromosome: chr: chr7
INFO [2022-09-02 04:01:38] smooth_by_chromosome: chr: chr8
INFO [2022-09-02 04:01:54] smooth_by_chromosome: chr: chr9
INFO [2022-09-02 04:02:10] -mirroring for hspike
INFO [2022-09-02 04:02:10] smooth_by_chromosome: chr: chrA
INFO [2022-09-02 04:02:10] smooth_by_chromosome: chr: chr_0
INFO [2022-09-02 04:02:10] smooth_by_chromosome: chr: chr_B
INFO [2022-09-02 04:02:10] smooth_by_chromosome: chr: chr_0pt5
INFO [2022-09-02 04:02:11] smooth_by_chromosome: chr: chr_C
INFO [2022-09-02 04:02:11] smooth_by_chromosome: chr: chr_1pt5
INFO [2022-09-02 04:02:11] smooth_by_chromosome: chr: chr_D
INFO [2022-09-02 04:02:11] smooth_by_chromosome: chr: chr_2pt0
INFO [2022-09-02 04:02:12] smooth_by_chromosome: chr: chr_E
INFO [2022-09-02 04:02:12] smooth_by_chromosome: chr: chr_3pt0
INFO [2022-09-02 04:02:12] smooth_by_chromosome: chr: chr_F
INFO [2022-09-02 04:02:55] 

	STEP 11: re-centering data across chromosome after smoothing

INFO [2022-09-02 04:02:55] ::center_smooth across chromosomes per cell
INFO [2022-09-02 04:03:08] -mirroring for hspike
INFO [2022-09-02 04:03:08] ::center_smooth across chromosomes per cell
INFO [2022-09-02 04:03:50] 

	STEP 12: removing average of reference data (after smoothing)

INFO [2022-09-02 04:03:50] ::subtract_ref_expr_from_obs:Start inv_log=FALSE, use_bounds=TRUE
INFO [2022-09-02 04:03:50] subtracting mean(normal) per gene per cell across all data
INFO [2022-09-02 04:03:55] -subtracting expr per gene, use_bounds=TRUE
INFO [2022-09-02 04:04:01] -mirroring for hspike
INFO [2022-09-02 04:04:01] ::subtract_ref_expr_from_obs:Start inv_log=FALSE, use_bounds=TRUE
INFO [2022-09-02 04:04:01] subtracting mean(normal) per gene per cell across all data
INFO [2022-09-02 04:04:02] -subtracting expr per gene, use_bounds=TRUE
INFO [2022-09-02 04:04:44] 

	STEP 14: invert log2(FC) to FC

INFO [2022-09-02 04:04:44] invert_log2(), computing 2^x
INFO [2022-09-02 04:04:49] -mirroring for hspike
INFO [2022-09-02 04:04:49] invert_log2(), computing 2^x
INFO [2022-09-02 04:05:47] 

	STEP 15: Clustering samples (not defining tumor subclusters)

INFO [2022-09-02 04:05:47] define_signif_tumor_subclusters(p_val=0.1
INFO [2022-09-02 04:05:47] define_signif_tumor_subclusters(), tumor: CD70-/-
INFO [2022-09-02 04:07:25] cut tree into: 1 groups
INFO [2022-09-02 04:07:25] -processing CD70-/-,CD70-/-_s1
INFO [2022-09-02 04:07:25] define_signif_tumor_subclusters(), tumor: WT
INFO [2022-09-02 08:51:01] cut tree into: 1 groups
INFO [2022-09-02 08:51:01] -processing WT,WT_s1
INFO [2022-09-02 08:51:01] -mirroring for hspike
INFO [2022-09-02 08:51:01] define_signif_tumor_subclusters(p_val=0.1
INFO [2022-09-02 08:51:01] define_signif_tumor_subclusters(), tumor: spike_tumor_cell_WT
INFO [2022-09-02 08:51:02] cut tree into: 1 groups
INFO [2022-09-02 08:51:02] -processing spike_tumor_cell_WT,spike_tumor_cell_WT_s1
INFO [2022-09-02 08:51:02] define_signif_tumor_subclusters(), tumor: simnorm_cell_WT
INFO [2022-09-02 08:51:02] cut tree into: 1 groups
INFO [2022-09-02 08:51:02] -processing simnorm_cell_WT,simnorm_cell_WT_s1
INFO [2022-09-02 08:53:02] ::plot_cnv:Start
INFO [2022-09-02 08:53:02] ::plot_cnv:Current data dimensions (r,c)=4715,18014 Total=85009417.8574996 Min=0.659407180813739 Max=1.495250726549.
INFO [2022-09-02 08:53:03] ::plot_cnv:Depending on the size of the matrix this may take a moment.
INFO [2022-09-02 08:54:33] plot_cnv(): auto thresholding at: (0.888836 , 1.112893)
INFO [2022-09-02 08:54:36] plot_cnv_observation:Start
INFO [2022-09-02 08:54:36] Observation data size: Cells= 1880 Genes= 4715
INFO [2022-09-02 08:54:36] plot_cnv_observation:Writing observation groupings/color.
INFO [2022-09-02 08:54:36] plot_cnv_observation:Done writing observation groupings/color.
INFO [2022-09-02 08:54:36] plot_cnv_observation:Writing observation heatmap thresholds.
INFO [2022-09-02 08:54:36] plot_cnv_observation:Done writing observation heatmap thresholds.
INFO [2022-09-02 08:54:38] Colors for breaks:  #00008B,#24249B,#4848AB,#6D6DBC,#9191CC,#B6B6DD,#DADAEE,#FFFFFF,#EEDADA,#DDB6B6,#CC9191,#BC6D6D,#AB4848,#9B2424,#8B0000
INFO [2022-09-02 08:54:38] Quantiles of plotted data range: 0.888835769191021,0.974174390785919,0.998797501051797,1.02497267678104,1.11289277580419
INFO [2022-09-02 08:54:40] plot_cnv_observations:Writing observation data to ./data/infercnv/inferCNV_out_new/cd70/Pool105_41//infercnv.preliminary.observations.txt
INFO [2022-09-02 08:54:49] plot_cnv_references:Start
INFO [2022-09-02 08:54:49] Reference data size: Cells= 16134 Genes= 4715
INFO [2022-09-02 13:20:58] plot_cnv_references:Number reference groups= 1
INFO [2022-09-02 13:20:59] plot_cnv_references:Plotting heatmap.
INFO [2022-09-02 13:21:21] Colors for breaks:  #00008B,#24249B,#4848AB,#6D6DBC,#9191CC,#B6B6DD,#DADAEE,#FFFFFF,#EEDADA,#DDB6B6,#CC9191,#BC6D6D,#AB4848,#9B2424,#8B0000
INFO [2022-09-02 13:21:21] Quantiles of plotted data range: 0.888835769191021,0.972964923275163,0.998830689424109,1.02649462695708,1.11289277580419
INFO [2022-09-02 13:21:30] plot_cnv_references:Writing reference data to ./data/infercnv/inferCNV_out_new/cd70/Pool105_41//infercnv.preliminary.references.txt
INFO [2022-09-02 13:22:47] 

	STEP 17: HMM-based CNV prediction

INFO [2022-09-02 13:22:48] predict_CNV_via_HMM_on_whole_tumor_samples
INFO [2022-09-02 13:22:51] -done predicting CNV based on initial tumor subclusters
INFO [2022-09-02 13:22:51] get_predicted_CNV_regions(subcluster)
INFO [2022-09-02 13:22:51] -processing cell_group_name: CD70-/-.CD70-/-_s1, size: 1880
INFO [2022-09-02 13:23:01] -processing cell_group_name: WT.WT_s1, size: 16134
INFO [2022-09-02 13:23:56] -writing cell clusters file: ./data/infercnv/inferCNV_out_new/cd70/Pool105_41//17_HMM_predHMMi6.hmm_mode-samples.cell_groupings
INFO [2022-09-02 13:23:57] -writing cnv regions file: ./data/infercnv/inferCNV_out_new/cd70/Pool105_41//17_HMM_predHMMi6.hmm_mode-samples.pred_cnv_regions.dat
INFO [2022-09-02 13:23:57] -writing per-gene cnv report: ./data/infercnv/inferCNV_out_new/cd70/Pool105_41//17_HMM_predHMMi6.hmm_mode-samples.pred_cnv_genes.dat
INFO [2022-09-02 13:23:57] -writing gene ordering info: ./data/infercnv/inferCNV_out_new/cd70/Pool105_41//17_HMM_predHMMi6.hmm_mode-samples.genes_used.dat
INFO [2022-09-02 13:24:15] ::plot_cnv:Start
INFO [2022-09-02 13:24:15] ::plot_cnv:Current data dimensions (r,c)=4715,18014 Total=254808030 Min=3 Max=3.
INFO [2022-09-02 13:24:16] ::plot_cnv:Depending on the size of the matrix this may take a moment.
INFO [2022-09-02 13:25:30] plot_cnv_observation:Start
INFO [2022-09-02 13:25:30] Observation data size: Cells= 1880 Genes= 4715
INFO [2022-09-02 13:25:30] plot_cnv_observation:Writing observation groupings/color.
INFO [2022-09-02 13:25:30] plot_cnv_observation:Done writing observation groupings/color.
INFO [2022-09-02 13:25:30] plot_cnv_observation:Writing observation heatmap thresholds.
INFO [2022-09-02 13:25:30] plot_cnv_observation:Done writing observation heatmap thresholds.
INFO [2022-09-02 13:25:32] Colors for breaks:  #00008B,#24249B,#4848AB,#6D6DBC,#9191CC,#B6B6DD,#DADAEE,#FFFFFF,#EEDADA,#DDB6B6,#CC9191,#BC6D6D,#AB4848,#9B2424,#8B0000
INFO [2022-09-02 13:25:32] Quantiles of plotted data range: 3,3,3,3,3
INFO [2022-09-02 13:25:33] plot_cnv_observations:Writing observation data to ./data/infercnv/inferCNV_out_new/cd70/Pool105_41//infercnv.17_HMM_predHMMi6.hmm_mode-samples.observations.txt
INFO [2022-09-02 13:25:41] plot_cnv_references:Start
INFO [2022-09-02 13:25:41] Reference data size: Cells= 16134 Genes= 4715
INFO [2022-09-02 18:09:25] plot_cnv_references:Number reference groups= 1
INFO [2022-09-02 18:09:26] plot_cnv_references:Plotting heatmap.
INFO [2022-09-02 18:09:44] Colors for breaks:  #00008B,#24249B,#4848AB,#6D6DBC,#9191CC,#B6B6DD,#DADAEE,#FFFFFF,#EEDADA,#DDB6B6,#CC9191,#BC6D6D,#AB4848,#9B2424,#8B0000
INFO [2022-09-02 18:09:44] Quantiles of plotted data range: 3,3,3,3,3
INFO [2022-09-02 18:09:51] plot_cnv_references:Writing reference data to ./data/infercnv/inferCNV_out_new/cd70/Pool105_41//infercnv.17_HMM_predHMMi6.hmm_mode-samples.references.txt
INFO [2022-09-02 18:11:03] 

	STEP 20: Converting HMM-based CNV states to repr expr vals

INFO [2022-09-02 18:11:25] ::plot_cnv:Start
INFO [2022-09-02 18:11:25] ::plot_cnv:Current data dimensions (r,c)=4715,18014 Total=84936010 Min=1 Max=1.
INFO [2022-09-02 18:11:26] ::plot_cnv:Depending on the size of the matrix this may take a moment.
INFO [2022-09-02 18:12:38] plot_cnv_observation:Start
INFO [2022-09-02 18:12:38] Observation data size: Cells= 1880 Genes= 4715
INFO [2022-09-02 18:12:39] plot_cnv_observation:Writing observation groupings/color.
INFO [2022-09-02 18:12:39] plot_cnv_observation:Done writing observation groupings/color.
INFO [2022-09-02 18:12:39] plot_cnv_observation:Writing observation heatmap thresholds.
INFO [2022-09-02 18:12:39] plot_cnv_observation:Done writing observation heatmap thresholds.
INFO [2022-09-02 18:12:41] Colors for breaks:  #00008B,#24249B,#4848AB,#6D6DBC,#9191CC,#B6B6DD,#DADAEE,#FFFFFF,#EEDADA,#DDB6B6,#CC9191,#BC6D6D,#AB4848,#9B2424,#8B0000
INFO [2022-09-02 18:12:41] Quantiles of plotted data range: 1,1,1,1,1
INFO [2022-09-02 18:12:43] plot_cnv_observations:Writing observation data to ./data/infercnv/inferCNV_out_new/cd70/Pool105_41//infercnv.20_HMM_predHMMi6.hmm_mode-samples.Pnorm_0.5.repr_intensities.observations.txt
INFO [2022-09-02 18:12:50] plot_cnv_references:Start
INFO [2022-09-02 18:12:50] Reference data size: Cells= 16134 Genes= 4715
INFO [2022-09-02 22:44:33] plot_cnv_references:Number reference groups= 1
INFO [2022-09-02 22:44:34] plot_cnv_references:Plotting heatmap.
INFO [2022-09-02 22:44:52] Colors for breaks:  #00008B,#24249B,#4848AB,#6D6DBC,#9191CC,#B6B6DD,#DADAEE,#FFFFFF,#EEDADA,#DDB6B6,#CC9191,#BC6D6D,#AB4848,#9B2424,#8B0000
INFO [2022-09-02 22:44:52] Quantiles of plotted data range: 1,1,1,1,1
INFO [2022-09-02 22:44:58] plot_cnv_references:Writing reference data to ./data/infercnv/inferCNV_out_new/cd70/Pool105_41//infercnv.20_HMM_predHMMi6.hmm_mode-samples.Pnorm_0.5.repr_intensities.references.txt
INFO [2022-09-02 22:46:03] 

	STEP 22: Denoising

INFO [2022-09-02 22:46:03] ::process_data:Remove noise, noise threshold defined via ref mean sd_amplifier:  1.5
INFO [2022-09-02 22:46:03] denoising using mean(normal) +- sd_amplifier * sd(normal) per gene per cell across all data
INFO [2022-09-02 22:46:06] :: **** clear_noise_via_ref_quantiles **** : removing noise between bounds:  0.938569157279317 - 1.0632054236872
INFO [2022-09-02 22:46:49] 

## Making the final infercnv heatmap ##
INFO [2022-09-02 22:46:50] ::plot_cnv:Start
INFO [2022-09-02 22:46:50] ::plot_cnv:Current data dimensions (r,c)=4715,18014 Total=85156429.5097303 Min=0.659407180813739 Max=1.495250726549.
INFO [2022-09-02 22:46:51] ::plot_cnv:Depending on the size of the matrix this may take a moment.
INFO [2022-09-02 22:48:15] plot_cnv(): auto thresholding at: (0.887107 , 1.112893)
INFO [2022-09-02 22:48:18] plot_cnv_observation:Start
INFO [2022-09-02 22:48:18] Observation data size: Cells= 1880 Genes= 4715
INFO [2022-09-02 22:48:18] plot_cnv_observation:Writing observation groupings/color.
INFO [2022-09-02 22:48:18] plot_cnv_observation:Done writing observation groupings/color.
INFO [2022-09-02 22:48:18] plot_cnv_observation:Writing observation heatmap thresholds.
INFO [2022-09-02 22:48:18] plot_cnv_observation:Done writing observation heatmap thresholds.
INFO [2022-09-02 22:48:20] Colors for breaks:  #00008B,#24249B,#4848AB,#6D6DBC,#9191CC,#B6B6DD,#DADAEE,#FFFFFF,#EEDADA,#DDB6B6,#CC9191,#BC6D6D,#AB4848,#9B2424,#8B0000
INFO [2022-09-02 22:48:20] Quantiles of plotted data range: 0.887107224195805,1.00088729048326,1.00088729048326,1.00088729048326,1.11289277580419
INFO [2022-09-02 22:48:22] plot_cnv_observations:Writing observation data to ./data/infercnv/inferCNV_out_new/cd70/Pool105_41//infercnv.observations.txt
INFO [2022-09-02 22:48:31] plot_cnv_references:Start
INFO [2022-09-02 22:48:31] Reference data size: Cells= 16134 Genes= 4715
INFO [2022-09-03 03:29:20] plot_cnv_references:Number reference groups= 1
INFO [2022-09-03 03:29:20] plot_cnv_references:Plotting heatmap.
INFO [2022-09-03 03:29:38] Colors for breaks:  #00008B,#24249B,#4848AB,#6D6DBC,#9191CC,#B6B6DD,#DADAEE,#FFFFFF,#EEDADA,#DDB6B6,#CC9191,#BC6D6D,#AB4848,#9B2424,#8B0000
INFO [2022-09-03 03:29:38] Quantiles of plotted data range: 0.887107224195805,1.00088729048326,1.00088729048326,1.00088729048326,1.11289277580419
INFO [2022-09-03 03:29:45] plot_cnv_references:Writing reference data to ./data/infercnv/inferCNV_out_new/cd70/Pool105_41//infercnv.references.txt
