[1] "/liulab/galib/mouse_scRNAseq_margaret/data/infercnv/inferCNV_out_new/cd70/18mos"
Warning message:
package ‘rBCS’ was built under R version 4.1.3 
── Attaching packages ─────────────────────────────────────── tidyverse 1.3.1 ──
✔ ggplot2 3.3.6     ✔ purrr   0.3.4
✔ tibble  3.1.7     ✔ dplyr   1.0.9
✔ tidyr   1.2.0     ✔ stringr 1.4.0
✔ readr   2.1.2     ✔ forcats 0.5.1
── Conflicts ────────────────────────────────────────── tidyverse_conflicts() ──
✖ dplyr::filter() masks stats::filter()
✖ dplyr::lag()    masks stats::lag()
Warning messages:
1: package ‘tidyverse’ was built under R version 4.1.3 
2: package ‘ggplot2’ was built under R version 4.1.3 
3: package ‘tibble’ was built under R version 4.1.3 
4: package ‘tidyr’ was built under R version 4.1.2 
5: package ‘readr’ was built under R version 4.1.2 
6: package ‘dplyr’ was built under R version 4.1.3 
7: package ‘forcats’ was built under R version 4.1.3 
Attaching SeuratObject
Attaching sp
Warning message:
package ‘Seurat’ was built under R version 4.1.3 
here() starts at /liulab/galib/mouse_scRNAseq_margaret
Loading required package: usethis
Warning message:
package ‘ggpubr’ was built under R version 4.1.3 
Warning message:
package ‘infercnv’ was built under R version 4.1.3 
[1]  32285 176583
Rows: 55228 Columns: 4
── Column specification ────────────────────────────────────────────────────────
Delimiter: "\t"
chr (2): X1, X2
dbl (2): X3, X4

ℹ Use `spec()` to retrieve the full column specification for this data.
ℹ Specify the column types or set `show_col_types = FALSE` to quiet this message.
[1] 6
INFO [2022-09-03 01:45:26] Parsing gene order file: ./data/infercnv/gene_order_file.txt
INFO [2022-09-03 01:45:26] ::order_reduce:Start.
INFO [2022-09-03 01:45:31] .order_reduce(): expr and order match.
INFO [2022-09-03 01:46:03] ::process_data:order_reduce:Reduction from positional data, new dimensions (r,c) = 32285,176583 Total=901670571 Min=0 Max=21505.
INFO [2022-09-03 01:46:05] num genes removed taking into account provided gene ordering list: 1949 = 6.03685922254917% removed.
INFO [2022-09-03 01:46:06] -filtering out cells < 100 or > Inf, removing 0 % of cells
INFO [2022-09-03 01:46:13] validating infercnv_obj
INFO [2022-09-03 01:46:13] ::process_data:Start
INFO [2022-09-03 01:46:13] Creating output path ./data/infercnv/inferCNV_out_new/cd70/Pool105_67/
INFO [2022-09-03 01:46:13] Checking for saved results.
INFO [2022-09-03 01:46:13] 

	STEP 1: incoming data

INFO [2022-09-03 01:46:35] 

	STEP 02: Removing lowly expressed genes

INFO [2022-09-03 01:46:35] ::above_min_mean_expr_cutoff:Start
INFO [2022-09-03 01:46:36] Removing 25477 genes from matrix as below mean expr threshold: 0.1
INFO [2022-09-03 01:46:36] validating infercnv_obj
INFO [2022-09-03 01:46:36] There are 4859 genes and 15136 cells remaining in the expr matrix.
INFO [2022-09-03 01:46:41] no genes removed due to min cells/gene filter
INFO [2022-09-03 01:47:01] 

	STEP 03: normalization by sequencing depth

INFO [2022-09-03 01:47:01] normalizing counts matrix by depth
INFO [2022-09-03 01:47:06] Computed total sum normalization factor as median libsize: 3155.000000
INFO [2022-09-03 01:47:06] Adding h-spike
INFO [2022-09-03 01:47:06] -hspike modeling of WT
INFO [2022-09-03 01:48:01] validating infercnv_obj
INFO [2022-09-03 01:48:01] normalizing counts matrix by depth
INFO [2022-09-03 01:48:01] Using specified normalization factor: 3155.000000
INFO [2022-09-03 01:48:21] 

	STEP 04: log transformation of data

INFO [2022-09-03 01:48:21] transforming log2xplus1()
INFO [2022-09-03 01:48:24] -mirroring for hspike
INFO [2022-09-03 01:48:24] transforming log2xplus1()
INFO [2022-09-03 01:48:47] 

	STEP 08: removing average of reference data (before smoothing)

INFO [2022-09-03 01:48:47] ::subtract_ref_expr_from_obs:Start inv_log=FALSE, use_bounds=TRUE
INFO [2022-09-03 01:48:47] subtracting mean(normal) per gene per cell across all data
INFO [2022-09-03 01:48:51] -subtracting expr per gene, use_bounds=TRUE
INFO [2022-09-03 02:12:22] -mirroring for hspike
INFO [2022-09-03 02:12:22] ::subtract_ref_expr_from_obs:Start inv_log=FALSE, use_bounds=TRUE
INFO [2022-09-03 02:12:22] subtracting mean(normal) per gene per cell across all data
INFO [2022-09-03 02:12:24] -subtracting expr per gene, use_bounds=TRUE
INFO [2022-09-03 02:13:00] 

	STEP 09: apply max centered expression threshold: 3

INFO [2022-09-03 02:13:00] ::process_data:setting max centered expr, threshold set to: +/-:  3
INFO [2022-09-03 02:13:01] -mirroring for hspike
INFO [2022-09-03 02:13:01] ::process_data:setting max centered expr, threshold set to: +/-:  3
INFO [2022-09-03 02:13:37] 

	STEP 10: Smoothing data per cell by chromosome

INFO [2022-09-03 02:13:37] smooth_by_chromosome: chr: chr1
INFO [2022-09-03 02:13:50] smooth_by_chromosome: chr: chr10
INFO [2022-09-03 02:14:03] smooth_by_chromosome: chr: chr11
INFO [2022-09-03 02:14:16] smooth_by_chromosome: chr: chr12
INFO [2022-09-03 02:14:28] smooth_by_chromosome: chr: chr13
INFO [2022-09-03 02:14:38] smooth_by_chromosome: chr: chr14
INFO [2022-09-03 02:14:49] smooth_by_chromosome: chr: chr15
INFO [2022-09-03 02:15:02] smooth_by_chromosome: chr: chr16
INFO [2022-09-03 02:15:14] smooth_by_chromosome: chr: chr17
INFO [2022-09-03 02:15:26] smooth_by_chromosome: chr: chr18
INFO [2022-09-03 02:15:37] smooth_by_chromosome: chr: chr19
INFO [2022-09-03 02:15:50] smooth_by_chromosome: chr: chr2
INFO [2022-09-03 02:16:05] smooth_by_chromosome: chr: chr3
INFO [2022-09-03 02:16:17] smooth_by_chromosome: chr: chr4
INFO [2022-09-03 02:16:30] smooth_by_chromosome: chr: chr5
INFO [2022-09-03 02:16:42] smooth_by_chromosome: chr: chr6
INFO [2022-09-03 02:16:54] smooth_by_chromosome: chr: chr7
INFO [2022-09-03 02:17:07] smooth_by_chromosome: chr: chr8
INFO [2022-09-03 02:17:19] smooth_by_chromosome: chr: chr9
INFO [2022-09-03 02:17:33] -mirroring for hspike
INFO [2022-09-03 02:17:33] smooth_by_chromosome: chr: chrA
INFO [2022-09-03 02:17:33] smooth_by_chromosome: chr: chr_0
INFO [2022-09-03 02:17:33] smooth_by_chromosome: chr: chr_B
INFO [2022-09-03 02:17:33] smooth_by_chromosome: chr: chr_0pt5
INFO [2022-09-03 02:17:34] smooth_by_chromosome: chr: chr_C
INFO [2022-09-03 02:17:34] smooth_by_chromosome: chr: chr_1pt5
INFO [2022-09-03 02:17:34] smooth_by_chromosome: chr: chr_D
INFO [2022-09-03 02:17:34] smooth_by_chromosome: chr: chr_2pt0
INFO [2022-09-03 02:17:34] smooth_by_chromosome: chr: chr_E
INFO [2022-09-03 02:17:35] smooth_by_chromosome: chr: chr_3pt0
INFO [2022-09-03 02:17:35] smooth_by_chromosome: chr: chr_F
INFO [2022-09-03 02:18:12] 

	STEP 11: re-centering data across chromosome after smoothing

INFO [2022-09-03 02:18:12] ::center_smooth across chromosomes per cell
INFO [2022-09-03 02:18:24] -mirroring for hspike
INFO [2022-09-03 02:18:24] ::center_smooth across chromosomes per cell
INFO [2022-09-03 02:19:01] 

	STEP 12: removing average of reference data (after smoothing)

INFO [2022-09-03 02:19:01] ::subtract_ref_expr_from_obs:Start inv_log=FALSE, use_bounds=TRUE
INFO [2022-09-03 02:19:01] subtracting mean(normal) per gene per cell across all data
INFO [2022-09-03 02:19:05] -subtracting expr per gene, use_bounds=TRUE
INFO [2022-09-03 02:19:11] -mirroring for hspike
INFO [2022-09-03 02:19:11] ::subtract_ref_expr_from_obs:Start inv_log=FALSE, use_bounds=TRUE
INFO [2022-09-03 02:19:11] subtracting mean(normal) per gene per cell across all data
INFO [2022-09-03 02:19:12] -subtracting expr per gene, use_bounds=TRUE
INFO [2022-09-03 02:19:48] 

	STEP 14: invert log2(FC) to FC

INFO [2022-09-03 02:19:48] invert_log2(), computing 2^x
INFO [2022-09-03 02:19:52] -mirroring for hspike
INFO [2022-09-03 02:19:52] invert_log2(), computing 2^x
INFO [2022-09-03 02:20:43] 

	STEP 15: Clustering samples (not defining tumor subclusters)

INFO [2022-09-03 02:20:43] define_signif_tumor_subclusters(p_val=0.1
INFO [2022-09-03 02:20:43] define_signif_tumor_subclusters(), tumor: CD70-/-
INFO [2022-09-03 02:21:50] cut tree into: 1 groups
INFO [2022-09-03 02:21:50] -processing CD70-/-,CD70-/-_s1
INFO [2022-09-03 02:21:50] define_signif_tumor_subclusters(), tumor: WT
INFO [2022-09-03 05:16:17] cut tree into: 1 groups
INFO [2022-09-03 05:16:17] -processing WT,WT_s1
INFO [2022-09-03 05:16:17] -mirroring for hspike
INFO [2022-09-03 05:16:17] define_signif_tumor_subclusters(p_val=0.1
INFO [2022-09-03 05:16:17] define_signif_tumor_subclusters(), tumor: spike_tumor_cell_WT
INFO [2022-09-03 05:16:17] cut tree into: 1 groups
INFO [2022-09-03 05:16:17] -processing spike_tumor_cell_WT,spike_tumor_cell_WT_s1
INFO [2022-09-03 05:16:17] define_signif_tumor_subclusters(), tumor: simnorm_cell_WT
INFO [2022-09-03 05:16:17] cut tree into: 1 groups
INFO [2022-09-03 05:16:17] -processing simnorm_cell_WT,simnorm_cell_WT_s1
INFO [2022-09-03 05:17:57] ::plot_cnv:Start
INFO [2022-09-03 05:17:57] ::plot_cnv:Current data dimensions (r,c)=4859,15136 Total=73611131.3686314 Min=0.682596295635031 Max=1.49573806282738.
INFO [2022-09-03 05:17:58] ::plot_cnv:Depending on the size of the matrix this may take a moment.
INFO [2022-09-03 05:19:12] plot_cnv(): auto thresholding at: (0.886811 , 1.114964)
INFO [2022-09-03 05:19:14] plot_cnv_observation:Start
INFO [2022-09-03 05:19:14] Observation data size: Cells= 1457 Genes= 4859
INFO [2022-09-03 05:19:14] plot_cnv_observation:Writing observation groupings/color.
INFO [2022-09-03 05:19:14] plot_cnv_observation:Done writing observation groupings/color.
INFO [2022-09-03 05:19:14] plot_cnv_observation:Writing observation heatmap thresholds.
INFO [2022-09-03 05:19:14] plot_cnv_observation:Done writing observation heatmap thresholds.
INFO [2022-09-03 05:19:15] Colors for breaks:  #00008B,#24249B,#4848AB,#6D6DBC,#9191CC,#B6B6DD,#DADAEE,#FFFFFF,#EEDADA,#DDB6B6,#CC9191,#BC6D6D,#AB4848,#9B2424,#8B0000
INFO [2022-09-03 05:19:15] Quantiles of plotted data range: 0.88681149629314,0.974806317657974,0.998786267418809,1.02436836294688,1.1149644677271
INFO [2022-09-03 05:19:17] plot_cnv_observations:Writing observation data to ./data/infercnv/inferCNV_out_new/cd70/Pool105_67//infercnv.preliminary.observations.txt
INFO [2022-09-03 05:19:24] plot_cnv_references:Start
INFO [2022-09-03 05:19:24] Reference data size: Cells= 13679 Genes= 4859
INFO [2022-09-03 08:07:41] plot_cnv_references:Number reference groups= 1
INFO [2022-09-03 08:07:42] plot_cnv_references:Plotting heatmap.
INFO [2022-09-03 08:07:57] Colors for breaks:  #00008B,#24249B,#4848AB,#6D6DBC,#9191CC,#B6B6DD,#DADAEE,#FFFFFF,#EEDADA,#DDB6B6,#CC9191,#BC6D6D,#AB4848,#9B2424,#8B0000
INFO [2022-09-03 08:07:57] Quantiles of plotted data range: 0.88681149629314,0.972865439915371,0.998796277810243,1.02646352093753,1.1149644677271
INFO [2022-09-03 08:08:03] plot_cnv_references:Writing reference data to ./data/infercnv/inferCNV_out_new/cd70/Pool105_67//infercnv.preliminary.references.txt
INFO [2022-09-03 08:09:10] 

	STEP 17: HMM-based CNV prediction

INFO [2022-09-03 08:09:10] predict_CNV_via_HMM_on_whole_tumor_samples
INFO [2022-09-03 08:09:13] -done predicting CNV based on initial tumor subclusters
INFO [2022-09-03 08:09:13] get_predicted_CNV_regions(subcluster)
INFO [2022-09-03 08:09:13] -processing cell_group_name: CD70-/-.CD70-/-_s1, size: 1457
INFO [2022-09-03 08:09:21] -processing cell_group_name: WT.WT_s1, size: 13679
INFO [2022-09-03 08:10:08] -writing cell clusters file: ./data/infercnv/inferCNV_out_new/cd70/Pool105_67//17_HMM_predHMMi6.hmm_mode-samples.cell_groupings
INFO [2022-09-03 08:10:08] -writing cnv regions file: ./data/infercnv/inferCNV_out_new/cd70/Pool105_67//17_HMM_predHMMi6.hmm_mode-samples.pred_cnv_regions.dat
INFO [2022-09-03 08:10:08] -writing per-gene cnv report: ./data/infercnv/inferCNV_out_new/cd70/Pool105_67//17_HMM_predHMMi6.hmm_mode-samples.pred_cnv_genes.dat
INFO [2022-09-03 08:10:08] -writing gene ordering info: ./data/infercnv/inferCNV_out_new/cd70/Pool105_67//17_HMM_predHMMi6.hmm_mode-samples.genes_used.dat
INFO [2022-09-03 08:10:24] ::plot_cnv:Start
INFO [2022-09-03 08:10:24] ::plot_cnv:Current data dimensions (r,c)=4859,15136 Total=220637472 Min=3 Max=3.
INFO [2022-09-03 08:10:25] ::plot_cnv:Depending on the size of the matrix this may take a moment.
INFO [2022-09-03 08:11:26] plot_cnv_observation:Start
INFO [2022-09-03 08:11:26] Observation data size: Cells= 1457 Genes= 4859
INFO [2022-09-03 08:11:26] plot_cnv_observation:Writing observation groupings/color.
INFO [2022-09-03 08:11:26] plot_cnv_observation:Done writing observation groupings/color.
INFO [2022-09-03 08:11:26] plot_cnv_observation:Writing observation heatmap thresholds.
INFO [2022-09-03 08:11:26] plot_cnv_observation:Done writing observation heatmap thresholds.
INFO [2022-09-03 08:11:28] Colors for breaks:  #00008B,#24249B,#4848AB,#6D6DBC,#9191CC,#B6B6DD,#DADAEE,#FFFFFF,#EEDADA,#DDB6B6,#CC9191,#BC6D6D,#AB4848,#9B2424,#8B0000
INFO [2022-09-03 08:11:28] Quantiles of plotted data range: 3,3,3,3,3
INFO [2022-09-03 08:11:29] plot_cnv_observations:Writing observation data to ./data/infercnv/inferCNV_out_new/cd70/Pool105_67//infercnv.17_HMM_predHMMi6.hmm_mode-samples.observations.txt
INFO [2022-09-03 08:11:35] plot_cnv_references:Start
INFO [2022-09-03 08:11:35] Reference data size: Cells= 13679 Genes= 4859
INFO [2022-09-03 11:01:01] plot_cnv_references:Number reference groups= 1
INFO [2022-09-03 11:01:02] plot_cnv_references:Plotting heatmap.
INFO [2022-09-03 11:01:16] Colors for breaks:  #00008B,#24249B,#4848AB,#6D6DBC,#9191CC,#B6B6DD,#DADAEE,#FFFFFF,#EEDADA,#DDB6B6,#CC9191,#BC6D6D,#AB4848,#9B2424,#8B0000
INFO [2022-09-03 11:01:16] Quantiles of plotted data range: 3,3,3,3,3
INFO [2022-09-03 11:01:21] plot_cnv_references:Writing reference data to ./data/infercnv/inferCNV_out_new/cd70/Pool105_67//infercnv.17_HMM_predHMMi6.hmm_mode-samples.references.txt
INFO [2022-09-03 11:02:23] 

	STEP 20: Converting HMM-based CNV states to repr expr vals

INFO [2022-09-03 11:02:42] ::plot_cnv:Start
INFO [2022-09-03 11:02:42] ::plot_cnv:Current data dimensions (r,c)=4859,15136 Total=73545824 Min=1 Max=1.
INFO [2022-09-03 11:02:43] ::plot_cnv:Depending on the size of the matrix this may take a moment.
INFO [2022-09-03 11:03:43] plot_cnv_observation:Start
INFO [2022-09-03 11:03:43] Observation data size: Cells= 1457 Genes= 4859
INFO [2022-09-03 11:03:43] plot_cnv_observation:Writing observation groupings/color.
INFO [2022-09-03 11:03:43] plot_cnv_observation:Done writing observation groupings/color.
INFO [2022-09-03 11:03:43] plot_cnv_observation:Writing observation heatmap thresholds.
INFO [2022-09-03 11:03:43] plot_cnv_observation:Done writing observation heatmap thresholds.
INFO [2022-09-03 11:03:45] Colors for breaks:  #00008B,#24249B,#4848AB,#6D6DBC,#9191CC,#B6B6DD,#DADAEE,#FFFFFF,#EEDADA,#DDB6B6,#CC9191,#BC6D6D,#AB4848,#9B2424,#8B0000
INFO [2022-09-03 11:03:45] Quantiles of plotted data range: 1,1,1,1,1
INFO [2022-09-03 11:03:46] plot_cnv_observations:Writing observation data to ./data/infercnv/inferCNV_out_new/cd70/Pool105_67//infercnv.20_HMM_predHMMi6.hmm_mode-samples.Pnorm_0.5.repr_intensities.observations.txt
INFO [2022-09-03 11:03:52] plot_cnv_references:Start
INFO [2022-09-03 11:03:52] Reference data size: Cells= 13679 Genes= 4859
INFO [2022-09-03 13:53:30] plot_cnv_references:Number reference groups= 1
INFO [2022-09-03 13:53:31] plot_cnv_references:Plotting heatmap.
INFO [2022-09-03 13:53:46] Colors for breaks:  #00008B,#24249B,#4848AB,#6D6DBC,#9191CC,#B6B6DD,#DADAEE,#FFFFFF,#EEDADA,#DDB6B6,#CC9191,#BC6D6D,#AB4848,#9B2424,#8B0000
INFO [2022-09-03 13:53:46] Quantiles of plotted data range: 1,1,1,1,1
INFO [2022-09-03 13:53:51] plot_cnv_references:Writing reference data to ./data/infercnv/inferCNV_out_new/cd70/Pool105_67//infercnv.20_HMM_predHMMi6.hmm_mode-samples.Pnorm_0.5.repr_intensities.references.txt
INFO [2022-09-03 13:54:46] 

	STEP 22: Denoising

INFO [2022-09-03 13:54:46] ::process_data:Remove noise, noise threshold defined via ref mean sd_amplifier:  1.5
INFO [2022-09-03 13:54:46] denoising using mean(normal) +- sd_amplifier * sd(normal) per gene per cell across all data
INFO [2022-09-03 13:54:48] :: **** clear_noise_via_ref_quantiles **** : removing noise between bounds:  0.938028759226685 - 1.0637800077166
INFO [2022-09-03 13:55:25] 

## Making the final infercnv heatmap ##
INFO [2022-09-03 13:55:26] ::plot_cnv:Start
INFO [2022-09-03 13:55:26] ::plot_cnv:Current data dimensions (r,c)=4859,15136 Total=73743839.4745039 Min=0.682596295635031 Max=1.49573806282738.
INFO [2022-09-03 13:55:26] ::plot_cnv:Depending on the size of the matrix this may take a moment.
INFO [2022-09-03 13:56:36] plot_cnv(): auto thresholding at: (0.885036 , 1.114964)
INFO [2022-09-03 13:56:38] plot_cnv_observation:Start
INFO [2022-09-03 13:56:38] Observation data size: Cells= 1457 Genes= 4859
INFO [2022-09-03 13:56:38] plot_cnv_observation:Writing observation groupings/color.
INFO [2022-09-03 13:56:38] plot_cnv_observation:Done writing observation groupings/color.
INFO [2022-09-03 13:56:38] plot_cnv_observation:Writing observation heatmap thresholds.
INFO [2022-09-03 13:56:39] plot_cnv_observation:Done writing observation heatmap thresholds.
INFO [2022-09-03 13:56:40] Colors for breaks:  #00008B,#24249B,#4848AB,#6D6DBC,#9191CC,#B6B6DD,#DADAEE,#FFFFFF,#EEDADA,#DDB6B6,#CC9191,#BC6D6D,#AB4848,#9B2424,#8B0000
INFO [2022-09-03 13:56:40] Quantiles of plotted data range: 0.885035532272902,1.00090438347164,1.00090438347164,1.00090438347164,1.1149644677271
INFO [2022-09-03 13:56:41] plot_cnv_observations:Writing observation data to ./data/infercnv/inferCNV_out_new/cd70/Pool105_67//infercnv.observations.txt
INFO [2022-09-03 13:56:48] plot_cnv_references:Start
INFO [2022-09-03 13:56:48] Reference data size: Cells= 13679 Genes= 4859
INFO [2022-09-03 16:49:14] plot_cnv_references:Number reference groups= 1
INFO [2022-09-03 16:49:15] plot_cnv_references:Plotting heatmap.
INFO [2022-09-03 16:49:30] Colors for breaks:  #00008B,#24249B,#4848AB,#6D6DBC,#9191CC,#B6B6DD,#DADAEE,#FFFFFF,#EEDADA,#DDB6B6,#CC9191,#BC6D6D,#AB4848,#9B2424,#8B0000
INFO [2022-09-03 16:49:30] Quantiles of plotted data range: 0.885035532272902,1.00090438347164,1.00090438347164,1.00090438347164,1.1149644677271
INFO [2022-09-03 16:49:35] plot_cnv_references:Writing reference data to ./data/infercnv/inferCNV_out_new/cd70/Pool105_67//infercnv.references.txt
