[1] "/liulab/galib/mouse_scRNAseq_margaret/data/infercnv/inferCNV_out_new/cd70/18mos"
Warning message:
package ‘rBCS’ was built under R version 4.1.3 
── Attaching packages ─────────────────────────────────────── tidyverse 1.3.1 ──
✔ ggplot2 3.3.6     ✔ purrr   0.3.4
✔ tibble  3.1.7     ✔ dplyr   1.0.9
✔ tidyr   1.2.0     ✔ stringr 1.4.0
✔ readr   2.1.2     ✔ forcats 0.5.1
── Conflicts ────────────────────────────────────────── tidyverse_conflicts() ──
✖ dplyr::filter() masks stats::filter()
✖ dplyr::lag()    masks stats::lag()
Warning messages:
1: package ‘tidyverse’ was built under R version 4.1.3 
2: package ‘ggplot2’ was built under R version 4.1.3 
3: package ‘tibble’ was built under R version 4.1.3 
4: package ‘tidyr’ was built under R version 4.1.2 
5: package ‘readr’ was built under R version 4.1.2 
6: package ‘dplyr’ was built under R version 4.1.3 
7: package ‘forcats’ was built under R version 4.1.3 
Attaching SeuratObject
Attaching sp
Warning message:
package ‘Seurat’ was built under R version 4.1.3 
here() starts at /liulab/galib/mouse_scRNAseq_margaret
Loading required package: usethis
Warning message:
package ‘ggpubr’ was built under R version 4.1.3 
Warning message:
package ‘infercnv’ was built under R version 4.1.3 
[1]  32285 176583
Rows: 55228 Columns: 4
── Column specification ────────────────────────────────────────────────────────
Delimiter: "\t"
chr (2): X1, X2
dbl (2): X3, X4

ℹ Use `spec()` to retrieve the full column specification for this data.
ℹ Specify the column types or set `show_col_types = FALSE` to quiet this message.
[1] 6
INFO [2022-09-02 15:58:07] Parsing gene order file: ./data/infercnv/gene_order_file.txt
INFO [2022-09-02 15:58:07] ::order_reduce:Start.
INFO [2022-09-02 15:58:15] .order_reduce(): expr and order match.
INFO [2022-09-02 15:58:43] ::process_data:order_reduce:Reduction from positional data, new dimensions (r,c) = 32285,176583 Total=901670571 Min=0 Max=21505.
INFO [2022-09-02 15:58:45] num genes removed taking into account provided gene ordering list: 1949 = 6.03685922254917% removed.
INFO [2022-09-02 15:58:46] -filtering out cells < 100 or > Inf, removing 0 % of cells
INFO [2022-09-02 15:58:53] validating infercnv_obj
INFO [2022-09-02 15:58:53] ::process_data:Start
INFO [2022-09-02 15:58:53] Creating output path ./data/infercnv/inferCNV_out_new/cd70/Pool105_65/
INFO [2022-09-02 15:58:53] Checking for saved results.
INFO [2022-09-02 15:58:53] 

	STEP 1: incoming data

INFO [2022-09-02 15:59:16] 

	STEP 02: Removing lowly expressed genes

INFO [2022-09-02 15:59:16] ::above_min_mean_expr_cutoff:Start
INFO [2022-09-02 15:59:17] Removing 25565 genes from matrix as below mean expr threshold: 0.1
INFO [2022-09-02 15:59:18] validating infercnv_obj
INFO [2022-09-02 15:59:18] There are 4771 genes and 16903 cells remaining in the expr matrix.
INFO [2022-09-02 15:59:22] no genes removed due to min cells/gene filter
INFO [2022-09-02 15:59:44] 

	STEP 03: normalization by sequencing depth

INFO [2022-09-02 15:59:44] normalizing counts matrix by depth
INFO [2022-09-02 15:59:49] Computed total sum normalization factor as median libsize: 3097.000000
INFO [2022-09-02 15:59:49] Adding h-spike
INFO [2022-09-02 15:59:49] -hspike modeling of WT
INFO [2022-09-02 16:00:40] validating infercnv_obj
INFO [2022-09-02 16:00:40] normalizing counts matrix by depth
INFO [2022-09-02 16:00:40] Using specified normalization factor: 3097.000000
INFO [2022-09-02 16:01:01] 

	STEP 04: log transformation of data

INFO [2022-09-02 16:01:01] transforming log2xplus1()
INFO [2022-09-02 16:01:04] -mirroring for hspike
INFO [2022-09-02 16:01:04] transforming log2xplus1()
INFO [2022-09-02 16:01:27] 

	STEP 08: removing average of reference data (before smoothing)

INFO [2022-09-02 16:01:27] ::subtract_ref_expr_from_obs:Start inv_log=FALSE, use_bounds=TRUE
INFO [2022-09-02 16:01:27] subtracting mean(normal) per gene per cell across all data
INFO [2022-09-02 16:01:32] -subtracting expr per gene, use_bounds=TRUE
INFO [2022-09-02 16:27:56] -mirroring for hspike
INFO [2022-09-02 16:27:56] ::subtract_ref_expr_from_obs:Start inv_log=FALSE, use_bounds=TRUE
INFO [2022-09-02 16:27:56] subtracting mean(normal) per gene per cell across all data
INFO [2022-09-02 16:27:58] -subtracting expr per gene, use_bounds=TRUE
INFO [2022-09-02 16:28:36] 

	STEP 09: apply max centered expression threshold: 3

INFO [2022-09-02 16:28:36] ::process_data:setting max centered expr, threshold set to: +/-:  3
INFO [2022-09-02 16:28:38] -mirroring for hspike
INFO [2022-09-02 16:28:38] ::process_data:setting max centered expr, threshold set to: +/-:  3
INFO [2022-09-02 16:29:15] 

	STEP 10: Smoothing data per cell by chromosome

INFO [2022-09-02 16:29:15] smooth_by_chromosome: chr: chr1
INFO [2022-09-02 16:29:28] smooth_by_chromosome: chr: chr10
INFO [2022-09-02 16:29:40] smooth_by_chromosome: chr: chr11
INFO [2022-09-02 16:29:55] smooth_by_chromosome: chr: chr12
INFO [2022-09-02 16:30:07] smooth_by_chromosome: chr: chr13
INFO [2022-09-02 16:30:19] smooth_by_chromosome: chr: chr14
INFO [2022-09-02 16:30:31] smooth_by_chromosome: chr: chr15
INFO [2022-09-02 16:30:43] smooth_by_chromosome: chr: chr16
INFO [2022-09-02 16:30:55] smooth_by_chromosome: chr: chr17
INFO [2022-09-02 16:31:08] smooth_by_chromosome: chr: chr18
INFO [2022-09-02 16:31:21] smooth_by_chromosome: chr: chr19
INFO [2022-09-02 16:31:32] smooth_by_chromosome: chr: chr2
INFO [2022-09-02 16:31:46] smooth_by_chromosome: chr: chr3
INFO [2022-09-02 16:31:58] smooth_by_chromosome: chr: chr4
INFO [2022-09-02 16:32:11] smooth_by_chromosome: chr: chr5
INFO [2022-09-02 16:32:25] smooth_by_chromosome: chr: chr6
INFO [2022-09-02 16:32:39] smooth_by_chromosome: chr: chr7
INFO [2022-09-02 16:32:53] smooth_by_chromosome: chr: chr8
INFO [2022-09-02 16:33:06] smooth_by_chromosome: chr: chr9
INFO [2022-09-02 16:33:20] -mirroring for hspike
INFO [2022-09-02 16:33:20] smooth_by_chromosome: chr: chrA
INFO [2022-09-02 16:33:20] smooth_by_chromosome: chr: chr_0
INFO [2022-09-02 16:33:20] smooth_by_chromosome: chr: chr_B
INFO [2022-09-02 16:33:20] smooth_by_chromosome: chr: chr_0pt5
INFO [2022-09-02 16:33:21] smooth_by_chromosome: chr: chr_C
INFO [2022-09-02 16:33:21] smooth_by_chromosome: chr: chr_1pt5
INFO [2022-09-02 16:33:21] smooth_by_chromosome: chr: chr_D
INFO [2022-09-02 16:33:21] smooth_by_chromosome: chr: chr_2pt0
INFO [2022-09-02 16:33:21] smooth_by_chromosome: chr: chr_E
INFO [2022-09-02 16:33:21] smooth_by_chromosome: chr: chr_3pt0
INFO [2022-09-02 16:33:22] smooth_by_chromosome: chr: chr_F
INFO [2022-09-02 16:33:59] 

	STEP 11: re-centering data across chromosome after smoothing

INFO [2022-09-02 16:33:59] ::center_smooth across chromosomes per cell
INFO [2022-09-02 16:34:11] -mirroring for hspike
INFO [2022-09-02 16:34:11] ::center_smooth across chromosomes per cell
INFO [2022-09-02 16:34:48] 

	STEP 12: removing average of reference data (after smoothing)

INFO [2022-09-02 16:34:48] ::subtract_ref_expr_from_obs:Start inv_log=FALSE, use_bounds=TRUE
INFO [2022-09-02 16:34:48] subtracting mean(normal) per gene per cell across all data
INFO [2022-09-02 16:34:52] -subtracting expr per gene, use_bounds=TRUE
INFO [2022-09-02 16:34:58] -mirroring for hspike
INFO [2022-09-02 16:34:58] ::subtract_ref_expr_from_obs:Start inv_log=FALSE, use_bounds=TRUE
INFO [2022-09-02 16:34:58] subtracting mean(normal) per gene per cell across all data
INFO [2022-09-02 16:34:59] -subtracting expr per gene, use_bounds=TRUE
INFO [2022-09-02 16:35:36] 

	STEP 14: invert log2(FC) to FC

INFO [2022-09-02 16:35:36] invert_log2(), computing 2^x
INFO [2022-09-02 16:35:40] -mirroring for hspike
INFO [2022-09-02 16:35:40] invert_log2(), computing 2^x
INFO [2022-09-02 16:36:32] 

	STEP 15: Clustering samples (not defining tumor subclusters)

INFO [2022-09-02 16:36:32] define_signif_tumor_subclusters(p_val=0.1
INFO [2022-09-02 16:36:32] define_signif_tumor_subclusters(), tumor: CD70-/-
INFO [2022-09-02 16:41:39] cut tree into: 1 groups
INFO [2022-09-02 16:41:39] -processing CD70-/-,CD70-/-_s1
INFO [2022-09-02 16:41:39] define_signif_tumor_subclusters(), tumor: WT
INFO [2022-09-02 19:29:27] cut tree into: 1 groups
INFO [2022-09-02 19:29:27] -processing WT,WT_s1
INFO [2022-09-02 19:29:27] -mirroring for hspike
INFO [2022-09-02 19:29:27] define_signif_tumor_subclusters(p_val=0.1
INFO [2022-09-02 19:29:27] define_signif_tumor_subclusters(), tumor: spike_tumor_cell_WT
INFO [2022-09-02 19:29:28] cut tree into: 1 groups
INFO [2022-09-02 19:29:28] -processing spike_tumor_cell_WT,spike_tumor_cell_WT_s1
INFO [2022-09-02 19:29:28] define_signif_tumor_subclusters(), tumor: simnorm_cell_WT
INFO [2022-09-02 19:29:28] cut tree into: 1 groups
INFO [2022-09-02 19:29:28] -processing simnorm_cell_WT,simnorm_cell_WT_s1
INFO [2022-09-02 19:31:11] ::plot_cnv:Start
INFO [2022-09-02 19:31:11] ::plot_cnv:Current data dimensions (r,c)=4771,16903 Total=80718351.9490995 Min=0.685003359512308 Max=1.49660541530575.
INFO [2022-09-02 19:31:11] ::plot_cnv:Depending on the size of the matrix this may take a moment.
INFO [2022-09-02 19:32:27] plot_cnv(): auto thresholding at: (0.887203 , 1.114635)
INFO [2022-09-02 19:32:29] plot_cnv_observation:Start
INFO [2022-09-02 19:32:29] Observation data size: Cells= 3224 Genes= 4771
INFO [2022-09-02 19:32:30] plot_cnv_observation:Writing observation groupings/color.
INFO [2022-09-02 19:32:30] plot_cnv_observation:Done writing observation groupings/color.
INFO [2022-09-02 19:32:30] plot_cnv_observation:Writing observation heatmap thresholds.
INFO [2022-09-02 19:32:30] plot_cnv_observation:Done writing observation heatmap thresholds.
INFO [2022-09-02 19:32:33] Colors for breaks:  #00008B,#24249B,#4848AB,#6D6DBC,#9191CC,#B6B6DD,#DADAEE,#FFFFFF,#EEDADA,#DDB6B6,#CC9191,#BC6D6D,#AB4848,#9B2424,#8B0000
INFO [2022-09-02 19:32:33] Quantiles of plotted data range: 0.887203187034186,0.973572034953915,0.99881380919257,1.02589138713178,1.11463548052401
INFO [2022-09-02 19:32:36] plot_cnv_observations:Writing observation data to ./data/infercnv/inferCNV_out_new/cd70/Pool105_65//infercnv.preliminary.observations.txt
INFO [2022-09-02 19:32:51] plot_cnv_references:Start
INFO [2022-09-02 19:32:51] Reference data size: Cells= 13679 Genes= 4771
INFO [2022-09-02 22:23:15] plot_cnv_references:Number reference groups= 1
INFO [2022-09-02 22:23:15] plot_cnv_references:Plotting heatmap.
INFO [2022-09-02 22:23:30] Colors for breaks:  #00008B,#24249B,#4848AB,#6D6DBC,#9191CC,#B6B6DD,#DADAEE,#FFFFFF,#EEDADA,#DDB6B6,#CC9191,#BC6D6D,#AB4848,#9B2424,#8B0000
INFO [2022-09-02 22:23:30] Quantiles of plotted data range: 0.887203187034186,0.972954417721479,0.998808359791562,1.02640608439189,1.11463548052401
INFO [2022-09-02 22:23:36] plot_cnv_references:Writing reference data to ./data/infercnv/inferCNV_out_new/cd70/Pool105_65//infercnv.preliminary.references.txt
INFO [2022-09-02 22:24:38] 

	STEP 17: HMM-based CNV prediction

INFO [2022-09-02 22:24:38] predict_CNV_via_HMM_on_whole_tumor_samples
INFO [2022-09-02 22:24:41] -done predicting CNV based on initial tumor subclusters
INFO [2022-09-02 22:24:41] get_predicted_CNV_regions(subcluster)
INFO [2022-09-02 22:24:41] -processing cell_group_name: CD70-/-.CD70-/-_s1, size: 3224
INFO [2022-09-02 22:24:54] -processing cell_group_name: WT.WT_s1, size: 13679
INFO [2022-09-02 22:25:37] -writing cell clusters file: ./data/infercnv/inferCNV_out_new/cd70/Pool105_65//17_HMM_predHMMi6.hmm_mode-samples.cell_groupings
INFO [2022-09-02 22:25:37] -writing cnv regions file: ./data/infercnv/inferCNV_out_new/cd70/Pool105_65//17_HMM_predHMMi6.hmm_mode-samples.pred_cnv_regions.dat
INFO [2022-09-02 22:25:37] -writing per-gene cnv report: ./data/infercnv/inferCNV_out_new/cd70/Pool105_65//17_HMM_predHMMi6.hmm_mode-samples.pred_cnv_genes.dat
INFO [2022-09-02 22:25:37] -writing gene ordering info: ./data/infercnv/inferCNV_out_new/cd70/Pool105_65//17_HMM_predHMMi6.hmm_mode-samples.genes_used.dat
INFO [2022-09-02 22:25:54] ::plot_cnv:Start
INFO [2022-09-02 22:25:54] ::plot_cnv:Current data dimensions (r,c)=4771,16903 Total=241932639 Min=3 Max=3.
INFO [2022-09-02 22:25:55] ::plot_cnv:Depending on the size of the matrix this may take a moment.
INFO [2022-09-02 22:26:57] plot_cnv_observation:Start
INFO [2022-09-02 22:26:57] Observation data size: Cells= 3224 Genes= 4771
INFO [2022-09-02 22:26:57] plot_cnv_observation:Writing observation groupings/color.
INFO [2022-09-02 22:26:57] plot_cnv_observation:Done writing observation groupings/color.
INFO [2022-09-02 22:26:57] plot_cnv_observation:Writing observation heatmap thresholds.
INFO [2022-09-02 22:26:58] plot_cnv_observation:Done writing observation heatmap thresholds.
INFO [2022-09-02 22:27:01] Colors for breaks:  #00008B,#24249B,#4848AB,#6D6DBC,#9191CC,#B6B6DD,#DADAEE,#FFFFFF,#EEDADA,#DDB6B6,#CC9191,#BC6D6D,#AB4848,#9B2424,#8B0000
INFO [2022-09-02 22:27:01] Quantiles of plotted data range: 3,3,3,3,3
INFO [2022-09-02 22:27:03] plot_cnv_observations:Writing observation data to ./data/infercnv/inferCNV_out_new/cd70/Pool105_65//infercnv.17_HMM_predHMMi6.hmm_mode-samples.observations.txt
INFO [2022-09-02 22:27:15] plot_cnv_references:Start
INFO [2022-09-02 22:27:15] Reference data size: Cells= 13679 Genes= 4771
INFO [2022-09-03 01:18:51] plot_cnv_references:Number reference groups= 1
INFO [2022-09-03 01:18:52] plot_cnv_references:Plotting heatmap.
INFO [2022-09-03 01:19:07] Colors for breaks:  #00008B,#24249B,#4848AB,#6D6DBC,#9191CC,#B6B6DD,#DADAEE,#FFFFFF,#EEDADA,#DDB6B6,#CC9191,#BC6D6D,#AB4848,#9B2424,#8B0000
INFO [2022-09-03 01:19:07] Quantiles of plotted data range: 3,3,3,3,3
INFO [2022-09-03 01:19:12] plot_cnv_references:Writing reference data to ./data/infercnv/inferCNV_out_new/cd70/Pool105_65//infercnv.17_HMM_predHMMi6.hmm_mode-samples.references.txt
INFO [2022-09-03 01:20:10] 

	STEP 20: Converting HMM-based CNV states to repr expr vals

INFO [2022-09-03 01:20:29] ::plot_cnv:Start
INFO [2022-09-03 01:20:29] ::plot_cnv:Current data dimensions (r,c)=4771,16903 Total=80644213 Min=1 Max=1.
INFO [2022-09-03 01:20:30] ::plot_cnv:Depending on the size of the matrix this may take a moment.
INFO [2022-09-03 01:21:32] plot_cnv_observation:Start
INFO [2022-09-03 01:21:32] Observation data size: Cells= 3224 Genes= 4771
INFO [2022-09-03 01:21:33] plot_cnv_observation:Writing observation groupings/color.
INFO [2022-09-03 01:21:33] plot_cnv_observation:Done writing observation groupings/color.
INFO [2022-09-03 01:21:33] plot_cnv_observation:Writing observation heatmap thresholds.
INFO [2022-09-03 01:21:33] plot_cnv_observation:Done writing observation heatmap thresholds.
INFO [2022-09-03 01:21:36] Colors for breaks:  #00008B,#24249B,#4848AB,#6D6DBC,#9191CC,#B6B6DD,#DADAEE,#FFFFFF,#EEDADA,#DDB6B6,#CC9191,#BC6D6D,#AB4848,#9B2424,#8B0000
INFO [2022-09-03 01:21:36] Quantiles of plotted data range: 1,1,1,1,1
INFO [2022-09-03 01:21:38] plot_cnv_observations:Writing observation data to ./data/infercnv/inferCNV_out_new/cd70/Pool105_65//infercnv.20_HMM_predHMMi6.hmm_mode-samples.Pnorm_0.5.repr_intensities.observations.txt
INFO [2022-09-03 01:21:50] plot_cnv_references:Start
INFO [2022-09-03 01:21:50] Reference data size: Cells= 13679 Genes= 4771
INFO [2022-09-03 04:14:17] plot_cnv_references:Number reference groups= 1
INFO [2022-09-03 04:14:18] plot_cnv_references:Plotting heatmap.
INFO [2022-09-03 04:14:33] Colors for breaks:  #00008B,#24249B,#4848AB,#6D6DBC,#9191CC,#B6B6DD,#DADAEE,#FFFFFF,#EEDADA,#DDB6B6,#CC9191,#BC6D6D,#AB4848,#9B2424,#8B0000
INFO [2022-09-03 04:14:33] Quantiles of plotted data range: 1,1,1,1,1
INFO [2022-09-03 04:14:38] plot_cnv_references:Writing reference data to ./data/infercnv/inferCNV_out_new/cd70/Pool105_65//infercnv.20_HMM_predHMMi6.hmm_mode-samples.Pnorm_0.5.repr_intensities.references.txt
INFO [2022-09-03 04:15:29] 

	STEP 22: Denoising

INFO [2022-09-03 04:15:29] ::process_data:Remove noise, noise threshold defined via ref mean sd_amplifier:  1.5
INFO [2022-09-03 04:15:29] denoising using mean(normal) +- sd_amplifier * sd(normal) per gene per cell across all data
INFO [2022-09-03 04:15:31] :: **** clear_noise_via_ref_quantiles **** : removing noise between bounds:  0.938186196219748 - 1.06361449447859
INFO [2022-09-03 04:16:09] 

## Making the final infercnv heatmap ##
INFO [2022-09-03 04:16:09] ::plot_cnv:Start
INFO [2022-09-03 04:16:09] ::plot_cnv:Current data dimensions (r,c)=4771,16903 Total=80862902.3653464 Min=0.685003359512308 Max=1.49660541530575.
INFO [2022-09-03 04:16:10] ::plot_cnv:Depending on the size of the matrix this may take a moment.
INFO [2022-09-03 04:17:23] plot_cnv(): auto thresholding at: (0.885365 , 1.114635)
INFO [2022-09-03 04:17:25] plot_cnv_observation:Start
INFO [2022-09-03 04:17:25] Observation data size: Cells= 3224 Genes= 4771
INFO [2022-09-03 04:17:25] plot_cnv_observation:Writing observation groupings/color.
INFO [2022-09-03 04:17:25] plot_cnv_observation:Done writing observation groupings/color.
INFO [2022-09-03 04:17:25] plot_cnv_observation:Writing observation heatmap thresholds.
INFO [2022-09-03 04:17:25] plot_cnv_observation:Done writing observation heatmap thresholds.
INFO [2022-09-03 04:17:28] Colors for breaks:  #00008B,#24249B,#4848AB,#6D6DBC,#9191CC,#B6B6DD,#DADAEE,#FFFFFF,#EEDADA,#DDB6B6,#CC9191,#BC6D6D,#AB4848,#9B2424,#8B0000
INFO [2022-09-03 04:17:28] Quantiles of plotted data range: 0.885364519475994,1.00090034534917,1.00090034534917,1.00090034534917,1.11463548052401
INFO [2022-09-03 04:17:31] plot_cnv_observations:Writing observation data to ./data/infercnv/inferCNV_out_new/cd70/Pool105_65//infercnv.observations.txt
INFO [2022-09-03 04:17:44] plot_cnv_references:Start
INFO [2022-09-03 04:17:44] Reference data size: Cells= 13679 Genes= 4771
INFO [2022-09-03 07:04:26] plot_cnv_references:Number reference groups= 1
INFO [2022-09-03 07:04:26] plot_cnv_references:Plotting heatmap.
INFO [2022-09-03 07:04:42] Colors for breaks:  #00008B,#24249B,#4848AB,#6D6DBC,#9191CC,#B6B6DD,#DADAEE,#FFFFFF,#EEDADA,#DDB6B6,#CC9191,#BC6D6D,#AB4848,#9B2424,#8B0000
INFO [2022-09-03 07:04:42] Quantiles of plotted data range: 0.885364519475994,1.00090034534917,1.00090034534917,1.00090034534917,1.11463548052401
INFO [2022-09-03 07:04:48] plot_cnv_references:Writing reference data to ./data/infercnv/inferCNV_out_new/cd70/Pool105_65//infercnv.references.txt
