[1] "/liulab/galib/mouse_scRNAseq_margaret/data/infercnv/inferCNV_out_new/cd70/18mos"
Warning message:
package ‘rBCS’ was built under R version 4.1.3 
── Attaching packages ─────────────────────────────────────── tidyverse 1.3.1 ──
✔ ggplot2 3.3.6     ✔ purrr   0.3.4
✔ tibble  3.1.7     ✔ dplyr   1.0.9
✔ tidyr   1.2.0     ✔ stringr 1.4.0
✔ readr   2.1.2     ✔ forcats 0.5.1
── Conflicts ────────────────────────────────────────── tidyverse_conflicts() ──
✖ dplyr::filter() masks stats::filter()
✖ dplyr::lag()    masks stats::lag()
Warning messages:
1: package ‘tidyverse’ was built under R version 4.1.3 
2: package ‘ggplot2’ was built under R version 4.1.3 
3: package ‘tibble’ was built under R version 4.1.3 
4: package ‘tidyr’ was built under R version 4.1.2 
5: package ‘readr’ was built under R version 4.1.2 
6: package ‘dplyr’ was built under R version 4.1.3 
7: package ‘forcats’ was built under R version 4.1.3 
Attaching SeuratObject
Attaching sp
Warning message:
package ‘Seurat’ was built under R version 4.1.3 
here() starts at /liulab/galib/mouse_scRNAseq_margaret
Loading required package: usethis
Warning message:
package ‘ggpubr’ was built under R version 4.1.3 
Warning message:
package ‘infercnv’ was built under R version 4.1.3 
[1]  32285 176583
Rows: 55228 Columns: 4
── Column specification ────────────────────────────────────────────────────────
Delimiter: "\t"
chr (2): X1, X2
dbl (2): X3, X4

ℹ Use `spec()` to retrieve the full column specification for this data.
ℹ Specify the column types or set `show_col_types = FALSE` to quiet this message.
[1] 6
INFO [2022-09-03 00:39:21] Parsing gene order file: ./data/infercnv/gene_order_file.txt
INFO [2022-09-03 00:39:21] ::order_reduce:Start.
INFO [2022-09-03 00:39:30] .order_reduce(): expr and order match.
INFO [2022-09-03 00:40:00] ::process_data:order_reduce:Reduction from positional data, new dimensions (r,c) = 32285,176583 Total=901670571 Min=0 Max=21505.
INFO [2022-09-03 00:40:02] num genes removed taking into account provided gene ordering list: 1949 = 6.03685922254917% removed.
INFO [2022-09-03 00:40:03] -filtering out cells < 100 or > Inf, removing 0 % of cells
INFO [2022-09-03 00:40:11] validating infercnv_obj
INFO [2022-09-03 00:40:11] ::process_data:Start
INFO [2022-09-03 00:40:11] Creating output path ./data/infercnv/inferCNV_out_new/cd70/Pool105_66/
INFO [2022-09-03 00:40:11] Checking for saved results.
INFO [2022-09-03 00:40:11] 

	STEP 1: incoming data

INFO [2022-09-03 00:40:36] 

	STEP 02: Removing lowly expressed genes

INFO [2022-09-03 00:40:36] ::above_min_mean_expr_cutoff:Start
INFO [2022-09-03 00:40:37] Removing 25553 genes from matrix as below mean expr threshold: 0.1
INFO [2022-09-03 00:40:38] validating infercnv_obj
INFO [2022-09-03 00:40:38] There are 4783 genes and 16881 cells remaining in the expr matrix.
INFO [2022-09-03 00:40:43] no genes removed due to min cells/gene filter
INFO [2022-09-03 00:41:06] 

	STEP 03: normalization by sequencing depth

INFO [2022-09-03 00:41:06] normalizing counts matrix by depth
INFO [2022-09-03 00:41:12] Computed total sum normalization factor as median libsize: 3086.000000
INFO [2022-09-03 00:41:12] Adding h-spike
INFO [2022-09-03 00:41:12] -hspike modeling of WT
INFO [2022-09-03 00:42:06] validating infercnv_obj
INFO [2022-09-03 00:42:06] normalizing counts matrix by depth
INFO [2022-09-03 00:42:06] Using specified normalization factor: 3086.000000
INFO [2022-09-03 00:42:29] 

	STEP 04: log transformation of data

INFO [2022-09-03 00:42:29] transforming log2xplus1()
INFO [2022-09-03 00:42:32] -mirroring for hspike
INFO [2022-09-03 00:42:32] transforming log2xplus1()
INFO [2022-09-03 00:42:57] 

	STEP 08: removing average of reference data (before smoothing)

INFO [2022-09-03 00:42:57] ::subtract_ref_expr_from_obs:Start inv_log=FALSE, use_bounds=TRUE
INFO [2022-09-03 00:42:57] subtracting mean(normal) per gene per cell across all data
INFO [2022-09-03 00:43:02] -subtracting expr per gene, use_bounds=TRUE
INFO [2022-09-03 01:08:39] -mirroring for hspike
INFO [2022-09-03 01:08:39] ::subtract_ref_expr_from_obs:Start inv_log=FALSE, use_bounds=TRUE
INFO [2022-09-03 01:08:39] subtracting mean(normal) per gene per cell across all data
INFO [2022-09-03 01:08:41] -subtracting expr per gene, use_bounds=TRUE
INFO [2022-09-03 01:09:21] 

	STEP 09: apply max centered expression threshold: 3

INFO [2022-09-03 01:09:21] ::process_data:setting max centered expr, threshold set to: +/-:  3
INFO [2022-09-03 01:09:23] -mirroring for hspike
INFO [2022-09-03 01:09:23] ::process_data:setting max centered expr, threshold set to: +/-:  3
INFO [2022-09-03 01:10:02] 

	STEP 10: Smoothing data per cell by chromosome

INFO [2022-09-03 01:10:02] smooth_by_chromosome: chr: chr1
INFO [2022-09-03 01:10:15] smooth_by_chromosome: chr: chr10
INFO [2022-09-03 01:10:27] smooth_by_chromosome: chr: chr11
INFO [2022-09-03 01:10:42] smooth_by_chromosome: chr: chr12
INFO [2022-09-03 01:10:55] smooth_by_chromosome: chr: chr13
INFO [2022-09-03 01:11:07] smooth_by_chromosome: chr: chr14
INFO [2022-09-03 01:11:19] smooth_by_chromosome: chr: chr15
INFO [2022-09-03 01:11:32] smooth_by_chromosome: chr: chr16
INFO [2022-09-03 01:11:44] smooth_by_chromosome: chr: chr17
INFO [2022-09-03 01:11:58] smooth_by_chromosome: chr: chr18
INFO [2022-09-03 01:12:10] smooth_by_chromosome: chr: chr19
INFO [2022-09-03 01:12:22] smooth_by_chromosome: chr: chr2
INFO [2022-09-03 01:12:36] smooth_by_chromosome: chr: chr3
INFO [2022-09-03 01:12:49] smooth_by_chromosome: chr: chr4
INFO [2022-09-03 01:13:02] smooth_by_chromosome: chr: chr5
INFO [2022-09-03 01:13:16] smooth_by_chromosome: chr: chr6
INFO [2022-09-03 01:13:30] smooth_by_chromosome: chr: chr7
INFO [2022-09-03 01:13:44] smooth_by_chromosome: chr: chr8
INFO [2022-09-03 01:13:58] smooth_by_chromosome: chr: chr9
INFO [2022-09-03 01:14:12] -mirroring for hspike
INFO [2022-09-03 01:14:12] smooth_by_chromosome: chr: chrA
INFO [2022-09-03 01:14:12] smooth_by_chromosome: chr: chr_0
INFO [2022-09-03 01:14:12] smooth_by_chromosome: chr: chr_B
INFO [2022-09-03 01:14:13] smooth_by_chromosome: chr: chr_0pt5
INFO [2022-09-03 01:14:13] smooth_by_chromosome: chr: chr_C
INFO [2022-09-03 01:14:13] smooth_by_chromosome: chr: chr_1pt5
INFO [2022-09-03 01:14:13] smooth_by_chromosome: chr: chr_D
INFO [2022-09-03 01:14:13] smooth_by_chromosome: chr: chr_2pt0
INFO [2022-09-03 01:14:13] smooth_by_chromosome: chr: chr_E
INFO [2022-09-03 01:14:14] smooth_by_chromosome: chr: chr_3pt0
INFO [2022-09-03 01:14:14] smooth_by_chromosome: chr: chr_F
INFO [2022-09-03 01:14:53] 

	STEP 11: re-centering data across chromosome after smoothing

INFO [2022-09-03 01:14:53] ::center_smooth across chromosomes per cell
INFO [2022-09-03 01:15:06] -mirroring for hspike
INFO [2022-09-03 01:15:06] ::center_smooth across chromosomes per cell
INFO [2022-09-03 01:15:46] 

	STEP 12: removing average of reference data (after smoothing)

INFO [2022-09-03 01:15:46] ::subtract_ref_expr_from_obs:Start inv_log=FALSE, use_bounds=TRUE
INFO [2022-09-03 01:15:46] subtracting mean(normal) per gene per cell across all data
INFO [2022-09-03 01:15:51] -subtracting expr per gene, use_bounds=TRUE
INFO [2022-09-03 01:15:56] -mirroring for hspike
INFO [2022-09-03 01:15:56] ::subtract_ref_expr_from_obs:Start inv_log=FALSE, use_bounds=TRUE
INFO [2022-09-03 01:15:56] subtracting mean(normal) per gene per cell across all data
INFO [2022-09-03 01:15:57] -subtracting expr per gene, use_bounds=TRUE
INFO [2022-09-03 01:16:38] 

	STEP 14: invert log2(FC) to FC

INFO [2022-09-03 01:16:38] invert_log2(), computing 2^x
INFO [2022-09-03 01:16:43] -mirroring for hspike
INFO [2022-09-03 01:16:43] invert_log2(), computing 2^x
INFO [2022-09-03 01:17:40] 

	STEP 15: Clustering samples (not defining tumor subclusters)

INFO [2022-09-03 01:17:40] define_signif_tumor_subclusters(p_val=0.1
INFO [2022-09-03 01:17:40] define_signif_tumor_subclusters(), tumor: CD70-/-
INFO [2022-09-03 01:25:00] cut tree into: 1 groups
INFO [2022-09-03 01:25:00] -processing CD70-/-,CD70-/-_s1
INFO [2022-09-03 01:25:00] define_signif_tumor_subclusters(), tumor: WT
INFO [2022-09-03 04:15:45] cut tree into: 1 groups
INFO [2022-09-03 04:15:45] -processing WT,WT_s1
INFO [2022-09-03 04:15:45] -mirroring for hspike
INFO [2022-09-03 04:15:45] define_signif_tumor_subclusters(p_val=0.1
INFO [2022-09-03 04:15:45] define_signif_tumor_subclusters(), tumor: spike_tumor_cell_WT
INFO [2022-09-03 04:15:46] cut tree into: 1 groups
INFO [2022-09-03 04:15:46] -processing spike_tumor_cell_WT,spike_tumor_cell_WT_s1
INFO [2022-09-03 04:15:46] define_signif_tumor_subclusters(), tumor: simnorm_cell_WT
INFO [2022-09-03 04:15:46] cut tree into: 1 groups
INFO [2022-09-03 04:15:46] -processing simnorm_cell_WT,simnorm_cell_WT_s1
INFO [2022-09-03 04:17:37] ::plot_cnv:Start
INFO [2022-09-03 04:17:37] ::plot_cnv:Current data dimensions (r,c)=4783,16881 Total=80815938.7855574 Min=0.685692675068299 Max=1.49964290418009.
INFO [2022-09-03 04:17:37] ::plot_cnv:Depending on the size of the matrix this may take a moment.
INFO [2022-09-03 04:19:00] plot_cnv(): auto thresholding at: (0.887018 , 1.114818)
INFO [2022-09-03 04:19:02] plot_cnv_observation:Start
INFO [2022-09-03 04:19:02] Observation data size: Cells= 3202 Genes= 4783
INFO [2022-09-03 04:19:02] plot_cnv_observation:Writing observation groupings/color.
INFO [2022-09-03 04:19:02] plot_cnv_observation:Done writing observation groupings/color.
INFO [2022-09-03 04:19:03] plot_cnv_observation:Writing observation heatmap thresholds.
INFO [2022-09-03 04:19:03] plot_cnv_observation:Done writing observation heatmap thresholds.
INFO [2022-09-03 04:19:06] Colors for breaks:  #00008B,#24249B,#4848AB,#6D6DBC,#9191CC,#B6B6DD,#DADAEE,#FFFFFF,#EEDADA,#DDB6B6,#CC9191,#BC6D6D,#AB4848,#9B2424,#8B0000
INFO [2022-09-03 04:19:06] Quantiles of plotted data range: 0.887017880557438,0.973328091988766,0.998803960020662,1.0261658362895,1.11481799043986
INFO [2022-09-03 04:19:09] plot_cnv_observations:Writing observation data to ./data/infercnv/inferCNV_out_new/cd70/Pool105_66//infercnv.preliminary.observations.txt
INFO [2022-09-03 04:19:25] plot_cnv_references:Start
INFO [2022-09-03 04:19:25] Reference data size: Cells= 13679 Genes= 4783
INFO [2022-09-03 07:09:50] plot_cnv_references:Number reference groups= 1
INFO [2022-09-03 07:09:51] plot_cnv_references:Plotting heatmap.
INFO [2022-09-03 07:10:06] Colors for breaks:  #00008B,#24249B,#4848AB,#6D6DBC,#9191CC,#B6B6DD,#DADAEE,#FFFFFF,#EEDADA,#DDB6B6,#CC9191,#BC6D6D,#AB4848,#9B2424,#8B0000
INFO [2022-09-03 07:10:06] Quantiles of plotted data range: 0.887017880557438,0.973032422379221,0.998812652886809,1.02631905636007,1.11481799043986
INFO [2022-09-03 07:10:12] plot_cnv_references:Writing reference data to ./data/infercnv/inferCNV_out_new/cd70/Pool105_66//infercnv.preliminary.references.txt
INFO [2022-09-03 07:11:19] 

	STEP 17: HMM-based CNV prediction

INFO [2022-09-03 07:11:19] predict_CNV_via_HMM_on_whole_tumor_samples
INFO [2022-09-03 07:11:22] -done predicting CNV based on initial tumor subclusters
INFO [2022-09-03 07:11:22] get_predicted_CNV_regions(subcluster)
INFO [2022-09-03 07:11:22] -processing cell_group_name: CD70-/-.CD70-/-_s1, size: 3202
INFO [2022-09-03 07:11:35] -processing cell_group_name: WT.WT_s1, size: 13679
INFO [2022-09-03 07:12:21] -writing cell clusters file: ./data/infercnv/inferCNV_out_new/cd70/Pool105_66//17_HMM_predHMMi6.hmm_mode-samples.cell_groupings
INFO [2022-09-03 07:12:21] -writing cnv regions file: ./data/infercnv/inferCNV_out_new/cd70/Pool105_66//17_HMM_predHMMi6.hmm_mode-samples.pred_cnv_regions.dat
INFO [2022-09-03 07:12:22] -writing per-gene cnv report: ./data/infercnv/inferCNV_out_new/cd70/Pool105_66//17_HMM_predHMMi6.hmm_mode-samples.pred_cnv_genes.dat
INFO [2022-09-03 07:12:22] -writing gene ordering info: ./data/infercnv/inferCNV_out_new/cd70/Pool105_66//17_HMM_predHMMi6.hmm_mode-samples.genes_used.dat
INFO [2022-09-03 07:12:39] ::plot_cnv:Start
INFO [2022-09-03 07:12:39] ::plot_cnv:Current data dimensions (r,c)=4783,16881 Total=242225469 Min=3 Max=3.
INFO [2022-09-03 07:12:39] ::plot_cnv:Depending on the size of the matrix this may take a moment.
INFO [2022-09-03 07:13:46] plot_cnv_observation:Start
INFO [2022-09-03 07:13:46] Observation data size: Cells= 3202 Genes= 4783
INFO [2022-09-03 07:13:46] plot_cnv_observation:Writing observation groupings/color.
INFO [2022-09-03 07:13:46] plot_cnv_observation:Done writing observation groupings/color.
INFO [2022-09-03 07:13:46] plot_cnv_observation:Writing observation heatmap thresholds.
INFO [2022-09-03 07:13:46] plot_cnv_observation:Done writing observation heatmap thresholds.
INFO [2022-09-03 07:13:49] Colors for breaks:  #00008B,#24249B,#4848AB,#6D6DBC,#9191CC,#B6B6DD,#DADAEE,#FFFFFF,#EEDADA,#DDB6B6,#CC9191,#BC6D6D,#AB4848,#9B2424,#8B0000
INFO [2022-09-03 07:13:49] Quantiles of plotted data range: 3,3,3,3,3
INFO [2022-09-03 07:13:52] plot_cnv_observations:Writing observation data to ./data/infercnv/inferCNV_out_new/cd70/Pool105_66//infercnv.17_HMM_predHMMi6.hmm_mode-samples.observations.txt
INFO [2022-09-03 07:14:04] plot_cnv_references:Start
INFO [2022-09-03 07:14:04] Reference data size: Cells= 13679 Genes= 4783
INFO [2022-09-03 10:05:12] plot_cnv_references:Number reference groups= 1
INFO [2022-09-03 10:05:13] plot_cnv_references:Plotting heatmap.
INFO [2022-09-03 10:05:27] Colors for breaks:  #00008B,#24249B,#4848AB,#6D6DBC,#9191CC,#B6B6DD,#DADAEE,#FFFFFF,#EEDADA,#DDB6B6,#CC9191,#BC6D6D,#AB4848,#9B2424,#8B0000
INFO [2022-09-03 10:05:27] Quantiles of plotted data range: 3,3,3,3,3
INFO [2022-09-03 10:05:32] plot_cnv_references:Writing reference data to ./data/infercnv/inferCNV_out_new/cd70/Pool105_66//infercnv.17_HMM_predHMMi6.hmm_mode-samples.references.txt
INFO [2022-09-03 10:06:33] 

	STEP 20: Converting HMM-based CNV states to repr expr vals

INFO [2022-09-03 10:06:53] ::plot_cnv:Start
INFO [2022-09-03 10:06:53] ::plot_cnv:Current data dimensions (r,c)=4783,16881 Total=80741823 Min=1 Max=1.
INFO [2022-09-03 10:06:54] ::plot_cnv:Depending on the size of the matrix this may take a moment.
INFO [2022-09-03 10:07:59] plot_cnv_observation:Start
INFO [2022-09-03 10:07:59] Observation data size: Cells= 3202 Genes= 4783
INFO [2022-09-03 10:08:00] plot_cnv_observation:Writing observation groupings/color.
INFO [2022-09-03 10:08:00] plot_cnv_observation:Done writing observation groupings/color.
INFO [2022-09-03 10:08:00] plot_cnv_observation:Writing observation heatmap thresholds.
INFO [2022-09-03 10:08:00] plot_cnv_observation:Done writing observation heatmap thresholds.
INFO [2022-09-03 10:08:03] Colors for breaks:  #00008B,#24249B,#4848AB,#6D6DBC,#9191CC,#B6B6DD,#DADAEE,#FFFFFF,#EEDADA,#DDB6B6,#CC9191,#BC6D6D,#AB4848,#9B2424,#8B0000
INFO [2022-09-03 10:08:03] Quantiles of plotted data range: 1,1,1,1,1
INFO [2022-09-03 10:08:06] plot_cnv_observations:Writing observation data to ./data/infercnv/inferCNV_out_new/cd70/Pool105_66//infercnv.20_HMM_predHMMi6.hmm_mode-samples.Pnorm_0.5.repr_intensities.observations.txt
INFO [2022-09-03 10:08:18] plot_cnv_references:Start
INFO [2022-09-03 10:08:18] Reference data size: Cells= 13679 Genes= 4783
INFO [2022-09-03 13:00:59] plot_cnv_references:Number reference groups= 1
INFO [2022-09-03 13:01:00] plot_cnv_references:Plotting heatmap.
INFO [2022-09-03 13:01:14] Colors for breaks:  #00008B,#24249B,#4848AB,#6D6DBC,#9191CC,#B6B6DD,#DADAEE,#FFFFFF,#EEDADA,#DDB6B6,#CC9191,#BC6D6D,#AB4848,#9B2424,#8B0000
INFO [2022-09-03 13:01:14] Quantiles of plotted data range: 1,1,1,1,1
INFO [2022-09-03 13:01:19] plot_cnv_references:Writing reference data to ./data/infercnv/inferCNV_out_new/cd70/Pool105_66//infercnv.20_HMM_predHMMi6.hmm_mode-samples.Pnorm_0.5.repr_intensities.references.txt
INFO [2022-09-03 13:02:13] 

	STEP 22: Denoising

INFO [2022-09-03 13:02:13] ::process_data:Remove noise, noise threshold defined via ref mean sd_amplifier:  1.5
INFO [2022-09-03 13:02:13] denoising using mean(normal) +- sd_amplifier * sd(normal) per gene per cell across all data
INFO [2022-09-03 13:02:15] :: **** clear_noise_via_ref_quantiles **** : removing noise between bounds:  0.938375924380873 - 1.0634136281732
INFO [2022-09-03 13:02:55] 

## Making the final infercnv heatmap ##
INFO [2022-09-03 13:02:56] ::plot_cnv:Start
INFO [2022-09-03 13:02:56] ::plot_cnv:Current data dimensions (r,c)=4783,16881 Total=80960019.5756111 Min=0.685692675068299 Max=1.49964290418009.
INFO [2022-09-03 13:02:57] ::plot_cnv:Depending on the size of the matrix this may take a moment.
INFO [2022-09-03 13:04:18] plot_cnv(): auto thresholding at: (0.885182 , 1.114818)
INFO [2022-09-03 13:04:20] plot_cnv_observation:Start
INFO [2022-09-03 13:04:20] Observation data size: Cells= 3202 Genes= 4783
INFO [2022-09-03 13:04:21] plot_cnv_observation:Writing observation groupings/color.
INFO [2022-09-03 13:04:21] plot_cnv_observation:Done writing observation groupings/color.
INFO [2022-09-03 13:04:21] plot_cnv_observation:Writing observation heatmap thresholds.
INFO [2022-09-03 13:04:21] plot_cnv_observation:Done writing observation heatmap thresholds.
INFO [2022-09-03 13:04:24] Colors for breaks:  #00008B,#24249B,#4848AB,#6D6DBC,#9191CC,#B6B6DD,#DADAEE,#FFFFFF,#EEDADA,#DDB6B6,#CC9191,#BC6D6D,#AB4848,#9B2424,#8B0000
INFO [2022-09-03 13:04:24] Quantiles of plotted data range: 0.885182009560137,1.00089477627704,1.00089477627704,1.00089477627704,1.11481799043986
INFO [2022-09-03 13:04:28] plot_cnv_observations:Writing observation data to ./data/infercnv/inferCNV_out_new/cd70/Pool105_66//infercnv.observations.txt
INFO [2022-09-03 13:04:43] plot_cnv_references:Start
INFO [2022-09-03 13:04:43] Reference data size: Cells= 13679 Genes= 4783
INFO [2022-09-03 15:57:05] plot_cnv_references:Number reference groups= 1
INFO [2022-09-03 15:57:06] plot_cnv_references:Plotting heatmap.
INFO [2022-09-03 15:57:20] Colors for breaks:  #00008B,#24249B,#4848AB,#6D6DBC,#9191CC,#B6B6DD,#DADAEE,#FFFFFF,#EEDADA,#DDB6B6,#CC9191,#BC6D6D,#AB4848,#9B2424,#8B0000
INFO [2022-09-03 15:57:20] Quantiles of plotted data range: 0.885182009560137,1.00089477627704,1.00089477627704,1.00089477627704,1.11481799043986
INFO [2022-09-03 15:57:26] plot_cnv_references:Writing reference data to ./data/infercnv/inferCNV_out_new/cd70/Pool105_66//infercnv.references.txt
