
CommandNotFoundError: Your shell has not been properly configured to use 'conda activate'.
To initialize your shell, run

    $ conda init <SHELL_NAME>

Currently supported shells are:
  - bash
  - fish
  - tcsh
  - xonsh
  - zsh
  - powershell

See 'conda init --help' for more information and options.

IMPORTANT: You may need to close and restart your shell after running 'conda init'.


[1] "/liulab/galib/mouse_scRNAseq_margaret/data/infercnv/inferCNV_out_new/cd70/sick"
Warning message:
package ‘rBCS’ was built under R version 4.1.3 
── Attaching packages ─────────────────────────────────────── tidyverse 1.3.1 ──
✔ ggplot2 3.3.6      ✔ purrr   0.3.4 
✔ tibble  3.1.8      ✔ dplyr   1.0.10
✔ tidyr   1.2.0      ✔ stringr 1.4.1 
✔ readr   2.1.2      ✔ forcats 0.5.1 
── Conflicts ────────────────────────────────────────── tidyverse_conflicts() ──
✖ dplyr::filter() masks stats::filter()
✖ dplyr::lag()    masks stats::lag()
Warning messages:
1: package ‘tidyverse’ was built under R version 4.1.3 
2: package ‘tidyr’ was built under R version 4.1.2 
3: package ‘readr’ was built under R version 4.1.2 
4: package ‘forcats’ was built under R version 4.1.3 
Attaching SeuratObject
Attaching sp
Warning message:
package ‘Seurat’ was built under R version 4.1.3 
here() starts at /liulab/galib/mouse_scRNAseq_margaret
Loading required package: usethis
Warning message:
package ‘ggpubr’ was built under R version 4.1.3 
Warning message:
package ‘infercnv’ was built under R version 4.1.3 
[1]  32285 176583
Rows: 55228 Columns: 4
── Column specification ────────────────────────────────────────────────────────
Delimiter: "\t"
chr (2): X1, X2
dbl (2): X3, X4

ℹ Use `spec()` to retrieve the full column specification for this data.
ℹ Specify the column types or set `show_col_types = FALSE` to quiet this message.
[1] 2
INFO [2022-10-23 02:42:45] Parsing gene order file: ./data/infercnv/gene_order_file.txt
INFO [2022-10-23 02:42:45] ::order_reduce:Start.
INFO [2022-10-23 02:42:52] .order_reduce(): expr and order match.
INFO [2022-10-23 02:43:31] ::process_data:order_reduce:Reduction from positional data, new dimensions (r,c) = 32285,176583 Total=901670571 Min=0 Max=21505.
INFO [2022-10-23 02:43:33] num genes removed taking into account provided gene ordering list: 1949 = 6.03685922254917% removed.
INFO [2022-10-23 02:43:34] -filtering out cells < 100 or > Inf, removing 0 % of cells
INFO [2022-10-23 02:43:42] validating infercnv_obj
INFO [2022-10-23 02:43:42] ::process_data:Start
INFO [2022-10-23 02:43:42] Creating output path ./data/infercnv/inferCNV_out_new/cd70/Pool105_81/
INFO [2022-10-23 02:43:42] Checking for saved results.
INFO [2022-10-23 02:43:42] 

	STEP 1: incoming data

INFO [2022-10-23 02:44:06] 

	STEP 02: Removing lowly expressed genes

INFO [2022-10-23 02:44:06] ::above_min_mean_expr_cutoff:Start
INFO [2022-10-23 02:44:07] Removing 25692 genes from matrix as below mean expr threshold: 0.1
INFO [2022-10-23 02:44:08] validating infercnv_obj
INFO [2022-10-23 02:44:08] There are 4644 genes and 17791 cells remaining in the expr matrix.
INFO [2022-10-23 02:44:13] no genes removed due to min cells/gene filter
INFO [2022-10-23 02:44:35] 

	STEP 03: normalization by sequencing depth

INFO [2022-10-23 02:44:35] normalizing counts matrix by depth
INFO [2022-10-23 02:44:41] Computed total sum normalization factor as median libsize: 3071.000000
INFO [2022-10-23 02:44:41] Adding h-spike
INFO [2022-10-23 02:44:41] -hspike modeling of WT
INFO [2022-10-23 02:45:35] validating infercnv_obj
INFO [2022-10-23 02:45:35] normalizing counts matrix by depth
INFO [2022-10-23 02:45:35] Using specified normalization factor: 3071.000000
INFO [2022-10-23 02:45:57] 

	STEP 04: log transformation of data

INFO [2022-10-23 02:45:57] transforming log2xplus1()
INFO [2022-10-23 02:46:01] -mirroring for hspike
INFO [2022-10-23 02:46:01] transforming log2xplus1()
INFO [2022-10-23 02:46:25] 

	STEP 08: removing average of reference data (before smoothing)

INFO [2022-10-23 02:46:25] ::subtract_ref_expr_from_obs:Start inv_log=FALSE, use_bounds=TRUE
INFO [2022-10-23 02:46:25] subtracting mean(normal) per gene per cell across all data
INFO [2022-10-23 02:46:29] -subtracting expr per gene, use_bounds=TRUE
INFO [2022-10-23 03:17:13] -mirroring for hspike
INFO [2022-10-23 03:17:13] ::subtract_ref_expr_from_obs:Start inv_log=FALSE, use_bounds=TRUE
INFO [2022-10-23 03:17:13] subtracting mean(normal) per gene per cell across all data
INFO [2022-10-23 03:17:16] -subtracting expr per gene, use_bounds=TRUE
INFO [2022-10-23 03:17:55] 

	STEP 09: apply max centered expression threshold: 3

INFO [2022-10-23 03:17:55] ::process_data:setting max centered expr, threshold set to: +/-:  3
INFO [2022-10-23 03:17:57] -mirroring for hspike
INFO [2022-10-23 03:17:57] ::process_data:setting max centered expr, threshold set to: +/-:  3
INFO [2022-10-23 03:18:35] 

	STEP 10: Smoothing data per cell by chromosome

INFO [2022-10-23 03:18:35] smooth_by_chromosome: chr: chr1
INFO [2022-10-23 03:18:48] smooth_by_chromosome: chr: chr10
INFO [2022-10-23 03:19:01] smooth_by_chromosome: chr: chr11
INFO [2022-10-23 03:19:16] smooth_by_chromosome: chr: chr12
INFO [2022-10-23 03:19:28] smooth_by_chromosome: chr: chr13
INFO [2022-10-23 03:19:41] smooth_by_chromosome: chr: chr14
INFO [2022-10-23 03:19:53] smooth_by_chromosome: chr: chr15
INFO [2022-10-23 03:20:06] smooth_by_chromosome: chr: chr16
INFO [2022-10-23 03:20:19] smooth_by_chromosome: chr: chr17
INFO [2022-10-23 03:20:31] smooth_by_chromosome: chr: chr18
INFO [2022-10-23 03:20:43] smooth_by_chromosome: chr: chr19
INFO [2022-10-23 03:20:54] smooth_by_chromosome: chr: chr2
INFO [2022-10-23 03:21:08] smooth_by_chromosome: chr: chr3
INFO [2022-10-23 03:21:21] smooth_by_chromosome: chr: chr4
INFO [2022-10-23 03:21:37] smooth_by_chromosome: chr: chr5
INFO [2022-10-23 03:21:54] smooth_by_chromosome: chr: chr6
INFO [2022-10-23 03:22:09] smooth_by_chromosome: chr: chr7
INFO [2022-10-23 03:22:24] smooth_by_chromosome: chr: chr8
INFO [2022-10-23 03:22:37] smooth_by_chromosome: chr: chr9
INFO [2022-10-23 03:22:50] -mirroring for hspike
INFO [2022-10-23 03:22:50] smooth_by_chromosome: chr: chrA
INFO [2022-10-23 03:22:51] smooth_by_chromosome: chr: chr_0
INFO [2022-10-23 03:22:51] smooth_by_chromosome: chr: chr_B
INFO [2022-10-23 03:22:51] smooth_by_chromosome: chr: chr_0pt5
INFO [2022-10-23 03:22:51] smooth_by_chromosome: chr: chr_C
INFO [2022-10-23 03:22:51] smooth_by_chromosome: chr: chr_1pt5
INFO [2022-10-23 03:22:51] smooth_by_chromosome: chr: chr_D
INFO [2022-10-23 03:22:52] smooth_by_chromosome: chr: chr_2pt0
INFO [2022-10-23 03:22:52] smooth_by_chromosome: chr: chr_E
INFO [2022-10-23 03:22:52] smooth_by_chromosome: chr: chr_3pt0
INFO [2022-10-23 03:22:52] smooth_by_chromosome: chr: chr_F
INFO [2022-10-23 03:23:30] 

	STEP 11: re-centering data across chromosome after smoothing

INFO [2022-10-23 03:23:30] ::center_smooth across chromosomes per cell
INFO [2022-10-23 03:23:45] -mirroring for hspike
INFO [2022-10-23 03:23:45] ::center_smooth across chromosomes per cell
INFO [2022-10-23 03:24:24] 

	STEP 12: removing average of reference data (after smoothing)

INFO [2022-10-23 03:24:24] ::subtract_ref_expr_from_obs:Start inv_log=FALSE, use_bounds=TRUE
INFO [2022-10-23 03:24:24] subtracting mean(normal) per gene per cell across all data
INFO [2022-10-23 03:24:28] -subtracting expr per gene, use_bounds=TRUE
INFO [2022-10-23 03:24:35] -mirroring for hspike
INFO [2022-10-23 03:24:35] ::subtract_ref_expr_from_obs:Start inv_log=FALSE, use_bounds=TRUE
INFO [2022-10-23 03:24:35] subtracting mean(normal) per gene per cell across all data
INFO [2022-10-23 03:24:36] -subtracting expr per gene, use_bounds=TRUE
INFO [2022-10-23 03:25:15] 

	STEP 14: invert log2(FC) to FC

INFO [2022-10-23 03:25:15] invert_log2(), computing 2^x
INFO [2022-10-23 03:25:20] -mirroring for hspike
INFO [2022-10-23 03:25:20] invert_log2(), computing 2^x
INFO [2022-10-23 03:26:15] 

	STEP 15: Clustering samples (not defining tumor subclusters)

INFO [2022-10-23 03:26:15] define_signif_tumor_subclusters(p_val=0.1
INFO [2022-10-23 03:26:15] define_signif_tumor_subclusters(), tumor: CD70-/-
INFO [2022-10-23 03:27:45] cut tree into: 1 groups
INFO [2022-10-23 03:27:45] -processing CD70-/-,CD70-/-_s1
INFO [2022-10-23 03:27:45] define_signif_tumor_subclusters(), tumor: WT
INFO [2022-10-23 07:22:49] cut tree into: 1 groups
INFO [2022-10-23 07:22:49] -processing WT,WT_s1
INFO [2022-10-23 07:22:49] -mirroring for hspike
INFO [2022-10-23 07:22:49] define_signif_tumor_subclusters(p_val=0.1
INFO [2022-10-23 07:22:49] define_signif_tumor_subclusters(), tumor: spike_tumor_cell_WT
INFO [2022-10-23 07:22:49] cut tree into: 1 groups
INFO [2022-10-23 07:22:49] -processing spike_tumor_cell_WT,spike_tumor_cell_WT_s1
INFO [2022-10-23 07:22:49] define_signif_tumor_subclusters(), tumor: simnorm_cell_WT
INFO [2022-10-23 07:22:49] cut tree into: 1 groups
INFO [2022-10-23 07:22:49] -processing simnorm_cell_WT,simnorm_cell_WT_s1
INFO [2022-10-23 07:24:40] ::plot_cnv:Start
INFO [2022-10-23 07:24:40] ::plot_cnv:Current data dimensions (r,c)=4644,17791 Total=82693624.3121979 Min=0.623974656288878 Max=1.49290266902535.
INFO [2022-10-23 07:24:40] ::plot_cnv:Depending on the size of the matrix this may take a moment.
INFO [2022-10-23 07:26:04] plot_cnv(): auto thresholding at: (0.888746 , 1.113002)
INFO [2022-10-23 07:26:08] plot_cnv_observation:Start
INFO [2022-10-23 07:26:08] Observation data size: Cells= 1657 Genes= 4644
INFO [2022-10-23 07:26:09] plot_cnv_observation:Writing observation groupings/color.
INFO [2022-10-23 07:26:09] plot_cnv_observation:Done writing observation groupings/color.
INFO [2022-10-23 07:26:09] plot_cnv_observation:Writing observation heatmap thresholds.
INFO [2022-10-23 07:26:09] plot_cnv_observation:Done writing observation heatmap thresholds.
INFO [2022-10-23 07:26:11] Colors for breaks:  #00008B,#24249B,#4848AB,#6D6DBC,#9191CC,#B6B6DD,#DADAEE,#FFFFFF,#EEDADA,#DDB6B6,#CC9191,#BC6D6D,#AB4848,#9B2424,#8B0000
INFO [2022-10-23 07:26:11] Quantiles of plotted data range: 0.888746202195496,0.973760522889819,0.998821490556071,1.02557296770484,1.11300202063059
INFO [2022-10-23 07:26:13] plot_cnv_observations:Writing observation data to ./data/infercnv/inferCNV_out_new/cd70/Pool105_81//infercnv.preliminary.observations.txt
INFO [2022-10-23 07:26:21] plot_cnv_references:Start
INFO [2022-10-23 07:26:21] Reference data size: Cells= 16134 Genes= 4644
INFO [2022-10-23 11:33:20] plot_cnv_references:Number reference groups= 1
INFO [2022-10-23 11:33:21] plot_cnv_references:Plotting heatmap.
INFO [2022-10-23 11:33:40] Colors for breaks:  #00008B,#24249B,#4848AB,#6D6DBC,#9191CC,#B6B6DD,#DADAEE,#FFFFFF,#EEDADA,#DDB6B6,#CC9191,#BC6D6D,#AB4848,#9B2424,#8B0000
INFO [2022-10-23 11:33:40] Quantiles of plotted data range: 0.888746202195496,0.97306423904203,0.998839784435865,1.02639387191864,1.11300202063059
INFO [2022-10-23 11:33:48] plot_cnv_references:Writing reference data to ./data/infercnv/inferCNV_out_new/cd70/Pool105_81//infercnv.preliminary.references.txt
INFO [2022-10-23 11:35:08] 

	STEP 17: HMM-based CNV prediction

INFO [2022-10-23 11:35:08] predict_CNV_via_HMM_on_whole_tumor_samples
INFO [2022-10-23 11:35:11] -done predicting CNV based on initial tumor subclusters
INFO [2022-10-23 11:35:11] get_predicted_CNV_regions(subcluster)
INFO [2022-10-23 11:35:11] -processing cell_group_name: CD70-/-.CD70-/-_s1, size: 1657
INFO [2022-10-23 11:35:20] -processing cell_group_name: WT.WT_s1, size: 16134
INFO [2022-10-23 11:36:15] -writing cell clusters file: ./data/infercnv/inferCNV_out_new/cd70/Pool105_81//17_HMM_predHMMi6.hmm_mode-samples.cell_groupings
INFO [2022-10-23 11:36:15] -writing cnv regions file: ./data/infercnv/inferCNV_out_new/cd70/Pool105_81//17_HMM_predHMMi6.hmm_mode-samples.pred_cnv_regions.dat
INFO [2022-10-23 11:36:15] -writing per-gene cnv report: ./data/infercnv/inferCNV_out_new/cd70/Pool105_81//17_HMM_predHMMi6.hmm_mode-samples.pred_cnv_genes.dat
INFO [2022-10-23 11:36:15] -writing gene ordering info: ./data/infercnv/inferCNV_out_new/cd70/Pool105_81//17_HMM_predHMMi6.hmm_mode-samples.genes_used.dat
INFO [2022-10-23 11:36:33] ::plot_cnv:Start
INFO [2022-10-23 11:36:33] ::plot_cnv:Current data dimensions (r,c)=4644,17791 Total=247864212 Min=3 Max=3.
INFO [2022-10-23 11:36:34] ::plot_cnv:Depending on the size of the matrix this may take a moment.
INFO [2022-10-23 11:37:45] plot_cnv_observation:Start
INFO [2022-10-23 11:37:45] Observation data size: Cells= 1657 Genes= 4644
INFO [2022-10-23 11:37:45] plot_cnv_observation:Writing observation groupings/color.
INFO [2022-10-23 11:37:45] plot_cnv_observation:Done writing observation groupings/color.
INFO [2022-10-23 11:37:45] plot_cnv_observation:Writing observation heatmap thresholds.
INFO [2022-10-23 11:37:45] plot_cnv_observation:Done writing observation heatmap thresholds.
INFO [2022-10-23 11:37:47] Colors for breaks:  #00008B,#24249B,#4848AB,#6D6DBC,#9191CC,#B6B6DD,#DADAEE,#FFFFFF,#EEDADA,#DDB6B6,#CC9191,#BC6D6D,#AB4848,#9B2424,#8B0000
INFO [2022-10-23 11:37:47] Quantiles of plotted data range: 3,3,3,3,3
INFO [2022-10-23 11:37:48] plot_cnv_observations:Writing observation data to ./data/infercnv/inferCNV_out_new/cd70/Pool105_81//infercnv.17_HMM_predHMMi6.hmm_mode-samples.observations.txt
INFO [2022-10-23 11:37:54] plot_cnv_references:Start
INFO [2022-10-23 11:37:54] Reference data size: Cells= 16134 Genes= 4644
INFO [2022-10-23 15:41:10] plot_cnv_references:Number reference groups= 1
INFO [2022-10-23 15:41:10] plot_cnv_references:Plotting heatmap.
INFO [2022-10-23 15:41:27] Colors for breaks:  #00008B,#24249B,#4848AB,#6D6DBC,#9191CC,#B6B6DD,#DADAEE,#FFFFFF,#EEDADA,#DDB6B6,#CC9191,#BC6D6D,#AB4848,#9B2424,#8B0000
INFO [2022-10-23 15:41:27] Quantiles of plotted data range: 3,3,3,3,3
INFO [2022-10-23 15:41:34] plot_cnv_references:Writing reference data to ./data/infercnv/inferCNV_out_new/cd70/Pool105_81//infercnv.17_HMM_predHMMi6.hmm_mode-samples.references.txt
INFO [2022-10-23 15:42:50] 

	STEP 20: Converting HMM-based CNV states to repr expr vals

INFO [2022-10-23 15:43:11] ::plot_cnv:Start
INFO [2022-10-23 15:43:11] ::plot_cnv:Current data dimensions (r,c)=4644,17791 Total=82621404 Min=1 Max=1.
INFO [2022-10-23 15:43:12] ::plot_cnv:Depending on the size of the matrix this may take a moment.
INFO [2022-10-23 15:44:21] plot_cnv_observation:Start
INFO [2022-10-23 15:44:21] Observation data size: Cells= 1657 Genes= 4644
INFO [2022-10-23 15:44:21] plot_cnv_observation:Writing observation groupings/color.
INFO [2022-10-23 15:44:21] plot_cnv_observation:Done writing observation groupings/color.
INFO [2022-10-23 15:44:21] plot_cnv_observation:Writing observation heatmap thresholds.
INFO [2022-10-23 15:44:21] plot_cnv_observation:Done writing observation heatmap thresholds.
INFO [2022-10-23 15:44:22] Colors for breaks:  #00008B,#24249B,#4848AB,#6D6DBC,#9191CC,#B6B6DD,#DADAEE,#FFFFFF,#EEDADA,#DDB6B6,#CC9191,#BC6D6D,#AB4848,#9B2424,#8B0000
INFO [2022-10-23 15:44:22] Quantiles of plotted data range: 1,1,1,1,1
INFO [2022-10-23 15:44:24] plot_cnv_observations:Writing observation data to ./data/infercnv/inferCNV_out_new/cd70/Pool105_81//infercnv.20_HMM_predHMMi6.hmm_mode-samples.Pnorm_0.5.repr_intensities.observations.txt
INFO [2022-10-23 15:44:30] plot_cnv_references:Start
INFO [2022-10-23 15:44:30] Reference data size: Cells= 16134 Genes= 4644
INFO [2022-10-23 19:40:27] plot_cnv_references:Number reference groups= 1
INFO [2022-10-23 19:40:28] plot_cnv_references:Plotting heatmap.
INFO [2022-10-23 19:40:47] Colors for breaks:  #00008B,#24249B,#4848AB,#6D6DBC,#9191CC,#B6B6DD,#DADAEE,#FFFFFF,#EEDADA,#DDB6B6,#CC9191,#BC6D6D,#AB4848,#9B2424,#8B0000
INFO [2022-10-23 19:40:47] Quantiles of plotted data range: 1,1,1,1,1
INFO [2022-10-23 19:40:54] plot_cnv_references:Writing reference data to ./data/infercnv/inferCNV_out_new/cd70/Pool105_81//infercnv.20_HMM_predHMMi6.hmm_mode-samples.Pnorm_0.5.repr_intensities.references.txt
INFO [2022-10-23 19:42:01] 

	STEP 22: Denoising

INFO [2022-10-23 19:42:01] ::process_data:Remove noise, noise threshold defined via ref mean sd_amplifier:  1.5
INFO [2022-10-23 19:42:01] denoising using mean(normal) +- sd_amplifier * sd(normal) per gene per cell across all data
INFO [2022-10-23 19:42:04] :: **** clear_noise_via_ref_quantiles **** : removing noise between bounds:  0.938698337576778 - 1.06306945895474
INFO [2022-10-23 19:42:45] 

## Making the final infercnv heatmap ##
INFO [2022-10-23 19:42:45] ::plot_cnv:Start
INFO [2022-10-23 19:42:45] ::plot_cnv:Current data dimensions (r,c)=4644,17791 Total=82835702.0841835 Min=0.623974656288878 Max=1.49290266902535.
INFO [2022-10-23 19:42:47] ::plot_cnv:Depending on the size of the matrix this may take a moment.
INFO [2022-10-23 19:44:04] plot_cnv(): auto thresholding at: (0.886998 , 1.113002)
INFO [2022-10-23 19:44:06] plot_cnv_observation:Start
INFO [2022-10-23 19:44:06] Observation data size: Cells= 1657 Genes= 4644
INFO [2022-10-23 19:44:06] plot_cnv_observation:Writing observation groupings/color.
INFO [2022-10-23 19:44:06] plot_cnv_observation:Done writing observation groupings/color.
INFO [2022-10-23 19:44:06] plot_cnv_observation:Writing observation heatmap thresholds.
INFO [2022-10-23 19:44:06] plot_cnv_observation:Done writing observation heatmap thresholds.
INFO [2022-10-23 19:44:08] Colors for breaks:  #00008B,#24249B,#4848AB,#6D6DBC,#9191CC,#B6B6DD,#DADAEE,#FFFFFF,#EEDADA,#DDB6B6,#CC9191,#BC6D6D,#AB4848,#9B2424,#8B0000
INFO [2022-10-23 19:44:08] Quantiles of plotted data range: 0.886997979369415,1.00088389826576,1.00088389826576,1.00088389826576,1.11300202063059
INFO [2022-10-23 19:44:09] plot_cnv_observations:Writing observation data to ./data/infercnv/inferCNV_out_new/cd70/Pool105_81//infercnv.observations.txt
INFO [2022-10-23 19:44:16] plot_cnv_references:Start
INFO [2022-10-23 19:44:16] Reference data size: Cells= 16134 Genes= 4644
INFO [2022-10-23 23:52:41] plot_cnv_references:Number reference groups= 1
INFO [2022-10-23 23:52:42] plot_cnv_references:Plotting heatmap.
INFO [2022-10-23 23:52:57] Colors for breaks:  #00008B,#24249B,#4848AB,#6D6DBC,#9191CC,#B6B6DD,#DADAEE,#FFFFFF,#EEDADA,#DDB6B6,#CC9191,#BC6D6D,#AB4848,#9B2424,#8B0000
INFO [2022-10-23 23:52:57] Quantiles of plotted data range: 0.886997979369415,1.00088389826576,1.00088389826576,1.00088389826576,1.11300202063059
INFO [2022-10-23 23:53:05] plot_cnv_references:Writing reference data to ./data/infercnv/inferCNV_out_new/cd70/Pool105_81//infercnv.references.txt
