[1] "/liulab/galib/mouse_scRNAseq_margaret/data/infercnv/inferCNV_out_new/cd70/6mos"
Warning message:
package ‘rBCS’ was built under R version 4.1.3 
── Attaching packages ─────────────────────────────────────── tidyverse 1.3.1 ──
✔ ggplot2 3.3.6     ✔ purrr   0.3.4
✔ tibble  3.1.7     ✔ dplyr   1.0.9
✔ tidyr   1.2.0     ✔ stringr 1.4.0
✔ readr   2.1.2     ✔ forcats 0.5.1
── Conflicts ────────────────────────────────────────── tidyverse_conflicts() ──
✖ dplyr::filter() masks stats::filter()
✖ dplyr::lag()    masks stats::lag()
Warning messages:
1: package ‘tidyverse’ was built under R version 4.1.3 
2: package ‘ggplot2’ was built under R version 4.1.3 
3: package ‘tibble’ was built under R version 4.1.3 
4: package ‘tidyr’ was built under R version 4.1.2 
5: package ‘readr’ was built under R version 4.1.2 
6: package ‘dplyr’ was built under R version 4.1.3 
7: package ‘forcats’ was built under R version 4.1.3 
Attaching SeuratObject
Attaching sp
Warning message:
package ‘Seurat’ was built under R version 4.1.3 
here() starts at /liulab/galib/mouse_scRNAseq_margaret
Loading required package: usethis
Warning message:
package ‘ggpubr’ was built under R version 4.1.3 
Warning message:
package ‘infercnv’ was built under R version 4.1.3 
[1]  32285 176583
Rows: 55228 Columns: 4
── Column specification ────────────────────────────────────────────────────────
Delimiter: "\t"
chr (2): X1, X2
dbl (2): X3, X4

ℹ Use `spec()` to retrieve the full column specification for this data.
ℹ Specify the column types or set `show_col_types = FALSE` to quiet this message.
[1] 6
INFO [2022-09-02 03:00:26] Parsing gene order file: ./data/infercnv/gene_order_file.txt
INFO [2022-09-02 03:00:26] ::order_reduce:Start.
INFO [2022-09-02 03:00:33] .order_reduce(): expr and order match.
INFO [2022-09-02 03:01:05] ::process_data:order_reduce:Reduction from positional data, new dimensions (r,c) = 32285,176583 Total=901670571 Min=0 Max=21505.
INFO [2022-09-02 03:01:07] num genes removed taking into account provided gene ordering list: 1949 = 6.03685922254917% removed.
INFO [2022-09-02 03:01:08] -filtering out cells < 100 or > Inf, removing 0 % of cells
INFO [2022-09-02 03:01:15] validating infercnv_obj
INFO [2022-09-02 03:01:15] ::process_data:Start
INFO [2022-09-02 03:01:15] Creating output path ./data/infercnv/inferCNV_out_new/cd70/Pool105_9/
INFO [2022-09-02 03:01:15] Checking for saved results.
INFO [2022-09-02 03:01:15] 

	STEP 1: incoming data

INFO [2022-09-02 03:01:40] 

	STEP 02: Removing lowly expressed genes

INFO [2022-09-02 03:01:40] ::above_min_mean_expr_cutoff:Start
INFO [2022-09-02 03:01:41] Removing 25631 genes from matrix as below mean expr threshold: 0.1
INFO [2022-09-02 03:01:41] validating infercnv_obj
INFO [2022-09-02 03:01:41] There are 4705 genes and 17143 cells remaining in the expr matrix.
INFO [2022-09-02 03:01:46] no genes removed due to min cells/gene filter
INFO [2022-09-02 03:02:10] 

	STEP 03: normalization by sequencing depth

INFO [2022-09-02 03:02:10] normalizing counts matrix by depth
INFO [2022-09-02 03:02:15] Computed total sum normalization factor as median libsize: 3037.000000
INFO [2022-09-02 03:02:15] Adding h-spike
INFO [2022-09-02 03:02:15] -hspike modeling of WT
INFO [2022-09-02 03:03:09] validating infercnv_obj
INFO [2022-09-02 03:03:09] normalizing counts matrix by depth
INFO [2022-09-02 03:03:09] Using specified normalization factor: 3037.000000
INFO [2022-09-02 03:03:32] 

	STEP 04: log transformation of data

INFO [2022-09-02 03:03:32] transforming log2xplus1()
INFO [2022-09-02 03:03:36] -mirroring for hspike
INFO [2022-09-02 03:03:36] transforming log2xplus1()
INFO [2022-09-02 03:04:01] 

	STEP 08: removing average of reference data (before smoothing)

INFO [2022-09-02 03:04:01] ::subtract_ref_expr_from_obs:Start inv_log=FALSE, use_bounds=TRUE
INFO [2022-09-02 03:04:01] subtracting mean(normal) per gene per cell across all data
INFO [2022-09-02 03:04:06] -subtracting expr per gene, use_bounds=TRUE
INFO [2022-09-02 03:30:46] -mirroring for hspike
INFO [2022-09-02 03:30:46] ::subtract_ref_expr_from_obs:Start inv_log=FALSE, use_bounds=TRUE
INFO [2022-09-02 03:30:46] subtracting mean(normal) per gene per cell across all data
INFO [2022-09-02 03:30:48] -subtracting expr per gene, use_bounds=TRUE
INFO [2022-09-02 03:31:27] 

	STEP 09: apply max centered expression threshold: 3

INFO [2022-09-02 03:31:27] ::process_data:setting max centered expr, threshold set to: +/-:  3
INFO [2022-09-02 03:31:29] -mirroring for hspike
INFO [2022-09-02 03:31:29] ::process_data:setting max centered expr, threshold set to: +/-:  3
INFO [2022-09-02 03:32:08] 

	STEP 10: Smoothing data per cell by chromosome

INFO [2022-09-02 03:32:08] smooth_by_chromosome: chr: chr1
INFO [2022-09-02 03:32:21] smooth_by_chromosome: chr: chr10
INFO [2022-09-02 03:32:34] smooth_by_chromosome: chr: chr11
INFO [2022-09-02 03:32:49] smooth_by_chromosome: chr: chr12
INFO [2022-09-02 03:33:01] smooth_by_chromosome: chr: chr13
INFO [2022-09-02 03:33:13] smooth_by_chromosome: chr: chr14
INFO [2022-09-02 03:33:26] smooth_by_chromosome: chr: chr15
INFO [2022-09-02 03:33:38] smooth_by_chromosome: chr: chr16
INFO [2022-09-02 03:33:51] smooth_by_chromosome: chr: chr17
INFO [2022-09-02 03:34:05] smooth_by_chromosome: chr: chr18
INFO [2022-09-02 03:34:17] smooth_by_chromosome: chr: chr19
INFO [2022-09-02 03:34:29] smooth_by_chromosome: chr: chr2
INFO [2022-09-02 03:34:43] smooth_by_chromosome: chr: chr3
INFO [2022-09-02 03:34:56] smooth_by_chromosome: chr: chr4
INFO [2022-09-02 03:35:09] smooth_by_chromosome: chr: chr5
INFO [2022-09-02 03:35:23] smooth_by_chromosome: chr: chr6
INFO [2022-09-02 03:35:37] smooth_by_chromosome: chr: chr7
INFO [2022-09-02 03:35:52] smooth_by_chromosome: chr: chr8
INFO [2022-09-02 03:36:05] smooth_by_chromosome: chr: chr9
INFO [2022-09-02 03:36:19] -mirroring for hspike
INFO [2022-09-02 03:36:19] smooth_by_chromosome: chr: chrA
INFO [2022-09-02 03:36:19] smooth_by_chromosome: chr: chr_0
INFO [2022-09-02 03:36:20] smooth_by_chromosome: chr: chr_B
INFO [2022-09-02 03:36:20] smooth_by_chromosome: chr: chr_0pt5
INFO [2022-09-02 03:36:20] smooth_by_chromosome: chr: chr_C
INFO [2022-09-02 03:36:20] smooth_by_chromosome: chr: chr_1pt5
INFO [2022-09-02 03:36:20] smooth_by_chromosome: chr: chr_D
INFO [2022-09-02 03:36:20] smooth_by_chromosome: chr: chr_2pt0
INFO [2022-09-02 03:36:21] smooth_by_chromosome: chr: chr_E
INFO [2022-09-02 03:36:21] smooth_by_chromosome: chr: chr_3pt0
INFO [2022-09-02 03:36:21] smooth_by_chromosome: chr: chr_F
INFO [2022-09-02 03:36:59] 

	STEP 11: re-centering data across chromosome after smoothing

INFO [2022-09-02 03:36:59] ::center_smooth across chromosomes per cell
INFO [2022-09-02 03:37:12] -mirroring for hspike
INFO [2022-09-02 03:37:12] ::center_smooth across chromosomes per cell
INFO [2022-09-02 03:37:50] 

	STEP 12: removing average of reference data (after smoothing)

INFO [2022-09-02 03:37:50] ::subtract_ref_expr_from_obs:Start inv_log=FALSE, use_bounds=TRUE
INFO [2022-09-02 03:37:50] subtracting mean(normal) per gene per cell across all data
INFO [2022-09-02 03:37:55] -subtracting expr per gene, use_bounds=TRUE
INFO [2022-09-02 03:38:00] -mirroring for hspike
INFO [2022-09-02 03:38:00] ::subtract_ref_expr_from_obs:Start inv_log=FALSE, use_bounds=TRUE
INFO [2022-09-02 03:38:00] subtracting mean(normal) per gene per cell across all data
INFO [2022-09-02 03:38:01] -subtracting expr per gene, use_bounds=TRUE
INFO [2022-09-02 03:38:40] 

	STEP 14: invert log2(FC) to FC

INFO [2022-09-02 03:38:40] invert_log2(), computing 2^x
INFO [2022-09-02 03:38:45] -mirroring for hspike
INFO [2022-09-02 03:38:45] invert_log2(), computing 2^x
INFO [2022-09-02 03:39:40] 

	STEP 15: Clustering samples (not defining tumor subclusters)

INFO [2022-09-02 03:39:40] define_signif_tumor_subclusters(p_val=0.1
INFO [2022-09-02 03:39:40] define_signif_tumor_subclusters(), tumor: CD70-/-
INFO [2022-09-02 03:43:40] cut tree into: 1 groups
INFO [2022-09-02 03:43:40] -processing CD70-/-,CD70-/-_s1
INFO [2022-09-02 03:43:40] define_signif_tumor_subclusters(), tumor: WT
INFO [2022-09-02 06:46:59] cut tree into: 1 groups
INFO [2022-09-02 06:46:59] -processing WT,WT_s1
INFO [2022-09-02 06:46:59] -mirroring for hspike
INFO [2022-09-02 06:46:59] define_signif_tumor_subclusters(p_val=0.1
INFO [2022-09-02 06:46:59] define_signif_tumor_subclusters(), tumor: spike_tumor_cell_WT
INFO [2022-09-02 06:46:59] cut tree into: 1 groups
INFO [2022-09-02 06:46:59] -processing spike_tumor_cell_WT,spike_tumor_cell_WT_s1
INFO [2022-09-02 06:46:59] define_signif_tumor_subclusters(), tumor: simnorm_cell_WT
INFO [2022-09-02 06:47:00] cut tree into: 1 groups
INFO [2022-09-02 06:47:00] -processing simnorm_cell_WT,simnorm_cell_WT_s1
INFO [2022-09-02 06:48:50] ::plot_cnv:Start
INFO [2022-09-02 06:48:50] ::plot_cnv:Current data dimensions (r,c)=4705,17143 Total=80729333.744622 Min=0.641999548978154 Max=1.4844803639403.
INFO [2022-09-02 06:48:50] ::plot_cnv:Depending on the size of the matrix this may take a moment.
INFO [2022-09-02 06:50:10] plot_cnv(): auto thresholding at: (0.889657 , 1.112116)
INFO [2022-09-02 06:50:15] plot_cnv_observation:Start
INFO [2022-09-02 06:50:15] Observation data size: Cells= 2732 Genes= 4705
INFO [2022-09-02 06:50:15] plot_cnv_observation:Writing observation groupings/color.
INFO [2022-09-02 06:50:15] plot_cnv_observation:Done writing observation groupings/color.
INFO [2022-09-02 06:50:15] plot_cnv_observation:Writing observation heatmap thresholds.
INFO [2022-09-02 06:50:15] plot_cnv_observation:Done writing observation heatmap thresholds.
INFO [2022-09-02 06:50:18] Colors for breaks:  #00008B,#24249B,#4848AB,#6D6DBC,#9191CC,#B6B6DD,#DADAEE,#FFFFFF,#EEDADA,#DDB6B6,#CC9191,#BC6D6D,#AB4848,#9B2424,#8B0000
INFO [2022-09-02 06:50:18] Quantiles of plotted data range: 0.889657162195471,0.972740206903221,0.998904259189521,1.02691340353442,1.11211622441615
INFO [2022-09-02 06:50:22] plot_cnv_observations:Writing observation data to ./data/infercnv/inferCNV_out_new/cd70/Pool105_9//infercnv.preliminary.observations.txt
INFO [2022-09-02 06:50:37] plot_cnv_references:Start
INFO [2022-09-02 06:50:37] Reference data size: Cells= 14411 Genes= 4705
INFO [2022-09-02 09:59:39] plot_cnv_references:Number reference groups= 1
INFO [2022-09-02 09:59:40] plot_cnv_references:Plotting heatmap.
INFO [2022-09-02 09:59:55] Colors for breaks:  #00008B,#24249B,#4848AB,#6D6DBC,#9191CC,#B6B6DD,#DADAEE,#FFFFFF,#EEDADA,#DDB6B6,#CC9191,#BC6D6D,#AB4848,#9B2424,#8B0000
INFO [2022-09-02 09:59:55] Quantiles of plotted data range: 0.889657162195471,0.973321219431215,0.998919030128529,1.02614888398475,1.11211622441615
INFO [2022-09-02 10:00:02] plot_cnv_references:Writing reference data to ./data/infercnv/inferCNV_out_new/cd70/Pool105_9//infercnv.preliminary.references.txt
INFO [2022-09-02 10:01:10] 

	STEP 17: HMM-based CNV prediction

INFO [2022-09-02 10:01:10] predict_CNV_via_HMM_on_whole_tumor_samples
INFO [2022-09-02 10:01:13] -done predicting CNV based on initial tumor subclusters
INFO [2022-09-02 10:01:13] get_predicted_CNV_regions(subcluster)
INFO [2022-09-02 10:01:13] -processing cell_group_name: CD70-/-.CD70-/-_s1, size: 2732
INFO [2022-09-02 10:01:26] -processing cell_group_name: WT.WT_s1, size: 14411
INFO [2022-09-02 10:02:17] -writing cell clusters file: ./data/infercnv/inferCNV_out_new/cd70/Pool105_9//17_HMM_predHMMi6.hmm_mode-samples.cell_groupings
INFO [2022-09-02 10:02:17] -writing cnv regions file: ./data/infercnv/inferCNV_out_new/cd70/Pool105_9//17_HMM_predHMMi6.hmm_mode-samples.pred_cnv_regions.dat
INFO [2022-09-02 10:02:18] -writing per-gene cnv report: ./data/infercnv/inferCNV_out_new/cd70/Pool105_9//17_HMM_predHMMi6.hmm_mode-samples.pred_cnv_genes.dat
INFO [2022-09-02 10:02:18] -writing gene ordering info: ./data/infercnv/inferCNV_out_new/cd70/Pool105_9//17_HMM_predHMMi6.hmm_mode-samples.genes_used.dat
INFO [2022-09-02 10:02:35] ::plot_cnv:Start
INFO [2022-09-02 10:02:35] ::plot_cnv:Current data dimensions (r,c)=4705,17143 Total=241973445 Min=3 Max=3.
INFO [2022-09-02 10:02:36] ::plot_cnv:Depending on the size of the matrix this may take a moment.
INFO [2022-09-02 10:03:44] plot_cnv_observation:Start
INFO [2022-09-02 10:03:44] Observation data size: Cells= 2732 Genes= 4705
INFO [2022-09-02 10:03:45] plot_cnv_observation:Writing observation groupings/color.
INFO [2022-09-02 10:03:45] plot_cnv_observation:Done writing observation groupings/color.
INFO [2022-09-02 10:03:45] plot_cnv_observation:Writing observation heatmap thresholds.
INFO [2022-09-02 10:03:45] plot_cnv_observation:Done writing observation heatmap thresholds.
INFO [2022-09-02 10:03:48] Colors for breaks:  #00008B,#24249B,#4848AB,#6D6DBC,#9191CC,#B6B6DD,#DADAEE,#FFFFFF,#EEDADA,#DDB6B6,#CC9191,#BC6D6D,#AB4848,#9B2424,#8B0000
INFO [2022-09-02 10:03:48] Quantiles of plotted data range: 3,3,3,3,3
INFO [2022-09-02 10:03:50] plot_cnv_observations:Writing observation data to ./data/infercnv/inferCNV_out_new/cd70/Pool105_9//infercnv.17_HMM_predHMMi6.hmm_mode-samples.observations.txt
INFO [2022-09-02 10:04:01] plot_cnv_references:Start
INFO [2022-09-02 10:04:01] Reference data size: Cells= 14411 Genes= 4705
INFO [2022-09-02 13:11:28] plot_cnv_references:Number reference groups= 1
INFO [2022-09-02 13:11:29] plot_cnv_references:Plotting heatmap.
INFO [2022-09-02 13:11:44] Colors for breaks:  #00008B,#24249B,#4848AB,#6D6DBC,#9191CC,#B6B6DD,#DADAEE,#FFFFFF,#EEDADA,#DDB6B6,#CC9191,#BC6D6D,#AB4848,#9B2424,#8B0000
INFO [2022-09-02 13:11:44] Quantiles of plotted data range: 3,3,3,3,3
INFO [2022-09-02 13:11:50] plot_cnv_references:Writing reference data to ./data/infercnv/inferCNV_out_new/cd70/Pool105_9//infercnv.17_HMM_predHMMi6.hmm_mode-samples.references.txt
INFO [2022-09-02 13:12:53] 

	STEP 20: Converting HMM-based CNV states to repr expr vals

INFO [2022-09-02 13:13:13] ::plot_cnv:Start
INFO [2022-09-02 13:13:13] ::plot_cnv:Current data dimensions (r,c)=4705,17143 Total=80657815 Min=1 Max=1.
INFO [2022-09-02 13:13:14] ::plot_cnv:Depending on the size of the matrix this may take a moment.
INFO [2022-09-02 13:14:20] plot_cnv_observation:Start
INFO [2022-09-02 13:14:20] Observation data size: Cells= 2732 Genes= 4705
INFO [2022-09-02 13:14:20] plot_cnv_observation:Writing observation groupings/color.
INFO [2022-09-02 13:14:20] plot_cnv_observation:Done writing observation groupings/color.
INFO [2022-09-02 13:14:20] plot_cnv_observation:Writing observation heatmap thresholds.
INFO [2022-09-02 13:14:20] plot_cnv_observation:Done writing observation heatmap thresholds.
INFO [2022-09-02 13:14:23] Colors for breaks:  #00008B,#24249B,#4848AB,#6D6DBC,#9191CC,#B6B6DD,#DADAEE,#FFFFFF,#EEDADA,#DDB6B6,#CC9191,#BC6D6D,#AB4848,#9B2424,#8B0000
INFO [2022-09-02 13:14:23] Quantiles of plotted data range: 1,1,1,1,1
INFO [2022-09-02 13:14:25] plot_cnv_observations:Writing observation data to ./data/infercnv/inferCNV_out_new/cd70/Pool105_9//infercnv.20_HMM_predHMMi6.hmm_mode-samples.Pnorm_0.5.repr_intensities.observations.txt
INFO [2022-09-02 13:14:35] plot_cnv_references:Start
INFO [2022-09-02 13:14:35] Reference data size: Cells= 14411 Genes= 4705
INFO [2022-09-02 16:19:48] plot_cnv_references:Number reference groups= 1
INFO [2022-09-02 16:19:49] plot_cnv_references:Plotting heatmap.
INFO [2022-09-02 16:20:04] Colors for breaks:  #00008B,#24249B,#4848AB,#6D6DBC,#9191CC,#B6B6DD,#DADAEE,#FFFFFF,#EEDADA,#DDB6B6,#CC9191,#BC6D6D,#AB4848,#9B2424,#8B0000
INFO [2022-09-02 16:20:04] Quantiles of plotted data range: 1,1,1,1,1
INFO [2022-09-02 16:20:09] plot_cnv_references:Writing reference data to ./data/infercnv/inferCNV_out_new/cd70/Pool105_9//infercnv.20_HMM_predHMMi6.hmm_mode-samples.Pnorm_0.5.repr_intensities.references.txt
INFO [2022-09-02 16:21:05] 

	STEP 22: Denoising

INFO [2022-09-02 16:21:05] ::process_data:Remove noise, noise threshold defined via ref mean sd_amplifier:  1.5
INFO [2022-09-02 16:21:05] denoising using mean(normal) +- sd_amplifier * sd(normal) per gene per cell across all data
INFO [2022-09-02 16:21:08] :: **** clear_noise_via_ref_quantiles **** : removing noise between bounds:  0.939498351086183 - 1.06221716687361
INFO [2022-09-02 16:21:47] 

## Making the final infercnv heatmap ##
INFO [2022-09-02 16:21:48] ::plot_cnv:Start
INFO [2022-09-02 16:21:48] ::plot_cnv:Current data dimensions (r,c)=4705,17143 Total=80863138.669025 Min=0.641999548978154 Max=1.4844803639403.
INFO [2022-09-02 16:21:49] ::plot_cnv:Depending on the size of the matrix this may take a moment.
INFO [2022-09-02 16:23:04] plot_cnv(): auto thresholding at: (0.887884 , 1.112116)
INFO [2022-09-02 16:23:06] plot_cnv_observation:Start
INFO [2022-09-02 16:23:06] Observation data size: Cells= 2732 Genes= 4705
INFO [2022-09-02 16:23:07] plot_cnv_observation:Writing observation groupings/color.
INFO [2022-09-02 16:23:07] plot_cnv_observation:Done writing observation groupings/color.
INFO [2022-09-02 16:23:07] plot_cnv_observation:Writing observation heatmap thresholds.
INFO [2022-09-02 16:23:07] plot_cnv_observation:Done writing observation heatmap thresholds.
INFO [2022-09-02 16:23:09] Colors for breaks:  #00008B,#24249B,#4848AB,#6D6DBC,#9191CC,#B6B6DD,#DADAEE,#FFFFFF,#EEDADA,#DDB6B6,#CC9191,#BC6D6D,#AB4848,#9B2424,#8B0000
INFO [2022-09-02 16:23:09] Quantiles of plotted data range: 0.887883775583845,1.0008577589799,1.0008577589799,1.0008577589799,1.11211622441615
INFO [2022-09-02 16:23:12] plot_cnv_observations:Writing observation data to ./data/infercnv/inferCNV_out_new/cd70/Pool105_9//infercnv.observations.txt
INFO [2022-09-02 16:23:24] plot_cnv_references:Start
INFO [2022-09-02 16:23:24] Reference data size: Cells= 14411 Genes= 4705
INFO [2022-09-02 19:31:49] plot_cnv_references:Number reference groups= 1
INFO [2022-09-02 19:31:50] plot_cnv_references:Plotting heatmap.
INFO [2022-09-02 19:32:05] Colors for breaks:  #00008B,#24249B,#4848AB,#6D6DBC,#9191CC,#B6B6DD,#DADAEE,#FFFFFF,#EEDADA,#DDB6B6,#CC9191,#BC6D6D,#AB4848,#9B2424,#8B0000
INFO [2022-09-02 19:32:05] Quantiles of plotted data range: 0.887883775583845,1.0008577589799,1.0008577589799,1.0008577589799,1.11211622441615
INFO [2022-09-02 19:32:11] plot_cnv_references:Writing reference data to ./data/infercnv/inferCNV_out_new/cd70/Pool105_9//infercnv.references.txt
