[1] "/liulab/galib/mouse_scRNAseq_margaret/data/infercnv/inferCNV_out_new/cd70/14mos"
Warning message:
package ‘rBCS’ was built under R version 4.1.3 
── Attaching packages ─────────────────────────────────────── tidyverse 1.3.1 ──
✔ ggplot2 3.3.6     ✔ purrr   0.3.4
✔ tibble  3.1.7     ✔ dplyr   1.0.9
✔ tidyr   1.2.0     ✔ stringr 1.4.0
✔ readr   2.1.2     ✔ forcats 0.5.1
── Conflicts ────────────────────────────────────────── tidyverse_conflicts() ──
✖ dplyr::filter() masks stats::filter()
✖ dplyr::lag()    masks stats::lag()
Warning messages:
1: package ‘tidyverse’ was built under R version 4.1.3 
2: package ‘ggplot2’ was built under R version 4.1.3 
3: package ‘tibble’ was built under R version 4.1.3 
4: package ‘tidyr’ was built under R version 4.1.2 
5: package ‘readr’ was built under R version 4.1.2 
6: package ‘dplyr’ was built under R version 4.1.3 
7: package ‘forcats’ was built under R version 4.1.3 
Attaching SeuratObject
Attaching sp
Warning message:
package ‘Seurat’ was built under R version 4.1.3 
here() starts at /liulab/galib/mouse_scRNAseq_margaret
Loading required package: usethis
Warning message:
package ‘ggpubr’ was built under R version 4.1.3 
Warning message:
package ‘infercnv’ was built under R version 4.1.3 
[1]  32285 176583
Rows: 55228 Columns: 4
── Column specification ────────────────────────────────────────────────────────
Delimiter: "\t"
chr (2): X1, X2
dbl (2): X3, X4

ℹ Use `spec()` to retrieve the full column specification for this data.
ℹ Specify the column types or set `show_col_types = FALSE` to quiet this message.
[1] 6
INFO [2022-09-02 19:49:32] Parsing gene order file: ./data/infercnv/gene_order_file.txt
INFO [2022-09-02 19:49:32] ::order_reduce:Start.
INFO [2022-09-02 19:49:39] .order_reduce(): expr and order match.
INFO [2022-09-02 19:50:13] ::process_data:order_reduce:Reduction from positional data, new dimensions (r,c) = 32285,176583 Total=901670571 Min=0 Max=21505.
INFO [2022-09-02 19:50:15] num genes removed taking into account provided gene ordering list: 1949 = 6.03685922254917% removed.
INFO [2022-09-02 19:50:16] -filtering out cells < 100 or > Inf, removing 0 % of cells
INFO [2022-09-02 19:50:24] validating infercnv_obj
INFO [2022-09-02 19:50:24] ::process_data:Start
INFO [2022-09-02 19:50:24] Creating output path ./data/infercnv/inferCNV_out_new/cd70/Pool105_44/
INFO [2022-09-02 19:50:24] Checking for saved results.
INFO [2022-09-02 19:50:24] 

	STEP 1: incoming data

INFO [2022-09-02 19:50:48] 

	STEP 02: Removing lowly expressed genes

INFO [2022-09-02 19:50:48] ::above_min_mean_expr_cutoff:Start
INFO [2022-09-02 19:50:49] Removing 25771 genes from matrix as below mean expr threshold: 0.1
INFO [2022-09-02 19:50:50] validating infercnv_obj
INFO [2022-09-02 19:50:50] There are 4565 genes and 17630 cells remaining in the expr matrix.
INFO [2022-09-02 19:50:55] no genes removed due to min cells/gene filter
INFO [2022-09-02 19:51:18] 

	STEP 03: normalization by sequencing depth

INFO [2022-09-02 19:51:18] normalizing counts matrix by depth
INFO [2022-09-02 19:51:23] Computed total sum normalization factor as median libsize: 3024.000000
INFO [2022-09-02 19:51:23] Adding h-spike
INFO [2022-09-02 19:51:23] -hspike modeling of WT
INFO [2022-09-02 19:52:19] validating infercnv_obj
INFO [2022-09-02 19:52:19] normalizing counts matrix by depth
INFO [2022-09-02 19:52:19] Using specified normalization factor: 3024.000000
INFO [2022-09-02 19:52:42] 

	STEP 04: log transformation of data

INFO [2022-09-02 19:52:42] transforming log2xplus1()
INFO [2022-09-02 19:52:45] -mirroring for hspike
INFO [2022-09-02 19:52:45] transforming log2xplus1()
INFO [2022-09-02 19:53:09] 

	STEP 08: removing average of reference data (before smoothing)

INFO [2022-09-02 19:53:09] ::subtract_ref_expr_from_obs:Start inv_log=FALSE, use_bounds=TRUE
INFO [2022-09-02 19:53:09] subtracting mean(normal) per gene per cell across all data
INFO [2022-09-02 19:53:14] -subtracting expr per gene, use_bounds=TRUE
INFO [2022-09-02 20:21:14] -mirroring for hspike
INFO [2022-09-02 20:21:14] ::subtract_ref_expr_from_obs:Start inv_log=FALSE, use_bounds=TRUE
INFO [2022-09-02 20:21:14] subtracting mean(normal) per gene per cell across all data
INFO [2022-09-02 20:21:15] -subtracting expr per gene, use_bounds=TRUE
INFO [2022-09-02 20:21:55] 

	STEP 09: apply max centered expression threshold: 3

INFO [2022-09-02 20:21:55] ::process_data:setting max centered expr, threshold set to: +/-:  3
INFO [2022-09-02 20:21:56] -mirroring for hspike
INFO [2022-09-02 20:21:56] ::process_data:setting max centered expr, threshold set to: +/-:  3
INFO [2022-09-02 20:22:35] 

	STEP 10: Smoothing data per cell by chromosome

INFO [2022-09-02 20:22:35] smooth_by_chromosome: chr: chr1
INFO [2022-09-02 20:22:49] smooth_by_chromosome: chr: chr10
INFO [2022-09-02 20:23:02] smooth_by_chromosome: chr: chr11
INFO [2022-09-02 20:23:17] smooth_by_chromosome: chr: chr12
INFO [2022-09-02 20:23:29] smooth_by_chromosome: chr: chr13
INFO [2022-09-02 20:23:42] smooth_by_chromosome: chr: chr14
INFO [2022-09-02 20:23:54] smooth_by_chromosome: chr: chr15
INFO [2022-09-02 20:24:07] smooth_by_chromosome: chr: chr16
INFO [2022-09-02 20:24:20] smooth_by_chromosome: chr: chr17
INFO [2022-09-02 20:24:34] smooth_by_chromosome: chr: chr18
INFO [2022-09-02 20:24:47] smooth_by_chromosome: chr: chr19
INFO [2022-09-02 20:24:59] smooth_by_chromosome: chr: chr2
INFO [2022-09-02 20:25:13] smooth_by_chromosome: chr: chr3
INFO [2022-09-02 20:25:26] smooth_by_chromosome: chr: chr4
INFO [2022-09-02 20:25:40] smooth_by_chromosome: chr: chr5
INFO [2022-09-02 20:25:54] smooth_by_chromosome: chr: chr6
INFO [2022-09-02 20:26:08] smooth_by_chromosome: chr: chr7
INFO [2022-09-02 20:26:23] smooth_by_chromosome: chr: chr8
INFO [2022-09-02 20:26:37] smooth_by_chromosome: chr: chr9
INFO [2022-09-02 20:26:51] -mirroring for hspike
INFO [2022-09-02 20:26:51] smooth_by_chromosome: chr: chrA
INFO [2022-09-02 20:26:52] smooth_by_chromosome: chr: chr_0
INFO [2022-09-02 20:26:52] smooth_by_chromosome: chr: chr_B
INFO [2022-09-02 20:26:52] smooth_by_chromosome: chr: chr_0pt5
INFO [2022-09-02 20:26:52] smooth_by_chromosome: chr: chr_C
INFO [2022-09-02 20:26:52] smooth_by_chromosome: chr: chr_1pt5
INFO [2022-09-02 20:26:52] smooth_by_chromosome: chr: chr_D
INFO [2022-09-02 20:26:53] smooth_by_chromosome: chr: chr_2pt0
INFO [2022-09-02 20:26:53] smooth_by_chromosome: chr: chr_E
INFO [2022-09-02 20:26:53] smooth_by_chromosome: chr: chr_3pt0
INFO [2022-09-02 20:26:53] smooth_by_chromosome: chr: chr_F
INFO [2022-09-02 20:27:32] 

	STEP 11: re-centering data across chromosome after smoothing

INFO [2022-09-02 20:27:32] ::center_smooth across chromosomes per cell
INFO [2022-09-02 20:27:44] -mirroring for hspike
INFO [2022-09-02 20:27:44] ::center_smooth across chromosomes per cell
INFO [2022-09-02 20:28:23] 

	STEP 12: removing average of reference data (after smoothing)

INFO [2022-09-02 20:28:23] ::subtract_ref_expr_from_obs:Start inv_log=FALSE, use_bounds=TRUE
INFO [2022-09-02 20:28:23] subtracting mean(normal) per gene per cell across all data
INFO [2022-09-02 20:28:28] -subtracting expr per gene, use_bounds=TRUE
INFO [2022-09-02 20:28:34] -mirroring for hspike
INFO [2022-09-02 20:28:34] ::subtract_ref_expr_from_obs:Start inv_log=FALSE, use_bounds=TRUE
INFO [2022-09-02 20:28:34] subtracting mean(normal) per gene per cell across all data
INFO [2022-09-02 20:28:35] -subtracting expr per gene, use_bounds=TRUE
INFO [2022-09-02 20:29:14] 

	STEP 14: invert log2(FC) to FC

INFO [2022-09-02 20:29:14] invert_log2(), computing 2^x
INFO [2022-09-02 20:29:18] -mirroring for hspike
INFO [2022-09-02 20:29:18] invert_log2(), computing 2^x
INFO [2022-09-02 20:30:13] 

	STEP 15: Clustering samples (not defining tumor subclusters)

INFO [2022-09-02 20:30:13] define_signif_tumor_subclusters(p_val=0.1
INFO [2022-09-02 20:30:13] define_signif_tumor_subclusters(), tumor: CD70-/-
INFO [2022-09-02 20:31:06] cut tree into: 1 groups
INFO [2022-09-02 20:31:06] -processing CD70-/-,CD70-/-_s1
INFO [2022-09-02 20:31:06] define_signif_tumor_subclusters(), tumor: WT
INFO [2022-09-03 00:33:45] cut tree into: 1 groups
INFO [2022-09-03 00:33:45] -processing WT,WT_s1
INFO [2022-09-03 00:33:45] -mirroring for hspike
INFO [2022-09-03 00:33:45] define_signif_tumor_subclusters(p_val=0.1
INFO [2022-09-03 00:33:45] define_signif_tumor_subclusters(), tumor: spike_tumor_cell_WT
INFO [2022-09-03 00:33:45] cut tree into: 1 groups
INFO [2022-09-03 00:33:45] -processing spike_tumor_cell_WT,spike_tumor_cell_WT_s1
INFO [2022-09-03 00:33:45] define_signif_tumor_subclusters(), tumor: simnorm_cell_WT
INFO [2022-09-03 00:33:45] cut tree into: 1 groups
INFO [2022-09-03 00:33:45] -processing simnorm_cell_WT,simnorm_cell_WT_s1
INFO [2022-09-03 00:35:36] ::plot_cnv:Start
INFO [2022-09-03 00:35:36] ::plot_cnv:Current data dimensions (r,c)=4565,17630 Total=80551415.0403427 Min=0.663625979133949 Max=1.4935090837369.
INFO [2022-09-03 00:35:37] ::plot_cnv:Depending on the size of the matrix this may take a moment.
INFO [2022-09-03 00:36:59] plot_cnv(): auto thresholding at: (0.888772 , 1.112979)
INFO [2022-09-03 00:37:01] plot_cnv_observation:Start
INFO [2022-09-03 00:37:01] Observation data size: Cells= 1496 Genes= 4565
INFO [2022-09-03 00:37:01] plot_cnv_observation:Writing observation groupings/color.
INFO [2022-09-03 00:37:01] plot_cnv_observation:Done writing observation groupings/color.
INFO [2022-09-03 00:37:01] plot_cnv_observation:Writing observation heatmap thresholds.
INFO [2022-09-03 00:37:02] plot_cnv_observation:Done writing observation heatmap thresholds.
INFO [2022-09-03 00:37:03] Colors for breaks:  #00008B,#24249B,#4848AB,#6D6DBC,#9191CC,#B6B6DD,#DADAEE,#FFFFFF,#EEDADA,#DDB6B6,#CC9191,#BC6D6D,#AB4848,#9B2424,#8B0000
INFO [2022-09-03 00:37:03] Quantiles of plotted data range: 0.888771659858437,0.972707000340136,0.998842445532291,1.02662139771541,1.1129794387641
INFO [2022-09-03 00:37:05] plot_cnv_observations:Writing observation data to ./data/infercnv/inferCNV_out_new/cd70/Pool105_44//infercnv.preliminary.observations.txt
INFO [2022-09-03 00:37:12] plot_cnv_references:Start
INFO [2022-09-03 00:37:12] Reference data size: Cells= 16134 Genes= 4565
INFO [2022-09-03 05:02:51] plot_cnv_references:Number reference groups= 1
INFO [2022-09-03 05:02:52] plot_cnv_references:Plotting heatmap.
INFO [2022-09-03 05:03:10] Colors for breaks:  #00008B,#24249B,#4848AB,#6D6DBC,#9191CC,#B6B6DD,#DADAEE,#FFFFFF,#EEDADA,#DDB6B6,#CC9191,#BC6D6D,#AB4848,#9B2424,#8B0000
INFO [2022-09-03 05:03:10] Quantiles of plotted data range: 0.888771659858437,0.973093574625964,0.998853425064287,1.02638539774707,1.1129794387641
INFO [2022-09-03 05:03:18] plot_cnv_references:Writing reference data to ./data/infercnv/inferCNV_out_new/cd70/Pool105_44//infercnv.preliminary.references.txt
INFO [2022-09-03 05:04:33] 

	STEP 17: HMM-based CNV prediction

INFO [2022-09-03 05:04:33] predict_CNV_via_HMM_on_whole_tumor_samples
INFO [2022-09-03 05:04:36] -done predicting CNV based on initial tumor subclusters
INFO [2022-09-03 05:04:36] get_predicted_CNV_regions(subcluster)
INFO [2022-09-03 05:04:36] -processing cell_group_name: CD70-/-.CD70-/-_s1, size: 1496
INFO [2022-09-03 05:04:44] -processing cell_group_name: WT.WT_s1, size: 16134
INFO [2022-09-03 05:05:36] -writing cell clusters file: ./data/infercnv/inferCNV_out_new/cd70/Pool105_44//17_HMM_predHMMi6.hmm_mode-samples.cell_groupings
INFO [2022-09-03 05:05:36] -writing cnv regions file: ./data/infercnv/inferCNV_out_new/cd70/Pool105_44//17_HMM_predHMMi6.hmm_mode-samples.pred_cnv_regions.dat
INFO [2022-09-03 05:05:36] -writing per-gene cnv report: ./data/infercnv/inferCNV_out_new/cd70/Pool105_44//17_HMM_predHMMi6.hmm_mode-samples.pred_cnv_genes.dat
INFO [2022-09-03 05:05:36] -writing gene ordering info: ./data/infercnv/inferCNV_out_new/cd70/Pool105_44//17_HMM_predHMMi6.hmm_mode-samples.genes_used.dat
INFO [2022-09-03 05:05:54] ::plot_cnv:Start
INFO [2022-09-03 05:05:54] ::plot_cnv:Current data dimensions (r,c)=4565,17630 Total=241442850 Min=3 Max=3.
INFO [2022-09-03 05:05:55] ::plot_cnv:Depending on the size of the matrix this may take a moment.
INFO [2022-09-03 05:07:03] plot_cnv_observation:Start
INFO [2022-09-03 05:07:03] Observation data size: Cells= 1496 Genes= 4565
INFO [2022-09-03 05:07:04] plot_cnv_observation:Writing observation groupings/color.
INFO [2022-09-03 05:07:04] plot_cnv_observation:Done writing observation groupings/color.
INFO [2022-09-03 05:07:04] plot_cnv_observation:Writing observation heatmap thresholds.
INFO [2022-09-03 05:07:04] plot_cnv_observation:Done writing observation heatmap thresholds.
INFO [2022-09-03 05:07:05] Colors for breaks:  #00008B,#24249B,#4848AB,#6D6DBC,#9191CC,#B6B6DD,#DADAEE,#FFFFFF,#EEDADA,#DDB6B6,#CC9191,#BC6D6D,#AB4848,#9B2424,#8B0000
INFO [2022-09-03 05:07:05] Quantiles of plotted data range: 3,3,3,3,3
INFO [2022-09-03 05:07:07] plot_cnv_observations:Writing observation data to ./data/infercnv/inferCNV_out_new/cd70/Pool105_44//infercnv.17_HMM_predHMMi6.hmm_mode-samples.observations.txt
INFO [2022-09-03 05:07:13] plot_cnv_references:Start
INFO [2022-09-03 05:07:13] Reference data size: Cells= 16134 Genes= 4565
INFO [2022-09-03 09:24:56] plot_cnv_references:Number reference groups= 1
INFO [2022-09-03 09:24:57] plot_cnv_references:Plotting heatmap.
INFO [2022-09-03 09:25:14] Colors for breaks:  #00008B,#24249B,#4848AB,#6D6DBC,#9191CC,#B6B6DD,#DADAEE,#FFFFFF,#EEDADA,#DDB6B6,#CC9191,#BC6D6D,#AB4848,#9B2424,#8B0000
INFO [2022-09-03 09:25:14] Quantiles of plotted data range: 3,3,3,3,3
INFO [2022-09-03 09:25:20] plot_cnv_references:Writing reference data to ./data/infercnv/inferCNV_out_new/cd70/Pool105_44//infercnv.17_HMM_predHMMi6.hmm_mode-samples.references.txt
INFO [2022-09-03 09:26:29] 

	STEP 20: Converting HMM-based CNV states to repr expr vals

INFO [2022-09-03 09:26:50] ::plot_cnv:Start
INFO [2022-09-03 09:26:50] ::plot_cnv:Current data dimensions (r,c)=4565,17630 Total=80480950 Min=1 Max=1.
INFO [2022-09-03 09:26:51] ::plot_cnv:Depending on the size of the matrix this may take a moment.
INFO [2022-09-03 09:27:57] plot_cnv_observation:Start
INFO [2022-09-03 09:27:57] Observation data size: Cells= 1496 Genes= 4565
INFO [2022-09-03 09:27:57] plot_cnv_observation:Writing observation groupings/color.
INFO [2022-09-03 09:27:57] plot_cnv_observation:Done writing observation groupings/color.
INFO [2022-09-03 09:27:57] plot_cnv_observation:Writing observation heatmap thresholds.
INFO [2022-09-03 09:27:57] plot_cnv_observation:Done writing observation heatmap thresholds.
INFO [2022-09-03 09:27:58] Colors for breaks:  #00008B,#24249B,#4848AB,#6D6DBC,#9191CC,#B6B6DD,#DADAEE,#FFFFFF,#EEDADA,#DDB6B6,#CC9191,#BC6D6D,#AB4848,#9B2424,#8B0000
INFO [2022-09-03 09:27:58] Quantiles of plotted data range: 1,1,1,1,1
INFO [2022-09-03 09:28:00] plot_cnv_observations:Writing observation data to ./data/infercnv/inferCNV_out_new/cd70/Pool105_44//infercnv.20_HMM_predHMMi6.hmm_mode-samples.Pnorm_0.5.repr_intensities.observations.txt
INFO [2022-09-03 09:28:05] plot_cnv_references:Start
INFO [2022-09-03 09:28:05] Reference data size: Cells= 16134 Genes= 4565
INFO [2022-09-03 13:35:15] plot_cnv_references:Number reference groups= 1
INFO [2022-09-03 13:35:16] plot_cnv_references:Plotting heatmap.
INFO [2022-09-03 13:35:36] Colors for breaks:  #00008B,#24249B,#4848AB,#6D6DBC,#9191CC,#B6B6DD,#DADAEE,#FFFFFF,#EEDADA,#DDB6B6,#CC9191,#BC6D6D,#AB4848,#9B2424,#8B0000
INFO [2022-09-03 13:35:36] Quantiles of plotted data range: 1,1,1,1,1
INFO [2022-09-03 13:35:44] plot_cnv_references:Writing reference data to ./data/infercnv/inferCNV_out_new/cd70/Pool105_44//infercnv.20_HMM_predHMMi6.hmm_mode-samples.Pnorm_0.5.repr_intensities.references.txt
INFO [2022-09-03 13:36:45] 

	STEP 22: Denoising

INFO [2022-09-03 13:36:45] ::process_data:Remove noise, noise threshold defined via ref mean sd_amplifier:  1.5
INFO [2022-09-03 13:36:45] denoising using mean(normal) +- sd_amplifier * sd(normal) per gene per cell across all data
INFO [2022-09-03 13:36:48] :: **** clear_noise_via_ref_quantiles **** : removing noise between bounds:  0.938784497703264 - 1.06297933099498
INFO [2022-09-03 13:37:29] 

## Making the final infercnv heatmap ##
INFO [2022-09-03 13:37:30] ::plot_cnv:Start
INFO [2022-09-03 13:37:30] ::plot_cnv:Current data dimensions (r,c)=4565,17630 Total=80688476.386622 Min=0.663625979133949 Max=1.4935090837369.
INFO [2022-09-03 13:37:30] ::plot_cnv:Depending on the size of the matrix this may take a moment.
INFO [2022-09-03 13:38:47] plot_cnv(): auto thresholding at: (0.887021 , 1.112979)
INFO [2022-09-03 13:38:50] plot_cnv_observation:Start
INFO [2022-09-03 13:38:50] Observation data size: Cells= 1496 Genes= 4565
INFO [2022-09-03 13:38:50] plot_cnv_observation:Writing observation groupings/color.
INFO [2022-09-03 13:38:50] plot_cnv_observation:Done writing observation groupings/color.
INFO [2022-09-03 13:38:50] plot_cnv_observation:Writing observation heatmap thresholds.
INFO [2022-09-03 13:38:50] plot_cnv_observation:Done writing observation heatmap thresholds.
INFO [2022-09-03 13:38:52] Colors for breaks:  #00008B,#24249B,#4848AB,#6D6DBC,#9191CC,#B6B6DD,#DADAEE,#FFFFFF,#EEDADA,#DDB6B6,#CC9191,#BC6D6D,#AB4848,#9B2424,#8B0000
INFO [2022-09-03 13:38:52] Quantiles of plotted data range: 0.887020561235901,1.00088191434912,1.00088191434912,1.00088191434912,1.1129794387641
INFO [2022-09-03 13:38:53] plot_cnv_observations:Writing observation data to ./data/infercnv/inferCNV_out_new/cd70/Pool105_44//infercnv.observations.txt
INFO [2022-09-03 13:39:00] plot_cnv_references:Start
INFO [2022-09-03 13:39:00] Reference data size: Cells= 16134 Genes= 4565
INFO [2022-09-03 18:18:06] plot_cnv_references:Number reference groups= 1
INFO [2022-09-03 18:18:07] plot_cnv_references:Plotting heatmap.
INFO [2022-09-03 18:18:24] Colors for breaks:  #00008B,#24249B,#4848AB,#6D6DBC,#9191CC,#B6B6DD,#DADAEE,#FFFFFF,#EEDADA,#DDB6B6,#CC9191,#BC6D6D,#AB4848,#9B2424,#8B0000
INFO [2022-09-03 18:18:24] Quantiles of plotted data range: 0.887020561235901,1.00088191434912,1.00088191434912,1.00088191434912,1.1129794387641
INFO [2022-09-03 18:18:31] plot_cnv_references:Writing reference data to ./data/infercnv/inferCNV_out_new/cd70/Pool105_44//infercnv.references.txt
