[1] "/liulab/galib/mouse_scRNAseq_margaret/data/infercnv/inferCNV_out_new/cd70/6mos"
Warning message:
package ‘rBCS’ was built under R version 4.1.3 
── Attaching packages ─────────────────────────────────────── tidyverse 1.3.1 ──
✔ ggplot2 3.3.6     ✔ purrr   0.3.4
✔ tibble  3.1.7     ✔ dplyr   1.0.9
✔ tidyr   1.2.0     ✔ stringr 1.4.0
✔ readr   2.1.2     ✔ forcats 0.5.1
── Conflicts ────────────────────────────────────────── tidyverse_conflicts() ──
✖ dplyr::filter() masks stats::filter()
✖ dplyr::lag()    masks stats::lag()
Warning messages:
1: package ‘tidyverse’ was built under R version 4.1.3 
2: package ‘ggplot2’ was built under R version 4.1.3 
3: package ‘tibble’ was built under R version 4.1.3 
4: package ‘tidyr’ was built under R version 4.1.2 
5: package ‘readr’ was built under R version 4.1.2 
6: package ‘dplyr’ was built under R version 4.1.3 
7: package ‘forcats’ was built under R version 4.1.3 
Attaching SeuratObject
Attaching sp
Warning message:
package ‘Seurat’ was built under R version 4.1.3 
here() starts at /liulab/galib/mouse_scRNAseq_margaret
Loading required package: usethis
Warning message:
package ‘ggpubr’ was built under R version 4.1.3 
Warning message:
package ‘infercnv’ was built under R version 4.1.3 
[1]  32285 176583
Rows: 55228 Columns: 4
── Column specification ────────────────────────────────────────────────────────
Delimiter: "\t"
chr (2): X1, X2
dbl (2): X3, X4

ℹ Use `spec()` to retrieve the full column specification for this data.
ℹ Specify the column types or set `show_col_types = FALSE` to quiet this message.
[1] 6
INFO [2022-09-02 03:01:33] Parsing gene order file: ./data/infercnv/gene_order_file.txt
INFO [2022-09-02 03:01:34] ::order_reduce:Start.
INFO [2022-09-02 03:01:40] .order_reduce(): expr and order match.
INFO [2022-09-02 03:02:13] ::process_data:order_reduce:Reduction from positional data, new dimensions (r,c) = 32285,176583 Total=901670571 Min=0 Max=21505.
INFO [2022-09-02 03:02:15] num genes removed taking into account provided gene ordering list: 1949 = 6.03685922254917% removed.
INFO [2022-09-02 03:02:16] -filtering out cells < 100 or > Inf, removing 0 % of cells
INFO [2022-09-02 03:02:24] validating infercnv_obj
INFO [2022-09-02 03:02:24] ::process_data:Start
INFO [2022-09-02 03:02:24] Creating output path ./data/infercnv/inferCNV_out_new/cd70/Pool105_12/
INFO [2022-09-02 03:02:24] Checking for saved results.
INFO [2022-09-02 03:02:24] 

	STEP 1: incoming data

INFO [2022-09-02 03:02:49] 

	STEP 02: Removing lowly expressed genes

INFO [2022-09-02 03:02:49] ::above_min_mean_expr_cutoff:Start
INFO [2022-09-02 03:02:50] Removing 25715 genes from matrix as below mean expr threshold: 0.1
INFO [2022-09-02 03:02:51] validating infercnv_obj
INFO [2022-09-02 03:02:51] There are 4621 genes and 18472 cells remaining in the expr matrix.
INFO [2022-09-02 03:02:56] no genes removed due to min cells/gene filter
INFO [2022-09-02 03:03:20] 

	STEP 03: normalization by sequencing depth

INFO [2022-09-02 03:03:20] normalizing counts matrix by depth
INFO [2022-09-02 03:03:25] Computed total sum normalization factor as median libsize: 2931.000000
INFO [2022-09-02 03:03:25] Adding h-spike
INFO [2022-09-02 03:03:25] -hspike modeling of WT
INFO [2022-09-02 03:04:22] validating infercnv_obj
INFO [2022-09-02 03:04:22] normalizing counts matrix by depth
INFO [2022-09-02 03:04:23] Using specified normalization factor: 2931.000000
INFO [2022-09-02 03:04:46] 

	STEP 04: log transformation of data

INFO [2022-09-02 03:04:46] transforming log2xplus1()
INFO [2022-09-02 03:04:50] -mirroring for hspike
INFO [2022-09-02 03:04:50] transforming log2xplus1()
INFO [2022-09-02 03:05:15] 

	STEP 08: removing average of reference data (before smoothing)

INFO [2022-09-02 03:05:15] ::subtract_ref_expr_from_obs:Start inv_log=FALSE, use_bounds=TRUE
INFO [2022-09-02 03:05:15] subtracting mean(normal) per gene per cell across all data
INFO [2022-09-02 03:05:20] -subtracting expr per gene, use_bounds=TRUE
INFO [2022-09-02 03:33:56] -mirroring for hspike
INFO [2022-09-02 03:33:56] ::subtract_ref_expr_from_obs:Start inv_log=FALSE, use_bounds=TRUE
INFO [2022-09-02 03:33:56] subtracting mean(normal) per gene per cell across all data
INFO [2022-09-02 03:33:57] -subtracting expr per gene, use_bounds=TRUE
INFO [2022-09-02 03:34:39] 

	STEP 09: apply max centered expression threshold: 3

INFO [2022-09-02 03:34:39] ::process_data:setting max centered expr, threshold set to: +/-:  3
INFO [2022-09-02 03:34:40] -mirroring for hspike
INFO [2022-09-02 03:34:40] ::process_data:setting max centered expr, threshold set to: +/-:  3
INFO [2022-09-02 03:35:21] 

	STEP 10: Smoothing data per cell by chromosome

INFO [2022-09-02 03:35:21] smooth_by_chromosome: chr: chr1
INFO [2022-09-02 03:35:35] smooth_by_chromosome: chr: chr10
INFO [2022-09-02 03:35:49] smooth_by_chromosome: chr: chr11
INFO [2022-09-02 03:36:05] smooth_by_chromosome: chr: chr12
INFO [2022-09-02 03:36:19] smooth_by_chromosome: chr: chr13
INFO [2022-09-02 03:36:32] smooth_by_chromosome: chr: chr14
INFO [2022-09-02 03:36:45] smooth_by_chromosome: chr: chr15
INFO [2022-09-02 03:36:59] smooth_by_chromosome: chr: chr16
INFO [2022-09-02 03:37:13] smooth_by_chromosome: chr: chr17
INFO [2022-09-02 03:37:27] smooth_by_chromosome: chr: chr18
INFO [2022-09-02 03:37:39] smooth_by_chromosome: chr: chr19
INFO [2022-09-02 03:37:53] smooth_by_chromosome: chr: chr2
INFO [2022-09-02 03:38:08] smooth_by_chromosome: chr: chr3
INFO [2022-09-02 03:38:22] smooth_by_chromosome: chr: chr4
INFO [2022-09-02 03:38:37] smooth_by_chromosome: chr: chr5
INFO [2022-09-02 03:38:52] smooth_by_chromosome: chr: chr6
INFO [2022-09-02 03:39:08] smooth_by_chromosome: chr: chr7
INFO [2022-09-02 03:39:24] smooth_by_chromosome: chr: chr8
INFO [2022-09-02 03:39:37] smooth_by_chromosome: chr: chr9
INFO [2022-09-02 03:39:51] -mirroring for hspike
INFO [2022-09-02 03:39:51] smooth_by_chromosome: chr: chrA
INFO [2022-09-02 03:39:51] smooth_by_chromosome: chr: chr_0
INFO [2022-09-02 03:39:52] smooth_by_chromosome: chr: chr_B
INFO [2022-09-02 03:39:52] smooth_by_chromosome: chr: chr_0pt5
INFO [2022-09-02 03:39:52] smooth_by_chromosome: chr: chr_C
INFO [2022-09-02 03:39:52] smooth_by_chromosome: chr: chr_1pt5
INFO [2022-09-02 03:39:52] smooth_by_chromosome: chr: chr_D
INFO [2022-09-02 03:39:52] smooth_by_chromosome: chr: chr_2pt0
INFO [2022-09-02 03:39:53] smooth_by_chromosome: chr: chr_E
INFO [2022-09-02 03:39:53] smooth_by_chromosome: chr: chr_3pt0
INFO [2022-09-02 03:39:53] smooth_by_chromosome: chr: chr_F
INFO [2022-09-02 03:40:34] 

	STEP 11: re-centering data across chromosome after smoothing

INFO [2022-09-02 03:40:34] ::center_smooth across chromosomes per cell
INFO [2022-09-02 03:40:49] -mirroring for hspike
INFO [2022-09-02 03:40:49] ::center_smooth across chromosomes per cell
INFO [2022-09-02 03:41:30] 

	STEP 12: removing average of reference data (after smoothing)

INFO [2022-09-02 03:41:30] ::subtract_ref_expr_from_obs:Start inv_log=FALSE, use_bounds=TRUE
INFO [2022-09-02 03:41:30] subtracting mean(normal) per gene per cell across all data
INFO [2022-09-02 03:41:36] -subtracting expr per gene, use_bounds=TRUE
INFO [2022-09-02 03:41:43] -mirroring for hspike
INFO [2022-09-02 03:41:43] ::subtract_ref_expr_from_obs:Start inv_log=FALSE, use_bounds=TRUE
INFO [2022-09-02 03:41:43] subtracting mean(normal) per gene per cell across all data
INFO [2022-09-02 03:41:44] -subtracting expr per gene, use_bounds=TRUE
INFO [2022-09-02 03:42:26] 

	STEP 14: invert log2(FC) to FC

INFO [2022-09-02 03:42:26] invert_log2(), computing 2^x
INFO [2022-09-02 03:42:31] -mirroring for hspike
INFO [2022-09-02 03:42:31] invert_log2(), computing 2^x
INFO [2022-09-02 03:43:32] 

	STEP 15: Clustering samples (not defining tumor subclusters)

INFO [2022-09-02 03:43:32] define_signif_tumor_subclusters(p_val=0.1
INFO [2022-09-02 03:43:32] define_signif_tumor_subclusters(), tumor: CD70-/-
INFO [2022-09-02 03:55:28] cut tree into: 1 groups
INFO [2022-09-02 03:55:28] -processing CD70-/-,CD70-/-_s1
INFO [2022-09-02 03:55:28] define_signif_tumor_subclusters(), tumor: WT
INFO [2022-09-02 06:56:28] cut tree into: 1 groups
INFO [2022-09-02 06:56:28] -processing WT,WT_s1
INFO [2022-09-02 06:56:28] -mirroring for hspike
INFO [2022-09-02 06:56:28] define_signif_tumor_subclusters(p_val=0.1
INFO [2022-09-02 06:56:28] define_signif_tumor_subclusters(), tumor: spike_tumor_cell_WT
INFO [2022-09-02 06:56:28] cut tree into: 1 groups
INFO [2022-09-02 06:56:28] -processing spike_tumor_cell_WT,spike_tumor_cell_WT_s1
INFO [2022-09-02 06:56:28] define_signif_tumor_subclusters(), tumor: simnorm_cell_WT
INFO [2022-09-02 06:56:28] cut tree into: 1 groups
INFO [2022-09-02 06:56:28] -processing simnorm_cell_WT,simnorm_cell_WT_s1
INFO [2022-09-02 06:58:24] ::plot_cnv:Start
INFO [2022-09-02 06:58:24] ::plot_cnv:Current data dimensions (r,c)=4621,18472 Total=85431457.7056481 Min=0.646685396248324 Max=1.47610734399856.
INFO [2022-09-02 06:58:25] ::plot_cnv:Depending on the size of the matrix this may take a moment.
INFO [2022-09-02 06:59:53] plot_cnv(): auto thresholding at: (0.891165 , 1.110530)
INFO [2022-09-02 06:59:56] plot_cnv_observation:Start
INFO [2022-09-02 06:59:56] Observation data size: Cells= 4061 Genes= 4621
INFO [2022-09-02 06:59:56] plot_cnv_observation:Writing observation groupings/color.
INFO [2022-09-02 06:59:56] plot_cnv_observation:Done writing observation groupings/color.
INFO [2022-09-02 06:59:56] plot_cnv_observation:Writing observation heatmap thresholds.
INFO [2022-09-02 06:59:56] plot_cnv_observation:Done writing observation heatmap thresholds.
INFO [2022-09-02 07:00:01] Colors for breaks:  #00008B,#24249B,#4848AB,#6D6DBC,#9191CC,#B6B6DD,#DADAEE,#FFFFFF,#EEDADA,#DDB6B6,#CC9191,#BC6D6D,#AB4848,#9B2424,#8B0000
INFO [2022-09-02 07:00:01] Quantiles of plotted data range: 0.891165490755373,0.972609267596104,0.998947142795817,1.02683924864051,1.11052959964454
INFO [2022-09-02 07:00:05] plot_cnv_observations:Writing observation data to ./data/infercnv/inferCNV_out_new/cd70/Pool105_12//infercnv.preliminary.observations.txt
INFO [2022-09-02 07:00:25] plot_cnv_references:Start
INFO [2022-09-02 07:00:25] Reference data size: Cells= 14411 Genes= 4621
INFO [2022-09-02 10:02:14] plot_cnv_references:Number reference groups= 1
INFO [2022-09-02 10:02:15] plot_cnv_references:Plotting heatmap.
INFO [2022-09-02 10:02:31] Colors for breaks:  #00008B,#24249B,#4848AB,#6D6DBC,#9191CC,#B6B6DD,#DADAEE,#FFFFFF,#EEDADA,#DDB6B6,#CC9191,#BC6D6D,#AB4848,#9B2424,#8B0000
INFO [2022-09-02 10:02:31] Quantiles of plotted data range: 0.891165490755373,0.973690833917356,0.998934442071303,1.02580619323368,1.11052959964454
INFO [2022-09-02 10:02:38] plot_cnv_references:Writing reference data to ./data/infercnv/inferCNV_out_new/cd70/Pool105_12//infercnv.preliminary.references.txt
INFO [2022-09-02 10:03:45] 

	STEP 17: HMM-based CNV prediction

INFO [2022-09-02 10:03:45] predict_CNV_via_HMM_on_whole_tumor_samples
INFO [2022-09-02 10:03:49] -done predicting CNV based on initial tumor subclusters
INFO [2022-09-02 10:03:49] get_predicted_CNV_regions(subcluster)
INFO [2022-09-02 10:03:49] -processing cell_group_name: CD70-/-.CD70-/-_s1, size: 4061
INFO [2022-09-02 10:04:04] -processing cell_group_name: WT.WT_s1, size: 14411
INFO [2022-09-02 10:04:51] -writing cell clusters file: ./data/infercnv/inferCNV_out_new/cd70/Pool105_12//17_HMM_predHMMi6.hmm_mode-samples.cell_groupings
INFO [2022-09-02 10:04:51] -writing cnv regions file: ./data/infercnv/inferCNV_out_new/cd70/Pool105_12//17_HMM_predHMMi6.hmm_mode-samples.pred_cnv_regions.dat
INFO [2022-09-02 10:04:51] -writing per-gene cnv report: ./data/infercnv/inferCNV_out_new/cd70/Pool105_12//17_HMM_predHMMi6.hmm_mode-samples.pred_cnv_genes.dat
INFO [2022-09-02 10:04:51] -writing gene ordering info: ./data/infercnv/inferCNV_out_new/cd70/Pool105_12//17_HMM_predHMMi6.hmm_mode-samples.genes_used.dat
INFO [2022-09-02 10:05:09] ::plot_cnv:Start
INFO [2022-09-02 10:05:09] ::plot_cnv:Current data dimensions (r,c)=4621,18472 Total=256077336 Min=3 Max=3.
INFO [2022-09-02 10:05:10] ::plot_cnv:Depending on the size of the matrix this may take a moment.
INFO [2022-09-02 10:06:20] plot_cnv_observation:Start
INFO [2022-09-02 10:06:20] Observation data size: Cells= 4061 Genes= 4621
INFO [2022-09-02 10:06:20] plot_cnv_observation:Writing observation groupings/color.
INFO [2022-09-02 10:06:20] plot_cnv_observation:Done writing observation groupings/color.
INFO [2022-09-02 10:06:20] plot_cnv_observation:Writing observation heatmap thresholds.
INFO [2022-09-02 10:06:20] plot_cnv_observation:Done writing observation heatmap thresholds.
INFO [2022-09-02 10:06:24] Colors for breaks:  #00008B,#24249B,#4848AB,#6D6DBC,#9191CC,#B6B6DD,#DADAEE,#FFFFFF,#EEDADA,#DDB6B6,#CC9191,#BC6D6D,#AB4848,#9B2424,#8B0000
INFO [2022-09-02 10:06:24] Quantiles of plotted data range: 3,3,3,3,3
INFO [2022-09-02 10:06:28] plot_cnv_observations:Writing observation data to ./data/infercnv/inferCNV_out_new/cd70/Pool105_12//infercnv.17_HMM_predHMMi6.hmm_mode-samples.observations.txt
INFO [2022-09-02 10:06:43] plot_cnv_references:Start
INFO [2022-09-02 10:06:43] Reference data size: Cells= 14411 Genes= 4621
INFO [2022-09-02 13:10:54] plot_cnv_references:Number reference groups= 1
INFO [2022-09-02 13:10:55] plot_cnv_references:Plotting heatmap.
INFO [2022-09-02 13:11:13] Colors for breaks:  #00008B,#24249B,#4848AB,#6D6DBC,#9191CC,#B6B6DD,#DADAEE,#FFFFFF,#EEDADA,#DDB6B6,#CC9191,#BC6D6D,#AB4848,#9B2424,#8B0000
INFO [2022-09-02 13:11:13] Quantiles of plotted data range: 3,3,3,3,3
INFO [2022-09-02 13:11:19] plot_cnv_references:Writing reference data to ./data/infercnv/inferCNV_out_new/cd70/Pool105_12//infercnv.17_HMM_predHMMi6.hmm_mode-samples.references.txt
INFO [2022-09-02 13:12:21] 

	STEP 20: Converting HMM-based CNV states to repr expr vals

INFO [2022-09-02 13:12:43] ::plot_cnv:Start
INFO [2022-09-02 13:12:43] ::plot_cnv:Current data dimensions (r,c)=4621,18472 Total=85359112 Min=1 Max=1.
INFO [2022-09-02 13:12:44] ::plot_cnv:Depending on the size of the matrix this may take a moment.
INFO [2022-09-02 13:13:56] plot_cnv_observation:Start
INFO [2022-09-02 13:13:56] Observation data size: Cells= 4061 Genes= 4621
INFO [2022-09-02 13:13:57] plot_cnv_observation:Writing observation groupings/color.
INFO [2022-09-02 13:13:57] plot_cnv_observation:Done writing observation groupings/color.
INFO [2022-09-02 13:13:57] plot_cnv_observation:Writing observation heatmap thresholds.
INFO [2022-09-02 13:13:57] plot_cnv_observation:Done writing observation heatmap thresholds.
INFO [2022-09-02 13:14:01] Colors for breaks:  #00008B,#24249B,#4848AB,#6D6DBC,#9191CC,#B6B6DD,#DADAEE,#FFFFFF,#EEDADA,#DDB6B6,#CC9191,#BC6D6D,#AB4848,#9B2424,#8B0000
INFO [2022-09-02 13:14:01] Quantiles of plotted data range: 1,1,1,1,1
INFO [2022-09-02 13:14:04] plot_cnv_observations:Writing observation data to ./data/infercnv/inferCNV_out_new/cd70/Pool105_12//infercnv.20_HMM_predHMMi6.hmm_mode-samples.Pnorm_0.5.repr_intensities.observations.txt
INFO [2022-09-02 13:14:19] plot_cnv_references:Start
INFO [2022-09-02 13:14:19] Reference data size: Cells= 14411 Genes= 4621
INFO [2022-09-02 16:15:36] plot_cnv_references:Number reference groups= 1
INFO [2022-09-02 16:15:37] plot_cnv_references:Plotting heatmap.
INFO [2022-09-02 16:15:52] Colors for breaks:  #00008B,#24249B,#4848AB,#6D6DBC,#9191CC,#B6B6DD,#DADAEE,#FFFFFF,#EEDADA,#DDB6B6,#CC9191,#BC6D6D,#AB4848,#9B2424,#8B0000
INFO [2022-09-02 16:15:52] Quantiles of plotted data range: 1,1,1,1,1
INFO [2022-09-02 16:15:58] plot_cnv_references:Writing reference data to ./data/infercnv/inferCNV_out_new/cd70/Pool105_12//infercnv.20_HMM_predHMMi6.hmm_mode-samples.Pnorm_0.5.repr_intensities.references.txt
INFO [2022-09-02 16:16:52] 

	STEP 22: Denoising

INFO [2022-09-02 16:16:52] ::process_data:Remove noise, noise threshold defined via ref mean sd_amplifier:  1.5
INFO [2022-09-02 16:16:52] denoising using mean(normal) +- sd_amplifier * sd(normal) per gene per cell across all data
INFO [2022-09-02 16:16:55] :: **** clear_noise_via_ref_quantiles **** : removing noise between bounds:  0.940267791897726 - 1.06140507218526
INFO [2022-09-02 16:17:37] 

## Making the final infercnv heatmap ##
INFO [2022-09-02 16:17:38] ::plot_cnv:Start
INFO [2022-09-02 16:17:38] ::plot_cnv:Current data dimensions (r,c)=4621,18472 Total=85569940.7896671 Min=0.646685396248324 Max=1.47610734399856.
INFO [2022-09-02 16:17:39] ::plot_cnv:Depending on the size of the matrix this may take a moment.
INFO [2022-09-02 16:19:01] plot_cnv(): auto thresholding at: (0.889470 , 1.110530)
INFO [2022-09-02 16:19:03] plot_cnv_observation:Start
INFO [2022-09-02 16:19:03] Observation data size: Cells= 4061 Genes= 4621
INFO [2022-09-02 16:19:04] plot_cnv_observation:Writing observation groupings/color.
INFO [2022-09-02 16:19:04] plot_cnv_observation:Done writing observation groupings/color.
INFO [2022-09-02 16:19:04] plot_cnv_observation:Writing observation heatmap thresholds.
INFO [2022-09-02 16:19:04] plot_cnv_observation:Done writing observation heatmap thresholds.
INFO [2022-09-02 16:19:09] Colors for breaks:  #00008B,#24249B,#4848AB,#6D6DBC,#9191CC,#B6B6DD,#DADAEE,#FFFFFF,#EEDADA,#DDB6B6,#CC9191,#BC6D6D,#AB4848,#9B2424,#8B0000
INFO [2022-09-02 16:19:09] Quantiles of plotted data range: 0.889470400355459,1.00083643204149,1.00083643204149,1.00083643204149,1.11052959964454
INFO [2022-09-02 16:19:13] plot_cnv_observations:Writing observation data to ./data/infercnv/inferCNV_out_new/cd70/Pool105_12//infercnv.observations.txt
INFO [2022-09-02 16:19:33] plot_cnv_references:Start
INFO [2022-09-02 16:19:33] Reference data size: Cells= 14411 Genes= 4621
INFO [2022-09-02 19:20:49] plot_cnv_references:Number reference groups= 1
INFO [2022-09-02 19:20:50] plot_cnv_references:Plotting heatmap.
INFO [2022-09-02 19:21:08] Colors for breaks:  #00008B,#24249B,#4848AB,#6D6DBC,#9191CC,#B6B6DD,#DADAEE,#FFFFFF,#EEDADA,#DDB6B6,#CC9191,#BC6D6D,#AB4848,#9B2424,#8B0000
INFO [2022-09-02 19:21:08] Quantiles of plotted data range: 0.889470400355459,1.00083643204149,1.00083643204149,1.00083643204149,1.11052959964454
INFO [2022-09-02 19:21:14] plot_cnv_references:Writing reference data to ./data/infercnv/inferCNV_out_new/cd70/Pool105_12//infercnv.references.txt
