
CommandNotFoundError: Your shell has not been properly configured to use 'conda activate'.
To initialize your shell, run

    $ conda init <SHELL_NAME>

Currently supported shells are:
  - bash
  - fish
  - tcsh
  - xonsh
  - zsh
  - powershell

See 'conda init --help' for more information and options.

IMPORTANT: You may need to close and restart your shell after running 'conda init'.


[1] "/liulab/galib/mouse_scRNAseq_margaret/data/infercnv/inferCNV_out_new/sick/new_sick"
Warning message:
package ‘rBCS’ was built under R version 4.1.3 
── Attaching packages ─────────────────────────────────────── tidyverse 1.3.1 ──
✔ ggplot2 3.3.6     ✔ purrr   0.3.4
✔ tibble  3.1.7     ✔ dplyr   1.0.9
✔ tidyr   1.2.0     ✔ stringr 1.4.0
✔ readr   2.1.2     ✔ forcats 0.5.1
── Conflicts ────────────────────────────────────────── tidyverse_conflicts() ──
✖ dplyr::filter() masks stats::filter()
✖ dplyr::lag()    masks stats::lag()
Warning messages:
1: package ‘tidyverse’ was built under R version 4.1.3 
2: package ‘ggplot2’ was built under R version 4.1.3 
3: package ‘tibble’ was built under R version 4.1.3 
4: package ‘tidyr’ was built under R version 4.1.2 
5: package ‘readr’ was built under R version 4.1.2 
6: package ‘dplyr’ was built under R version 4.1.3 
7: package ‘forcats’ was built under R version 4.1.3 
Attaching SeuratObject
Attaching sp
Warning message:
package ‘Seurat’ was built under R version 4.1.3 
here() starts at /liulab/galib/mouse_scRNAseq_margaret
Loading required package: usethis
Warning message:
package ‘ggpubr’ was built under R version 4.1.3 
Warning message:
package ‘infercnv’ was built under R version 4.1.3 
[1]  32285 176583
Rows: 55228 Columns: 4
── Column specification ────────────────────────────────────────────────────────
Delimiter: "\t"
chr (2): X1, X2
dbl (2): X3, X4

ℹ Use `spec()` to retrieve the full column specification for this data.
ℹ Specify the column types or set `show_col_types = FALSE` to quiet this message.
[1] 14
INFO [2022-08-09 06:23:03] Parsing gene order file: ./data/infercnv/gene_order_file.txt
INFO [2022-08-09 06:23:03] ::order_reduce:Start.
INFO [2022-08-09 06:23:12] .order_reduce(): expr and order match.
INFO [2022-08-09 06:23:54] ::process_data:order_reduce:Reduction from positional data, new dimensions (r,c) = 32285,176583 Total=901670571 Min=0 Max=21505.
INFO [2022-08-09 06:23:56] num genes removed taking into account provided gene ordering list: 1949 = 6.03685922254917% removed.
INFO [2022-08-09 06:23:59] -filtering out cells < 100 or > Inf, removing 0 % of cells
INFO [2022-08-09 06:24:07] validating infercnv_obj
INFO [2022-08-09 06:24:08] ::process_data:Start
INFO [2022-08-09 06:24:08] Creating output path ./data/infercnv/inferCNV_out_new/Pool105_3_newsick/
INFO [2022-08-09 06:24:08] Checking for saved results.
INFO [2022-08-09 06:24:08] 

	STEP 1: incoming data

INFO [2022-08-09 06:24:33] 

	STEP 02: Removing lowly expressed genes

INFO [2022-08-09 06:24:33] ::above_min_mean_expr_cutoff:Start
INFO [2022-08-09 06:24:34] Removing 25769 genes from matrix as below mean expr threshold: 0.1
INFO [2022-08-09 06:24:34] validating infercnv_obj
INFO [2022-08-09 06:24:34] There are 4567 genes and 17502 cells remaining in the expr matrix.
INFO [2022-08-09 06:24:40] no genes removed due to min cells/gene filter
INFO [2022-08-09 06:25:03] 

	STEP 03: normalization by sequencing depth

INFO [2022-08-09 06:25:03] normalizing counts matrix by depth
INFO [2022-08-09 06:25:10] Computed total sum normalization factor as median libsize: 3007.000000
INFO [2022-08-09 06:25:10] Adding h-spike
INFO [2022-08-09 06:25:10] -hspike modeling of WT
INFO [2022-08-09 06:26:10] validating infercnv_obj
INFO [2022-08-09 06:26:10] normalizing counts matrix by depth
INFO [2022-08-09 06:26:10] Using specified normalization factor: 3007.000000
INFO [2022-08-09 06:26:33] 

	STEP 04: log transformation of data

INFO [2022-08-09 06:26:33] transforming log2xplus1()
INFO [2022-08-09 06:26:36] -mirroring for hspike
INFO [2022-08-09 06:26:36] transforming log2xplus1()
INFO [2022-08-09 06:27:01] 

	STEP 08: removing average of reference data (before smoothing)

INFO [2022-08-09 06:27:01] ::subtract_ref_expr_from_obs:Start inv_log=FALSE, use_bounds=TRUE
INFO [2022-08-09 06:27:01] subtracting mean(normal) per gene per cell across all data
INFO [2022-08-09 06:27:06] -subtracting expr per gene, use_bounds=TRUE
INFO [2022-08-09 06:54:59] -mirroring for hspike
INFO [2022-08-09 06:54:59] ::subtract_ref_expr_from_obs:Start inv_log=FALSE, use_bounds=TRUE
INFO [2022-08-09 06:54:59] subtracting mean(normal) per gene per cell across all data
INFO [2022-08-09 06:55:00] -subtracting expr per gene, use_bounds=TRUE
INFO [2022-08-09 06:55:40] 

	STEP 09: apply max centered expression threshold: 3

INFO [2022-08-09 06:55:40] ::process_data:setting max centered expr, threshold set to: +/-:  3
INFO [2022-08-09 06:55:42] -mirroring for hspike
INFO [2022-08-09 06:55:42] ::process_data:setting max centered expr, threshold set to: +/-:  3
INFO [2022-08-09 06:56:20] 

	STEP 10: Smoothing data per cell by chromosome

INFO [2022-08-09 06:56:20] smooth_by_chromosome: chr: chr1
INFO [2022-08-09 06:56:35] smooth_by_chromosome: chr: chr10
INFO [2022-08-09 06:56:48] smooth_by_chromosome: chr: chr11
INFO [2022-08-09 06:57:04] smooth_by_chromosome: chr: chr12
INFO [2022-08-09 06:57:17] smooth_by_chromosome: chr: chr13
INFO [2022-08-09 06:57:31] smooth_by_chromosome: chr: chr14
INFO [2022-08-09 06:57:44] smooth_by_chromosome: chr: chr15
INFO [2022-08-09 06:57:57] smooth_by_chromosome: chr: chr16
INFO [2022-08-09 06:58:11] smooth_by_chromosome: chr: chr17
INFO [2022-08-09 06:58:25] smooth_by_chromosome: chr: chr18
INFO [2022-08-09 06:58:39] smooth_by_chromosome: chr: chr19
INFO [2022-08-09 06:58:52] smooth_by_chromosome: chr: chr2
INFO [2022-08-09 06:59:06] smooth_by_chromosome: chr: chr3
INFO [2022-08-09 06:59:20] smooth_by_chromosome: chr: chr4
INFO [2022-08-09 06:59:34] smooth_by_chromosome: chr: chr5
INFO [2022-08-09 06:59:49] smooth_by_chromosome: chr: chr6
INFO [2022-08-09 07:00:04] smooth_by_chromosome: chr: chr7
INFO [2022-08-09 07:00:19] smooth_by_chromosome: chr: chr8
INFO [2022-08-09 07:00:33] smooth_by_chromosome: chr: chr9
INFO [2022-08-09 07:00:48] -mirroring for hspike
INFO [2022-08-09 07:00:48] smooth_by_chromosome: chr: chrA
INFO [2022-08-09 07:00:48] smooth_by_chromosome: chr: chr_0
INFO [2022-08-09 07:00:48] smooth_by_chromosome: chr: chr_B
INFO [2022-08-09 07:00:48] smooth_by_chromosome: chr: chr_0pt5
INFO [2022-08-09 07:00:48] smooth_by_chromosome: chr: chr_C
INFO [2022-08-09 07:00:48] smooth_by_chromosome: chr: chr_1pt5
INFO [2022-08-09 07:00:49] smooth_by_chromosome: chr: chr_D
INFO [2022-08-09 07:00:49] smooth_by_chromosome: chr: chr_2pt0
INFO [2022-08-09 07:00:49] smooth_by_chromosome: chr: chr_E
INFO [2022-08-09 07:00:49] smooth_by_chromosome: chr: chr_3pt0
INFO [2022-08-09 07:00:49] smooth_by_chromosome: chr: chr_F
INFO [2022-08-09 07:01:29] 

	STEP 11: re-centering data across chromosome after smoothing

INFO [2022-08-09 07:01:29] ::center_smooth across chromosomes per cell
INFO [2022-08-09 07:01:42] -mirroring for hspike
INFO [2022-08-09 07:01:42] ::center_smooth across chromosomes per cell
INFO [2022-08-09 07:02:22] 

	STEP 12: removing average of reference data (after smoothing)

INFO [2022-08-09 07:02:22] ::subtract_ref_expr_from_obs:Start inv_log=FALSE, use_bounds=TRUE
INFO [2022-08-09 07:02:22] subtracting mean(normal) per gene per cell across all data
INFO [2022-08-09 07:02:28] -subtracting expr per gene, use_bounds=TRUE
INFO [2022-08-09 07:02:34] -mirroring for hspike
INFO [2022-08-09 07:02:34] ::subtract_ref_expr_from_obs:Start inv_log=FALSE, use_bounds=TRUE
INFO [2022-08-09 07:02:34] subtracting mean(normal) per gene per cell across all data
INFO [2022-08-09 07:02:35] -subtracting expr per gene, use_bounds=TRUE
INFO [2022-08-09 07:03:14] 

	STEP 14: invert log2(FC) to FC

INFO [2022-08-09 07:03:14] invert_log2(), computing 2^x
INFO [2022-08-09 07:03:19] -mirroring for hspike
INFO [2022-08-09 07:03:19] invert_log2(), computing 2^x
INFO [2022-08-09 07:04:15] 

	STEP 15: Clustering samples (not defining tumor subclusters)

INFO [2022-08-09 07:04:15] define_signif_tumor_subclusters(p_val=0.1
INFO [2022-08-09 07:04:15] define_signif_tumor_subclusters(), tumor: Bcl6tg/+
INFO [2022-08-09 07:05:01] cut tree into: 1 groups
INFO [2022-08-09 07:05:01] -processing Bcl6tg/+,Bcl6tg/+_s1
INFO [2022-08-09 07:05:01] define_signif_tumor_subclusters(), tumor: WT
INFO [2022-08-09 11:12:31] cut tree into: 1 groups
INFO [2022-08-09 11:12:31] -processing WT,WT_s1
INFO [2022-08-09 11:12:31] -mirroring for hspike
INFO [2022-08-09 11:12:31] define_signif_tumor_subclusters(p_val=0.1
INFO [2022-08-09 11:12:31] define_signif_tumor_subclusters(), tumor: spike_tumor_cell_WT
INFO [2022-08-09 11:12:31] cut tree into: 1 groups
INFO [2022-08-09 11:12:31] -processing spike_tumor_cell_WT,spike_tumor_cell_WT_s1
INFO [2022-08-09 11:12:31] define_signif_tumor_subclusters(), tumor: simnorm_cell_WT
INFO [2022-08-09 11:12:31] cut tree into: 1 groups
INFO [2022-08-09 11:12:31] -processing simnorm_cell_WT,simnorm_cell_WT_s1
INFO [2022-08-09 11:14:22] ::plot_cnv:Start
INFO [2022-08-09 11:14:22] ::plot_cnv:Current data dimensions (r,c)=4567,17502 Total=80002994.6303771 Min=0.662309763249682 Max=1.49392226089872.
INFO [2022-08-09 11:14:23] ::plot_cnv:Depending on the size of the matrix this may take a moment.
INFO [2022-08-09 11:15:49] plot_cnv(): auto thresholding at: (0.889068 , 1.112717)
INFO [2022-08-09 11:15:53] plot_cnv_observation:Start
INFO [2022-08-09 11:15:53] Observation data size: Cells= 1368 Genes= 4567
INFO [2022-08-09 11:15:53] plot_cnv_observation:Writing observation groupings/color.
INFO [2022-08-09 11:15:53] plot_cnv_observation:Done writing observation groupings/color.
INFO [2022-08-09 11:15:53] plot_cnv_observation:Writing observation heatmap thresholds.
INFO [2022-08-09 11:15:53] plot_cnv_observation:Done writing observation heatmap thresholds.
INFO [2022-08-09 11:15:55] Colors for breaks:  #00008B,#24249B,#4848AB,#6D6DBC,#9191CC,#B6B6DD,#DADAEE,#FFFFFF,#EEDADA,#DDB6B6,#CC9191,#BC6D6D,#AB4848,#9B2424,#8B0000
INFO [2022-08-09 11:15:55] Quantiles of plotted data range: 0.889068156341009,0.972822039835503,0.998858215622006,1.0266595860632,1.11271738529766
INFO [2022-08-09 11:15:57] plot_cnv_observations:Writing observation data to ./data/infercnv/inferCNV_out_new/Pool105_3_newsick//infercnv.preliminary.observations.txt
INFO [2022-08-09 11:16:04] plot_cnv_references:Start
INFO [2022-08-09 11:16:04] Reference data size: Cells= 16134 Genes= 4567
INFO [2022-08-09 15:25:26] plot_cnv_references:Number reference groups= 1
INFO [2022-08-09 15:25:27] plot_cnv_references:Plotting heatmap.
INFO [2022-08-09 15:25:43] Colors for breaks:  #00008B,#24249B,#4848AB,#6D6DBC,#9191CC,#B6B6DD,#DADAEE,#FFFFFF,#EEDADA,#DDB6B6,#CC9191,#BC6D6D,#AB4848,#9B2424,#8B0000
INFO [2022-08-09 15:25:43] Quantiles of plotted data range: 0.889068156341009,0.973178674850085,0.998856807323612,1.02629158090884,1.11271738529766
INFO [2022-08-09 15:25:51] plot_cnv_references:Writing reference data to ./data/infercnv/inferCNV_out_new/Pool105_3_newsick//infercnv.preliminary.references.txt
INFO [2022-08-09 15:27:01] 

	STEP 17: HMM-based CNV prediction

INFO [2022-08-09 15:27:01] predict_CNV_via_HMM_on_whole_tumor_samples
INFO [2022-08-09 15:27:04] -done predicting CNV based on initial tumor subclusters
INFO [2022-08-09 15:27:04] get_predicted_CNV_regions(subcluster)
INFO [2022-08-09 15:27:04] -processing cell_group_name: Bcl6tg/+.Bcl6tg/+_s1, size: 1368
INFO [2022-08-09 15:27:11] -processing cell_group_name: WT.WT_s1, size: 16134
INFO [2022-08-09 15:28:05] -writing cell clusters file: ./data/infercnv/inferCNV_out_new/Pool105_3_newsick//17_HMM_predHMMi6.hmm_mode-samples.cell_groupings
INFO [2022-08-09 15:28:05] -writing cnv regions file: ./data/infercnv/inferCNV_out_new/Pool105_3_newsick//17_HMM_predHMMi6.hmm_mode-samples.pred_cnv_regions.dat
INFO [2022-08-09 15:28:05] -writing per-gene cnv report: ./data/infercnv/inferCNV_out_new/Pool105_3_newsick//17_HMM_predHMMi6.hmm_mode-samples.pred_cnv_genes.dat
INFO [2022-08-09 15:28:05] -writing gene ordering info: ./data/infercnv/inferCNV_out_new/Pool105_3_newsick//17_HMM_predHMMi6.hmm_mode-samples.genes_used.dat
INFO [2022-08-09 15:28:24] ::plot_cnv:Start
INFO [2022-08-09 15:28:24] ::plot_cnv:Current data dimensions (r,c)=4567,17502 Total=239879718 Min=3 Max=4.
INFO [2022-08-09 15:28:24] ::plot_cnv:Depending on the size of the matrix this may take a moment.
INFO [2022-08-09 15:29:33] plot_cnv_observation:Start
INFO [2022-08-09 15:29:33] Observation data size: Cells= 1368 Genes= 4567
INFO [2022-08-09 15:29:33] plot_cnv_observation:Writing observation groupings/color.
INFO [2022-08-09 15:29:33] plot_cnv_observation:Done writing observation groupings/color.
INFO [2022-08-09 15:29:33] plot_cnv_observation:Writing observation heatmap thresholds.
INFO [2022-08-09 15:29:33] plot_cnv_observation:Done writing observation heatmap thresholds.
INFO [2022-08-09 15:29:34] Colors for breaks:  #00008B,#24249B,#4848AB,#6D6DBC,#9191CC,#B6B6DD,#DADAEE,#FFFFFF,#EEDADA,#DDB6B6,#CC9191,#BC6D6D,#AB4848,#9B2424,#8B0000
INFO [2022-08-09 15:29:34] Quantiles of plotted data range: 3,3,3,3,4
INFO [2022-08-09 15:29:36] plot_cnv_observations:Writing observation data to ./data/infercnv/inferCNV_out_new/Pool105_3_newsick//infercnv.17_HMM_predHMMi6.hmm_mode-samples.observations.txt
INFO [2022-08-09 15:29:41] plot_cnv_references:Start
INFO [2022-08-09 15:29:41] Reference data size: Cells= 16134 Genes= 4567
INFO [2022-08-09 19:40:07] plot_cnv_references:Number reference groups= 1
INFO [2022-08-09 19:40:08] plot_cnv_references:Plotting heatmap.
INFO [2022-08-09 19:40:24] Colors for breaks:  #00008B,#24249B,#4848AB,#6D6DBC,#9191CC,#B6B6DD,#DADAEE,#FFFFFF,#EEDADA,#DDB6B6,#CC9191,#BC6D6D,#AB4848,#9B2424,#8B0000
INFO [2022-08-09 19:40:24] Quantiles of plotted data range: 3,3,3,3,3
INFO [2022-08-09 19:40:30] plot_cnv_references:Writing reference data to ./data/infercnv/inferCNV_out_new/Pool105_3_newsick//infercnv.17_HMM_predHMMi6.hmm_mode-samples.references.txt
INFO [2022-08-09 19:41:31] 

	STEP 18: Run Bayesian Network Model on HMM predicted CNVs

INFO [2022-08-09 19:41:33] Creating the following Directory:  ./data/infercnv/inferCNV_out_new/Pool105_3_newsick//BayesNetOutput.HMMi6.hmm_mode-samples
INFO [2022-08-09 19:41:33] Initializing new MCM InferCNV Object.
INFO [2022-08-09 19:41:33] validating infercnv_obj
INFO [2022-08-09 19:41:33] Total CNV's:  1
INFO [2022-08-09 19:41:33] Loading BUGS Model.
INFO [2022-08-09 19:41:33] Running Sampling Using Parallel with  64 Cores
INFO [2022-08-09 19:45:13] Obtaining probabilities post-sampling
INFO [2022-08-09 19:45:18] Gibbs sampling time:  3.75841267903646  Minutes
INFO [2022-08-09 19:46:10] ::plot_cnv:Start
INFO [2022-08-09 19:46:10] ::plot_cnv:Current data dimensions (r,c)=4567,17502 Total=57498.3596289474 Min=0 Max=0.677918784532958.
INFO [2022-08-09 19:46:11] ::plot_cnv:Depending on the size of the matrix this may take a moment.
INFO [2022-08-09 19:46:13] plot_cnv_observation:Start
INFO [2022-08-09 19:46:13] Observation data size: Cells= 1368 Genes= 4567
INFO [2022-08-09 19:46:13] plot_cnv_observation:Writing observation groupings/color.
INFO [2022-08-09 19:46:13] plot_cnv_observation:Done writing observation groupings/color.
INFO [2022-08-09 19:46:13] plot_cnv_observation:Writing observation heatmap thresholds.
INFO [2022-08-09 19:46:13] plot_cnv_observation:Done writing observation heatmap thresholds.
INFO [2022-08-09 19:46:14] Colors for breaks:  #00008B,#24249B,#4848AB,#6D6DBC,#9191CC,#B6B6DD,#DADAEE,#FFFFFF,#EEDADA,#DDB6B6,#CC9191,#BC6D6D,#AB4848,#9B2424,#8B0000
INFO [2022-08-09 19:46:14] Quantiles of plotted data range: 0,0,0,0,0.677918784532958
INFO [2022-08-09 19:46:15] plot_cnv_observations:Writing observation data to ./data/infercnv/inferCNV_out_new/Pool105_3_newsick//BayesNetOutput.HMMi6.hmm_mode-samples/infercnv.NormalProbabilities.PreFiltering.observations.txt
INFO [2022-08-09 19:46:20] plot_cnv_references:Start
INFO [2022-08-09 19:46:20] Reference data size: Cells= 16134 Genes= 4567
INFO [2022-08-09 23:46:48] plot_cnv_references:Number reference groups= 1
INFO [2022-08-09 23:46:49] plot_cnv_references:Plotting heatmap.
INFO [2022-08-09 23:47:04] Colors for breaks:  #00008B,#24249B,#4848AB,#6D6DBC,#9191CC,#B6B6DD,#DADAEE,#FFFFFF,#EEDADA,#DDB6B6,#CC9191,#BC6D6D,#AB4848,#9B2424,#8B0000
INFO [2022-08-09 23:47:04] Quantiles of plotted data range: 0,0,0,0,0
INFO [2022-08-09 23:47:11] plot_cnv_references:Writing reference data to ./data/infercnv/inferCNV_out_new/Pool105_3_newsick//BayesNetOutput.HMMi6.hmm_mode-samples/infercnv.NormalProbabilities.PreFiltering.references.txt
INFO [2022-08-09 23:48:51] 

	STEP 19: Filter HMM predicted CNVs based on the Bayesian Network Model results and BayesMaxPNormal

INFO [2022-08-09 23:48:51] Attempting to removing CNV(s) with a probability of being normal above  0.5
INFO [2022-08-09 23:48:51] Removing  0  CNV(s) identified by the HMM.
INFO [2022-08-09 23:48:51] Reassigning CNVs based on state probabilities.
INFO [2022-08-09 23:48:51] Creating Plots for CNV and cell Probabilities.
INFO [2022-08-09 23:48:55] ::plot_cnv:Start
INFO [2022-08-09 23:48:55] ::plot_cnv:Current data dimensions (r,c)=4567,17502 Total=57498.3596289474 Min=0 Max=0.677918784532958.
INFO [2022-08-09 23:48:55] ::plot_cnv:Depending on the size of the matrix this may take a moment.
INFO [2022-08-09 23:48:57] plot_cnv_observation:Start
INFO [2022-08-09 23:48:57] Observation data size: Cells= 1368 Genes= 4567
INFO [2022-08-09 23:48:57] plot_cnv_observation:Writing observation groupings/color.
INFO [2022-08-09 23:48:57] plot_cnv_observation:Done writing observation groupings/color.
INFO [2022-08-09 23:48:57] plot_cnv_observation:Writing observation heatmap thresholds.
INFO [2022-08-09 23:48:57] plot_cnv_observation:Done writing observation heatmap thresholds.
INFO [2022-08-09 23:48:58] Colors for breaks:  #00008B,#24249B,#4848AB,#6D6DBC,#9191CC,#B6B6DD,#DADAEE,#FFFFFF,#EEDADA,#DDB6B6,#CC9191,#BC6D6D,#AB4848,#9B2424,#8B0000
INFO [2022-08-09 23:48:58] Quantiles of plotted data range: 0,0,0,0,0.677918784532958
INFO [2022-08-09 23:48:59] plot_cnv_observations:Writing observation data to ./data/infercnv/inferCNV_out_new/Pool105_3_newsick//BayesNetOutput.HMMi6.hmm_mode-samples/infercnv.NormalProbabilities.PostFiltering.observations.txt
INFO [2022-08-09 23:49:03] plot_cnv_references:Start
INFO [2022-08-09 23:49:03] Reference data size: Cells= 16134 Genes= 4567
INFO [2022-08-10 03:47:11] plot_cnv_references:Number reference groups= 1
INFO [2022-08-10 03:47:12] plot_cnv_references:Plotting heatmap.
INFO [2022-08-10 03:47:28] Colors for breaks:  #00008B,#24249B,#4848AB,#6D6DBC,#9191CC,#B6B6DD,#DADAEE,#FFFFFF,#EEDADA,#DDB6B6,#CC9191,#BC6D6D,#AB4848,#9B2424,#8B0000
INFO [2022-08-10 03:47:28] Quantiles of plotted data range: 0,0,0,0,0
INFO [2022-08-10 03:47:34] plot_cnv_references:Writing reference data to ./data/infercnv/inferCNV_out_new/Pool105_3_newsick//BayesNetOutput.HMMi6.hmm_mode-samples/infercnv.NormalProbabilities.PostFiltering.references.txt
INFO [2022-08-10 03:48:37] ::plot_cnv:Start
INFO [2022-08-10 03:48:37] ::plot_cnv:Current data dimensions (r,c)=4567,17502 Total=239879718 Min=3 Max=4.
INFO [2022-08-10 03:48:38] ::plot_cnv:Depending on the size of the matrix this may take a moment.
INFO [2022-08-10 03:49:39] plot_cnv_observation:Start
INFO [2022-08-10 03:49:39] Observation data size: Cells= 1368 Genes= 4567
INFO [2022-08-10 03:49:39] plot_cnv_observation:Writing observation groupings/color.
INFO [2022-08-10 03:49:39] plot_cnv_observation:Done writing observation groupings/color.
INFO [2022-08-10 03:49:39] plot_cnv_observation:Writing observation heatmap thresholds.
INFO [2022-08-10 03:49:39] plot_cnv_observation:Done writing observation heatmap thresholds.
INFO [2022-08-10 03:49:40] Colors for breaks:  #00008B,#24249B,#4848AB,#6D6DBC,#9191CC,#B6B6DD,#DADAEE,#FFFFFF,#EEDADA,#DDB6B6,#CC9191,#BC6D6D,#AB4848,#9B2424,#8B0000
INFO [2022-08-10 03:49:40] Quantiles of plotted data range: 3,3,3,3,4
INFO [2022-08-10 03:49:41] plot_cnv_observations:Writing observation data to ./data/infercnv/inferCNV_out_new/Pool105_3_newsick//infercnv.19_HMM_pred.Bayes_Net.Pnorm_0.5.observations.txt
INFO [2022-08-10 03:49:46] plot_cnv_references:Start
INFO [2022-08-10 03:49:46] Reference data size: Cells= 16134 Genes= 4567
INFO [2022-08-10 07:55:14] plot_cnv_references:Number reference groups= 1
INFO [2022-08-10 07:55:16] plot_cnv_references:Plotting heatmap.
INFO [2022-08-10 07:55:34] Colors for breaks:  #00008B,#24249B,#4848AB,#6D6DBC,#9191CC,#B6B6DD,#DADAEE,#FFFFFF,#EEDADA,#DDB6B6,#CC9191,#BC6D6D,#AB4848,#9B2424,#8B0000
INFO [2022-08-10 07:55:34] Quantiles of plotted data range: 3,3,3,3,3
INFO [2022-08-10 07:55:41] plot_cnv_references:Writing reference data to ./data/infercnv/inferCNV_out_new/Pool105_3_newsick//infercnv.19_HMM_pred.Bayes_Net.Pnorm_0.5.references.txt
INFO [2022-08-10 07:56:55] 

	STEP 20: Converting HMM-based CNV states to repr expr vals

INFO [2022-08-10 07:57:18] ::plot_cnv:Start
INFO [2022-08-10 07:57:18] ::plot_cnv:Current data dimensions (r,c)=4567,17502 Total=79974042 Min=1 Max=1.5.
INFO [2022-08-10 07:57:19] ::plot_cnv:Depending on the size of the matrix this may take a moment.
INFO [2022-08-10 07:58:38] plot_cnv_observation:Start
INFO [2022-08-10 07:58:38] Observation data size: Cells= 1368 Genes= 4567
INFO [2022-08-10 07:58:38] plot_cnv_observation:Writing observation groupings/color.
INFO [2022-08-10 07:58:38] plot_cnv_observation:Done writing observation groupings/color.
INFO [2022-08-10 07:58:38] plot_cnv_observation:Writing observation heatmap thresholds.
INFO [2022-08-10 07:58:38] plot_cnv_observation:Done writing observation heatmap thresholds.
INFO [2022-08-10 07:58:40] Colors for breaks:  #00008B,#24249B,#4848AB,#6D6DBC,#9191CC,#B6B6DD,#DADAEE,#FFFFFF,#EEDADA,#DDB6B6,#CC9191,#BC6D6D,#AB4848,#9B2424,#8B0000
INFO [2022-08-10 07:58:40] Quantiles of plotted data range: 1,1,1,1,1.5
INFO [2022-08-10 07:58:41] plot_cnv_observations:Writing observation data to ./data/infercnv/inferCNV_out_new/Pool105_3_newsick//infercnv.20_HMM_predHMMi6.hmm_mode-samples.Pnorm_0.5.repr_intensities.observations.txt
INFO [2022-08-10 07:58:46] plot_cnv_references:Start
INFO [2022-08-10 07:58:46] Reference data size: Cells= 16134 Genes= 4567
INFO [2022-08-10 12:38:41] plot_cnv_references:Number reference groups= 1
INFO [2022-08-10 12:38:42] plot_cnv_references:Plotting heatmap.
INFO [2022-08-10 12:39:00] Colors for breaks:  #00008B,#24249B,#4848AB,#6D6DBC,#9191CC,#B6B6DD,#DADAEE,#FFFFFF,#EEDADA,#DDB6B6,#CC9191,#BC6D6D,#AB4848,#9B2424,#8B0000
INFO [2022-08-10 12:39:00] Quantiles of plotted data range: 1,1,1,1,1
INFO [2022-08-10 12:39:07] plot_cnv_references:Writing reference data to ./data/infercnv/inferCNV_out_new/Pool105_3_newsick//infercnv.20_HMM_predHMMi6.hmm_mode-samples.Pnorm_0.5.repr_intensities.references.txt
INFO [2022-08-10 12:40:21] 

	STEP 22: Denoising

INFO [2022-08-10 12:40:21] ::process_data:Remove noise, noise threshold defined via ref mean sd_amplifier:  1.5
INFO [2022-08-10 12:40:21] denoising using mean(normal) +- sd_amplifier * sd(normal) per gene per cell across all data
INFO [2022-08-10 12:40:24] :: **** clear_noise_via_ref_quantiles **** : removing noise between bounds:  0.939002544595279 - 1.06274868200139
INFO [2022-08-10 12:41:07] 

## Making the final infercnv heatmap ##
INFO [2022-08-10 12:41:08] ::plot_cnv:Start
INFO [2022-08-10 12:41:08] ::plot_cnv:Current data dimensions (r,c)=4567,17502 Total=80139474.9892298 Min=0.662309763249682 Max=1.49392226089872.
INFO [2022-08-10 12:41:09] ::plot_cnv:Depending on the size of the matrix this may take a moment.
INFO [2022-08-10 12:42:41] plot_cnv(): auto thresholding at: (0.887283 , 1.112717)
INFO [2022-08-10 12:42:43] plot_cnv_observation:Start
INFO [2022-08-10 12:42:43] Observation data size: Cells= 1368 Genes= 4567
INFO [2022-08-10 12:42:43] plot_cnv_observation:Writing observation groupings/color.
INFO [2022-08-10 12:42:43] plot_cnv_observation:Done writing observation groupings/color.
INFO [2022-08-10 12:42:43] plot_cnv_observation:Writing observation heatmap thresholds.
INFO [2022-08-10 12:42:43] plot_cnv_observation:Done writing observation heatmap thresholds.
INFO [2022-08-10 12:42:44] Colors for breaks:  #00008B,#24249B,#4848AB,#6D6DBC,#9191CC,#B6B6DD,#DADAEE,#FFFFFF,#EEDADA,#DDB6B6,#CC9191,#BC6D6D,#AB4848,#9B2424,#8B0000
INFO [2022-08-10 12:42:44] Quantiles of plotted data range: 0.887282614702337,1.00087561329834,1.00087561329834,1.00087561329834,1.11271738529766
INFO [2022-08-10 12:42:46] plot_cnv_observations:Writing observation data to ./data/infercnv/inferCNV_out_new/Pool105_3_newsick//infercnv.observations.txt
INFO [2022-08-10 12:42:52] plot_cnv_references:Start
INFO [2022-08-10 12:42:52] Reference data size: Cells= 16134 Genes= 4567
INFO [2022-08-10 17:15:37] plot_cnv_references:Number reference groups= 1
INFO [2022-08-10 17:15:38] plot_cnv_references:Plotting heatmap.
INFO [2022-08-10 17:15:54] Colors for breaks:  #00008B,#24249B,#4848AB,#6D6DBC,#9191CC,#B6B6DD,#DADAEE,#FFFFFF,#EEDADA,#DDB6B6,#CC9191,#BC6D6D,#AB4848,#9B2424,#8B0000
INFO [2022-08-10 17:15:54] Quantiles of plotted data range: 0.887282614702337,1.00087561329834,1.00087561329834,1.00087561329834,1.11271738529766
INFO [2022-08-10 17:16:02] plot_cnv_references:Writing reference data to ./data/infercnv/inferCNV_out_new/Pool105_3_newsick//infercnv.references.txt
Warning message:
In type.convert.default(X[[i]], ...) :
  'as.is' should be specified by the caller; using TRUE
