[1] "/liulab/galib/mouse_scRNAseq_margaret/data/infercnv/inferCNV_out_new/18mos"
Warning message:
package ‘rBCS’ was built under R version 4.1.3 
── Attaching packages ─────────────────────────────────────── tidyverse 1.3.1 ──
✔ ggplot2 3.3.6     ✔ purrr   0.3.4
✔ tibble  3.1.7     ✔ dplyr   1.0.9
✔ tidyr   1.2.0     ✔ stringr 1.4.0
✔ readr   2.1.2     ✔ forcats 0.5.1
── Conflicts ────────────────────────────────────────── tidyverse_conflicts() ──
✖ dplyr::filter() masks stats::filter()
✖ dplyr::lag()    masks stats::lag()
Warning messages:
1: package ‘tidyverse’ was built under R version 4.1.3 
2: package ‘ggplot2’ was built under R version 4.1.3 
3: package ‘tibble’ was built under R version 4.1.3 
4: package ‘tidyr’ was built under R version 4.1.2 
5: package ‘readr’ was built under R version 4.1.2 
6: package ‘dplyr’ was built under R version 4.1.3 
7: package ‘forcats’ was built under R version 4.1.3 
Attaching SeuratObject
Attaching sp
Warning message:
package ‘Seurat’ was built under R version 4.1.3 
here() starts at /liulab/galib/mouse_scRNAseq_margaret
Loading required package: usethis
Warning message:
package ‘ggpubr’ was built under R version 4.1.3 
Warning message:
package ‘infercnv’ was built under R version 4.1.3 
[1]  32285 176583
Rows: 55228 Columns: 4
── Column specification ────────────────────────────────────────────────────────
Delimiter: "\t"
chr (2): X1, X2
dbl (2): X3, X4

ℹ Use `spec()` to retrieve the full column specification for this data.
ℹ Specify the column types or set `show_col_types = FALSE` to quiet this message.
[1] 15
INFO [2022-07-18 02:47:01] Parsing gene order file: ./data/infercnv/gene_order_file.txt
INFO [2022-07-18 02:47:01] ::order_reduce:Start.
INFO [2022-07-18 02:47:07] .order_reduce(): expr and order match.
INFO [2022-07-18 02:47:38] ::process_data:order_reduce:Reduction from positional data, new dimensions (r,c) = 32285,176583 Total=901670571 Min=0 Max=21505.
INFO [2022-07-18 02:47:41] num genes removed taking into account provided gene ordering list: 1949 = 6.03685922254917% removed.
INFO [2022-07-18 02:47:43] -filtering out cells < 100 or > Inf, removing 0 % of cells
INFO [2022-07-18 02:47:49] validating infercnv_obj
INFO [2022-07-18 02:47:49] ::process_data:Start
INFO [2022-07-18 02:47:49] Creating output path ./data/infercnv/inferCNV_out_new/Pool105_80/
INFO [2022-07-18 02:47:49] Checking for saved results.
INFO [2022-07-18 02:47:49] 

	STEP 1: incoming data

INFO [2022-07-18 02:48:15] 

	STEP 02: Removing lowly expressed genes

INFO [2022-07-18 02:48:15] ::above_min_mean_expr_cutoff:Start
INFO [2022-07-18 02:48:15] Removing 25389 genes from matrix as below mean expr threshold: 0.1
INFO [2022-07-18 02:48:16] validating infercnv_obj
INFO [2022-07-18 02:48:16] There are 4947 genes and 15604 cells remaining in the expr matrix.
INFO [2022-07-18 02:48:20] no genes removed due to min cells/gene filter
INFO [2022-07-18 02:48:40] 

	STEP 03: normalization by sequencing depth

INFO [2022-07-18 02:48:40] normalizing counts matrix by depth
INFO [2022-07-18 02:48:44] Computed total sum normalization factor as median libsize: 3197.500000
INFO [2022-07-18 02:48:44] Adding h-spike
INFO [2022-07-18 02:48:44] -hspike modeling of WT
INFO [2022-07-18 02:49:33] validating infercnv_obj
INFO [2022-07-18 02:49:33] normalizing counts matrix by depth
INFO [2022-07-18 02:49:33] Using specified normalization factor: 3197.500000
INFO [2022-07-18 02:49:53] 

	STEP 04: log transformation of data

INFO [2022-07-18 02:49:53] transforming log2xplus1()
INFO [2022-07-18 02:49:57] -mirroring for hspike
INFO [2022-07-18 02:49:57] transforming log2xplus1()
INFO [2022-07-18 02:50:19] 

	STEP 08: removing average of reference data (before smoothing)

INFO [2022-07-18 02:50:19] ::subtract_ref_expr_from_obs:Start inv_log=FALSE, use_bounds=TRUE
INFO [2022-07-18 02:50:19] subtracting mean(normal) per gene per cell across all data
INFO [2022-07-18 02:50:24] -subtracting expr per gene, use_bounds=TRUE
INFO [2022-07-18 03:12:00] -mirroring for hspike
INFO [2022-07-18 03:12:00] ::subtract_ref_expr_from_obs:Start inv_log=FALSE, use_bounds=TRUE
INFO [2022-07-18 03:12:00] subtracting mean(normal) per gene per cell across all data
INFO [2022-07-18 03:12:01] -subtracting expr per gene, use_bounds=TRUE
INFO [2022-07-18 03:12:43] 

	STEP 09: apply max centered expression threshold: 3

INFO [2022-07-18 03:12:43] ::process_data:setting max centered expr, threshold set to: +/-:  3
INFO [2022-07-18 03:12:45] -mirroring for hspike
INFO [2022-07-18 03:12:45] ::process_data:setting max centered expr, threshold set to: +/-:  3
INFO [2022-07-18 03:13:25] 

	STEP 10: Smoothing data per cell by chromosome

INFO [2022-07-18 03:13:25] smooth_by_chromosome: chr: chr1
INFO [2022-07-18 03:13:38] smooth_by_chromosome: chr: chr10
INFO [2022-07-18 03:13:50] smooth_by_chromosome: chr: chr11
INFO [2022-07-18 03:14:05] smooth_by_chromosome: chr: chr12
INFO [2022-07-18 03:14:17] smooth_by_chromosome: chr: chr13
INFO [2022-07-18 03:14:29] smooth_by_chromosome: chr: chr14
INFO [2022-07-18 03:14:41] smooth_by_chromosome: chr: chr15
INFO [2022-07-18 03:14:53] smooth_by_chromosome: chr: chr16
INFO [2022-07-18 03:15:06] smooth_by_chromosome: chr: chr17
INFO [2022-07-18 03:15:19] smooth_by_chromosome: chr: chr18
INFO [2022-07-18 03:15:30] smooth_by_chromosome: chr: chr19
INFO [2022-07-18 03:15:43] smooth_by_chromosome: chr: chr2
INFO [2022-07-18 03:15:57] smooth_by_chromosome: chr: chr3
INFO [2022-07-18 03:16:09] smooth_by_chromosome: chr: chr4
INFO [2022-07-18 03:16:22] smooth_by_chromosome: chr: chr5
INFO [2022-07-18 03:16:36] smooth_by_chromosome: chr: chr6
INFO [2022-07-18 03:16:49] smooth_by_chromosome: chr: chr7
INFO [2022-07-18 03:17:04] smooth_by_chromosome: chr: chr8
INFO [2022-07-18 03:17:17] smooth_by_chromosome: chr: chr9
INFO [2022-07-18 03:17:30] -mirroring for hspike
INFO [2022-07-18 03:17:30] smooth_by_chromosome: chr: chrA
INFO [2022-07-18 03:17:30] smooth_by_chromosome: chr: chr_0
INFO [2022-07-18 03:17:30] smooth_by_chromosome: chr: chr_B
INFO [2022-07-18 03:17:30] smooth_by_chromosome: chr: chr_0pt5
INFO [2022-07-18 03:17:30] smooth_by_chromosome: chr: chr_C
INFO [2022-07-18 03:17:31] smooth_by_chromosome: chr: chr_1pt5
INFO [2022-07-18 03:17:31] smooth_by_chromosome: chr: chr_D
INFO [2022-07-18 03:17:31] smooth_by_chromosome: chr: chr_2pt0
INFO [2022-07-18 03:17:31] smooth_by_chromosome: chr: chr_E
INFO [2022-07-18 03:17:31] smooth_by_chromosome: chr: chr_3pt0
INFO [2022-07-18 03:17:32] smooth_by_chromosome: chr: chr_F
INFO [2022-07-18 03:18:13] 

	STEP 11: re-centering data across chromosome after smoothing

INFO [2022-07-18 03:18:13] ::center_smooth across chromosomes per cell
INFO [2022-07-18 03:18:23] -mirroring for hspike
INFO [2022-07-18 03:18:23] ::center_smooth across chromosomes per cell
INFO [2022-07-18 03:19:05] 

	STEP 12: removing average of reference data (after smoothing)

INFO [2022-07-18 03:19:05] ::subtract_ref_expr_from_obs:Start inv_log=FALSE, use_bounds=TRUE
INFO [2022-07-18 03:19:05] subtracting mean(normal) per gene per cell across all data
INFO [2022-07-18 03:19:10] -subtracting expr per gene, use_bounds=TRUE
INFO [2022-07-18 03:19:15] -mirroring for hspike
INFO [2022-07-18 03:19:15] ::subtract_ref_expr_from_obs:Start inv_log=FALSE, use_bounds=TRUE
INFO [2022-07-18 03:19:15] subtracting mean(normal) per gene per cell across all data
INFO [2022-07-18 03:19:17] -subtracting expr per gene, use_bounds=TRUE
INFO [2022-07-18 03:19:57] 

	STEP 14: invert log2(FC) to FC

INFO [2022-07-18 03:19:57] invert_log2(), computing 2^x
INFO [2022-07-18 03:20:02] -mirroring for hspike
INFO [2022-07-18 03:20:02] invert_log2(), computing 2^x
INFO [2022-07-18 03:20:59] 

	STEP 15: Clustering samples (not defining tumor subclusters)

INFO [2022-07-18 03:20:59] define_signif_tumor_subclusters(p_val=0.1
INFO [2022-07-18 03:20:59] define_signif_tumor_subclusters(), tumor: CD70-/-;Bcl6tg/+
INFO [2022-07-18 03:23:14] cut tree into: 1 groups
INFO [2022-07-18 03:23:14] -processing CD70-/-;Bcl6tg/+,CD70-/-;Bcl6tg/+_s1
INFO [2022-07-18 03:23:14] define_signif_tumor_subclusters(), tumor: WT
INFO [2022-07-18 06:30:34] cut tree into: 1 groups
INFO [2022-07-18 06:30:34] -processing WT,WT_s1
INFO [2022-07-18 06:30:34] -mirroring for hspike
INFO [2022-07-18 06:30:34] define_signif_tumor_subclusters(p_val=0.1
INFO [2022-07-18 06:30:34] define_signif_tumor_subclusters(), tumor: spike_tumor_cell_WT
INFO [2022-07-18 06:30:34] cut tree into: 1 groups
INFO [2022-07-18 06:30:34] -processing spike_tumor_cell_WT,spike_tumor_cell_WT_s1
INFO [2022-07-18 06:30:34] define_signif_tumor_subclusters(), tumor: simnorm_cell_WT
INFO [2022-07-18 06:30:34] cut tree into: 1 groups
INFO [2022-07-18 06:30:34] -processing simnorm_cell_WT,simnorm_cell_WT_s1
INFO [2022-07-18 06:32:31] ::plot_cnv:Start
INFO [2022-07-18 06:32:31] ::plot_cnv:Current data dimensions (r,c)=4947,15604 Total=77313750.2769479 Min=0.680453807327586 Max=1.52786908627346.
INFO [2022-07-18 06:32:32] ::plot_cnv:Depending on the size of the matrix this may take a moment.
INFO [2022-07-18 06:34:06] plot_cnv(): auto thresholding at: (0.878323 , 1.124806)
INFO [2022-07-18 06:34:08] plot_cnv_observation:Start
INFO [2022-07-18 06:34:08] Observation data size: Cells= 1925 Genes= 4947
INFO [2022-07-18 06:34:08] plot_cnv_observation:Writing observation groupings/color.
INFO [2022-07-18 06:34:08] plot_cnv_observation:Done writing observation groupings/color.
INFO [2022-07-18 06:34:08] plot_cnv_observation:Writing observation heatmap thresholds.
INFO [2022-07-18 06:34:08] plot_cnv_observation:Done writing observation heatmap thresholds.
INFO [2022-07-18 06:34:10] Colors for breaks:  #00008B,#24249B,#4848AB,#6D6DBC,#9191CC,#B6B6DD,#DADAEE,#FFFFFF,#EEDADA,#DDB6B6,#CC9191,#BC6D6D,#AB4848,#9B2424,#8B0000
INFO [2022-07-18 06:34:10] Quantiles of plotted data range: 0.878322993877105,0.971609100750821,0.998738162315758,1.03143488055019,1.12480584671002
INFO [2022-07-18 06:34:13] plot_cnv_observations:Writing observation data to ./data/infercnv/inferCNV_out_new/Pool105_80//infercnv.preliminary.observations.txt
INFO [2022-07-18 06:34:24] plot_cnv_references:Start
INFO [2022-07-18 06:34:24] Reference data size: Cells= 13679 Genes= 4947
INFO [2022-07-18 09:41:25] plot_cnv_references:Number reference groups= 1
INFO [2022-07-18 09:41:25] plot_cnv_references:Plotting heatmap.
INFO [2022-07-18 09:41:41] Colors for breaks:  #00008B,#24249B,#4848AB,#6D6DBC,#9191CC,#B6B6DD,#DADAEE,#FFFFFF,#EEDADA,#DDB6B6,#CC9191,#BC6D6D,#AB4848,#9B2424,#8B0000
INFO [2022-07-18 09:41:41] Quantiles of plotted data range: 0.878322993877105,0.972874107218423,0.998799983389754,1.02646054837281,1.12480584671002
INFO [2022-07-18 09:41:49] plot_cnv_references:Writing reference data to ./data/infercnv/inferCNV_out_new/Pool105_80//infercnv.preliminary.references.txt
INFO [2022-07-18 09:43:01] 

	STEP 17: HMM-based CNV prediction

INFO [2022-07-18 09:43:01] predict_CNV_via_HMM_on_whole_tumor_samples
INFO [2022-07-18 09:43:04] -done predicting CNV based on initial tumor subclusters
INFO [2022-07-18 09:43:04] get_predicted_CNV_regions(subcluster)
INFO [2022-07-18 09:43:04] -processing cell_group_name: CD70-/-;Bcl6tg/+.CD70-/-;Bcl6tg/+_s1, size: 1925
INFO [2022-07-18 09:43:15] -processing cell_group_name: WT.WT_s1, size: 13679
INFO [2022-07-18 09:44:08] -writing cell clusters file: ./data/infercnv/inferCNV_out_new/Pool105_80//17_HMM_predHMMi6.hmm_mode-samples.cell_groupings
INFO [2022-07-18 09:44:08] -writing cnv regions file: ./data/infercnv/inferCNV_out_new/Pool105_80//17_HMM_predHMMi6.hmm_mode-samples.pred_cnv_regions.dat
INFO [2022-07-18 09:44:08] -writing per-gene cnv report: ./data/infercnv/inferCNV_out_new/Pool105_80//17_HMM_predHMMi6.hmm_mode-samples.pred_cnv_genes.dat
INFO [2022-07-18 09:44:08] -writing gene ordering info: ./data/infercnv/inferCNV_out_new/Pool105_80//17_HMM_predHMMi6.hmm_mode-samples.genes_used.dat
INFO [2022-07-18 09:44:26] ::plot_cnv:Start
INFO [2022-07-18 09:44:26] ::plot_cnv:Current data dimensions (r,c)=4947,15604 Total=232633864 Min=3 Max=5.
INFO [2022-07-18 09:44:27] ::plot_cnv:Depending on the size of the matrix this may take a moment.
INFO [2022-07-18 09:45:33] plot_cnv_observation:Start
INFO [2022-07-18 09:45:33] Observation data size: Cells= 1925 Genes= 4947
INFO [2022-07-18 09:45:33] plot_cnv_observation:Writing observation groupings/color.
INFO [2022-07-18 09:45:33] plot_cnv_observation:Done writing observation groupings/color.
INFO [2022-07-18 09:45:33] plot_cnv_observation:Writing observation heatmap thresholds.
INFO [2022-07-18 09:45:34] plot_cnv_observation:Done writing observation heatmap thresholds.
INFO [2022-07-18 09:45:36] Colors for breaks:  #00008B,#24249B,#4848AB,#6D6DBC,#9191CC,#B6B6DD,#DADAEE,#FFFFFF,#EEDADA,#DDB6B6,#CC9191,#BC6D6D,#AB4848,#9B2424,#8B0000
INFO [2022-07-18 09:45:36] Quantiles of plotted data range: 3,3,3,3,5
INFO [2022-07-18 09:45:38] plot_cnv_observations:Writing observation data to ./data/infercnv/inferCNV_out_new/Pool105_80//infercnv.17_HMM_predHMMi6.hmm_mode-samples.observations.txt
INFO [2022-07-18 09:45:46] plot_cnv_references:Start
INFO [2022-07-18 09:45:46] Reference data size: Cells= 13679 Genes= 4947
INFO [2022-07-18 12:57:37] plot_cnv_references:Number reference groups= 1
INFO [2022-07-18 12:57:38] plot_cnv_references:Plotting heatmap.
INFO [2022-07-18 12:57:53] Colors for breaks:  #00008B,#24249B,#4848AB,#6D6DBC,#9191CC,#B6B6DD,#DADAEE,#FFFFFF,#EEDADA,#DDB6B6,#CC9191,#BC6D6D,#AB4848,#9B2424,#8B0000
INFO [2022-07-18 12:57:53] Quantiles of plotted data range: 3,3,3,3,3
INFO [2022-07-18 12:57:59] plot_cnv_references:Writing reference data to ./data/infercnv/inferCNV_out_new/Pool105_80//infercnv.17_HMM_predHMMi6.hmm_mode-samples.references.txt
INFO [2022-07-18 12:59:11] 

	STEP 18: Run Bayesian Network Model on HMM predicted CNVs

INFO [2022-07-18 12:59:13] Creating the following Directory:  ./data/infercnv/inferCNV_out_new/Pool105_80//BayesNetOutput.HMMi6.hmm_mode-samples
INFO [2022-07-18 12:59:13] Initializing new MCM InferCNV Object.
INFO [2022-07-18 12:59:13] validating infercnv_obj
INFO [2022-07-18 12:59:13] Total CNV's:  4
INFO [2022-07-18 12:59:13] Loading BUGS Model.
INFO [2022-07-18 12:59:13] Running Sampling Using Parallel with  64 Cores
INFO [2022-07-18 13:18:59] Obtaining probabilities post-sampling
INFO [2022-07-18 13:19:34] Gibbs sampling time:  20.337523941199  Minutes
INFO [2022-07-18 13:20:33] ::plot_cnv:Start
INFO [2022-07-18 13:20:33] ::plot_cnv:Current data dimensions (r,c)=4947,15604 Total=643728.417944846 Min=0 Max=0.780096185732903.
INFO [2022-07-18 13:20:34] ::plot_cnv:Depending on the size of the matrix this may take a moment.
INFO [2022-07-18 13:20:36] plot_cnv_observation:Start
INFO [2022-07-18 13:20:36] Observation data size: Cells= 1925 Genes= 4947
INFO [2022-07-18 13:20:37] plot_cnv_observation:Writing observation groupings/color.
INFO [2022-07-18 13:20:37] plot_cnv_observation:Done writing observation groupings/color.
INFO [2022-07-18 13:20:37] plot_cnv_observation:Writing observation heatmap thresholds.
INFO [2022-07-18 13:20:37] plot_cnv_observation:Done writing observation heatmap thresholds.
INFO [2022-07-18 13:20:39] Colors for breaks:  #00008B,#24249B,#4848AB,#6D6DBC,#9191CC,#B6B6DD,#DADAEE,#FFFFFF,#EEDADA,#DDB6B6,#CC9191,#BC6D6D,#AB4848,#9B2424,#8B0000
INFO [2022-07-18 13:20:39] Quantiles of plotted data range: 0,0,0,0,0.780096185732903
INFO [2022-07-18 13:20:41] plot_cnv_observations:Writing observation data to ./data/infercnv/inferCNV_out_new/Pool105_80//BayesNetOutput.HMMi6.hmm_mode-samples/infercnv.NormalProbabilities.PreFiltering.observations.txt
INFO [2022-07-18 13:20:48] plot_cnv_references:Start
INFO [2022-07-18 13:20:48] Reference data size: Cells= 13679 Genes= 4947
INFO [2022-07-18 16:32:53] plot_cnv_references:Number reference groups= 1
INFO [2022-07-18 16:32:54] plot_cnv_references:Plotting heatmap.
INFO [2022-07-18 16:33:09] Colors for breaks:  #00008B,#24249B,#4848AB,#6D6DBC,#9191CC,#B6B6DD,#DADAEE,#FFFFFF,#EEDADA,#DDB6B6,#CC9191,#BC6D6D,#AB4848,#9B2424,#8B0000
INFO [2022-07-18 16:33:09] Quantiles of plotted data range: 0,0,0,0,0
INFO [2022-07-18 16:33:15] plot_cnv_references:Writing reference data to ./data/infercnv/inferCNV_out_new/Pool105_80//BayesNetOutput.HMMi6.hmm_mode-samples/infercnv.NormalProbabilities.PreFiltering.references.txt
INFO [2022-07-18 16:35:08] 

	STEP 19: Filter HMM predicted CNVs based on the Bayesian Network Model results and BayesMaxPNormal

INFO [2022-07-18 16:35:08] Attempting to removing CNV(s) with a probability of being normal above  0.5
INFO [2022-07-18 16:35:08] Removing  0  CNV(s) identified by the HMM.
INFO [2022-07-18 16:35:08] Reassigning CNVs based on state probabilities.
INFO [2022-07-18 16:35:08] Changing the following CNV's states assigned by the HMM to the following based on the CNV's state probabilities.
 chr17-region_9 : 4  (P= 0.259455503746128 ) ->  5 (P= 0.366896201235112 )
chr17-region_10 : 5  (P= 0.245035356006078 ) ->  6 (P= 0.263178021467128 )
chr17-region_11 : 4  (P= 0.277544663308857 ) ->  3 (P= 0.362475400916948 )
INFO [2022-07-18 16:35:08] Creating Plots for CNV and cell Probabilities.
INFO [2022-07-18 16:35:18] ::plot_cnv:Start
INFO [2022-07-18 16:35:18] ::plot_cnv:Current data dimensions (r,c)=4947,15604 Total=643728.417944846 Min=0 Max=0.780096185732903.
INFO [2022-07-18 16:35:19] ::plot_cnv:Depending on the size of the matrix this may take a moment.
INFO [2022-07-18 16:35:21] plot_cnv_observation:Start
INFO [2022-07-18 16:35:21] Observation data size: Cells= 1925 Genes= 4947
INFO [2022-07-18 16:35:21] plot_cnv_observation:Writing observation groupings/color.
INFO [2022-07-18 16:35:21] plot_cnv_observation:Done writing observation groupings/color.
INFO [2022-07-18 16:35:21] plot_cnv_observation:Writing observation heatmap thresholds.
INFO [2022-07-18 16:35:21] plot_cnv_observation:Done writing observation heatmap thresholds.
INFO [2022-07-18 16:35:23] Colors for breaks:  #00008B,#24249B,#4848AB,#6D6DBC,#9191CC,#B6B6DD,#DADAEE,#FFFFFF,#EEDADA,#DDB6B6,#CC9191,#BC6D6D,#AB4848,#9B2424,#8B0000
INFO [2022-07-18 16:35:23] Quantiles of plotted data range: 0,0,0,0,0.780096185732903
INFO [2022-07-18 16:35:25] plot_cnv_observations:Writing observation data to ./data/infercnv/inferCNV_out_new/Pool105_80//BayesNetOutput.HMMi6.hmm_mode-samples/infercnv.NormalProbabilities.PostFiltering.observations.txt
INFO [2022-07-18 16:35:32] plot_cnv_references:Start
INFO [2022-07-18 16:35:32] Reference data size: Cells= 13679 Genes= 4947
INFO [2022-07-18 19:35:27] plot_cnv_references:Number reference groups= 1
INFO [2022-07-18 19:35:28] plot_cnv_references:Plotting heatmap.
INFO [2022-07-18 19:35:43] Colors for breaks:  #00008B,#24249B,#4848AB,#6D6DBC,#9191CC,#B6B6DD,#DADAEE,#FFFFFF,#EEDADA,#DDB6B6,#CC9191,#BC6D6D,#AB4848,#9B2424,#8B0000
INFO [2022-07-18 19:35:43] Quantiles of plotted data range: 0,0,0,0,0
INFO [2022-07-18 19:35:48] plot_cnv_references:Writing reference data to ./data/infercnv/inferCNV_out_new/Pool105_80//BayesNetOutput.HMMi6.hmm_mode-samples/infercnv.NormalProbabilities.PostFiltering.references.txt
INFO [2022-07-18 19:36:55] ::plot_cnv:Start
INFO [2022-07-18 19:36:55] ::plot_cnv:Current data dimensions (r,c)=4947,15604 Total=232712789 Min=3 Max=6.
INFO [2022-07-18 19:36:56] ::plot_cnv:Depending on the size of the matrix this may take a moment.
INFO [2022-07-18 19:38:05] plot_cnv_observation:Start
INFO [2022-07-18 19:38:05] Observation data size: Cells= 1925 Genes= 4947
INFO [2022-07-18 19:38:05] plot_cnv_observation:Writing observation groupings/color.
INFO [2022-07-18 19:38:05] plot_cnv_observation:Done writing observation groupings/color.
INFO [2022-07-18 19:38:05] plot_cnv_observation:Writing observation heatmap thresholds.
INFO [2022-07-18 19:38:06] plot_cnv_observation:Done writing observation heatmap thresholds.
INFO [2022-07-18 19:38:08] Colors for breaks:  #00008B,#24249B,#4848AB,#6D6DBC,#9191CC,#B6B6DD,#DADAEE,#FFFFFF,#EEDADA,#DDB6B6,#CC9191,#BC6D6D,#AB4848,#9B2424,#8B0000
INFO [2022-07-18 19:38:08] Quantiles of plotted data range: 3,3,3,3,6
INFO [2022-07-18 19:38:10] plot_cnv_observations:Writing observation data to ./data/infercnv/inferCNV_out_new/Pool105_80//infercnv.19_HMM_pred.Bayes_Net.Pnorm_0.5.observations.txt
INFO [2022-07-18 19:38:18] plot_cnv_references:Start
INFO [2022-07-18 19:38:18] Reference data size: Cells= 13679 Genes= 4947
INFO [2022-07-18 22:44:08] plot_cnv_references:Number reference groups= 1
INFO [2022-07-18 22:44:09] plot_cnv_references:Plotting heatmap.
INFO [2022-07-18 22:44:23] Colors for breaks:  #00008B,#24249B,#4848AB,#6D6DBC,#9191CC,#B6B6DD,#DADAEE,#FFFFFF,#EEDADA,#DDB6B6,#CC9191,#BC6D6D,#AB4848,#9B2424,#8B0000
INFO [2022-07-18 22:44:23] Quantiles of plotted data range: 3,3,3,3,3
INFO [2022-07-18 22:44:28] plot_cnv_references:Writing reference data to ./data/infercnv/inferCNV_out_new/Pool105_80//infercnv.19_HMM_pred.Bayes_Net.Pnorm_0.5.references.txt
INFO [2022-07-18 22:45:28] 

	STEP 20: Converting HMM-based CNV states to repr expr vals

INFO [2022-07-18 22:45:49] ::plot_cnv:Start
INFO [2022-07-18 22:45:49] ::plot_cnv:Current data dimensions (r,c)=4947,15604 Total=77808988 Min=1 Max=3.
INFO [2022-07-18 22:45:50] ::plot_cnv:Depending on the size of the matrix this may take a moment.
INFO [2022-07-18 22:46:57] plot_cnv_observation:Start
INFO [2022-07-18 22:46:57] Observation data size: Cells= 1925 Genes= 4947
INFO [2022-07-18 22:46:57] plot_cnv_observation:Writing observation groupings/color.
INFO [2022-07-18 22:46:57] plot_cnv_observation:Done writing observation groupings/color.
INFO [2022-07-18 22:46:57] plot_cnv_observation:Writing observation heatmap thresholds.
INFO [2022-07-18 22:46:57] plot_cnv_observation:Done writing observation heatmap thresholds.
INFO [2022-07-18 22:46:59] Colors for breaks:  #00008B,#24249B,#4848AB,#6D6DBC,#9191CC,#B6B6DD,#DADAEE,#FFFFFF,#EEDADA,#DDB6B6,#CC9191,#BC6D6D,#AB4848,#9B2424,#8B0000
INFO [2022-07-18 22:46:59] Quantiles of plotted data range: 1,1,1,1,3
INFO [2022-07-18 22:47:01] plot_cnv_observations:Writing observation data to ./data/infercnv/inferCNV_out_new/Pool105_80//infercnv.20_HMM_predHMMi6.hmm_mode-samples.Pnorm_0.5.repr_intensities.observations.txt
INFO [2022-07-18 22:47:09] plot_cnv_references:Start
INFO [2022-07-18 22:47:09] Reference data size: Cells= 13679 Genes= 4947
INFO [2022-07-19 01:01:17] plot_cnv_references:Number reference groups= 1
INFO [2022-07-19 01:01:17] plot_cnv_references:Plotting heatmap.
INFO [2022-07-19 01:01:31] Colors for breaks:  #00008B,#24249B,#4848AB,#6D6DBC,#9191CC,#B6B6DD,#DADAEE,#FFFFFF,#EEDADA,#DDB6B6,#CC9191,#BC6D6D,#AB4848,#9B2424,#8B0000
INFO [2022-07-19 01:01:31] Quantiles of plotted data range: 1,1,1,1,1
INFO [2022-07-19 01:01:36] plot_cnv_references:Writing reference data to ./data/infercnv/inferCNV_out_new/Pool105_80//infercnv.20_HMM_predHMMi6.hmm_mode-samples.Pnorm_0.5.repr_intensities.references.txt
INFO [2022-07-19 01:02:27] 

	STEP 22: Denoising

INFO [2022-07-19 01:02:27] ::process_data:Remove noise, noise threshold defined via ref mean sd_amplifier:  1.5
INFO [2022-07-19 01:02:27] denoising using mean(normal) +- sd_amplifier * sd(normal) per gene per cell across all data
INFO [2022-07-19 01:02:29] :: **** clear_noise_via_ref_quantiles **** : removing noise between bounds:  0.93809693991903 - 1.06370696434836
INFO [2022-07-19 01:03:07] 

## Making the final infercnv heatmap ##
INFO [2022-07-19 01:03:08] ::plot_cnv:Start
INFO [2022-07-19 01:03:08] ::plot_cnv:Current data dimensions (r,c)=4947,15604 Total=77465876.136422 Min=0.680453807327586 Max=1.52786908627346.
INFO [2022-07-19 01:03:09] ::plot_cnv:Depending on the size of the matrix this may take a moment.
INFO [2022-07-19 01:04:33] plot_cnv(): auto thresholding at: (0.875194 , 1.124806)
INFO [2022-07-19 01:04:34] plot_cnv_observation:Start
INFO [2022-07-19 01:04:34] Observation data size: Cells= 1925 Genes= 4947
INFO [2022-07-19 01:04:35] plot_cnv_observation:Writing observation groupings/color.
INFO [2022-07-19 01:04:35] plot_cnv_observation:Done writing observation groupings/color.
INFO [2022-07-19 01:04:35] plot_cnv_observation:Writing observation heatmap thresholds.
INFO [2022-07-19 01:04:35] plot_cnv_observation:Done writing observation heatmap thresholds.
INFO [2022-07-19 01:04:37] Colors for breaks:  #00008B,#24249B,#4848AB,#6D6DBC,#9191CC,#B6B6DD,#DADAEE,#FFFFFF,#EEDADA,#DDB6B6,#CC9191,#BC6D6D,#AB4848,#9B2424,#8B0000
INFO [2022-07-19 01:04:37] Quantiles of plotted data range: 0.875194153289982,1.00090195213369,1.00090195213369,1.00090195213369,1.12480584671002
INFO [2022-07-19 01:04:39] plot_cnv_observations:Writing observation data to ./data/infercnv/inferCNV_out_new/Pool105_80//infercnv.observations.txt
INFO [2022-07-19 01:04:49] plot_cnv_references:Start
INFO [2022-07-19 01:04:49] Reference data size: Cells= 13679 Genes= 4947
INFO [2022-07-19 03:09:36] plot_cnv_references:Number reference groups= 1
INFO [2022-07-19 03:09:37] plot_cnv_references:Plotting heatmap.
INFO [2022-07-19 03:09:52] Colors for breaks:  #00008B,#24249B,#4848AB,#6D6DBC,#9191CC,#B6B6DD,#DADAEE,#FFFFFF,#EEDADA,#DDB6B6,#CC9191,#BC6D6D,#AB4848,#9B2424,#8B0000
INFO [2022-07-19 03:09:52] Quantiles of plotted data range: 0.875194153289982,1.00090195213369,1.00090195213369,1.00090195213369,1.12480584671002
INFO [2022-07-19 03:09:59] plot_cnv_references:Writing reference data to ./data/infercnv/inferCNV_out_new/Pool105_80//infercnv.references.txt
Warning messages:
1: In type.convert.default(X[[i]], ...) :
  'as.is' should be specified by the caller; using TRUE
2: In type.convert.default(X[[i]], ...) :
  'as.is' should be specified by the caller; using TRUE
3: In type.convert.default(X[[i]], ...) :
  'as.is' should be specified by the caller; using TRUE
4: In type.convert.default(X[[i]], ...) :
  'as.is' should be specified by the caller; using TRUE
