[1] "/liulab/galib/mouse_scRNAseq_margaret/data/infercnv/inferCNV_out_new/18mos"
Warning message:
package ‘rBCS’ was built under R version 4.1.3 
── Attaching packages ─────────────────────────────────────── tidyverse 1.3.1 ──
✔ ggplot2 3.3.6     ✔ purrr   0.3.4
✔ tibble  3.1.7     ✔ dplyr   1.0.9
✔ tidyr   1.2.0     ✔ stringr 1.4.0
✔ readr   2.1.2     ✔ forcats 0.5.1
── Conflicts ────────────────────────────────────────── tidyverse_conflicts() ──
✖ dplyr::filter() masks stats::filter()
✖ dplyr::lag()    masks stats::lag()
Warning messages:
1: package ‘tidyverse’ was built under R version 4.1.3 
2: package ‘ggplot2’ was built under R version 4.1.3 
3: package ‘tibble’ was built under R version 4.1.3 
4: package ‘tidyr’ was built under R version 4.1.2 
5: package ‘readr’ was built under R version 4.1.2 
6: package ‘dplyr’ was built under R version 4.1.3 
7: package ‘forcats’ was built under R version 4.1.3 
Attaching SeuratObject
Attaching sp
Warning message:
package ‘Seurat’ was built under R version 4.1.3 
here() starts at /liulab/galib/mouse_scRNAseq_margaret
Loading required package: usethis
Warning message:
package ‘ggpubr’ was built under R version 4.1.3 
Warning message:
package ‘infercnv’ was built under R version 4.1.3 
[1]  32285 176583
Rows: 55228 Columns: 4
── Column specification ────────────────────────────────────────────────────────
Delimiter: "\t"
chr (2): X1, X2
dbl (2): X3, X4

ℹ Use `spec()` to retrieve the full column specification for this data.
ℹ Specify the column types or set `show_col_types = FALSE` to quiet this message.
[1] 15
INFO [2022-07-17 09:49:45] Parsing gene order file: ./data/infercnv/gene_order_file.txt
INFO [2022-07-17 09:49:46] ::order_reduce:Start.
INFO [2022-07-17 09:49:50] .order_reduce(): expr and order match.
INFO [2022-07-17 09:50:08] ::process_data:order_reduce:Reduction from positional data, new dimensions (r,c) = 32285,176583 Total=901670571 Min=0 Max=21505.
INFO [2022-07-17 09:50:10] num genes removed taking into account provided gene ordering list: 1949 = 6.03685922254917% removed.
INFO [2022-07-17 09:50:12] -filtering out cells < 100 or > Inf, removing 0 % of cells
INFO [2022-07-17 09:50:17] validating infercnv_obj
INFO [2022-07-17 09:50:17] ::process_data:Start
INFO [2022-07-17 09:50:17] Creating output path ./data/infercnv/inferCNV_out_new/Pool106-1_53/
INFO [2022-07-17 09:50:17] Checking for saved results.
INFO [2022-07-17 09:50:17] 

	STEP 1: incoming data

INFO [2022-07-17 09:50:42] 

	STEP 02: Removing lowly expressed genes

INFO [2022-07-17 09:50:42] ::above_min_mean_expr_cutoff:Start
INFO [2022-07-17 09:50:43] Removing 25211 genes from matrix as below mean expr threshold: 0.1
INFO [2022-07-17 09:50:43] validating infercnv_obj
INFO [2022-07-17 09:50:43] There are 5125 genes and 16519 cells remaining in the expr matrix.
INFO [2022-07-17 09:50:48] no genes removed due to min cells/gene filter
INFO [2022-07-17 09:51:12] 

	STEP 03: normalization by sequencing depth

INFO [2022-07-17 09:51:12] normalizing counts matrix by depth
INFO [2022-07-17 09:51:17] Computed total sum normalization factor as median libsize: 3306.000000
INFO [2022-07-17 09:51:17] Adding h-spike
INFO [2022-07-17 09:51:17] -hspike modeling of WT
INFO [2022-07-17 09:52:08] validating infercnv_obj
INFO [2022-07-17 09:52:08] normalizing counts matrix by depth
INFO [2022-07-17 09:52:09] Using specified normalization factor: 3306.000000
INFO [2022-07-17 09:52:33] 

	STEP 04: log transformation of data

INFO [2022-07-17 09:52:33] transforming log2xplus1()
INFO [2022-07-17 09:52:36] -mirroring for hspike
INFO [2022-07-17 09:52:36] transforming log2xplus1()
INFO [2022-07-17 09:53:01] 

	STEP 08: removing average of reference data (before smoothing)

INFO [2022-07-17 09:53:01] ::subtract_ref_expr_from_obs:Start inv_log=FALSE, use_bounds=TRUE
INFO [2022-07-17 09:53:01] subtracting mean(normal) per gene per cell across all data
INFO [2022-07-17 09:53:06] -subtracting expr per gene, use_bounds=TRUE
INFO [2022-07-17 10:10:55] -mirroring for hspike
INFO [2022-07-17 10:10:55] ::subtract_ref_expr_from_obs:Start inv_log=FALSE, use_bounds=TRUE
INFO [2022-07-17 10:10:55] subtracting mean(normal) per gene per cell across all data
INFO [2022-07-17 10:10:57] -subtracting expr per gene, use_bounds=TRUE
INFO [2022-07-17 10:11:37] 

	STEP 09: apply max centered expression threshold: 3

INFO [2022-07-17 10:11:37] ::process_data:setting max centered expr, threshold set to: +/-:  3
INFO [2022-07-17 10:11:39] -mirroring for hspike
INFO [2022-07-17 10:11:39] ::process_data:setting max centered expr, threshold set to: +/-:  3
INFO [2022-07-17 10:12:19] 

	STEP 10: Smoothing data per cell by chromosome

INFO [2022-07-17 10:12:19] smooth_by_chromosome: chr: chr1
INFO [2022-07-17 10:12:32] smooth_by_chromosome: chr: chr10
INFO [2022-07-17 10:12:44] smooth_by_chromosome: chr: chr11
INFO [2022-07-17 10:12:59] smooth_by_chromosome: chr: chr12
INFO [2022-07-17 10:13:11] smooth_by_chromosome: chr: chr13
INFO [2022-07-17 10:13:23] smooth_by_chromosome: chr: chr14
INFO [2022-07-17 10:13:34] smooth_by_chromosome: chr: chr15
INFO [2022-07-17 10:13:47] smooth_by_chromosome: chr: chr16
INFO [2022-07-17 10:13:58] smooth_by_chromosome: chr: chr17
INFO [2022-07-17 10:14:11] smooth_by_chromosome: chr: chr18
INFO [2022-07-17 10:14:22] smooth_by_chromosome: chr: chr19
INFO [2022-07-17 10:14:34] smooth_by_chromosome: chr: chr2
INFO [2022-07-17 10:14:49] smooth_by_chromosome: chr: chr3
INFO [2022-07-17 10:15:01] smooth_by_chromosome: chr: chr4
INFO [2022-07-17 10:15:14] smooth_by_chromosome: chr: chr5
INFO [2022-07-17 10:15:28] smooth_by_chromosome: chr: chr6
INFO [2022-07-17 10:15:42] smooth_by_chromosome: chr: chr7
INFO [2022-07-17 10:15:56] smooth_by_chromosome: chr: chr8
INFO [2022-07-17 10:16:09] smooth_by_chromosome: chr: chr9
INFO [2022-07-17 10:16:21] -mirroring for hspike
INFO [2022-07-17 10:16:21] smooth_by_chromosome: chr: chrA
INFO [2022-07-17 10:16:21] smooth_by_chromosome: chr: chr_0
INFO [2022-07-17 10:16:21] smooth_by_chromosome: chr: chr_B
INFO [2022-07-17 10:16:22] smooth_by_chromosome: chr: chr_0pt5
INFO [2022-07-17 10:16:22] smooth_by_chromosome: chr: chr_C
INFO [2022-07-17 10:16:22] smooth_by_chromosome: chr: chr_1pt5
INFO [2022-07-17 10:16:22] smooth_by_chromosome: chr: chr_D
INFO [2022-07-17 10:16:22] smooth_by_chromosome: chr: chr_2pt0
INFO [2022-07-17 10:16:22] smooth_by_chromosome: chr: chr_E
INFO [2022-07-17 10:16:23] smooth_by_chromosome: chr: chr_3pt0
INFO [2022-07-17 10:16:23] smooth_by_chromosome: chr: chr_F
INFO [2022-07-17 10:17:03] 

	STEP 11: re-centering data across chromosome after smoothing

INFO [2022-07-17 10:17:03] ::center_smooth across chromosomes per cell
INFO [2022-07-17 10:17:15] -mirroring for hspike
INFO [2022-07-17 10:17:15] ::center_smooth across chromosomes per cell
INFO [2022-07-17 10:17:57] 

	STEP 12: removing average of reference data (after smoothing)

INFO [2022-07-17 10:17:57] ::subtract_ref_expr_from_obs:Start inv_log=FALSE, use_bounds=TRUE
INFO [2022-07-17 10:17:57] subtracting mean(normal) per gene per cell across all data
INFO [2022-07-17 10:18:01] -subtracting expr per gene, use_bounds=TRUE
INFO [2022-07-17 10:18:07] -mirroring for hspike
INFO [2022-07-17 10:18:07] ::subtract_ref_expr_from_obs:Start inv_log=FALSE, use_bounds=TRUE
INFO [2022-07-17 10:18:07] subtracting mean(normal) per gene per cell across all data
INFO [2022-07-17 10:18:08] -subtracting expr per gene, use_bounds=TRUE
INFO [2022-07-17 10:18:49] 

	STEP 14: invert log2(FC) to FC

INFO [2022-07-17 10:18:49] invert_log2(), computing 2^x
INFO [2022-07-17 10:18:54] -mirroring for hspike
INFO [2022-07-17 10:18:54] invert_log2(), computing 2^x
INFO [2022-07-17 10:19:50] 

	STEP 15: Clustering samples (not defining tumor subclusters)

INFO [2022-07-17 10:19:50] define_signif_tumor_subclusters(p_val=0.1
INFO [2022-07-17 10:19:50] define_signif_tumor_subclusters(), tumor: CD70-/-;Bcl6tg/+
INFO [2022-07-17 10:24:10] cut tree into: 1 groups
INFO [2022-07-17 10:24:10] -processing CD70-/-;Bcl6tg/+,CD70-/-;Bcl6tg/+_s1
INFO [2022-07-17 10:24:10] define_signif_tumor_subclusters(), tumor: WT
INFO [2022-07-17 13:27:51] cut tree into: 1 groups
INFO [2022-07-17 13:27:51] -processing WT,WT_s1
INFO [2022-07-17 13:27:51] -mirroring for hspike
INFO [2022-07-17 13:27:51] define_signif_tumor_subclusters(p_val=0.1
INFO [2022-07-17 13:27:51] define_signif_tumor_subclusters(), tumor: spike_tumor_cell_WT
INFO [2022-07-17 13:27:51] cut tree into: 1 groups
INFO [2022-07-17 13:27:51] -processing spike_tumor_cell_WT,spike_tumor_cell_WT_s1
INFO [2022-07-17 13:27:51] define_signif_tumor_subclusters(), tumor: simnorm_cell_WT
INFO [2022-07-17 13:27:52] cut tree into: 1 groups
INFO [2022-07-17 13:27:52] -processing simnorm_cell_WT,simnorm_cell_WT_s1
INFO [2022-07-17 13:29:44] ::plot_cnv:Start
INFO [2022-07-17 13:29:44] ::plot_cnv:Current data dimensions (r,c)=5125,16519 Total=84744337.2850932 Min=0.69638196604943 Max=1.70544215460665.
INFO [2022-07-17 13:29:45] ::plot_cnv:Depending on the size of the matrix this may take a moment.
INFO [2022-07-17 13:31:10] plot_cnv(): auto thresholding at: (0.880958 , 1.121038)
INFO [2022-07-17 13:31:11] plot_cnv_observation:Start
INFO [2022-07-17 13:31:11] Observation data size: Cells= 2840 Genes= 5125
INFO [2022-07-17 13:31:12] plot_cnv_observation:Writing observation groupings/color.
INFO [2022-07-17 13:31:12] plot_cnv_observation:Done writing observation groupings/color.
INFO [2022-07-17 13:31:12] plot_cnv_observation:Writing observation heatmap thresholds.
INFO [2022-07-17 13:31:12] plot_cnv_observation:Done writing observation heatmap thresholds.
INFO [2022-07-17 13:31:14] Colors for breaks:  #00008B,#24249B,#4848AB,#6D6DBC,#9191CC,#B6B6DD,#DADAEE,#FFFFFF,#EEDADA,#DDB6B6,#CC9191,#BC6D6D,#AB4848,#9B2424,#8B0000
INFO [2022-07-17 13:31:14] Quantiles of plotted data range: 0.880957761424511,0.967673257035888,0.998729238902059,1.03206312937688,1.12103757072294
INFO [2022-07-17 13:31:17] plot_cnv_observations:Writing observation data to ./data/infercnv/inferCNV_out_new/Pool106-1_53//infercnv.preliminary.observations.txt
INFO [2022-07-17 13:31:31] plot_cnv_references:Start
INFO [2022-07-17 13:31:31] Reference data size: Cells= 13679 Genes= 5125
INFO [2022-07-17 16:35:36] plot_cnv_references:Number reference groups= 1
INFO [2022-07-17 16:35:37] plot_cnv_references:Plotting heatmap.
INFO [2022-07-17 16:35:49] Colors for breaks:  #00008B,#24249B,#4848AB,#6D6DBC,#9191CC,#B6B6DD,#DADAEE,#FFFFFF,#EEDADA,#DDB6B6,#CC9191,#BC6D6D,#AB4848,#9B2424,#8B0000
INFO [2022-07-17 16:35:49] Quantiles of plotted data range: 0.880957761424511,0.972771994749043,0.998782831330029,1.02654147118096,1.12103757072294
INFO [2022-07-17 16:35:56] plot_cnv_references:Writing reference data to ./data/infercnv/inferCNV_out_new/Pool106-1_53//infercnv.preliminary.references.txt
INFO [2022-07-17 16:37:06] 

	STEP 17: HMM-based CNV prediction

INFO [2022-07-17 16:37:06] predict_CNV_via_HMM_on_whole_tumor_samples
INFO [2022-07-17 16:37:08] -done predicting CNV based on initial tumor subclusters
INFO [2022-07-17 16:37:08] get_predicted_CNV_regions(subcluster)
INFO [2022-07-17 16:37:08] -processing cell_group_name: CD70-/-;Bcl6tg/+.CD70-/-;Bcl6tg/+_s1, size: 2840
INFO [2022-07-17 16:37:21] -processing cell_group_name: WT.WT_s1, size: 13679
INFO [2022-07-17 16:38:10] -writing cell clusters file: ./data/infercnv/inferCNV_out_new/Pool106-1_53//17_HMM_predHMMi6.hmm_mode-samples.cell_groupings
INFO [2022-07-17 16:38:10] -writing cnv regions file: ./data/infercnv/inferCNV_out_new/Pool106-1_53//17_HMM_predHMMi6.hmm_mode-samples.pred_cnv_regions.dat
INFO [2022-07-17 16:38:10] -writing per-gene cnv report: ./data/infercnv/inferCNV_out_new/Pool106-1_53//17_HMM_predHMMi6.hmm_mode-samples.pred_cnv_genes.dat
INFO [2022-07-17 16:38:10] -writing gene ordering info: ./data/infercnv/inferCNV_out_new/Pool106-1_53//17_HMM_predHMMi6.hmm_mode-samples.genes_used.dat
INFO [2022-07-17 16:38:28] ::plot_cnv:Start
INFO [2022-07-17 16:38:28] ::plot_cnv:Current data dimensions (r,c)=5125,16519 Total=254061985 Min=2 Max=4.
INFO [2022-07-17 16:38:29] ::plot_cnv:Depending on the size of the matrix this may take a moment.
INFO [2022-07-17 16:39:38] plot_cnv_observation:Start
INFO [2022-07-17 16:39:38] Observation data size: Cells= 2840 Genes= 5125
INFO [2022-07-17 16:39:39] plot_cnv_observation:Writing observation groupings/color.
INFO [2022-07-17 16:39:39] plot_cnv_observation:Done writing observation groupings/color.
INFO [2022-07-17 16:39:39] plot_cnv_observation:Writing observation heatmap thresholds.
INFO [2022-07-17 16:39:39] plot_cnv_observation:Done writing observation heatmap thresholds.
INFO [2022-07-17 16:39:41] Colors for breaks:  #00008B,#24249B,#4848AB,#6D6DBC,#9191CC,#B6B6DD,#DADAEE,#FFFFFF,#EEDADA,#DDB6B6,#CC9191,#BC6D6D,#AB4848,#9B2424,#8B0000
INFO [2022-07-17 16:39:41] Quantiles of plotted data range: 2,3,3,3,4
INFO [2022-07-17 16:39:44] plot_cnv_observations:Writing observation data to ./data/infercnv/inferCNV_out_new/Pool106-1_53//infercnv.17_HMM_predHMMi6.hmm_mode-samples.observations.txt
INFO [2022-07-17 16:39:55] plot_cnv_references:Start
INFO [2022-07-17 16:39:55] Reference data size: Cells= 13679 Genes= 5125
INFO [2022-07-17 19:45:01] plot_cnv_references:Number reference groups= 1
INFO [2022-07-17 19:45:01] plot_cnv_references:Plotting heatmap.
INFO [2022-07-17 19:45:13] Colors for breaks:  #00008B,#24249B,#4848AB,#6D6DBC,#9191CC,#B6B6DD,#DADAEE,#FFFFFF,#EEDADA,#DDB6B6,#CC9191,#BC6D6D,#AB4848,#9B2424,#8B0000
INFO [2022-07-17 19:45:13] Quantiles of plotted data range: 3,3,3,3,3
INFO [2022-07-17 19:45:18] plot_cnv_references:Writing reference data to ./data/infercnv/inferCNV_out_new/Pool106-1_53//infercnv.17_HMM_predHMMi6.hmm_mode-samples.references.txt
INFO [2022-07-17 19:46:19] 

	STEP 18: Run Bayesian Network Model on HMM predicted CNVs

INFO [2022-07-17 19:46:19] Creating the following Directory:  ./data/infercnv/inferCNV_out_new/Pool106-1_53//BayesNetOutput.HMMi6.hmm_mode-samples
INFO [2022-07-17 19:46:19] Initializing new MCM InferCNV Object.
INFO [2022-07-17 19:46:19] validating infercnv_obj
INFO [2022-07-17 19:46:19] Total CNV's:  9
INFO [2022-07-17 19:46:19] Loading BUGS Model.
INFO [2022-07-17 19:46:19] Running Sampling Using Parallel with  64 Cores
INFO [2022-07-17 20:09:37] Obtaining probabilities post-sampling
INFO [2022-07-17 20:11:17] Gibbs sampling time:  24.9599081635475  Minutes
INFO [2022-07-17 20:12:15] ::plot_cnv:Start
INFO [2022-07-17 20:12:15] ::plot_cnv:Current data dimensions (r,c)=5125,16519 Total=1962383.90338052 Min=0 Max=0.828192484762449.
INFO [2022-07-17 20:12:16] ::plot_cnv:Depending on the size of the matrix this may take a moment.
INFO [2022-07-17 20:12:17] plot_cnv_observation:Start
INFO [2022-07-17 20:12:17] Observation data size: Cells= 2840 Genes= 5125
INFO [2022-07-17 20:12:18] plot_cnv_observation:Writing observation groupings/color.
INFO [2022-07-17 20:12:18] plot_cnv_observation:Done writing observation groupings/color.
INFO [2022-07-17 20:12:18] plot_cnv_observation:Writing observation heatmap thresholds.
INFO [2022-07-17 20:12:18] plot_cnv_observation:Done writing observation heatmap thresholds.
INFO [2022-07-17 20:12:20] Colors for breaks:  #00008B,#24249B,#4848AB,#6D6DBC,#9191CC,#B6B6DD,#DADAEE,#FFFFFF,#EEDADA,#DDB6B6,#CC9191,#BC6D6D,#AB4848,#9B2424,#8B0000
INFO [2022-07-17 20:12:20] Quantiles of plotted data range: 0,0,0,0,0.828192484762449
INFO [2022-07-17 20:12:23] plot_cnv_observations:Writing observation data to ./data/infercnv/inferCNV_out_new/Pool106-1_53//BayesNetOutput.HMMi6.hmm_mode-samples/infercnv.NormalProbabilities.PreFiltering.observations.txt
INFO [2022-07-17 20:12:33] plot_cnv_references:Start
INFO [2022-07-17 20:12:33] Reference data size: Cells= 13679 Genes= 5125
INFO [2022-07-17 22:46:48] plot_cnv_references:Number reference groups= 1
INFO [2022-07-17 22:46:48] plot_cnv_references:Plotting heatmap.
INFO [2022-07-17 22:47:00] Colors for breaks:  #00008B,#24249B,#4848AB,#6D6DBC,#9191CC,#B6B6DD,#DADAEE,#FFFFFF,#EEDADA,#DDB6B6,#CC9191,#BC6D6D,#AB4848,#9B2424,#8B0000
INFO [2022-07-17 22:47:00] Quantiles of plotted data range: 0,0,0,0,0
INFO [2022-07-17 22:47:04] plot_cnv_references:Writing reference data to ./data/infercnv/inferCNV_out_new/Pool106-1_53//BayesNetOutput.HMMi6.hmm_mode-samples/infercnv.NormalProbabilities.PreFiltering.references.txt
INFO [2022-07-17 22:48:48] 

	STEP 19: Filter HMM predicted CNVs based on the Bayesian Network Model results and BayesMaxPNormal

INFO [2022-07-17 22:48:48] Attempting to removing CNV(s) with a probability of being normal above  0.5
INFO [2022-07-17 22:48:48] Removing  0  CNV(s) identified by the HMM.
INFO [2022-07-17 22:48:48] Reassigning CNVs based on state probabilities.
INFO [2022-07-17 22:48:48] Creating Plots for CNV and cell Probabilities.
INFO [2022-07-17 22:49:12] ::plot_cnv:Start
INFO [2022-07-17 22:49:12] ::plot_cnv:Current data dimensions (r,c)=5125,16519 Total=1962383.90338052 Min=0 Max=0.828192484762449.
INFO [2022-07-17 22:49:13] ::plot_cnv:Depending on the size of the matrix this may take a moment.
INFO [2022-07-17 22:49:14] plot_cnv_observation:Start
INFO [2022-07-17 22:49:14] Observation data size: Cells= 2840 Genes= 5125
INFO [2022-07-17 22:49:15] plot_cnv_observation:Writing observation groupings/color.
INFO [2022-07-17 22:49:15] plot_cnv_observation:Done writing observation groupings/color.
INFO [2022-07-17 22:49:15] plot_cnv_observation:Writing observation heatmap thresholds.
INFO [2022-07-17 22:49:15] plot_cnv_observation:Done writing observation heatmap thresholds.
INFO [2022-07-17 22:49:17] Colors for breaks:  #00008B,#24249B,#4848AB,#6D6DBC,#9191CC,#B6B6DD,#DADAEE,#FFFFFF,#EEDADA,#DDB6B6,#CC9191,#BC6D6D,#AB4848,#9B2424,#8B0000
INFO [2022-07-17 22:49:17] Quantiles of plotted data range: 0,0,0,0,0.828192484762449
INFO [2022-07-17 22:49:19] plot_cnv_observations:Writing observation data to ./data/infercnv/inferCNV_out_new/Pool106-1_53//BayesNetOutput.HMMi6.hmm_mode-samples/infercnv.NormalProbabilities.PostFiltering.observations.txt
INFO [2022-07-17 22:49:29] plot_cnv_references:Start
INFO [2022-07-17 22:49:29] Reference data size: Cells= 13679 Genes= 5125
INFO [2022-07-18 00:45:59] plot_cnv_references:Number reference groups= 1
INFO [2022-07-18 00:46:00] plot_cnv_references:Plotting heatmap.
INFO [2022-07-18 00:46:12] Colors for breaks:  #00008B,#24249B,#4848AB,#6D6DBC,#9191CC,#B6B6DD,#DADAEE,#FFFFFF,#EEDADA,#DDB6B6,#CC9191,#BC6D6D,#AB4848,#9B2424,#8B0000
INFO [2022-07-18 00:46:12] Quantiles of plotted data range: 0,0,0,0,0
INFO [2022-07-18 00:46:16] plot_cnv_references:Writing reference data to ./data/infercnv/inferCNV_out_new/Pool106-1_53//BayesNetOutput.HMMi6.hmm_mode-samples/infercnv.NormalProbabilities.PostFiltering.references.txt
INFO [2022-07-18 00:47:19] ::plot_cnv:Start
INFO [2022-07-18 00:47:19] ::plot_cnv:Current data dimensions (r,c)=5125,16519 Total=254061985 Min=2 Max=4.
INFO [2022-07-18 00:47:20] ::plot_cnv:Depending on the size of the matrix this may take a moment.
INFO [2022-07-18 00:48:27] plot_cnv_observation:Start
INFO [2022-07-18 00:48:27] Observation data size: Cells= 2840 Genes= 5125
INFO [2022-07-18 00:48:27] plot_cnv_observation:Writing observation groupings/color.
INFO [2022-07-18 00:48:27] plot_cnv_observation:Done writing observation groupings/color.
INFO [2022-07-18 00:48:27] plot_cnv_observation:Writing observation heatmap thresholds.
INFO [2022-07-18 00:48:27] plot_cnv_observation:Done writing observation heatmap thresholds.
INFO [2022-07-18 00:48:29] Colors for breaks:  #00008B,#24249B,#4848AB,#6D6DBC,#9191CC,#B6B6DD,#DADAEE,#FFFFFF,#EEDADA,#DDB6B6,#CC9191,#BC6D6D,#AB4848,#9B2424,#8B0000
INFO [2022-07-18 00:48:29] Quantiles of plotted data range: 2,3,3,3,4
INFO [2022-07-18 00:48:32] plot_cnv_observations:Writing observation data to ./data/infercnv/inferCNV_out_new/Pool106-1_53//infercnv.19_HMM_pred.Bayes_Net.Pnorm_0.5.observations.txt
INFO [2022-07-18 00:48:43] plot_cnv_references:Start
INFO [2022-07-18 00:48:43] Reference data size: Cells= 13679 Genes= 5125
INFO [2022-07-18 03:53:27] plot_cnv_references:Number reference groups= 1
INFO [2022-07-18 03:53:28] plot_cnv_references:Plotting heatmap.
INFO [2022-07-18 03:53:40] Colors for breaks:  #00008B,#24249B,#4848AB,#6D6DBC,#9191CC,#B6B6DD,#DADAEE,#FFFFFF,#EEDADA,#DDB6B6,#CC9191,#BC6D6D,#AB4848,#9B2424,#8B0000
INFO [2022-07-18 03:53:40] Quantiles of plotted data range: 3,3,3,3,3
INFO [2022-07-18 03:53:44] plot_cnv_references:Writing reference data to ./data/infercnv/inferCNV_out_new/Pool106-1_53//infercnv.19_HMM_pred.Bayes_Net.Pnorm_0.5.references.txt
INFO [2022-07-18 03:54:40] 

	STEP 20: Converting HMM-based CNV states to repr expr vals

INFO [2022-07-18 03:55:01] ::plot_cnv:Start
INFO [2022-07-18 03:55:01] ::plot_cnv:Current data dimensions (r,c)=5125,16519 Total=84701055 Min=0.5 Max=1.5.
INFO [2022-07-18 03:55:01] ::plot_cnv:Depending on the size of the matrix this may take a moment.
INFO [2022-07-18 03:56:08] plot_cnv_observation:Start
INFO [2022-07-18 03:56:08] Observation data size: Cells= 2840 Genes= 5125
INFO [2022-07-18 03:56:08] plot_cnv_observation:Writing observation groupings/color.
INFO [2022-07-18 03:56:09] plot_cnv_observation:Done writing observation groupings/color.
INFO [2022-07-18 03:56:09] plot_cnv_observation:Writing observation heatmap thresholds.
INFO [2022-07-18 03:56:09] plot_cnv_observation:Done writing observation heatmap thresholds.
INFO [2022-07-18 03:56:11] Colors for breaks:  #00008B,#24249B,#4848AB,#6D6DBC,#9191CC,#B6B6DD,#DADAEE,#FFFFFF,#EEDADA,#DDB6B6,#CC9191,#BC6D6D,#AB4848,#9B2424,#8B0000
INFO [2022-07-18 03:56:11] Quantiles of plotted data range: 0.5,1,1,1,1.5
INFO [2022-07-18 03:56:13] plot_cnv_observations:Writing observation data to ./data/infercnv/inferCNV_out_new/Pool106-1_53//infercnv.20_HMM_predHMMi6.hmm_mode-samples.Pnorm_0.5.repr_intensities.observations.txt
INFO [2022-07-18 03:56:24] plot_cnv_references:Start
INFO [2022-07-18 03:56:24] Reference data size: Cells= 13679 Genes= 5125
INFO [2022-07-18 07:01:10] plot_cnv_references:Number reference groups= 1
INFO [2022-07-18 07:01:10] plot_cnv_references:Plotting heatmap.
INFO [2022-07-18 07:01:22] Colors for breaks:  #00008B,#24249B,#4848AB,#6D6DBC,#9191CC,#B6B6DD,#DADAEE,#FFFFFF,#EEDADA,#DDB6B6,#CC9191,#BC6D6D,#AB4848,#9B2424,#8B0000
INFO [2022-07-18 07:01:22] Quantiles of plotted data range: 1,1,1,1,1
INFO [2022-07-18 07:01:27] plot_cnv_references:Writing reference data to ./data/infercnv/inferCNV_out_new/Pool106-1_53//infercnv.20_HMM_predHMMi6.hmm_mode-samples.Pnorm_0.5.repr_intensities.references.txt
INFO [2022-07-18 07:02:22] 

	STEP 22: Denoising

INFO [2022-07-18 07:02:22] ::process_data:Remove noise, noise threshold defined via ref mean sd_amplifier:  1.5
INFO [2022-07-18 07:02:22] denoising using mean(normal) +- sd_amplifier * sd(normal) per gene per cell across all data
INFO [2022-07-18 07:02:24] :: **** clear_noise_via_ref_quantiles **** : removing noise between bounds:  0.93790905346834 - 1.06390394961351
INFO [2022-07-18 07:03:05] 

## Making the final infercnv heatmap ##
INFO [2022-07-18 07:03:05] ::plot_cnv:Start
INFO [2022-07-18 07:03:05] ::plot_cnv:Current data dimensions (r,c)=5125,16519 Total=84894835.9211151 Min=0.69638196604943 Max=1.70544215460665.
INFO [2022-07-18 07:03:06] ::plot_cnv:Depending on the size of the matrix this may take a moment.
INFO [2022-07-18 07:04:26] plot_cnv(): auto thresholding at: (0.878962 , 1.121038)
INFO [2022-07-18 07:04:27] plot_cnv_observation:Start
INFO [2022-07-18 07:04:27] Observation data size: Cells= 2840 Genes= 5125
INFO [2022-07-18 07:04:28] plot_cnv_observation:Writing observation groupings/color.
INFO [2022-07-18 07:04:28] plot_cnv_observation:Done writing observation groupings/color.
INFO [2022-07-18 07:04:28] plot_cnv_observation:Writing observation heatmap thresholds.
INFO [2022-07-18 07:04:28] plot_cnv_observation:Done writing observation heatmap thresholds.
INFO [2022-07-18 07:04:30] Colors for breaks:  #00008B,#24249B,#4848AB,#6D6DBC,#9191CC,#B6B6DD,#DADAEE,#FFFFFF,#EEDADA,#DDB6B6,#CC9191,#BC6D6D,#AB4848,#9B2424,#8B0000
INFO [2022-07-18 07:04:30] Quantiles of plotted data range: 0.878962429277064,1.00090650154093,1.00090650154093,1.00090650154093,1.12103757072294
INFO [2022-07-18 07:04:32] plot_cnv_observations:Writing observation data to ./data/infercnv/inferCNV_out_new/Pool106-1_53//infercnv.observations.txt
INFO [2022-07-18 07:04:46] plot_cnv_references:Start
INFO [2022-07-18 07:04:46] Reference data size: Cells= 13679 Genes= 5125
INFO [2022-07-18 09:01:09] plot_cnv_references:Number reference groups= 1
INFO [2022-07-18 09:01:09] plot_cnv_references:Plotting heatmap.
INFO [2022-07-18 09:01:21] Colors for breaks:  #00008B,#24249B,#4848AB,#6D6DBC,#9191CC,#B6B6DD,#DADAEE,#FFFFFF,#EEDADA,#DDB6B6,#CC9191,#BC6D6D,#AB4848,#9B2424,#8B0000
INFO [2022-07-18 09:01:21] Quantiles of plotted data range: 0.878962429277064,1.00090650154093,1.00090650154093,1.00090650154093,1.12103757072294
INFO [2022-07-18 09:01:26] plot_cnv_references:Writing reference data to ./data/infercnv/inferCNV_out_new/Pool106-1_53//infercnv.references.txt
Warning messages:
1: In type.convert.default(X[[i]], ...) :
  'as.is' should be specified by the caller; using TRUE
2: In type.convert.default(X[[i]], ...) :
  'as.is' should be specified by the caller; using TRUE
3: In type.convert.default(X[[i]], ...) :
  'as.is' should be specified by the caller; using TRUE
4: In type.convert.default(X[[i]], ...) :
  'as.is' should be specified by the caller; using TRUE
5: In type.convert.default(X[[i]], ...) :
  'as.is' should be specified by the caller; using TRUE
6: In type.convert.default(X[[i]], ...) :
  'as.is' should be specified by the caller; using TRUE
7: In type.convert.default(X[[i]], ...) :
  'as.is' should be specified by the caller; using TRUE
8: In type.convert.default(X[[i]], ...) :
  'as.is' should be specified by the caller; using TRUE
9: In type.convert.default(X[[i]], ...) :
  'as.is' should be specified by the caller; using TRUE
