
CommandNotFoundError: Your shell has not been properly configured to use 'conda activate'.
To initialize your shell, run

    $ conda init <SHELL_NAME>

Currently supported shells are:
  - bash
  - fish
  - tcsh
  - xonsh
  - zsh
  - powershell

See 'conda init --help' for more information and options.

IMPORTANT: You may need to close and restart your shell after running 'conda init'.


[1] "/liulab/galib/mouse_scRNAseq_margaret/data/infercnv/inferCNV_out_new/sick/new_sick"
Warning message:
package ‘rBCS’ was built under R version 4.1.3 
── Attaching packages ─────────────────────────────────────── tidyverse 1.3.1 ──
✔ ggplot2 3.3.6     ✔ purrr   0.3.4
✔ tibble  3.1.7     ✔ dplyr   1.0.9
✔ tidyr   1.2.0     ✔ stringr 1.4.0
✔ readr   2.1.2     ✔ forcats 0.5.1
── Conflicts ────────────────────────────────────────── tidyverse_conflicts() ──
✖ dplyr::filter() masks stats::filter()
✖ dplyr::lag()    masks stats::lag()
Warning messages:
1: package ‘tidyverse’ was built under R version 4.1.3 
2: package ‘ggplot2’ was built under R version 4.1.3 
3: package ‘tibble’ was built under R version 4.1.3 
4: package ‘tidyr’ was built under R version 4.1.2 
5: package ‘readr’ was built under R version 4.1.2 
6: package ‘dplyr’ was built under R version 4.1.3 
7: package ‘forcats’ was built under R version 4.1.3 
Attaching SeuratObject
Attaching sp
Warning message:
package ‘Seurat’ was built under R version 4.1.3 
here() starts at /liulab/galib/mouse_scRNAseq_margaret
Loading required package: usethis
Warning message:
package ‘ggpubr’ was built under R version 4.1.3 
Warning message:
package ‘infercnv’ was built under R version 4.1.3 
[1]  32285 176583
Rows: 55228 Columns: 4
── Column specification ────────────────────────────────────────────────────────
Delimiter: "\t"
chr (2): X1, X2
dbl (2): X3, X4

ℹ Use `spec()` to retrieve the full column specification for this data.
ℹ Specify the column types or set `show_col_types = FALSE` to quiet this message.
[1] 14
INFO [2022-08-10 17:18:49] Parsing gene order file: ./data/infercnv/gene_order_file.txt
INFO [2022-08-10 17:18:49] ::order_reduce:Start.
INFO [2022-08-10 17:18:55] .order_reduce(): expr and order match.
INFO [2022-08-10 17:19:27] ::process_data:order_reduce:Reduction from positional data, new dimensions (r,c) = 32285,176583 Total=901670571 Min=0 Max=21505.
INFO [2022-08-10 17:19:29] num genes removed taking into account provided gene ordering list: 1949 = 6.03685922254917% removed.
INFO [2022-08-10 17:19:30] -filtering out cells < 100 or > Inf, removing 0 % of cells
INFO [2022-08-10 17:19:39] validating infercnv_obj
INFO [2022-08-10 17:19:39] ::process_data:Start
INFO [2022-08-10 17:19:39] Creating output path ./data/infercnv/inferCNV_out_new/Pool105_6_newsick/
INFO [2022-08-10 17:19:39] Checking for saved results.
INFO [2022-08-10 17:19:39] 

	STEP 1: incoming data

INFO [2022-08-10 17:20:06] 

	STEP 02: Removing lowly expressed genes

INFO [2022-08-10 17:20:06] ::above_min_mean_expr_cutoff:Start
INFO [2022-08-10 17:20:07] Removing 25165 genes from matrix as below mean expr threshold: 0.1
INFO [2022-08-10 17:20:08] validating infercnv_obj
INFO [2022-08-10 17:20:08] There are 5171 genes and 18057 cells remaining in the expr matrix.
INFO [2022-08-10 17:20:14] no genes removed due to min cells/gene filter
INFO [2022-08-10 17:20:40] 

	STEP 03: normalization by sequencing depth

INFO [2022-08-10 17:20:40] normalizing counts matrix by depth
INFO [2022-08-10 17:20:47] Computed total sum normalization factor as median libsize: 3193.000000
INFO [2022-08-10 17:20:47] Adding h-spike
INFO [2022-08-10 17:20:47] -hspike modeling of WT
INFO [2022-08-10 17:21:50] validating infercnv_obj
INFO [2022-08-10 17:21:50] normalizing counts matrix by depth
INFO [2022-08-10 17:21:51] Using specified normalization factor: 3193.000000
INFO [2022-08-10 17:22:17] 

	STEP 04: log transformation of data

INFO [2022-08-10 17:22:17] transforming log2xplus1()
INFO [2022-08-10 17:22:21] -mirroring for hspike
INFO [2022-08-10 17:22:21] transforming log2xplus1()
INFO [2022-08-10 17:22:50] 

	STEP 08: removing average of reference data (before smoothing)

INFO [2022-08-10 17:22:50] ::subtract_ref_expr_from_obs:Start inv_log=FALSE, use_bounds=TRUE
INFO [2022-08-10 17:22:50] subtracting mean(normal) per gene per cell across all data
INFO [2022-08-10 17:22:56] -subtracting expr per gene, use_bounds=TRUE
INFO [2022-08-10 17:58:25] -mirroring for hspike
INFO [2022-08-10 17:58:25] ::subtract_ref_expr_from_obs:Start inv_log=FALSE, use_bounds=TRUE
INFO [2022-08-10 17:58:25] subtracting mean(normal) per gene per cell across all data
INFO [2022-08-10 17:58:27] -subtracting expr per gene, use_bounds=TRUE
INFO [2022-08-10 17:59:12] 

	STEP 09: apply max centered expression threshold: 3

INFO [2022-08-10 17:59:12] ::process_data:setting max centered expr, threshold set to: +/-:  3
INFO [2022-08-10 17:59:14] -mirroring for hspike
INFO [2022-08-10 17:59:14] ::process_data:setting max centered expr, threshold set to: +/-:  3
INFO [2022-08-10 18:00:00] 

	STEP 10: Smoothing data per cell by chromosome

INFO [2022-08-10 18:00:00] smooth_by_chromosome: chr: chr1
INFO [2022-08-10 18:00:14] smooth_by_chromosome: chr: chr10
INFO [2022-08-10 18:00:30] smooth_by_chromosome: chr: chr11
INFO [2022-08-10 18:00:46] smooth_by_chromosome: chr: chr12
INFO [2022-08-10 18:01:00] smooth_by_chromosome: chr: chr13
INFO [2022-08-10 18:01:14] smooth_by_chromosome: chr: chr14
INFO [2022-08-10 18:01:28] smooth_by_chromosome: chr: chr15
INFO [2022-08-10 18:01:42] smooth_by_chromosome: chr: chr16
INFO [2022-08-10 18:01:56] smooth_by_chromosome: chr: chr17
INFO [2022-08-10 18:02:11] smooth_by_chromosome: chr: chr18
INFO [2022-08-10 18:02:24] smooth_by_chromosome: chr: chr19
INFO [2022-08-10 18:02:39] smooth_by_chromosome: chr: chr2
INFO [2022-08-10 18:02:55] smooth_by_chromosome: chr: chr3
INFO [2022-08-10 18:03:09] smooth_by_chromosome: chr: chr4
INFO [2022-08-10 18:03:24] smooth_by_chromosome: chr: chr5
INFO [2022-08-10 18:03:40] smooth_by_chromosome: chr: chr6
INFO [2022-08-10 18:03:55] smooth_by_chromosome: chr: chr7
INFO [2022-08-10 18:04:12] smooth_by_chromosome: chr: chr8
INFO [2022-08-10 18:04:27] smooth_by_chromosome: chr: chr9
INFO [2022-08-10 18:04:42] -mirroring for hspike
INFO [2022-08-10 18:04:42] smooth_by_chromosome: chr: chrA
INFO [2022-08-10 18:04:43] smooth_by_chromosome: chr: chr_0
INFO [2022-08-10 18:04:43] smooth_by_chromosome: chr: chr_B
INFO [2022-08-10 18:04:43] smooth_by_chromosome: chr: chr_0pt5
INFO [2022-08-10 18:04:43] smooth_by_chromosome: chr: chr_C
INFO [2022-08-10 18:04:43] smooth_by_chromosome: chr: chr_1pt5
INFO [2022-08-10 18:04:43] smooth_by_chromosome: chr: chr_D
INFO [2022-08-10 18:04:43] smooth_by_chromosome: chr: chr_2pt0
INFO [2022-08-10 18:04:44] smooth_by_chromosome: chr: chr_E
INFO [2022-08-10 18:04:44] smooth_by_chromosome: chr: chr_3pt0
INFO [2022-08-10 18:04:44] smooth_by_chromosome: chr: chr_F
INFO [2022-08-10 18:05:32] 

	STEP 11: re-centering data across chromosome after smoothing

INFO [2022-08-10 18:05:32] ::center_smooth across chromosomes per cell
INFO [2022-08-10 18:05:47] -mirroring for hspike
INFO [2022-08-10 18:05:47] ::center_smooth across chromosomes per cell
INFO [2022-08-10 18:06:33] 

	STEP 12: removing average of reference data (after smoothing)

INFO [2022-08-10 18:06:33] ::subtract_ref_expr_from_obs:Start inv_log=FALSE, use_bounds=TRUE
INFO [2022-08-10 18:06:33] subtracting mean(normal) per gene per cell across all data
INFO [2022-08-10 18:06:39] -subtracting expr per gene, use_bounds=TRUE
INFO [2022-08-10 18:06:45] -mirroring for hspike
INFO [2022-08-10 18:06:45] ::subtract_ref_expr_from_obs:Start inv_log=FALSE, use_bounds=TRUE
INFO [2022-08-10 18:06:45] subtracting mean(normal) per gene per cell across all data
INFO [2022-08-10 18:06:47] -subtracting expr per gene, use_bounds=TRUE
INFO [2022-08-10 18:07:34] 

	STEP 14: invert log2(FC) to FC

INFO [2022-08-10 18:07:34] invert_log2(), computing 2^x
INFO [2022-08-10 18:07:40] -mirroring for hspike
INFO [2022-08-10 18:07:40] invert_log2(), computing 2^x
INFO [2022-08-10 18:08:46] 

	STEP 15: Clustering samples (not defining tumor subclusters)

INFO [2022-08-10 18:08:46] define_signif_tumor_subclusters(p_val=0.1
INFO [2022-08-10 18:08:46] define_signif_tumor_subclusters(), tumor: CD70-/-;Bcl6tg/+
INFO [2022-08-10 18:11:35] cut tree into: 1 groups
INFO [2022-08-10 18:11:35] -processing CD70-/-;Bcl6tg/+,CD70-/-;Bcl6tg/+_s1
INFO [2022-08-10 18:11:35] define_signif_tumor_subclusters(), tumor: WT
INFO [2022-08-10 23:18:29] cut tree into: 1 groups
INFO [2022-08-10 23:18:29] -processing WT,WT_s1
INFO [2022-08-10 23:18:29] -mirroring for hspike
INFO [2022-08-10 23:18:29] define_signif_tumor_subclusters(p_val=0.1
INFO [2022-08-10 23:18:29] define_signif_tumor_subclusters(), tumor: spike_tumor_cell_WT
INFO [2022-08-10 23:18:29] cut tree into: 1 groups
INFO [2022-08-10 23:18:29] -processing spike_tumor_cell_WT,spike_tumor_cell_WT_s1
INFO [2022-08-10 23:18:29] define_signif_tumor_subclusters(), tumor: simnorm_cell_WT
INFO [2022-08-10 23:18:30] cut tree into: 1 groups
INFO [2022-08-10 23:18:30] -processing simnorm_cell_WT,simnorm_cell_WT_s1
INFO [2022-08-10 23:21:01] ::plot_cnv:Start
INFO [2022-08-10 23:21:01] ::plot_cnv:Current data dimensions (r,c)=5171,18057 Total=93494338.8487414 Min=0.667355352502133 Max=1.55535015278535.
INFO [2022-08-10 23:21:02] ::plot_cnv:Depending on the size of the matrix this may take a moment.
INFO [2022-08-10 23:22:53] plot_cnv(): auto thresholding at: (0.884342 , 1.118262)
INFO [2022-08-10 23:22:56] plot_cnv_observation:Start
INFO [2022-08-10 23:22:56] Observation data size: Cells= 1923 Genes= 5171
INFO [2022-08-10 23:22:57] plot_cnv_observation:Writing observation groupings/color.
INFO [2022-08-10 23:22:57] plot_cnv_observation:Done writing observation groupings/color.
INFO [2022-08-10 23:22:57] plot_cnv_observation:Writing observation heatmap thresholds.
INFO [2022-08-10 23:22:57] plot_cnv_observation:Done writing observation heatmap thresholds.
INFO [2022-08-10 23:22:59] Colors for breaks:  #00008B,#24249B,#4848AB,#6D6DBC,#9191CC,#B6B6DD,#DADAEE,#FFFFFF,#EEDADA,#DDB6B6,#CC9191,#BC6D6D,#AB4848,#9B2424,#8B0000
INFO [2022-08-10 23:22:59] Quantiles of plotted data range: 0.884342140819125,0.970175812795493,0.998790254346135,1.03218192663773,1.11826229896974
INFO [2022-08-10 23:23:02] plot_cnv_observations:Writing observation data to ./data/infercnv/inferCNV_out_new/Pool105_6_newsick//infercnv.preliminary.observations.txt
INFO [2022-08-10 23:23:14] plot_cnv_references:Start
INFO [2022-08-10 23:23:14] Reference data size: Cells= 16134 Genes= 5171
INFO [2022-08-11 04:34:17] plot_cnv_references:Number reference groups= 1
INFO [2022-08-11 04:34:19] plot_cnv_references:Plotting heatmap.
INFO [2022-08-11 04:34:46] Colors for breaks:  #00008B,#24249B,#4848AB,#6D6DBC,#9191CC,#B6B6DD,#DADAEE,#FFFFFF,#EEDADA,#DDB6B6,#CC9191,#BC6D6D,#AB4848,#9B2424,#8B0000
INFO [2022-08-11 04:34:46] Quantiles of plotted data range: 0.884342140819125,0.973684173614335,0.998826881884175,1.02570584225122,1.11826229896974
INFO [2022-08-11 04:34:57] plot_cnv_references:Writing reference data to ./data/infercnv/inferCNV_out_new/Pool105_6_newsick//infercnv.preliminary.references.txt
INFO [2022-08-11 04:36:39] 

	STEP 17: HMM-based CNV prediction

INFO [2022-08-11 04:36:39] predict_CNV_via_HMM_on_whole_tumor_samples
INFO [2022-08-11 04:36:44] -done predicting CNV based on initial tumor subclusters
INFO [2022-08-11 04:36:44] get_predicted_CNV_regions(subcluster)
INFO [2022-08-11 04:36:44] -processing cell_group_name: CD70-/-;Bcl6tg/+.CD70-/-;Bcl6tg/+_s1, size: 1923
INFO [2022-08-11 04:36:57] -processing cell_group_name: WT.WT_s1, size: 16134
INFO [2022-08-11 04:38:03] -writing cell clusters file: ./data/infercnv/inferCNV_out_new/Pool105_6_newsick//17_HMM_predHMMi6.hmm_mode-samples.cell_groupings
INFO [2022-08-11 04:38:03] -writing cnv regions file: ./data/infercnv/inferCNV_out_new/Pool105_6_newsick//17_HMM_predHMMi6.hmm_mode-samples.pred_cnv_regions.dat
INFO [2022-08-11 04:38:03] -writing per-gene cnv report: ./data/infercnv/inferCNV_out_new/Pool105_6_newsick//17_HMM_predHMMi6.hmm_mode-samples.pred_cnv_genes.dat
INFO [2022-08-11 04:38:03] -writing gene ordering info: ./data/infercnv/inferCNV_out_new/Pool105_6_newsick//17_HMM_predHMMi6.hmm_mode-samples.genes_used.dat
INFO [2022-08-11 04:38:24] ::plot_cnv:Start
INFO [2022-08-11 04:38:24] ::plot_cnv:Current data dimensions (r,c)=5171,18057 Total=281316270 Min=3 Max=5.
INFO [2022-08-11 04:38:25] ::plot_cnv:Depending on the size of the matrix this may take a moment.
INFO [2022-08-11 04:39:50] plot_cnv_observation:Start
INFO [2022-08-11 04:39:50] Observation data size: Cells= 1923 Genes= 5171
INFO [2022-08-11 04:39:50] plot_cnv_observation:Writing observation groupings/color.
INFO [2022-08-11 04:39:50] plot_cnv_observation:Done writing observation groupings/color.
INFO [2022-08-11 04:39:51] plot_cnv_observation:Writing observation heatmap thresholds.
INFO [2022-08-11 04:39:51] plot_cnv_observation:Done writing observation heatmap thresholds.
INFO [2022-08-11 04:39:53] Colors for breaks:  #00008B,#24249B,#4848AB,#6D6DBC,#9191CC,#B6B6DD,#DADAEE,#FFFFFF,#EEDADA,#DDB6B6,#CC9191,#BC6D6D,#AB4848,#9B2424,#8B0000
INFO [2022-08-11 04:39:53] Quantiles of plotted data range: 3,3,3,3,5
INFO [2022-08-11 04:39:55] plot_cnv_observations:Writing observation data to ./data/infercnv/inferCNV_out_new/Pool105_6_newsick//infercnv.17_HMM_predHMMi6.hmm_mode-samples.observations.txt
INFO [2022-08-11 04:40:03] plot_cnv_references:Start
INFO [2022-08-11 04:40:03] Reference data size: Cells= 16134 Genes= 5171
INFO [2022-08-11 09:45:04] plot_cnv_references:Number reference groups= 1
INFO [2022-08-11 09:45:06] plot_cnv_references:Plotting heatmap.
INFO [2022-08-11 09:45:28] Colors for breaks:  #00008B,#24249B,#4848AB,#6D6DBC,#9191CC,#B6B6DD,#DADAEE,#FFFFFF,#EEDADA,#DDB6B6,#CC9191,#BC6D6D,#AB4848,#9B2424,#8B0000
INFO [2022-08-11 09:45:28] Quantiles of plotted data range: 3,3,3,3,3
INFO [2022-08-11 09:45:37] plot_cnv_references:Writing reference data to ./data/infercnv/inferCNV_out_new/Pool105_6_newsick//infercnv.17_HMM_predHMMi6.hmm_mode-samples.references.txt
INFO [2022-08-11 09:46:50] 

	STEP 18: Run Bayesian Network Model on HMM predicted CNVs

INFO [2022-08-11 09:46:51] Creating the following Directory:  ./data/infercnv/inferCNV_out_new/Pool105_6_newsick//BayesNetOutput.HMMi6.hmm_mode-samples
INFO [2022-08-11 09:46:51] Initializing new MCM InferCNV Object.
INFO [2022-08-11 09:46:51] validating infercnv_obj
INFO [2022-08-11 09:46:51] Total CNV's:  5
INFO [2022-08-11 09:46:51] Loading BUGS Model.
INFO [2022-08-11 09:46:52] Running Sampling Using Parallel with  64 Cores
INFO [2022-08-11 10:04:10] Obtaining probabilities post-sampling
INFO [2022-08-11 10:04:53] Gibbs sampling time:  18.0202623526255  Minutes
INFO [2022-08-11 10:06:10] ::plot_cnv:Start
INFO [2022-08-11 10:06:10] ::plot_cnv:Current data dimensions (r,c)=5171,18057 Total=779180.434438461 Min=0 Max=0.972493857056923.
INFO [2022-08-11 10:06:11] ::plot_cnv:Depending on the size of the matrix this may take a moment.
INFO [2022-08-11 10:06:14] plot_cnv_observation:Start
INFO [2022-08-11 10:06:14] Observation data size: Cells= 1923 Genes= 5171
INFO [2022-08-11 10:06:15] plot_cnv_observation:Writing observation groupings/color.
INFO [2022-08-11 10:06:15] plot_cnv_observation:Done writing observation groupings/color.
INFO [2022-08-11 10:06:15] plot_cnv_observation:Writing observation heatmap thresholds.
INFO [2022-08-11 10:06:15] plot_cnv_observation:Done writing observation heatmap thresholds.
INFO [2022-08-11 10:06:17] Colors for breaks:  #00008B,#24249B,#4848AB,#6D6DBC,#9191CC,#B6B6DD,#DADAEE,#FFFFFF,#EEDADA,#DDB6B6,#CC9191,#BC6D6D,#AB4848,#9B2424,#8B0000
INFO [2022-08-11 10:06:17] Quantiles of plotted data range: 0,0,0,0,0.972493857056923
INFO [2022-08-11 10:06:19] plot_cnv_observations:Writing observation data to ./data/infercnv/inferCNV_out_new/Pool105_6_newsick//BayesNetOutput.HMMi6.hmm_mode-samples/infercnv.NormalProbabilities.PreFiltering.observations.txt
INFO [2022-08-11 10:06:27] plot_cnv_references:Start
INFO [2022-08-11 10:06:27] Reference data size: Cells= 16134 Genes= 5171
INFO [2022-08-11 15:04:50] plot_cnv_references:Number reference groups= 1
INFO [2022-08-11 15:04:52] plot_cnv_references:Plotting heatmap.
INFO [2022-08-11 15:05:15] Colors for breaks:  #00008B,#24249B,#4848AB,#6D6DBC,#9191CC,#B6B6DD,#DADAEE,#FFFFFF,#EEDADA,#DDB6B6,#CC9191,#BC6D6D,#AB4848,#9B2424,#8B0000
INFO [2022-08-11 15:05:15] Quantiles of plotted data range: 0,0,0,0,0
INFO [2022-08-11 15:05:23] plot_cnv_references:Writing reference data to ./data/infercnv/inferCNV_out_new/Pool105_6_newsick//BayesNetOutput.HMMi6.hmm_mode-samples/infercnv.NormalProbabilities.PreFiltering.references.txt
INFO [2022-08-11 15:07:32] 

	STEP 19: Filter HMM predicted CNVs based on the Bayesian Network Model results and BayesMaxPNormal

INFO [2022-08-11 15:07:32] Attempting to removing CNV(s) with a probability of being normal above  0.5
INFO [2022-08-11 15:07:32] Removing  0  CNV(s) identified by the HMM.
INFO [2022-08-11 15:07:32] Reassigning CNVs based on state probabilities.
INFO [2022-08-11 15:07:33] Creating Plots for CNV and cell Probabilities.
INFO [2022-08-11 15:07:48] ::plot_cnv:Start
INFO [2022-08-11 15:07:48] ::plot_cnv:Current data dimensions (r,c)=5171,18057 Total=779180.434438461 Min=0 Max=0.972493857056923.
INFO [2022-08-11 15:07:49] ::plot_cnv:Depending on the size of the matrix this may take a moment.
INFO [2022-08-11 15:07:52] plot_cnv_observation:Start
INFO [2022-08-11 15:07:52] Observation data size: Cells= 1923 Genes= 5171
INFO [2022-08-11 15:07:52] plot_cnv_observation:Writing observation groupings/color.
INFO [2022-08-11 15:07:52] plot_cnv_observation:Done writing observation groupings/color.
INFO [2022-08-11 15:07:52] plot_cnv_observation:Writing observation heatmap thresholds.
INFO [2022-08-11 15:07:52] plot_cnv_observation:Done writing observation heatmap thresholds.
INFO [2022-08-11 15:07:55] Colors for breaks:  #00008B,#24249B,#4848AB,#6D6DBC,#9191CC,#B6B6DD,#DADAEE,#FFFFFF,#EEDADA,#DDB6B6,#CC9191,#BC6D6D,#AB4848,#9B2424,#8B0000
INFO [2022-08-11 15:07:55] Quantiles of plotted data range: 0,0,0,0,0.972493857056923
INFO [2022-08-11 15:07:57] plot_cnv_observations:Writing observation data to ./data/infercnv/inferCNV_out_new/Pool105_6_newsick//BayesNetOutput.HMMi6.hmm_mode-samples/infercnv.NormalProbabilities.PostFiltering.observations.txt
INFO [2022-08-11 15:08:05] plot_cnv_references:Start
INFO [2022-08-11 15:08:05] Reference data size: Cells= 16134 Genes= 5171
INFO [2022-08-11 20:16:02] plot_cnv_references:Number reference groups= 1
INFO [2022-08-11 20:16:03] plot_cnv_references:Plotting heatmap.
INFO [2022-08-11 20:16:23] Colors for breaks:  #00008B,#24249B,#4848AB,#6D6DBC,#9191CC,#B6B6DD,#DADAEE,#FFFFFF,#EEDADA,#DDB6B6,#CC9191,#BC6D6D,#AB4848,#9B2424,#8B0000
INFO [2022-08-11 20:16:23] Quantiles of plotted data range: 0,0,0,0,0
INFO [2022-08-11 20:16:31] plot_cnv_references:Writing reference data to ./data/infercnv/inferCNV_out_new/Pool105_6_newsick//BayesNetOutput.HMMi6.hmm_mode-samples/infercnv.NormalProbabilities.PostFiltering.references.txt
INFO [2022-08-11 20:17:50] ::plot_cnv:Start
INFO [2022-08-11 20:17:50] ::plot_cnv:Current data dimensions (r,c)=5171,18057 Total=281316270 Min=3 Max=5.
INFO [2022-08-11 20:17:51] ::plot_cnv:Depending on the size of the matrix this may take a moment.
INFO [2022-08-11 20:19:09] plot_cnv_observation:Start
INFO [2022-08-11 20:19:09] Observation data size: Cells= 1923 Genes= 5171
INFO [2022-08-11 20:19:09] plot_cnv_observation:Writing observation groupings/color.
INFO [2022-08-11 20:19:10] plot_cnv_observation:Done writing observation groupings/color.
INFO [2022-08-11 20:19:10] plot_cnv_observation:Writing observation heatmap thresholds.
INFO [2022-08-11 20:19:10] plot_cnv_observation:Done writing observation heatmap thresholds.
INFO [2022-08-11 20:19:12] Colors for breaks:  #00008B,#24249B,#4848AB,#6D6DBC,#9191CC,#B6B6DD,#DADAEE,#FFFFFF,#EEDADA,#DDB6B6,#CC9191,#BC6D6D,#AB4848,#9B2424,#8B0000
INFO [2022-08-11 20:19:12] Quantiles of plotted data range: 3,3,3,3,5
INFO [2022-08-11 20:19:13] plot_cnv_observations:Writing observation data to ./data/infercnv/inferCNV_out_new/Pool105_6_newsick//infercnv.19_HMM_pred.Bayes_Net.Pnorm_0.5.observations.txt
INFO [2022-08-11 20:19:22] plot_cnv_references:Start
INFO [2022-08-11 20:19:22] Reference data size: Cells= 16134 Genes= 5171
INFO [2022-08-12 01:09:11] plot_cnv_references:Number reference groups= 1
INFO [2022-08-12 01:09:13] plot_cnv_references:Plotting heatmap.
INFO [2022-08-12 01:09:32] Colors for breaks:  #00008B,#24249B,#4848AB,#6D6DBC,#9191CC,#B6B6DD,#DADAEE,#FFFFFF,#EEDADA,#DDB6B6,#CC9191,#BC6D6D,#AB4848,#9B2424,#8B0000
INFO [2022-08-12 01:09:32] Quantiles of plotted data range: 3,3,3,3,3
INFO [2022-08-12 01:09:40] plot_cnv_references:Writing reference data to ./data/infercnv/inferCNV_out_new/Pool105_6_newsick//infercnv.19_HMM_pred.Bayes_Net.Pnorm_0.5.references.txt
INFO [2022-08-12 01:10:50] 

	STEP 20: Converting HMM-based CNV states to repr expr vals

INFO [2022-08-12 01:11:15] ::plot_cnv:Start
INFO [2022-08-12 01:11:15] ::plot_cnv:Current data dimensions (r,c)=5171,18057 Total=93971761.5 Min=1 Max=2.
INFO [2022-08-12 01:11:16] ::plot_cnv:Depending on the size of the matrix this may take a moment.
INFO [2022-08-12 01:12:34] plot_cnv_observation:Start
INFO [2022-08-12 01:12:34] Observation data size: Cells= 1923 Genes= 5171
INFO [2022-08-12 01:12:34] plot_cnv_observation:Writing observation groupings/color.
INFO [2022-08-12 01:12:34] plot_cnv_observation:Done writing observation groupings/color.
INFO [2022-08-12 01:12:34] plot_cnv_observation:Writing observation heatmap thresholds.
INFO [2022-08-12 01:12:34] plot_cnv_observation:Done writing observation heatmap thresholds.
INFO [2022-08-12 01:12:36] Colors for breaks:  #00008B,#24249B,#4848AB,#6D6DBC,#9191CC,#B6B6DD,#DADAEE,#FFFFFF,#EEDADA,#DDB6B6,#CC9191,#BC6D6D,#AB4848,#9B2424,#8B0000
INFO [2022-08-12 01:12:36] Quantiles of plotted data range: 1,1,1,1,2
INFO [2022-08-12 01:12:38] plot_cnv_observations:Writing observation data to ./data/infercnv/inferCNV_out_new/Pool105_6_newsick//infercnv.20_HMM_predHMMi6.hmm_mode-samples.Pnorm_0.5.repr_intensities.observations.txt
INFO [2022-08-12 01:12:46] plot_cnv_references:Start
INFO [2022-08-12 01:12:46] Reference data size: Cells= 16134 Genes= 5171
INFO [2022-08-12 06:08:15] plot_cnv_references:Number reference groups= 1
INFO [2022-08-12 06:08:16] plot_cnv_references:Plotting heatmap.
INFO [2022-08-12 06:08:39] Colors for breaks:  #00008B,#24249B,#4848AB,#6D6DBC,#9191CC,#B6B6DD,#DADAEE,#FFFFFF,#EEDADA,#DDB6B6,#CC9191,#BC6D6D,#AB4848,#9B2424,#8B0000
INFO [2022-08-12 06:08:39] Quantiles of plotted data range: 1,1,1,1,1
INFO [2022-08-12 06:08:48] plot_cnv_references:Writing reference data to ./data/infercnv/inferCNV_out_new/Pool105_6_newsick//infercnv.20_HMM_predHMMi6.hmm_mode-samples.Pnorm_0.5.repr_intensities.references.txt
INFO [2022-08-12 06:10:13] 

	STEP 22: Denoising

INFO [2022-08-12 06:10:13] ::process_data:Remove noise, noise threshold defined via ref mean sd_amplifier:  1.5
INFO [2022-08-12 06:10:13] denoising using mean(normal) +- sd_amplifier * sd(normal) per gene per cell across all data
INFO [2022-08-12 06:10:17] :: **** clear_noise_via_ref_quantiles **** : removing noise between bounds:  0.94036752650579 - 1.06130072276347
INFO [2022-08-12 06:11:14] 

## Making the final infercnv heatmap ##
INFO [2022-08-12 06:11:15] ::plot_cnv:Start
INFO [2022-08-12 06:11:15] ::plot_cnv:Current data dimensions (r,c)=5171,18057 Total=93663418.0640635 Min=0.667355352502133 Max=1.55535015278535.
INFO [2022-08-12 06:11:16] ::plot_cnv:Depending on the size of the matrix this may take a moment.
INFO [2022-08-12 06:13:04] plot_cnv(): auto thresholding at: (0.881738 , 1.118262)
INFO [2022-08-12 06:13:07] plot_cnv_observation:Start
INFO [2022-08-12 06:13:07] Observation data size: Cells= 1923 Genes= 5171
INFO [2022-08-12 06:13:08] plot_cnv_observation:Writing observation groupings/color.
INFO [2022-08-12 06:13:08] plot_cnv_observation:Done writing observation groupings/color.
INFO [2022-08-12 06:13:08] plot_cnv_observation:Writing observation heatmap thresholds.
INFO [2022-08-12 06:13:08] plot_cnv_observation:Done writing observation heatmap thresholds.
INFO [2022-08-12 06:13:10] Colors for breaks:  #00008B,#24249B,#4848AB,#6D6DBC,#9191CC,#B6B6DD,#DADAEE,#FFFFFF,#EEDADA,#DDB6B6,#CC9191,#BC6D6D,#AB4848,#9B2424,#8B0000
INFO [2022-08-12 06:13:10] Quantiles of plotted data range: 0.881737701030256,1.00083412463463,1.00083412463463,1.00083412463463,1.11826229896974
INFO [2022-08-12 06:13:12] plot_cnv_observations:Writing observation data to ./data/infercnv/inferCNV_out_new/Pool105_6_newsick//infercnv.observations.txt
INFO [2022-08-12 06:13:24] plot_cnv_references:Start
INFO [2022-08-12 06:13:24] Reference data size: Cells= 16134 Genes= 5171
INFO [2022-08-12 11:11:13] plot_cnv_references:Number reference groups= 1
INFO [2022-08-12 11:11:14] plot_cnv_references:Plotting heatmap.
INFO [2022-08-12 11:11:37] Colors for breaks:  #00008B,#24249B,#4848AB,#6D6DBC,#9191CC,#B6B6DD,#DADAEE,#FFFFFF,#EEDADA,#DDB6B6,#CC9191,#BC6D6D,#AB4848,#9B2424,#8B0000
INFO [2022-08-12 11:11:37] Quantiles of plotted data range: 0.881737701030256,1.00083412463463,1.00083412463463,1.00083412463463,1.11826229896974
INFO [2022-08-12 11:11:46] plot_cnv_references:Writing reference data to ./data/infercnv/inferCNV_out_new/Pool105_6_newsick//infercnv.references.txt
Warning messages:
1: In type.convert.default(X[[i]], ...) :
  'as.is' should be specified by the caller; using TRUE
2: In type.convert.default(X[[i]], ...) :
  'as.is' should be specified by the caller; using TRUE
3: In type.convert.default(X[[i]], ...) :
  'as.is' should be specified by the caller; using TRUE
4: In type.convert.default(X[[i]], ...) :
  'as.is' should be specified by the caller; using TRUE
5: In type.convert.default(X[[i]], ...) :
  'as.is' should be specified by the caller; using TRUE
