
CommandNotFoundError: Your shell has not been properly configured to use 'conda activate'.
To initialize your shell, run

    $ conda init <SHELL_NAME>

Currently supported shells are:
  - bash
  - fish
  - tcsh
  - xonsh
  - zsh
  - powershell

See 'conda init --help' for more information and options.

IMPORTANT: You may need to close and restart your shell after running 'conda init'.


[1] "/liulab/galib/mouse_scRNAseq_margaret/data/infercnv/inferCNV_out_new/sick/new_sick"
Warning message:
package ‘rBCS’ was built under R version 4.1.3 
── Attaching packages ─────────────────────────────────────── tidyverse 1.3.1 ──
✔ ggplot2 3.3.6     ✔ purrr   0.3.4
✔ tibble  3.1.7     ✔ dplyr   1.0.9
✔ tidyr   1.2.0     ✔ stringr 1.4.0
✔ readr   2.1.2     ✔ forcats 0.5.1
── Conflicts ────────────────────────────────────────── tidyverse_conflicts() ──
✖ dplyr::filter() masks stats::filter()
✖ dplyr::lag()    masks stats::lag()
Warning messages:
1: package ‘tidyverse’ was built under R version 4.1.3 
2: package ‘ggplot2’ was built under R version 4.1.3 
3: package ‘tibble’ was built under R version 4.1.3 
4: package ‘tidyr’ was built under R version 4.1.2 
5: package ‘readr’ was built under R version 4.1.2 
6: package ‘dplyr’ was built under R version 4.1.3 
7: package ‘forcats’ was built under R version 4.1.3 
Attaching SeuratObject
Attaching sp
Warning message:
package ‘Seurat’ was built under R version 4.1.3 
here() starts at /liulab/galib/mouse_scRNAseq_margaret
Loading required package: usethis
Warning message:
package ‘ggpubr’ was built under R version 4.1.3 
Warning message:
package ‘infercnv’ was built under R version 4.1.3 
[1]  32285 176583
Rows: 55228 Columns: 4
── Column specification ────────────────────────────────────────────────────────
Delimiter: "\t"
chr (2): X1, X2
dbl (2): X3, X4

ℹ Use `spec()` to retrieve the full column specification for this data.
ℹ Specify the column types or set `show_col_types = FALSE` to quiet this message.
[1] 14
INFO [2022-08-10 16:25:20] Parsing gene order file: ./data/infercnv/gene_order_file.txt
INFO [2022-08-10 16:25:20] ::order_reduce:Start.
INFO [2022-08-10 16:25:26] .order_reduce(): expr and order match.
INFO [2022-08-10 16:25:55] ::process_data:order_reduce:Reduction from positional data, new dimensions (r,c) = 32285,176583 Total=901670571 Min=0 Max=21505.
INFO [2022-08-10 16:25:57] num genes removed taking into account provided gene ordering list: 1949 = 6.03685922254917% removed.
INFO [2022-08-10 16:25:58] -filtering out cells < 100 or > Inf, removing 0 % of cells
INFO [2022-08-10 16:26:05] validating infercnv_obj
INFO [2022-08-10 16:26:05] ::process_data:Start
INFO [2022-08-10 16:26:05] Creating output path ./data/infercnv/inferCNV_out_new/Pool105_5_newsick/
INFO [2022-08-10 16:26:05] Checking for saved results.
INFO [2022-08-10 16:26:05] 

	STEP 1: incoming data

INFO [2022-08-10 16:26:30] 

	STEP 02: Removing lowly expressed genes

INFO [2022-08-10 16:26:30] ::above_min_mean_expr_cutoff:Start
INFO [2022-08-10 16:26:31] Removing 25324 genes from matrix as below mean expr threshold: 0.1
INFO [2022-08-10 16:26:32] validating infercnv_obj
INFO [2022-08-10 16:26:32] There are 5012 genes and 17472 cells remaining in the expr matrix.
INFO [2022-08-10 16:26:37] no genes removed due to min cells/gene filter
INFO [2022-08-10 16:27:02] 

	STEP 03: normalization by sequencing depth

INFO [2022-08-10 16:27:02] normalizing counts matrix by depth
INFO [2022-08-10 16:27:07] Computed total sum normalization factor as median libsize: 3128.000000
INFO [2022-08-10 16:27:07] Adding h-spike
INFO [2022-08-10 16:27:07] -hspike modeling of WT
INFO [2022-08-10 16:28:00] validating infercnv_obj
INFO [2022-08-10 16:28:00] normalizing counts matrix by depth
INFO [2022-08-10 16:28:00] Using specified normalization factor: 3128.000000
INFO [2022-08-10 16:28:24] 

	STEP 04: log transformation of data

INFO [2022-08-10 16:28:24] transforming log2xplus1()
INFO [2022-08-10 16:28:27] -mirroring for hspike
INFO [2022-08-10 16:28:27] transforming log2xplus1()
INFO [2022-08-10 16:28:53] 

	STEP 08: removing average of reference data (before smoothing)

INFO [2022-08-10 16:28:53] ::subtract_ref_expr_from_obs:Start inv_log=FALSE, use_bounds=TRUE
INFO [2022-08-10 16:28:53] subtracting mean(normal) per gene per cell across all data
INFO [2022-08-10 16:28:57] -subtracting expr per gene, use_bounds=TRUE
INFO [2022-08-10 16:56:21] -mirroring for hspike
INFO [2022-08-10 16:56:21] ::subtract_ref_expr_from_obs:Start inv_log=FALSE, use_bounds=TRUE
INFO [2022-08-10 16:56:21] subtracting mean(normal) per gene per cell across all data
INFO [2022-08-10 16:56:23] -subtracting expr per gene, use_bounds=TRUE
INFO [2022-08-10 16:57:05] 

	STEP 09: apply max centered expression threshold: 3

INFO [2022-08-10 16:57:05] ::process_data:setting max centered expr, threshold set to: +/-:  3
INFO [2022-08-10 16:57:07] -mirroring for hspike
INFO [2022-08-10 16:57:07] ::process_data:setting max centered expr, threshold set to: +/-:  3
INFO [2022-08-10 16:57:49] 

	STEP 10: Smoothing data per cell by chromosome

INFO [2022-08-10 16:57:49] smooth_by_chromosome: chr: chr1
INFO [2022-08-10 16:58:02] smooth_by_chromosome: chr: chr10
INFO [2022-08-10 16:58:15] smooth_by_chromosome: chr: chr11
INFO [2022-08-10 16:58:31] smooth_by_chromosome: chr: chr12
INFO [2022-08-10 16:58:43] smooth_by_chromosome: chr: chr13
INFO [2022-08-10 16:58:56] smooth_by_chromosome: chr: chr14
INFO [2022-08-10 16:59:08] smooth_by_chromosome: chr: chr15
INFO [2022-08-10 16:59:22] smooth_by_chromosome: chr: chr16
INFO [2022-08-10 16:59:34] smooth_by_chromosome: chr: chr17
INFO [2022-08-10 16:59:47] smooth_by_chromosome: chr: chr18
INFO [2022-08-10 16:59:59] smooth_by_chromosome: chr: chr19
INFO [2022-08-10 17:00:12] smooth_by_chromosome: chr: chr2
INFO [2022-08-10 17:00:27] smooth_by_chromosome: chr: chr3
INFO [2022-08-10 17:00:41] smooth_by_chromosome: chr: chr4
INFO [2022-08-10 17:00:55] smooth_by_chromosome: chr: chr5
INFO [2022-08-10 17:01:10] smooth_by_chromosome: chr: chr6
INFO [2022-08-10 17:01:25] smooth_by_chromosome: chr: chr7
INFO [2022-08-10 17:01:39] smooth_by_chromosome: chr: chr8
INFO [2022-08-10 17:01:52] smooth_by_chromosome: chr: chr9
INFO [2022-08-10 17:02:06] -mirroring for hspike
INFO [2022-08-10 17:02:06] smooth_by_chromosome: chr: chrA
INFO [2022-08-10 17:02:06] smooth_by_chromosome: chr: chr_0
INFO [2022-08-10 17:02:07] smooth_by_chromosome: chr: chr_B
INFO [2022-08-10 17:02:07] smooth_by_chromosome: chr: chr_0pt5
INFO [2022-08-10 17:02:07] smooth_by_chromosome: chr: chr_C
INFO [2022-08-10 17:02:07] smooth_by_chromosome: chr: chr_1pt5
INFO [2022-08-10 17:02:07] smooth_by_chromosome: chr: chr_D
INFO [2022-08-10 17:02:08] smooth_by_chromosome: chr: chr_2pt0
INFO [2022-08-10 17:02:08] smooth_by_chromosome: chr: chr_E
INFO [2022-08-10 17:02:08] smooth_by_chromosome: chr: chr_3pt0
INFO [2022-08-10 17:02:08] smooth_by_chromosome: chr: chr_F
INFO [2022-08-10 17:02:50] 

	STEP 11: re-centering data across chromosome after smoothing

INFO [2022-08-10 17:02:50] ::center_smooth across chromosomes per cell
INFO [2022-08-10 17:03:04] -mirroring for hspike
INFO [2022-08-10 17:03:04] ::center_smooth across chromosomes per cell
INFO [2022-08-10 17:03:47] 

	STEP 12: removing average of reference data (after smoothing)

INFO [2022-08-10 17:03:47] ::subtract_ref_expr_from_obs:Start inv_log=FALSE, use_bounds=TRUE
INFO [2022-08-10 17:03:47] subtracting mean(normal) per gene per cell across all data
INFO [2022-08-10 17:03:52] -subtracting expr per gene, use_bounds=TRUE
INFO [2022-08-10 17:03:58] -mirroring for hspike
INFO [2022-08-10 17:03:58] ::subtract_ref_expr_from_obs:Start inv_log=FALSE, use_bounds=TRUE
INFO [2022-08-10 17:03:58] subtracting mean(normal) per gene per cell across all data
INFO [2022-08-10 17:03:59] -subtracting expr per gene, use_bounds=TRUE
INFO [2022-08-10 17:04:41] 

	STEP 14: invert log2(FC) to FC

INFO [2022-08-10 17:04:41] invert_log2(), computing 2^x
INFO [2022-08-10 17:04:47] -mirroring for hspike
INFO [2022-08-10 17:04:47] invert_log2(), computing 2^x
INFO [2022-08-10 17:05:47] 

	STEP 15: Clustering samples (not defining tumor subclusters)

INFO [2022-08-10 17:05:47] define_signif_tumor_subclusters(p_val=0.1
INFO [2022-08-10 17:05:47] define_signif_tumor_subclusters(), tumor: CD70-/-;Bcl6tg/+
INFO [2022-08-10 17:06:43] cut tree into: 1 groups
INFO [2022-08-10 17:06:43] -processing CD70-/-;Bcl6tg/+,CD70-/-;Bcl6tg/+_s1
INFO [2022-08-10 17:06:43] define_signif_tumor_subclusters(), tumor: WT
INFO [2022-08-10 21:39:01] cut tree into: 1 groups
INFO [2022-08-10 21:39:01] -processing WT,WT_s1
INFO [2022-08-10 21:39:01] -mirroring for hspike
INFO [2022-08-10 21:39:01] define_signif_tumor_subclusters(p_val=0.1
INFO [2022-08-10 21:39:01] define_signif_tumor_subclusters(), tumor: spike_tumor_cell_WT
INFO [2022-08-10 21:39:01] cut tree into: 1 groups
INFO [2022-08-10 21:39:01] -processing spike_tumor_cell_WT,spike_tumor_cell_WT_s1
INFO [2022-08-10 21:39:01] define_signif_tumor_subclusters(), tumor: simnorm_cell_WT
INFO [2022-08-10 21:39:01] cut tree into: 1 groups
INFO [2022-08-10 21:39:01] -processing simnorm_cell_WT,simnorm_cell_WT_s1
INFO [2022-08-10 21:41:02] ::plot_cnv:Start
INFO [2022-08-10 21:41:02] ::plot_cnv:Current data dimensions (r,c)=5012,17472 Total=87646815.1557597 Min=0.659006868419701 Max=1.48363070134153.
INFO [2022-08-10 21:41:03] ::plot_cnv:Depending on the size of the matrix this may take a moment.
INFO [2022-08-10 21:42:33] plot_cnv(): auto thresholding at: (0.889698 , 1.112064)
INFO [2022-08-10 21:42:35] plot_cnv_observation:Start
INFO [2022-08-10 21:42:35] Observation data size: Cells= 1338 Genes= 5012
INFO [2022-08-10 21:42:35] plot_cnv_observation:Writing observation groupings/color.
INFO [2022-08-10 21:42:35] plot_cnv_observation:Done writing observation groupings/color.
INFO [2022-08-10 21:42:35] plot_cnv_observation:Writing observation heatmap thresholds.
INFO [2022-08-10 21:42:35] plot_cnv_observation:Done writing observation heatmap thresholds.
INFO [2022-08-10 21:42:36] Colors for breaks:  #00008B,#24249B,#4848AB,#6D6DBC,#9191CC,#B6B6DD,#DADAEE,#FFFFFF,#EEDADA,#DDB6B6,#CC9191,#BC6D6D,#AB4848,#9B2424,#8B0000
INFO [2022-08-10 21:42:36] Quantiles of plotted data range: 0.889697603238056,0.97048661398672,0.998715492179176,1.0288670684085,1.11206444887533
INFO [2022-08-10 21:42:38] plot_cnv_observations:Writing observation data to ./data/infercnv/inferCNV_out_new/Pool105_5_newsick//infercnv.preliminary.observations.txt
INFO [2022-08-10 21:42:45] plot_cnv_references:Start
INFO [2022-08-10 21:42:45] Reference data size: Cells= 16134 Genes= 5012
INFO [2022-08-11 02:22:14] plot_cnv_references:Number reference groups= 1
INFO [2022-08-11 02:22:15] plot_cnv_references:Plotting heatmap.
INFO [2022-08-11 02:22:34] Colors for breaks:  #00008B,#24249B,#4848AB,#6D6DBC,#9191CC,#B6B6DD,#DADAEE,#FFFFFF,#EEDADA,#DDB6B6,#CC9191,#BC6D6D,#AB4848,#9B2424,#8B0000
INFO [2022-08-11 02:22:34] Quantiles of plotted data range: 0.889697603238056,0.973653267730592,0.99883628607904,1.02576451832258,1.11206444887533
INFO [2022-08-11 02:22:43] plot_cnv_references:Writing reference data to ./data/infercnv/inferCNV_out_new/Pool105_5_newsick//infercnv.preliminary.references.txt
INFO [2022-08-11 02:24:05] 

	STEP 17: HMM-based CNV prediction

INFO [2022-08-11 02:24:05] predict_CNV_via_HMM_on_whole_tumor_samples
INFO [2022-08-11 02:24:07] -done predicting CNV based on initial tumor subclusters
INFO [2022-08-11 02:24:07] get_predicted_CNV_regions(subcluster)
INFO [2022-08-11 02:24:07] -processing cell_group_name: CD70-/-;Bcl6tg/+.CD70-/-;Bcl6tg/+_s1, size: 1338
INFO [2022-08-11 02:24:16] -processing cell_group_name: WT.WT_s1, size: 16134
INFO [2022-08-11 02:25:11] -writing cell clusters file: ./data/infercnv/inferCNV_out_new/Pool105_5_newsick//17_HMM_predHMMi6.hmm_mode-samples.cell_groupings
INFO [2022-08-11 02:25:11] -writing cnv regions file: ./data/infercnv/inferCNV_out_new/Pool105_5_newsick//17_HMM_predHMMi6.hmm_mode-samples.pred_cnv_regions.dat
INFO [2022-08-11 02:25:11] -writing per-gene cnv report: ./data/infercnv/inferCNV_out_new/Pool105_5_newsick//17_HMM_predHMMi6.hmm_mode-samples.pred_cnv_genes.dat
INFO [2022-08-11 02:25:11] -writing gene ordering info: ./data/infercnv/inferCNV_out_new/Pool105_5_newsick//17_HMM_predHMMi6.hmm_mode-samples.genes_used.dat
INFO [2022-08-11 02:25:30] ::plot_cnv:Start
INFO [2022-08-11 02:25:30] ::plot_cnv:Current data dimensions (r,c)=5012,17472 Total=262868214 Min=3 Max=4.
INFO [2022-08-11 02:25:31] ::plot_cnv:Depending on the size of the matrix this may take a moment.
INFO [2022-08-11 02:26:44] plot_cnv_observation:Start
INFO [2022-08-11 02:26:44] Observation data size: Cells= 1338 Genes= 5012
INFO [2022-08-11 02:26:44] plot_cnv_observation:Writing observation groupings/color.
INFO [2022-08-11 02:26:44] plot_cnv_observation:Done writing observation groupings/color.
INFO [2022-08-11 02:26:44] plot_cnv_observation:Writing observation heatmap thresholds.
INFO [2022-08-11 02:26:45] plot_cnv_observation:Done writing observation heatmap thresholds.
INFO [2022-08-11 02:26:46] Colors for breaks:  #00008B,#24249B,#4848AB,#6D6DBC,#9191CC,#B6B6DD,#DADAEE,#FFFFFF,#EEDADA,#DDB6B6,#CC9191,#BC6D6D,#AB4848,#9B2424,#8B0000
INFO [2022-08-11 02:26:46] Quantiles of plotted data range: 3,3,3,3,4
INFO [2022-08-11 02:26:47] plot_cnv_observations:Writing observation data to ./data/infercnv/inferCNV_out_new/Pool105_5_newsick//infercnv.17_HMM_predHMMi6.hmm_mode-samples.observations.txt
INFO [2022-08-11 02:26:52] plot_cnv_references:Start
INFO [2022-08-11 02:26:52] Reference data size: Cells= 16134 Genes= 5012
INFO [2022-08-11 07:08:13] plot_cnv_references:Number reference groups= 1
INFO [2022-08-11 07:08:14] plot_cnv_references:Plotting heatmap.
INFO [2022-08-11 07:08:34] Colors for breaks:  #00008B,#24249B,#4848AB,#6D6DBC,#9191CC,#B6B6DD,#DADAEE,#FFFFFF,#EEDADA,#DDB6B6,#CC9191,#BC6D6D,#AB4848,#9B2424,#8B0000
INFO [2022-08-11 07:08:34] Quantiles of plotted data range: 3,3,3,3,3
INFO [2022-08-11 07:08:42] plot_cnv_references:Writing reference data to ./data/infercnv/inferCNV_out_new/Pool105_5_newsick//infercnv.17_HMM_predHMMi6.hmm_mode-samples.references.txt
INFO [2022-08-11 07:09:54] 

	STEP 18: Run Bayesian Network Model on HMM predicted CNVs

INFO [2022-08-11 07:09:56] Creating the following Directory:  ./data/infercnv/inferCNV_out_new/Pool105_5_newsick//BayesNetOutput.HMMi6.hmm_mode-samples
INFO [2022-08-11 07:09:56] Initializing new MCM InferCNV Object.
INFO [2022-08-11 07:09:56] validating infercnv_obj
INFO [2022-08-11 07:09:56] Total CNV's:  2
INFO [2022-08-11 07:09:56] Loading BUGS Model.
INFO [2022-08-11 07:09:56] Running Sampling Using Parallel with  64 Cores
INFO [2022-08-11 07:13:42] Obtaining probabilities post-sampling
INFO [2022-08-11 07:13:54] Gibbs sampling time:  3.95754452943802  Minutes
INFO [2022-08-11 07:14:55] ::plot_cnv:Start
INFO [2022-08-11 07:14:55] ::plot_cnv:Current data dimensions (r,c)=5012,17472 Total=108859.009010154 Min=0 Max=0.782787867982164.
INFO [2022-08-11 07:14:56] ::plot_cnv:Depending on the size of the matrix this may take a moment.
INFO [2022-08-11 07:14:58] plot_cnv_observation:Start
INFO [2022-08-11 07:14:58] Observation data size: Cells= 1338 Genes= 5012
INFO [2022-08-11 07:14:58] plot_cnv_observation:Writing observation groupings/color.
INFO [2022-08-11 07:14:58] plot_cnv_observation:Done writing observation groupings/color.
INFO [2022-08-11 07:14:58] plot_cnv_observation:Writing observation heatmap thresholds.
INFO [2022-08-11 07:14:58] plot_cnv_observation:Done writing observation heatmap thresholds.
INFO [2022-08-11 07:15:00] Colors for breaks:  #00008B,#24249B,#4848AB,#6D6DBC,#9191CC,#B6B6DD,#DADAEE,#FFFFFF,#EEDADA,#DDB6B6,#CC9191,#BC6D6D,#AB4848,#9B2424,#8B0000
INFO [2022-08-11 07:15:00] Quantiles of plotted data range: 0,0,0,0,0.782787867982164
INFO [2022-08-11 07:15:01] plot_cnv_observations:Writing observation data to ./data/infercnv/inferCNV_out_new/Pool105_5_newsick//BayesNetOutput.HMMi6.hmm_mode-samples/infercnv.NormalProbabilities.PreFiltering.observations.txt
INFO [2022-08-11 07:15:05] plot_cnv_references:Start
INFO [2022-08-11 07:15:05] Reference data size: Cells= 16134 Genes= 5012
INFO [2022-08-11 12:03:27] plot_cnv_references:Number reference groups= 1
INFO [2022-08-11 12:03:28] plot_cnv_references:Plotting heatmap.
INFO [2022-08-11 12:03:49] Colors for breaks:  #00008B,#24249B,#4848AB,#6D6DBC,#9191CC,#B6B6DD,#DADAEE,#FFFFFF,#EEDADA,#DDB6B6,#CC9191,#BC6D6D,#AB4848,#9B2424,#8B0000
INFO [2022-08-11 12:03:49] Quantiles of plotted data range: 0,0,0,0,0
INFO [2022-08-11 12:03:56] plot_cnv_references:Writing reference data to ./data/infercnv/inferCNV_out_new/Pool105_5_newsick//BayesNetOutput.HMMi6.hmm_mode-samples/infercnv.NormalProbabilities.PreFiltering.references.txt
INFO [2022-08-11 12:05:56] 

	STEP 19: Filter HMM predicted CNVs based on the Bayesian Network Model results and BayesMaxPNormal

INFO [2022-08-11 12:05:56] Attempting to removing CNV(s) with a probability of being normal above  0.5
INFO [2022-08-11 12:05:56] Removing  0  CNV(s) identified by the HMM.
INFO [2022-08-11 12:05:56] Reassigning CNVs based on state probabilities.
INFO [2022-08-11 12:05:57] Creating Plots for CNV and cell Probabilities.
INFO [2022-08-11 12:06:01] ::plot_cnv:Start
INFO [2022-08-11 12:06:01] ::plot_cnv:Current data dimensions (r,c)=5012,17472 Total=108859.009010154 Min=0 Max=0.782787867982164.
INFO [2022-08-11 12:06:02] ::plot_cnv:Depending on the size of the matrix this may take a moment.
INFO [2022-08-11 12:06:04] plot_cnv_observation:Start
INFO [2022-08-11 12:06:04] Observation data size: Cells= 1338 Genes= 5012
INFO [2022-08-11 12:06:05] plot_cnv_observation:Writing observation groupings/color.
INFO [2022-08-11 12:06:05] plot_cnv_observation:Done writing observation groupings/color.
INFO [2022-08-11 12:06:05] plot_cnv_observation:Writing observation heatmap thresholds.
INFO [2022-08-11 12:06:05] plot_cnv_observation:Done writing observation heatmap thresholds.
INFO [2022-08-11 12:06:06] Colors for breaks:  #00008B,#24249B,#4848AB,#6D6DBC,#9191CC,#B6B6DD,#DADAEE,#FFFFFF,#EEDADA,#DDB6B6,#CC9191,#BC6D6D,#AB4848,#9B2424,#8B0000
INFO [2022-08-11 12:06:06] Quantiles of plotted data range: 0,0,0,0,0.782787867982164
INFO [2022-08-11 12:06:07] plot_cnv_observations:Writing observation data to ./data/infercnv/inferCNV_out_new/Pool105_5_newsick//BayesNetOutput.HMMi6.hmm_mode-samples/infercnv.NormalProbabilities.PostFiltering.observations.txt
INFO [2022-08-11 12:06:11] plot_cnv_references:Start
INFO [2022-08-11 12:06:11] Reference data size: Cells= 16134 Genes= 5012
INFO [2022-08-11 16:40:44] plot_cnv_references:Number reference groups= 1
INFO [2022-08-11 16:40:45] plot_cnv_references:Plotting heatmap.
INFO [2022-08-11 16:41:09] Colors for breaks:  #00008B,#24249B,#4848AB,#6D6DBC,#9191CC,#B6B6DD,#DADAEE,#FFFFFF,#EEDADA,#DDB6B6,#CC9191,#BC6D6D,#AB4848,#9B2424,#8B0000
INFO [2022-08-11 16:41:09] Quantiles of plotted data range: 0,0,0,0,0
INFO [2022-08-11 16:41:17] plot_cnv_references:Writing reference data to ./data/infercnv/inferCNV_out_new/Pool105_5_newsick//BayesNetOutput.HMMi6.hmm_mode-samples/infercnv.NormalProbabilities.PostFiltering.references.txt
INFO [2022-08-11 16:42:32] ::plot_cnv:Start
INFO [2022-08-11 16:42:32] ::plot_cnv:Current data dimensions (r,c)=5012,17472 Total=262868214 Min=3 Max=4.
INFO [2022-08-11 16:42:33] ::plot_cnv:Depending on the size of the matrix this may take a moment.
INFO [2022-08-11 16:43:45] plot_cnv_observation:Start
INFO [2022-08-11 16:43:45] Observation data size: Cells= 1338 Genes= 5012
INFO [2022-08-11 16:43:45] plot_cnv_observation:Writing observation groupings/color.
INFO [2022-08-11 16:43:46] plot_cnv_observation:Done writing observation groupings/color.
INFO [2022-08-11 16:43:46] plot_cnv_observation:Writing observation heatmap thresholds.
INFO [2022-08-11 16:43:46] plot_cnv_observation:Done writing observation heatmap thresholds.
INFO [2022-08-11 16:43:47] Colors for breaks:  #00008B,#24249B,#4848AB,#6D6DBC,#9191CC,#B6B6DD,#DADAEE,#FFFFFF,#EEDADA,#DDB6B6,#CC9191,#BC6D6D,#AB4848,#9B2424,#8B0000
INFO [2022-08-11 16:43:47] Quantiles of plotted data range: 3,3,3,3,4
INFO [2022-08-11 16:43:48] plot_cnv_observations:Writing observation data to ./data/infercnv/inferCNV_out_new/Pool105_5_newsick//infercnv.19_HMM_pred.Bayes_Net.Pnorm_0.5.observations.txt
INFO [2022-08-11 16:43:53] plot_cnv_references:Start
INFO [2022-08-11 16:43:53] Reference data size: Cells= 16134 Genes= 5012
INFO [2022-08-11 21:21:10] plot_cnv_references:Number reference groups= 1
INFO [2022-08-11 21:21:12] plot_cnv_references:Plotting heatmap.
INFO [2022-08-11 21:21:36] Colors for breaks:  #00008B,#24249B,#4848AB,#6D6DBC,#9191CC,#B6B6DD,#DADAEE,#FFFFFF,#EEDADA,#DDB6B6,#CC9191,#BC6D6D,#AB4848,#9B2424,#8B0000
INFO [2022-08-11 21:21:36] Quantiles of plotted data range: 3,3,3,3,3
INFO [2022-08-11 21:21:44] plot_cnv_references:Writing reference data to ./data/infercnv/inferCNV_out_new/Pool105_5_newsick//infercnv.19_HMM_pred.Bayes_Net.Pnorm_0.5.references.txt
INFO [2022-08-11 21:22:53] 

	STEP 20: Converting HMM-based CNV states to repr expr vals

INFO [2022-08-11 21:23:18] ::plot_cnv:Start
INFO [2022-08-11 21:23:18] ::plot_cnv:Current data dimensions (r,c)=5012,17472 Total=87649275 Min=1 Max=1.5.
INFO [2022-08-11 21:23:19] ::plot_cnv:Depending on the size of the matrix this may take a moment.
INFO [2022-08-11 21:24:33] plot_cnv_observation:Start
INFO [2022-08-11 21:24:33] Observation data size: Cells= 1338 Genes= 5012
INFO [2022-08-11 21:24:33] plot_cnv_observation:Writing observation groupings/color.
INFO [2022-08-11 21:24:33] plot_cnv_observation:Done writing observation groupings/color.
INFO [2022-08-11 21:24:33] plot_cnv_observation:Writing observation heatmap thresholds.
INFO [2022-08-11 21:24:33] plot_cnv_observation:Done writing observation heatmap thresholds.
INFO [2022-08-11 21:24:34] Colors for breaks:  #00008B,#24249B,#4848AB,#6D6DBC,#9191CC,#B6B6DD,#DADAEE,#FFFFFF,#EEDADA,#DDB6B6,#CC9191,#BC6D6D,#AB4848,#9B2424,#8B0000
INFO [2022-08-11 21:24:34] Quantiles of plotted data range: 1,1,1,1,1.5
INFO [2022-08-11 21:24:35] plot_cnv_observations:Writing observation data to ./data/infercnv/inferCNV_out_new/Pool105_5_newsick//infercnv.20_HMM_predHMMi6.hmm_mode-samples.Pnorm_0.5.repr_intensities.observations.txt
INFO [2022-08-11 21:24:41] plot_cnv_references:Start
INFO [2022-08-11 21:24:41] Reference data size: Cells= 16134 Genes= 5012
INFO [2022-08-12 02:07:19] plot_cnv_references:Number reference groups= 1
INFO [2022-08-12 02:07:20] plot_cnv_references:Plotting heatmap.
INFO [2022-08-12 02:07:44] Colors for breaks:  #00008B,#24249B,#4848AB,#6D6DBC,#9191CC,#B6B6DD,#DADAEE,#FFFFFF,#EEDADA,#DDB6B6,#CC9191,#BC6D6D,#AB4848,#9B2424,#8B0000
INFO [2022-08-12 02:07:44] Quantiles of plotted data range: 1,1,1,1,1
INFO [2022-08-12 02:07:52] plot_cnv_references:Writing reference data to ./data/infercnv/inferCNV_out_new/Pool105_5_newsick//infercnv.20_HMM_predHMMi6.hmm_mode-samples.Pnorm_0.5.repr_intensities.references.txt
INFO [2022-08-12 02:09:01] 

	STEP 22: Denoising

INFO [2022-08-12 02:09:01] ::process_data:Remove noise, noise threshold defined via ref mean sd_amplifier:  1.5
INFO [2022-08-12 02:09:01] denoising using mean(normal) +- sd_amplifier * sd(normal) per gene per cell across all data
INFO [2022-08-12 02:09:05] :: **** clear_noise_via_ref_quantiles **** : removing noise between bounds:  0.940192520448388 - 1.06148709352226
INFO [2022-08-12 02:09:48] 

## Making the final infercnv heatmap ##
INFO [2022-08-12 02:09:49] ::plot_cnv:Start
INFO [2022-08-12 02:09:49] ::plot_cnv:Current data dimensions (r,c)=5012,17472 Total=87796607.0203264 Min=0.659006868419701 Max=1.48363070134153.
INFO [2022-08-12 02:09:50] ::plot_cnv:Depending on the size of the matrix this may take a moment.
INFO [2022-08-12 02:11:16] plot_cnv(): auto thresholding at: (0.887936 , 1.112064)
INFO [2022-08-12 02:11:19] plot_cnv_observation:Start
INFO [2022-08-12 02:11:19] Observation data size: Cells= 1338 Genes= 5012
INFO [2022-08-12 02:11:19] plot_cnv_observation:Writing observation groupings/color.
INFO [2022-08-12 02:11:19] plot_cnv_observation:Done writing observation groupings/color.
INFO [2022-08-12 02:11:19] plot_cnv_observation:Writing observation heatmap thresholds.
INFO [2022-08-12 02:11:19] plot_cnv_observation:Done writing observation heatmap thresholds.
INFO [2022-08-12 02:11:20] Colors for breaks:  #00008B,#24249B,#4848AB,#6D6DBC,#9191CC,#B6B6DD,#DADAEE,#FFFFFF,#EEDADA,#DDB6B6,#CC9191,#BC6D6D,#AB4848,#9B2424,#8B0000
INFO [2022-08-12 02:11:20] Quantiles of plotted data range: 0.887935551124673,1.00083980698532,1.00083980698532,1.00083980698532,1.11206444887533
INFO [2022-08-12 02:11:21] plot_cnv_observations:Writing observation data to ./data/infercnv/inferCNV_out_new/Pool105_5_newsick//infercnv.observations.txt
INFO [2022-08-12 02:11:28] plot_cnv_references:Start
INFO [2022-08-12 02:11:28] Reference data size: Cells= 16134 Genes= 5012
INFO [2022-08-12 06:38:33] plot_cnv_references:Number reference groups= 1
INFO [2022-08-12 06:38:35] plot_cnv_references:Plotting heatmap.
INFO [2022-08-12 06:38:54] Colors for breaks:  #00008B,#24249B,#4848AB,#6D6DBC,#9191CC,#B6B6DD,#DADAEE,#FFFFFF,#EEDADA,#DDB6B6,#CC9191,#BC6D6D,#AB4848,#9B2424,#8B0000
INFO [2022-08-12 06:38:54] Quantiles of plotted data range: 0.887935551124673,1.00083980698532,1.00083980698532,1.00083980698532,1.11206444887533
INFO [2022-08-12 06:39:02] plot_cnv_references:Writing reference data to ./data/infercnv/inferCNV_out_new/Pool105_5_newsick//infercnv.references.txt
Warning messages:
1: In type.convert.default(X[[i]], ...) :
  'as.is' should be specified by the caller; using TRUE
2: In type.convert.default(X[[i]], ...) :
  'as.is' should be specified by the caller; using TRUE
