[1] "/liulab/galib/mouse_scRNAseq_margaret/data/infercnv/inferCNV_out_new/18mos"
Warning message:
package ‘rBCS’ was built under R version 4.1.3 
── Attaching packages ─────────────────────────────────────── tidyverse 1.3.1 ──
✔ ggplot2 3.3.6     ✔ purrr   0.3.4
✔ tibble  3.1.7     ✔ dplyr   1.0.9
✔ tidyr   1.2.0     ✔ stringr 1.4.0
✔ readr   2.1.2     ✔ forcats 0.5.1
── Conflicts ────────────────────────────────────────── tidyverse_conflicts() ──
✖ dplyr::filter() masks stats::filter()
✖ dplyr::lag()    masks stats::lag()
Warning messages:
1: package ‘tidyverse’ was built under R version 4.1.3 
2: package ‘ggplot2’ was built under R version 4.1.3 
3: package ‘tibble’ was built under R version 4.1.3 
4: package ‘tidyr’ was built under R version 4.1.2 
5: package ‘readr’ was built under R version 4.1.2 
6: package ‘dplyr’ was built under R version 4.1.3 
7: package ‘forcats’ was built under R version 4.1.3 
Attaching SeuratObject
Attaching sp
Warning message:
package ‘Seurat’ was built under R version 4.1.3 
here() starts at /liulab/galib/mouse_scRNAseq_margaret
Loading required package: usethis
Warning message:
package ‘ggpubr’ was built under R version 4.1.3 
Warning message:
package ‘infercnv’ was built under R version 4.1.3 
[1]  32285 176583
Rows: 55228 Columns: 4
── Column specification ────────────────────────────────────────────────────────
Delimiter: "\t"
chr (2): X1, X2
dbl (2): X3, X4

ℹ Use `spec()` to retrieve the full column specification for this data.
ℹ Specify the column types or set `show_col_types = FALSE` to quiet this message.
[1] 15
INFO [2022-07-17 17:40:51] Parsing gene order file: ./data/infercnv/gene_order_file.txt
INFO [2022-07-17 17:40:51] ::order_reduce:Start.
INFO [2022-07-17 17:40:56] .order_reduce(): expr and order match.
INFO [2022-07-17 17:41:20] ::process_data:order_reduce:Reduction from positional data, new dimensions (r,c) = 32285,176583 Total=901670571 Min=0 Max=21505.
INFO [2022-07-17 17:41:22] num genes removed taking into account provided gene ordering list: 1949 = 6.03685922254917% removed.
INFO [2022-07-17 17:41:23] -filtering out cells < 100 or > Inf, removing 0 % of cells
INFO [2022-07-17 17:41:30] validating infercnv_obj
INFO [2022-07-17 17:41:30] ::process_data:Start
INFO [2022-07-17 17:41:30] Creating output path ./data/infercnv/inferCNV_out_new/Pool105_78/
INFO [2022-07-17 17:41:30] Checking for saved results.
INFO [2022-07-17 17:41:30] 

	STEP 1: incoming data

INFO [2022-07-17 17:41:57] 

	STEP 02: Removing lowly expressed genes

INFO [2022-07-17 17:41:57] ::above_min_mean_expr_cutoff:Start
INFO [2022-07-17 17:41:58] Removing 25694 genes from matrix as below mean expr threshold: 0.1
INFO [2022-07-17 17:41:58] validating infercnv_obj
INFO [2022-07-17 17:41:58] There are 4642 genes and 18467 cells remaining in the expr matrix.
INFO [2022-07-17 17:42:03] no genes removed due to min cells/gene filter
INFO [2022-07-17 17:42:28] 

	STEP 03: normalization by sequencing depth

INFO [2022-07-17 17:42:28] normalizing counts matrix by depth
INFO [2022-07-17 17:42:34] Computed total sum normalization factor as median libsize: 2942.000000
INFO [2022-07-17 17:42:34] Adding h-spike
INFO [2022-07-17 17:42:34] -hspike modeling of WT
INFO [2022-07-17 17:43:27] validating infercnv_obj
INFO [2022-07-17 17:43:27] normalizing counts matrix by depth
INFO [2022-07-17 17:43:27] Using specified normalization factor: 2942.000000
INFO [2022-07-17 17:43:52] 

	STEP 04: log transformation of data

INFO [2022-07-17 17:43:52] transforming log2xplus1()
INFO [2022-07-17 17:43:55] -mirroring for hspike
INFO [2022-07-17 17:43:55] transforming log2xplus1()
INFO [2022-07-17 17:44:22] 

	STEP 08: removing average of reference data (before smoothing)

INFO [2022-07-17 17:44:22] ::subtract_ref_expr_from_obs:Start inv_log=FALSE, use_bounds=TRUE
INFO [2022-07-17 17:44:22] subtracting mean(normal) per gene per cell across all data
INFO [2022-07-17 17:44:27] -subtracting expr per gene, use_bounds=TRUE
INFO [2022-07-17 18:09:42] -mirroring for hspike
INFO [2022-07-17 18:09:42] ::subtract_ref_expr_from_obs:Start inv_log=FALSE, use_bounds=TRUE
INFO [2022-07-17 18:09:42] subtracting mean(normal) per gene per cell across all data
INFO [2022-07-17 18:09:44] -subtracting expr per gene, use_bounds=TRUE
INFO [2022-07-17 18:10:27] 

	STEP 09: apply max centered expression threshold: 3

INFO [2022-07-17 18:10:27] ::process_data:setting max centered expr, threshold set to: +/-:  3
INFO [2022-07-17 18:10:29] -mirroring for hspike
INFO [2022-07-17 18:10:29] ::process_data:setting max centered expr, threshold set to: +/-:  3
INFO [2022-07-17 18:11:13] 

	STEP 10: Smoothing data per cell by chromosome

INFO [2022-07-17 18:11:13] smooth_by_chromosome: chr: chr1
INFO [2022-07-17 18:11:28] smooth_by_chromosome: chr: chr10
INFO [2022-07-17 18:11:43] smooth_by_chromosome: chr: chr11
INFO [2022-07-17 18:12:00] smooth_by_chromosome: chr: chr12
INFO [2022-07-17 18:12:15] smooth_by_chromosome: chr: chr13
INFO [2022-07-17 18:12:29] smooth_by_chromosome: chr: chr14
INFO [2022-07-17 18:12:43] smooth_by_chromosome: chr: chr15
INFO [2022-07-17 18:12:58] smooth_by_chromosome: chr: chr16
INFO [2022-07-17 18:13:11] smooth_by_chromosome: chr: chr17
INFO [2022-07-17 18:13:25] smooth_by_chromosome: chr: chr18
INFO [2022-07-17 18:13:39] smooth_by_chromosome: chr: chr19
INFO [2022-07-17 18:13:53] smooth_by_chromosome: chr: chr2
INFO [2022-07-17 18:14:10] smooth_by_chromosome: chr: chr3
INFO [2022-07-17 18:14:25] smooth_by_chromosome: chr: chr4
INFO [2022-07-17 18:14:41] smooth_by_chromosome: chr: chr5
INFO [2022-07-17 18:14:57] smooth_by_chromosome: chr: chr6
INFO [2022-07-17 18:15:13] smooth_by_chromosome: chr: chr7
INFO [2022-07-17 18:15:30] smooth_by_chromosome: chr: chr8
INFO [2022-07-17 18:15:44] smooth_by_chromosome: chr: chr9
INFO [2022-07-17 18:16:00] -mirroring for hspike
INFO [2022-07-17 18:16:00] smooth_by_chromosome: chr: chrA
INFO [2022-07-17 18:16:00] smooth_by_chromosome: chr: chr_0
INFO [2022-07-17 18:16:00] smooth_by_chromosome: chr: chr_B
INFO [2022-07-17 18:16:00] smooth_by_chromosome: chr: chr_0pt5
INFO [2022-07-17 18:16:01] smooth_by_chromosome: chr: chr_C
INFO [2022-07-17 18:16:01] smooth_by_chromosome: chr: chr_1pt5
INFO [2022-07-17 18:16:01] smooth_by_chromosome: chr: chr_D
INFO [2022-07-17 18:16:01] smooth_by_chromosome: chr: chr_2pt0
INFO [2022-07-17 18:16:01] smooth_by_chromosome: chr: chr_E
INFO [2022-07-17 18:16:01] smooth_by_chromosome: chr: chr_3pt0
INFO [2022-07-17 18:16:02] smooth_by_chromosome: chr: chr_F
INFO [2022-07-17 18:16:45] 

	STEP 11: re-centering data across chromosome after smoothing

INFO [2022-07-17 18:16:45] ::center_smooth across chromosomes per cell
INFO [2022-07-17 18:16:59] -mirroring for hspike
INFO [2022-07-17 18:16:59] ::center_smooth across chromosomes per cell
INFO [2022-07-17 18:17:43] 

	STEP 12: removing average of reference data (after smoothing)

INFO [2022-07-17 18:17:43] ::subtract_ref_expr_from_obs:Start inv_log=FALSE, use_bounds=TRUE
INFO [2022-07-17 18:17:43] subtracting mean(normal) per gene per cell across all data
INFO [2022-07-17 18:17:46] -subtracting expr per gene, use_bounds=TRUE
INFO [2022-07-17 18:17:52] -mirroring for hspike
INFO [2022-07-17 18:17:52] ::subtract_ref_expr_from_obs:Start inv_log=FALSE, use_bounds=TRUE
INFO [2022-07-17 18:17:52] subtracting mean(normal) per gene per cell across all data
INFO [2022-07-17 18:17:53] -subtracting expr per gene, use_bounds=TRUE
INFO [2022-07-17 18:18:34] 

	STEP 14: invert log2(FC) to FC

INFO [2022-07-17 18:18:34] invert_log2(), computing 2^x
INFO [2022-07-17 18:18:39] -mirroring for hspike
INFO [2022-07-17 18:18:39] invert_log2(), computing 2^x
INFO [2022-07-17 18:19:41] 

	STEP 15: Clustering samples (not defining tumor subclusters)

INFO [2022-07-17 18:19:41] define_signif_tumor_subclusters(p_val=0.1
INFO [2022-07-17 18:19:41] define_signif_tumor_subclusters(), tumor: CD70-/-;Bcl6tg/+
INFO [2022-07-17 18:34:36] cut tree into: 1 groups
INFO [2022-07-17 18:34:36] -processing CD70-/-;Bcl6tg/+,CD70-/-;Bcl6tg/+_s1
INFO [2022-07-17 18:34:36] define_signif_tumor_subclusters(), tumor: WT
INFO [2022-07-17 21:23:50] cut tree into: 1 groups
INFO [2022-07-17 21:23:50] -processing WT,WT_s1
INFO [2022-07-17 21:23:50] -mirroring for hspike
INFO [2022-07-17 21:23:50] define_signif_tumor_subclusters(p_val=0.1
INFO [2022-07-17 21:23:50] define_signif_tumor_subclusters(), tumor: spike_tumor_cell_WT
INFO [2022-07-17 21:23:50] cut tree into: 1 groups
INFO [2022-07-17 21:23:50] -processing spike_tumor_cell_WT,spike_tumor_cell_WT_s1
INFO [2022-07-17 21:23:50] define_signif_tumor_subclusters(), tumor: simnorm_cell_WT
INFO [2022-07-17 21:23:51] cut tree into: 1 groups
INFO [2022-07-17 21:23:51] -processing simnorm_cell_WT,simnorm_cell_WT_s1
INFO [2022-07-17 21:25:41] ::plot_cnv:Start
INFO [2022-07-17 21:25:41] ::plot_cnv:Current data dimensions (r,c)=4642,18467 Total=85877304.2242761 Min=0.688026524466274 Max=1.57947645254884.
INFO [2022-07-17 21:25:42] ::plot_cnv:Depending on the size of the matrix this may take a moment.
INFO [2022-07-17 21:27:12] plot_cnv(): auto thresholding at: (0.873106 , 1.130475)
INFO [2022-07-17 21:27:15] plot_cnv_observation:Start
INFO [2022-07-17 21:27:15] Observation data size: Cells= 4788 Genes= 4642
INFO [2022-07-17 21:27:15] plot_cnv_observation:Writing observation groupings/color.
INFO [2022-07-17 21:27:16] plot_cnv_observation:Done writing observation groupings/color.
INFO [2022-07-17 21:27:16] plot_cnv_observation:Writing observation heatmap thresholds.
INFO [2022-07-17 21:27:16] plot_cnv_observation:Done writing observation heatmap thresholds.
INFO [2022-07-17 21:27:22] Colors for breaks:  #00008B,#24249B,#4848AB,#6D6DBC,#9191CC,#B6B6DD,#DADAEE,#FFFFFF,#EEDADA,#DDB6B6,#CC9191,#BC6D6D,#AB4848,#9B2424,#8B0000
INFO [2022-07-17 21:27:22] Quantiles of plotted data range: 0.87310598385936,0.967524032760037,0.998855051212419,1.03542923424898,1.13047505662669
INFO [2022-07-17 21:27:28] plot_cnv_observations:Writing observation data to ./data/infercnv/inferCNV_out_new/Pool105_78//infercnv.preliminary.observations.txt
INFO [2022-07-17 21:27:50] plot_cnv_references:Start
INFO [2022-07-17 21:27:50] Reference data size: Cells= 13679 Genes= 4642
INFO [2022-07-18 00:19:02] plot_cnv_references:Number reference groups= 1
INFO [2022-07-18 00:19:02] plot_cnv_references:Plotting heatmap.
INFO [2022-07-18 00:19:16] Colors for breaks:  #00008B,#24249B,#4848AB,#6D6DBC,#9191CC,#B6B6DD,#DADAEE,#FFFFFF,#EEDADA,#DDB6B6,#CC9191,#BC6D6D,#AB4848,#9B2424,#8B0000
INFO [2022-07-18 00:19:16] Quantiles of plotted data range: 0.87310598385936,0.973440689888259,0.998857775315955,1.0258946527757,1.13047505662669
INFO [2022-07-18 00:19:24] plot_cnv_references:Writing reference data to ./data/infercnv/inferCNV_out_new/Pool105_78//infercnv.preliminary.references.txt
INFO [2022-07-18 00:20:32] 

	STEP 17: HMM-based CNV prediction

INFO [2022-07-18 00:20:32] predict_CNV_via_HMM_on_whole_tumor_samples
INFO [2022-07-18 00:20:35] -done predicting CNV based on initial tumor subclusters
INFO [2022-07-18 00:20:35] get_predicted_CNV_regions(subcluster)
INFO [2022-07-18 00:20:35] -processing cell_group_name: CD70-/-;Bcl6tg/+.CD70-/-;Bcl6tg/+_s1, size: 4788
INFO [2022-07-18 00:20:54] -processing cell_group_name: WT.WT_s1, size: 13679
INFO [2022-07-18 00:21:42] -writing cell clusters file: ./data/infercnv/inferCNV_out_new/Pool105_78//17_HMM_predHMMi6.hmm_mode-samples.cell_groupings
INFO [2022-07-18 00:21:42] -writing cnv regions file: ./data/infercnv/inferCNV_out_new/Pool105_78//17_HMM_predHMMi6.hmm_mode-samples.pred_cnv_regions.dat
INFO [2022-07-18 00:21:42] -writing per-gene cnv report: ./data/infercnv/inferCNV_out_new/Pool105_78//17_HMM_predHMMi6.hmm_mode-samples.pred_cnv_genes.dat
INFO [2022-07-18 00:21:42] -writing gene ordering info: ./data/infercnv/inferCNV_out_new/Pool105_78//17_HMM_predHMMi6.hmm_mode-samples.genes_used.dat
INFO [2022-07-18 00:22:01] ::plot_cnv:Start
INFO [2022-07-18 00:22:01] ::plot_cnv:Current data dimensions (r,c)=4642,18467 Total=261633858 Min=2 Max=4.
INFO [2022-07-18 00:22:02] ::plot_cnv:Depending on the size of the matrix this may take a moment.
INFO [2022-07-18 00:23:20] plot_cnv_observation:Start
INFO [2022-07-18 00:23:20] Observation data size: Cells= 4788 Genes= 4642
INFO [2022-07-18 00:23:20] plot_cnv_observation:Writing observation groupings/color.
INFO [2022-07-18 00:23:20] plot_cnv_observation:Done writing observation groupings/color.
INFO [2022-07-18 00:23:20] plot_cnv_observation:Writing observation heatmap thresholds.
INFO [2022-07-18 00:23:21] plot_cnv_observation:Done writing observation heatmap thresholds.
INFO [2022-07-18 00:23:25] Colors for breaks:  #00008B,#24249B,#4848AB,#6D6DBC,#9191CC,#B6B6DD,#DADAEE,#FFFFFF,#EEDADA,#DDB6B6,#CC9191,#BC6D6D,#AB4848,#9B2424,#8B0000
INFO [2022-07-18 00:23:25] Quantiles of plotted data range: 2,3,3,3,4
INFO [2022-07-18 00:23:30] plot_cnv_observations:Writing observation data to ./data/infercnv/inferCNV_out_new/Pool105_78//infercnv.17_HMM_predHMMi6.hmm_mode-samples.observations.txt
INFO [2022-07-18 00:23:55] plot_cnv_references:Start
INFO [2022-07-18 00:23:55] Reference data size: Cells= 13679 Genes= 4642
INFO [2022-07-18 03:18:40] plot_cnv_references:Number reference groups= 1
INFO [2022-07-18 03:18:41] plot_cnv_references:Plotting heatmap.
INFO [2022-07-18 03:18:56] Colors for breaks:  #00008B,#24249B,#4848AB,#6D6DBC,#9191CC,#B6B6DD,#DADAEE,#FFFFFF,#EEDADA,#DDB6B6,#CC9191,#BC6D6D,#AB4848,#9B2424,#8B0000
INFO [2022-07-18 03:18:56] Quantiles of plotted data range: 3,3,3,3,3
INFO [2022-07-18 03:19:03] plot_cnv_references:Writing reference data to ./data/infercnv/inferCNV_out_new/Pool105_78//infercnv.17_HMM_predHMMi6.hmm_mode-samples.references.txt
INFO [2022-07-18 03:20:13] 

	STEP 18: Run Bayesian Network Model on HMM predicted CNVs

INFO [2022-07-18 03:20:14] Creating the following Directory:  ./data/infercnv/inferCNV_out_new/Pool105_78//BayesNetOutput.HMMi6.hmm_mode-samples
INFO [2022-07-18 03:20:14] Initializing new MCM InferCNV Object.
INFO [2022-07-18 03:20:14] validating infercnv_obj
INFO [2022-07-18 03:20:14] Total CNV's:  5
INFO [2022-07-18 03:20:14] Loading BUGS Model.
INFO [2022-07-18 03:20:14] Running Sampling Using Parallel with  64 Cores
INFO [2022-07-18 04:48:22] Obtaining probabilities post-sampling
INFO [2022-07-18 04:50:16] Gibbs sampling time:  90.0312536001206  Minutes
INFO [2022-07-18 04:51:25] ::plot_cnv:Start
INFO [2022-07-18 04:51:25] ::plot_cnv:Current data dimensions (r,c)=4642,18467 Total=3370504.90380564 Min=0 Max=0.813576622390906.
INFO [2022-07-18 04:51:26] ::plot_cnv:Depending on the size of the matrix this may take a moment.
INFO [2022-07-18 04:51:28] plot_cnv_observation:Start
INFO [2022-07-18 04:51:28] Observation data size: Cells= 4788 Genes= 4642
INFO [2022-07-18 04:51:29] plot_cnv_observation:Writing observation groupings/color.
INFO [2022-07-18 04:51:29] plot_cnv_observation:Done writing observation groupings/color.
INFO [2022-07-18 04:51:29] plot_cnv_observation:Writing observation heatmap thresholds.
INFO [2022-07-18 04:51:29] plot_cnv_observation:Done writing observation heatmap thresholds.
INFO [2022-07-18 04:51:34] Colors for breaks:  #00008B,#24249B,#4848AB,#6D6DBC,#9191CC,#B6B6DD,#DADAEE,#FFFFFF,#EEDADA,#DDB6B6,#CC9191,#BC6D6D,#AB4848,#9B2424,#8B0000
INFO [2022-07-18 04:51:34] Quantiles of plotted data range: 0,0,0,0,0.813576622390906
INFO [2022-07-18 04:51:38] plot_cnv_observations:Writing observation data to ./data/infercnv/inferCNV_out_new/Pool105_78//BayesNetOutput.HMMi6.hmm_mode-samples/infercnv.NormalProbabilities.PreFiltering.observations.txt
INFO [2022-07-18 04:51:57] plot_cnv_references:Start
INFO [2022-07-18 04:51:57] Reference data size: Cells= 13679 Genes= 4642
INFO [2022-07-18 07:47:08] plot_cnv_references:Number reference groups= 1
INFO [2022-07-18 07:47:09] plot_cnv_references:Plotting heatmap.
INFO [2022-07-18 07:47:24] Colors for breaks:  #00008B,#24249B,#4848AB,#6D6DBC,#9191CC,#B6B6DD,#DADAEE,#FFFFFF,#EEDADA,#DDB6B6,#CC9191,#BC6D6D,#AB4848,#9B2424,#8B0000
INFO [2022-07-18 07:47:24] Quantiles of plotted data range: 0,0,0,0,0
INFO [2022-07-18 07:47:31] plot_cnv_references:Writing reference data to ./data/infercnv/inferCNV_out_new/Pool105_78//BayesNetOutput.HMMi6.hmm_mode-samples/infercnv.NormalProbabilities.PreFiltering.references.txt
INFO [2022-07-18 07:49:35] 

	STEP 19: Filter HMM predicted CNVs based on the Bayesian Network Model results and BayesMaxPNormal

INFO [2022-07-18 07:49:35] Attempting to removing CNV(s) with a probability of being normal above  0.5
INFO [2022-07-18 07:49:35] Removing  0  CNV(s) identified by the HMM.
INFO [2022-07-18 07:49:35] Reassigning CNVs based on state probabilities.
INFO [2022-07-18 07:49:36] Creating Plots for CNV and cell Probabilities.
INFO [2022-07-18 07:50:01] ::plot_cnv:Start
INFO [2022-07-18 07:50:01] ::plot_cnv:Current data dimensions (r,c)=4642,18467 Total=3370504.90380564 Min=0 Max=0.813576622390906.
INFO [2022-07-18 07:50:02] ::plot_cnv:Depending on the size of the matrix this may take a moment.
INFO [2022-07-18 07:50:04] plot_cnv_observation:Start
INFO [2022-07-18 07:50:04] Observation data size: Cells= 4788 Genes= 4642
INFO [2022-07-18 07:50:05] plot_cnv_observation:Writing observation groupings/color.
INFO [2022-07-18 07:50:05] plot_cnv_observation:Done writing observation groupings/color.
INFO [2022-07-18 07:50:05] plot_cnv_observation:Writing observation heatmap thresholds.
INFO [2022-07-18 07:50:05] plot_cnv_observation:Done writing observation heatmap thresholds.
INFO [2022-07-18 07:50:09] Colors for breaks:  #00008B,#24249B,#4848AB,#6D6DBC,#9191CC,#B6B6DD,#DADAEE,#FFFFFF,#EEDADA,#DDB6B6,#CC9191,#BC6D6D,#AB4848,#9B2424,#8B0000
INFO [2022-07-18 07:50:09] Quantiles of plotted data range: 0,0,0,0,0.813576622390906
INFO [2022-07-18 07:50:13] plot_cnv_observations:Writing observation data to ./data/infercnv/inferCNV_out_new/Pool105_78//BayesNetOutput.HMMi6.hmm_mode-samples/infercnv.NormalProbabilities.PostFiltering.observations.txt
INFO [2022-07-18 07:50:32] plot_cnv_references:Start
INFO [2022-07-18 07:50:32] Reference data size: Cells= 13679 Genes= 4642
INFO [2022-07-18 10:45:43] plot_cnv_references:Number reference groups= 1
INFO [2022-07-18 10:45:43] plot_cnv_references:Plotting heatmap.
INFO [2022-07-18 10:46:01] Colors for breaks:  #00008B,#24249B,#4848AB,#6D6DBC,#9191CC,#B6B6DD,#DADAEE,#FFFFFF,#EEDADA,#DDB6B6,#CC9191,#BC6D6D,#AB4848,#9B2424,#8B0000
INFO [2022-07-18 10:46:01] Quantiles of plotted data range: 0,0,0,0,0
INFO [2022-07-18 10:46:07] plot_cnv_references:Writing reference data to ./data/infercnv/inferCNV_out_new/Pool105_78//BayesNetOutput.HMMi6.hmm_mode-samples/infercnv.NormalProbabilities.PostFiltering.references.txt
INFO [2022-07-18 10:47:19] ::plot_cnv:Start
INFO [2022-07-18 10:47:19] ::plot_cnv:Current data dimensions (r,c)=4642,18467 Total=261633858 Min=2 Max=4.
INFO [2022-07-18 10:47:20] ::plot_cnv:Depending on the size of the matrix this may take a moment.
INFO [2022-07-18 10:48:45] plot_cnv_observation:Start
INFO [2022-07-18 10:48:45] Observation data size: Cells= 4788 Genes= 4642
INFO [2022-07-18 10:48:45] plot_cnv_observation:Writing observation groupings/color.
INFO [2022-07-18 10:48:45] plot_cnv_observation:Done writing observation groupings/color.
INFO [2022-07-18 10:48:45] plot_cnv_observation:Writing observation heatmap thresholds.
INFO [2022-07-18 10:48:45] plot_cnv_observation:Done writing observation heatmap thresholds.
INFO [2022-07-18 10:48:50] Colors for breaks:  #00008B,#24249B,#4848AB,#6D6DBC,#9191CC,#B6B6DD,#DADAEE,#FFFFFF,#EEDADA,#DDB6B6,#CC9191,#BC6D6D,#AB4848,#9B2424,#8B0000
INFO [2022-07-18 10:48:50] Quantiles of plotted data range: 2,3,3,3,4
INFO [2022-07-18 10:48:55] plot_cnv_observations:Writing observation data to ./data/infercnv/inferCNV_out_new/Pool105_78//infercnv.19_HMM_pred.Bayes_Net.Pnorm_0.5.observations.txt
INFO [2022-07-18 10:49:16] plot_cnv_references:Start
INFO [2022-07-18 10:49:16] Reference data size: Cells= 13679 Genes= 4642
INFO [2022-07-18 13:20:50] plot_cnv_references:Number reference groups= 1
INFO [2022-07-18 13:20:51] plot_cnv_references:Plotting heatmap.
INFO [2022-07-18 13:21:09] Colors for breaks:  #00008B,#24249B,#4848AB,#6D6DBC,#9191CC,#B6B6DD,#DADAEE,#FFFFFF,#EEDADA,#DDB6B6,#CC9191,#BC6D6D,#AB4848,#9B2424,#8B0000
INFO [2022-07-18 13:21:09] Quantiles of plotted data range: 3,3,3,3,3
INFO [2022-07-18 13:21:17] plot_cnv_references:Writing reference data to ./data/infercnv/inferCNV_out_new/Pool105_78//infercnv.19_HMM_pred.Bayes_Net.Pnorm_0.5.references.txt
INFO [2022-07-18 13:22:22] 

	STEP 20: Converting HMM-based CNV states to repr expr vals

INFO [2022-07-18 13:22:48] ::plot_cnv:Start
INFO [2022-07-18 13:22:48] ::plot_cnv:Current data dimensions (r,c)=4642,18467 Total=87955022 Min=0.5 Max=1.5.
INFO [2022-07-18 13:22:49] ::plot_cnv:Depending on the size of the matrix this may take a moment.
INFO [2022-07-18 13:24:13] plot_cnv_observation:Start
INFO [2022-07-18 13:24:13] Observation data size: Cells= 4788 Genes= 4642
INFO [2022-07-18 13:24:14] plot_cnv_observation:Writing observation groupings/color.
INFO [2022-07-18 13:24:14] plot_cnv_observation:Done writing observation groupings/color.
INFO [2022-07-18 13:24:14] plot_cnv_observation:Writing observation heatmap thresholds.
INFO [2022-07-18 13:24:14] plot_cnv_observation:Done writing observation heatmap thresholds.
INFO [2022-07-18 13:24:19] Colors for breaks:  #00008B,#24249B,#4848AB,#6D6DBC,#9191CC,#B6B6DD,#DADAEE,#FFFFFF,#EEDADA,#DDB6B6,#CC9191,#BC6D6D,#AB4848,#9B2424,#8B0000
INFO [2022-07-18 13:24:19] Quantiles of plotted data range: 0.5,1,1,1,1.5
INFO [2022-07-18 13:24:24] plot_cnv_observations:Writing observation data to ./data/infercnv/inferCNV_out_new/Pool105_78//infercnv.20_HMM_predHMMi6.hmm_mode-samples.Pnorm_0.5.repr_intensities.observations.txt
INFO [2022-07-18 13:24:47] plot_cnv_references:Start
INFO [2022-07-18 13:24:47] Reference data size: Cells= 13679 Genes= 4642
INFO [2022-07-18 15:57:12] plot_cnv_references:Number reference groups= 1
INFO [2022-07-18 15:57:13] plot_cnv_references:Plotting heatmap.
INFO [2022-07-18 15:57:32] Colors for breaks:  #00008B,#24249B,#4848AB,#6D6DBC,#9191CC,#B6B6DD,#DADAEE,#FFFFFF,#EEDADA,#DDB6B6,#CC9191,#BC6D6D,#AB4848,#9B2424,#8B0000
INFO [2022-07-18 15:57:32] Quantiles of plotted data range: 1,1,1,1,1
INFO [2022-07-18 15:57:39] plot_cnv_references:Writing reference data to ./data/infercnv/inferCNV_out_new/Pool105_78//infercnv.20_HMM_predHMMi6.hmm_mode-samples.Pnorm_0.5.repr_intensities.references.txt
INFO [2022-07-18 15:58:38] 

	STEP 22: Denoising

INFO [2022-07-18 15:58:38] ::process_data:Remove noise, noise threshold defined via ref mean sd_amplifier:  1.5
INFO [2022-07-18 15:58:38] denoising using mean(normal) +- sd_amplifier * sd(normal) per gene per cell across all data
INFO [2022-07-18 15:58:41] :: **** clear_noise_via_ref_quantiles **** : removing noise between bounds:  0.939312908975671 - 1.06242391411315
INFO [2022-07-18 15:59:29] 

## Making the final infercnv heatmap ##
INFO [2022-07-18 15:59:30] ::plot_cnv:Start
INFO [2022-07-18 15:59:30] ::plot_cnv:Current data dimensions (r,c)=4642,18467 Total=86041844.7292463 Min=0.688026524466274 Max=1.57947645254884.
INFO [2022-07-18 15:59:31] ::plot_cnv:Depending on the size of the matrix this may take a moment.
INFO [2022-07-18 16:01:05] plot_cnv(): auto thresholding at: (0.869525 , 1.130475)
INFO [2022-07-18 16:01:07] plot_cnv_observation:Start
INFO [2022-07-18 16:01:07] Observation data size: Cells= 4788 Genes= 4642
INFO [2022-07-18 16:01:08] plot_cnv_observation:Writing observation groupings/color.
INFO [2022-07-18 16:01:08] plot_cnv_observation:Done writing observation groupings/color.
INFO [2022-07-18 16:01:08] plot_cnv_observation:Writing observation heatmap thresholds.
INFO [2022-07-18 16:01:08] plot_cnv_observation:Done writing observation heatmap thresholds.
INFO [2022-07-18 16:01:14] Colors for breaks:  #00008B,#24249B,#4848AB,#6D6DBC,#9191CC,#B6B6DD,#DADAEE,#FFFFFF,#EEDADA,#DDB6B6,#CC9191,#BC6D6D,#AB4848,#9B2424,#8B0000
INFO [2022-07-18 16:01:14] Quantiles of plotted data range: 0.869524943373314,1.00086841154441,1.00086841154441,1.00086841154441,1.13047505662669
INFO [2022-07-18 16:01:18] plot_cnv_observations:Writing observation data to ./data/infercnv/inferCNV_out_new/Pool105_78//infercnv.observations.txt
INFO [2022-07-18 16:01:43] plot_cnv_references:Start
INFO [2022-07-18 16:01:43] Reference data size: Cells= 13679 Genes= 4642
INFO [2022-07-18 18:30:54] plot_cnv_references:Number reference groups= 1
INFO [2022-07-18 18:30:55] plot_cnv_references:Plotting heatmap.
INFO [2022-07-18 18:31:12] Colors for breaks:  #00008B,#24249B,#4848AB,#6D6DBC,#9191CC,#B6B6DD,#DADAEE,#FFFFFF,#EEDADA,#DDB6B6,#CC9191,#BC6D6D,#AB4848,#9B2424,#8B0000
INFO [2022-07-18 18:31:12] Quantiles of plotted data range: 0.869524943373314,1.00086841154441,1.00086841154441,1.00086841154441,1.13047505662669
INFO [2022-07-18 18:31:20] plot_cnv_references:Writing reference data to ./data/infercnv/inferCNV_out_new/Pool105_78//infercnv.references.txt
Warning messages:
1: In type.convert.default(X[[i]], ...) :
  'as.is' should be specified by the caller; using TRUE
2: In type.convert.default(X[[i]], ...) :
  'as.is' should be specified by the caller; using TRUE
3: In type.convert.default(X[[i]], ...) :
  'as.is' should be specified by the caller; using TRUE
4: In type.convert.default(X[[i]], ...) :
  'as.is' should be specified by the caller; using TRUE
5: In type.convert.default(X[[i]], ...) :
  'as.is' should be specified by the caller; using TRUE
