[1] "/liulab/galib/mouse_scRNAseq_margaret/data/infercnv/inferCNV_out_new/6mos"
Warning message:
package ‘rBCS’ was built under R version 4.1.3 
── Attaching packages ─────────────────────────────────────── tidyverse 1.3.1 ──
✔ ggplot2 3.3.6     ✔ purrr   0.3.4
✔ tibble  3.1.7     ✔ dplyr   1.0.9
✔ tidyr   1.2.0     ✔ stringr 1.4.0
✔ readr   2.1.2     ✔ forcats 0.5.1
── Conflicts ────────────────────────────────────────── tidyverse_conflicts() ──
✖ dplyr::filter() masks stats::filter()
✖ dplyr::lag()    masks stats::lag()
Warning messages:
1: package ‘tidyverse’ was built under R version 4.1.3 
2: package ‘ggplot2’ was built under R version 4.1.3 
3: package ‘tibble’ was built under R version 4.1.3 
4: package ‘tidyr’ was built under R version 4.1.2 
5: package ‘readr’ was built under R version 4.1.2 
6: package ‘dplyr’ was built under R version 4.1.3 
7: package ‘forcats’ was built under R version 4.1.3 
Attaching SeuratObject
Attaching sp
Warning message:
package ‘Seurat’ was built under R version 4.1.3 
here() starts at /liulab/galib/mouse_scRNAseq_margaret
Loading required package: usethis
Warning message:
package ‘ggpubr’ was built under R version 4.1.3 
Warning message:
package ‘infercnv’ was built under R version 4.1.3 
[1]  32285 176583
Rows: 55228 Columns: 4
── Column specification ────────────────────────────────────────────────────────
Delimiter: "\t"
chr (2): X1, X2
dbl (2): X3, X4

ℹ Use `spec()` to retrieve the full column specification for this data.
ℹ Specify the column types or set `show_col_types = FALSE` to quiet this message.
[1] 12
INFO [2022-07-18 18:33:51] Parsing gene order file: ./data/infercnv/gene_order_file.txt
INFO [2022-07-18 18:33:51] ::order_reduce:Start.
INFO [2022-07-18 18:33:58] .order_reduce(): expr and order match.
INFO [2022-07-18 18:34:35] ::process_data:order_reduce:Reduction from positional data, new dimensions (r,c) = 32285,176583 Total=901670571 Min=0 Max=21505.
INFO [2022-07-18 18:34:37] num genes removed taking into account provided gene ordering list: 1949 = 6.03685922254917% removed.
INFO [2022-07-18 18:34:39] -filtering out cells < 100 or > Inf, removing 0 % of cells
INFO [2022-07-18 18:34:44] validating infercnv_obj
INFO [2022-07-18 18:34:45] ::process_data:Start
INFO [2022-07-18 18:34:45] Creating output path ./data/infercnv/inferCNV_out_new/Pool105_30/
INFO [2022-07-18 18:34:45] Checking for saved results.
INFO [2022-07-18 18:34:45] 

	STEP 1: incoming data

INFO [2022-07-18 18:35:12] 

	STEP 02: Removing lowly expressed genes

INFO [2022-07-18 18:35:12] ::above_min_mean_expr_cutoff:Start
INFO [2022-07-18 18:35:13] Removing 25511 genes from matrix as below mean expr threshold: 0.1
INFO [2022-07-18 18:35:14] validating infercnv_obj
INFO [2022-07-18 18:35:14] There are 4825 genes and 16310 cells remaining in the expr matrix.
INFO [2022-07-18 18:35:20] no genes removed due to min cells/gene filter
INFO [2022-07-18 18:35:47] 

	STEP 03: normalization by sequencing depth

INFO [2022-07-18 18:35:47] normalizing counts matrix by depth
INFO [2022-07-18 18:35:52] Computed total sum normalization factor as median libsize: 3094.000000
INFO [2022-07-18 18:35:52] Adding h-spike
INFO [2022-07-18 18:35:52] -hspike modeling of WT
INFO [2022-07-18 18:36:50] validating infercnv_obj
INFO [2022-07-18 18:36:50] normalizing counts matrix by depth
INFO [2022-07-18 18:36:50] Using specified normalization factor: 3094.000000
INFO [2022-07-18 18:37:16] 

	STEP 04: log transformation of data

INFO [2022-07-18 18:37:16] transforming log2xplus1()
INFO [2022-07-18 18:37:20] -mirroring for hspike
INFO [2022-07-18 18:37:20] transforming log2xplus1()
INFO [2022-07-18 18:37:48] 

	STEP 08: removing average of reference data (before smoothing)

INFO [2022-07-18 18:37:48] ::subtract_ref_expr_from_obs:Start inv_log=FALSE, use_bounds=TRUE
INFO [2022-07-18 18:37:48] subtracting mean(normal) per gene per cell across all data
INFO [2022-07-18 18:37:53] -subtracting expr per gene, use_bounds=TRUE
INFO [2022-07-18 18:55:16] -mirroring for hspike
INFO [2022-07-18 18:55:16] ::subtract_ref_expr_from_obs:Start inv_log=FALSE, use_bounds=TRUE
INFO [2022-07-18 18:55:16] subtracting mean(normal) per gene per cell across all data
INFO [2022-07-18 18:55:17] -subtracting expr per gene, use_bounds=TRUE
INFO [2022-07-18 18:56:04] 

	STEP 09: apply max centered expression threshold: 3

INFO [2022-07-18 18:56:04] ::process_data:setting max centered expr, threshold set to: +/-:  3
INFO [2022-07-18 18:56:05] -mirroring for hspike
INFO [2022-07-18 18:56:05] ::process_data:setting max centered expr, threshold set to: +/-:  3
INFO [2022-07-18 18:56:52] 

	STEP 10: Smoothing data per cell by chromosome

INFO [2022-07-18 18:56:52] smooth_by_chromosome: chr: chr1
INFO [2022-07-18 18:57:06] smooth_by_chromosome: chr: chr10
INFO [2022-07-18 18:57:21] smooth_by_chromosome: chr: chr11
INFO [2022-07-18 18:57:38] smooth_by_chromosome: chr: chr12
INFO [2022-07-18 18:57:51] smooth_by_chromosome: chr: chr13
INFO [2022-07-18 18:58:05] smooth_by_chromosome: chr: chr14
INFO [2022-07-18 18:58:18] smooth_by_chromosome: chr: chr15
INFO [2022-07-18 18:58:32] smooth_by_chromosome: chr: chr16
INFO [2022-07-18 18:58:46] smooth_by_chromosome: chr: chr17
INFO [2022-07-18 18:59:01] smooth_by_chromosome: chr: chr18
INFO [2022-07-18 18:59:15] smooth_by_chromosome: chr: chr19
INFO [2022-07-18 18:59:28] smooth_by_chromosome: chr: chr2
INFO [2022-07-18 18:59:44] smooth_by_chromosome: chr: chr3
INFO [2022-07-18 18:59:59] smooth_by_chromosome: chr: chr4
INFO [2022-07-18 19:00:15] smooth_by_chromosome: chr: chr5
INFO [2022-07-18 19:00:31] smooth_by_chromosome: chr: chr6
INFO [2022-07-18 19:00:46] smooth_by_chromosome: chr: chr7
INFO [2022-07-18 19:01:03] smooth_by_chromosome: chr: chr8
INFO [2022-07-18 19:01:19] smooth_by_chromosome: chr: chr9
INFO [2022-07-18 19:01:34] -mirroring for hspike
INFO [2022-07-18 19:01:34] smooth_by_chromosome: chr: chrA
INFO [2022-07-18 19:01:34] smooth_by_chromosome: chr: chr_0
INFO [2022-07-18 19:01:34] smooth_by_chromosome: chr: chr_B
INFO [2022-07-18 19:01:35] smooth_by_chromosome: chr: chr_0pt5
INFO [2022-07-18 19:01:35] smooth_by_chromosome: chr: chr_C
INFO [2022-07-18 19:01:35] smooth_by_chromosome: chr: chr_1pt5
INFO [2022-07-18 19:01:35] smooth_by_chromosome: chr: chr_D
INFO [2022-07-18 19:01:35] smooth_by_chromosome: chr: chr_2pt0
INFO [2022-07-18 19:01:36] smooth_by_chromosome: chr: chr_E
INFO [2022-07-18 19:01:36] smooth_by_chromosome: chr: chr_3pt0
INFO [2022-07-18 19:01:36] smooth_by_chromosome: chr: chr_F
INFO [2022-07-18 19:02:23] 

	STEP 11: re-centering data across chromosome after smoothing

INFO [2022-07-18 19:02:23] ::center_smooth across chromosomes per cell
INFO [2022-07-18 19:02:35] -mirroring for hspike
INFO [2022-07-18 19:02:35] ::center_smooth across chromosomes per cell
INFO [2022-07-18 19:03:22] 

	STEP 12: removing average of reference data (after smoothing)

INFO [2022-07-18 19:03:22] ::subtract_ref_expr_from_obs:Start inv_log=FALSE, use_bounds=TRUE
INFO [2022-07-18 19:03:22] subtracting mean(normal) per gene per cell across all data
INFO [2022-07-18 19:03:28] -subtracting expr per gene, use_bounds=TRUE
INFO [2022-07-18 19:03:34] -mirroring for hspike
INFO [2022-07-18 19:03:34] ::subtract_ref_expr_from_obs:Start inv_log=FALSE, use_bounds=TRUE
INFO [2022-07-18 19:03:34] subtracting mean(normal) per gene per cell across all data
INFO [2022-07-18 19:03:35] -subtracting expr per gene, use_bounds=TRUE
INFO [2022-07-18 19:04:22] 

	STEP 14: invert log2(FC) to FC

INFO [2022-07-18 19:04:22] invert_log2(), computing 2^x
INFO [2022-07-18 19:04:28] -mirroring for hspike
INFO [2022-07-18 19:04:28] invert_log2(), computing 2^x
INFO [2022-07-18 19:05:32] 

	STEP 15: Clustering samples (not defining tumor subclusters)

INFO [2022-07-18 19:05:33] define_signif_tumor_subclusters(p_val=0.1
INFO [2022-07-18 19:05:33] define_signif_tumor_subclusters(), tumor: CD70-/-;Bcl6tg/+
INFO [2022-07-18 19:07:59] cut tree into: 1 groups
INFO [2022-07-18 19:07:59] -processing CD70-/-;Bcl6tg/+,CD70-/-;Bcl6tg/+_s1
INFO [2022-07-18 19:07:59] define_signif_tumor_subclusters(), tumor: WT
INFO [2022-07-18 22:34:12] cut tree into: 1 groups
INFO [2022-07-18 22:34:12] -processing WT,WT_s1
INFO [2022-07-18 22:34:12] -mirroring for hspike
INFO [2022-07-18 22:34:12] define_signif_tumor_subclusters(p_val=0.1
INFO [2022-07-18 22:34:12] define_signif_tumor_subclusters(), tumor: spike_tumor_cell_WT
INFO [2022-07-18 22:34:12] cut tree into: 1 groups
INFO [2022-07-18 22:34:12] -processing spike_tumor_cell_WT,spike_tumor_cell_WT_s1
INFO [2022-07-18 22:34:12] define_signif_tumor_subclusters(), tumor: simnorm_cell_WT
INFO [2022-07-18 22:34:12] cut tree into: 1 groups
INFO [2022-07-18 22:34:12] -processing simnorm_cell_WT,simnorm_cell_WT_s1
INFO [2022-07-18 22:36:12] ::plot_cnv:Start
INFO [2022-07-18 22:36:12] ::plot_cnv:Current data dimensions (r,c)=4825,16310 Total=78773967.8687913 Min=0.639557211650638 Max=1.48108077238328.
INFO [2022-07-18 22:36:13] ::plot_cnv:Depending on the size of the matrix this may take a moment.
INFO [2022-07-18 22:37:45] plot_cnv(): auto thresholding at: (0.889573 , 1.112415)
INFO [2022-07-18 22:37:47] plot_cnv_observation:Start
INFO [2022-07-18 22:37:47] Observation data size: Cells= 1899 Genes= 4825
INFO [2022-07-18 22:37:48] plot_cnv_observation:Writing observation groupings/color.
INFO [2022-07-18 22:37:48] plot_cnv_observation:Done writing observation groupings/color.
INFO [2022-07-18 22:37:48] plot_cnv_observation:Writing observation heatmap thresholds.
INFO [2022-07-18 22:37:48] plot_cnv_observation:Done writing observation heatmap thresholds.
INFO [2022-07-18 22:37:50] Colors for breaks:  #00008B,#24249B,#4848AB,#6D6DBC,#9191CC,#B6B6DD,#DADAEE,#FFFFFF,#EEDADA,#DDB6B6,#CC9191,#BC6D6D,#AB4848,#9B2424,#8B0000
INFO [2022-07-18 22:37:50] Quantiles of plotted data range: 0.889573345669281,0.973517983936769,0.998889149903201,1.02680999999726,1.11241450929852
INFO [2022-07-18 22:37:53] plot_cnv_observations:Writing observation data to ./data/infercnv/inferCNV_out_new/Pool105_30//infercnv.preliminary.observations.txt
INFO [2022-07-18 22:38:04] plot_cnv_references:Start
INFO [2022-07-18 22:38:04] Reference data size: Cells= 14411 Genes= 4825
INFO [2022-07-19 02:04:20] plot_cnv_references:Number reference groups= 1
INFO [2022-07-19 02:04:21] plot_cnv_references:Plotting heatmap.
INFO [2022-07-19 02:04:34] Colors for breaks:  #00008B,#24249B,#4848AB,#6D6DBC,#9191CC,#B6B6DD,#DADAEE,#FFFFFF,#EEDADA,#DDB6B6,#CC9191,#BC6D6D,#AB4848,#9B2424,#8B0000
INFO [2022-07-19 02:04:34] Quantiles of plotted data range: 0.889573345669281,0.973321760416206,0.998898948914564,1.02612984981345,1.11241450929852
INFO [2022-07-19 02:04:40] plot_cnv_references:Writing reference data to ./data/infercnv/inferCNV_out_new/Pool105_30//infercnv.preliminary.references.txt
INFO [2022-07-19 02:05:55] 

	STEP 17: HMM-based CNV prediction

INFO [2022-07-19 02:05:55] predict_CNV_via_HMM_on_whole_tumor_samples
INFO [2022-07-19 02:05:58] -done predicting CNV based on initial tumor subclusters
INFO [2022-07-19 02:05:58] get_predicted_CNV_regions(subcluster)
INFO [2022-07-19 02:05:58] -processing cell_group_name: CD70-/-;Bcl6tg/+.CD70-/-;Bcl6tg/+_s1, size: 1899
INFO [2022-07-19 02:06:11] -processing cell_group_name: WT.WT_s1, size: 14411
INFO [2022-07-19 02:07:13] -writing cell clusters file: ./data/infercnv/inferCNV_out_new/Pool105_30//17_HMM_predHMMi6.hmm_mode-samples.cell_groupings
INFO [2022-07-19 02:07:13] -writing cnv regions file: ./data/infercnv/inferCNV_out_new/Pool105_30//17_HMM_predHMMi6.hmm_mode-samples.pred_cnv_regions.dat
INFO [2022-07-19 02:07:13] -writing per-gene cnv report: ./data/infercnv/inferCNV_out_new/Pool105_30//17_HMM_predHMMi6.hmm_mode-samples.pred_cnv_genes.dat
INFO [2022-07-19 02:07:13] -writing gene ordering info: ./data/infercnv/inferCNV_out_new/Pool105_30//17_HMM_predHMMi6.hmm_mode-samples.genes_used.dat
INFO [2022-07-19 02:07:34] ::plot_cnv:Start
INFO [2022-07-19 02:07:34] ::plot_cnv:Current data dimensions (r,c)=4825,16310 Total=236087250 Min=3 Max=3.
INFO [2022-07-19 02:07:35] ::plot_cnv:Depending on the size of the matrix this may take a moment.
INFO [2022-07-19 02:08:54] plot_cnv_observation:Start
INFO [2022-07-19 02:08:54] Observation data size: Cells= 1899 Genes= 4825
INFO [2022-07-19 02:08:55] plot_cnv_observation:Writing observation groupings/color.
INFO [2022-07-19 02:08:55] plot_cnv_observation:Done writing observation groupings/color.
INFO [2022-07-19 02:08:55] plot_cnv_observation:Writing observation heatmap thresholds.
INFO [2022-07-19 02:08:55] plot_cnv_observation:Done writing observation heatmap thresholds.
INFO [2022-07-19 02:08:57] Colors for breaks:  #00008B,#24249B,#4848AB,#6D6DBC,#9191CC,#B6B6DD,#DADAEE,#FFFFFF,#EEDADA,#DDB6B6,#CC9191,#BC6D6D,#AB4848,#9B2424,#8B0000
INFO [2022-07-19 02:08:57] Quantiles of plotted data range: 3,3,3,3,3
INFO [2022-07-19 02:08:58] plot_cnv_observations:Writing observation data to ./data/infercnv/inferCNV_out_new/Pool105_30//infercnv.17_HMM_predHMMi6.hmm_mode-samples.observations.txt
INFO [2022-07-19 02:09:08] plot_cnv_references:Start
INFO [2022-07-19 02:09:08] Reference data size: Cells= 14411 Genes= 4825
INFO [2022-07-19 05:04:19] plot_cnv_references:Number reference groups= 1
INFO [2022-07-19 05:04:20] plot_cnv_references:Plotting heatmap.
INFO [2022-07-19 05:04:35] Colors for breaks:  #00008B,#24249B,#4848AB,#6D6DBC,#9191CC,#B6B6DD,#DADAEE,#FFFFFF,#EEDADA,#DDB6B6,#CC9191,#BC6D6D,#AB4848,#9B2424,#8B0000
INFO [2022-07-19 05:04:35] Quantiles of plotted data range: 3,3,3,3,3
INFO [2022-07-19 05:04:40] plot_cnv_references:Writing reference data to ./data/infercnv/inferCNV_out_new/Pool105_30//infercnv.17_HMM_predHMMi6.hmm_mode-samples.references.txt
INFO [2022-07-19 05:05:42] 

	STEP 20: Converting HMM-based CNV states to repr expr vals

INFO [2022-07-19 05:06:01] ::plot_cnv:Start
INFO [2022-07-19 05:06:01] ::plot_cnv:Current data dimensions (r,c)=4825,16310 Total=78695750 Min=1 Max=1.
INFO [2022-07-19 05:06:02] ::plot_cnv:Depending on the size of the matrix this may take a moment.
INFO [2022-07-19 05:07:05] plot_cnv_observation:Start
INFO [2022-07-19 05:07:05] Observation data size: Cells= 1899 Genes= 4825
INFO [2022-07-19 05:07:05] plot_cnv_observation:Writing observation groupings/color.
INFO [2022-07-19 05:07:05] plot_cnv_observation:Done writing observation groupings/color.
INFO [2022-07-19 05:07:05] plot_cnv_observation:Writing observation heatmap thresholds.
INFO [2022-07-19 05:07:05] plot_cnv_observation:Done writing observation heatmap thresholds.
INFO [2022-07-19 05:07:07] Colors for breaks:  #00008B,#24249B,#4848AB,#6D6DBC,#9191CC,#B6B6DD,#DADAEE,#FFFFFF,#EEDADA,#DDB6B6,#CC9191,#BC6D6D,#AB4848,#9B2424,#8B0000
INFO [2022-07-19 05:07:07] Quantiles of plotted data range: 1,1,1,1,1
INFO [2022-07-19 05:07:08] plot_cnv_observations:Writing observation data to ./data/infercnv/inferCNV_out_new/Pool105_30//infercnv.20_HMM_predHMMi6.hmm_mode-samples.Pnorm_0.5.repr_intensities.observations.txt
INFO [2022-07-19 05:07:16] plot_cnv_references:Start
INFO [2022-07-19 05:07:16] Reference data size: Cells= 14411 Genes= 4825
INFO [2022-07-19 08:21:21] plot_cnv_references:Number reference groups= 1
INFO [2022-07-19 08:21:22] plot_cnv_references:Plotting heatmap.
INFO [2022-07-19 08:21:37] Colors for breaks:  #00008B,#24249B,#4848AB,#6D6DBC,#9191CC,#B6B6DD,#DADAEE,#FFFFFF,#EEDADA,#DDB6B6,#CC9191,#BC6D6D,#AB4848,#9B2424,#8B0000
INFO [2022-07-19 08:21:37] Quantiles of plotted data range: 1,1,1,1,1
INFO [2022-07-19 08:21:42] plot_cnv_references:Writing reference data to ./data/infercnv/inferCNV_out_new/Pool105_30//infercnv.20_HMM_predHMMi6.hmm_mode-samples.Pnorm_0.5.repr_intensities.references.txt
INFO [2022-07-19 08:22:39] 

	STEP 22: Denoising

INFO [2022-07-19 08:22:39] ::process_data:Remove noise, noise threshold defined via ref mean sd_amplifier:  1.5
INFO [2022-07-19 08:22:39] denoising using mean(normal) +- sd_amplifier * sd(normal) per gene per cell across all data
INFO [2022-07-19 08:22:41] :: **** clear_noise_via_ref_quantiles **** : removing noise between bounds:  0.939530733230208 - 1.06218190645924
INFO [2022-07-19 08:23:20] 

## Making the final infercnv heatmap ##
INFO [2022-07-19 08:23:20] ::plot_cnv:Start
INFO [2022-07-19 08:23:20] ::plot_cnv:Current data dimensions (r,c)=4825,16310 Total=78909243.4774399 Min=0.639557211650638 Max=1.48108077238328.
INFO [2022-07-19 08:23:21] ::plot_cnv:Depending on the size of the matrix this may take a moment.
INFO [2022-07-19 08:24:34] plot_cnv(): auto thresholding at: (0.887585 , 1.112415)
INFO [2022-07-19 08:24:36] plot_cnv_observation:Start
INFO [2022-07-19 08:24:36] Observation data size: Cells= 1899 Genes= 4825
INFO [2022-07-19 08:24:36] plot_cnv_observation:Writing observation groupings/color.
INFO [2022-07-19 08:24:36] plot_cnv_observation:Done writing observation groupings/color.
INFO [2022-07-19 08:24:36] plot_cnv_observation:Writing observation heatmap thresholds.
INFO [2022-07-19 08:24:36] plot_cnv_observation:Done writing observation heatmap thresholds.
INFO [2022-07-19 08:24:38] Colors for breaks:  #00008B,#24249B,#4848AB,#6D6DBC,#9191CC,#B6B6DD,#DADAEE,#FFFFFF,#EEDADA,#DDB6B6,#CC9191,#BC6D6D,#AB4848,#9B2424,#8B0000
INFO [2022-07-19 08:24:38] Quantiles of plotted data range: 0.887585490701476,1.00085631984472,1.00085631984472,1.00085631984472,1.11241450929852
INFO [2022-07-19 08:24:40] plot_cnv_observations:Writing observation data to ./data/infercnv/inferCNV_out_new/Pool105_30//infercnv.observations.txt
INFO [2022-07-19 08:24:48] plot_cnv_references:Start
INFO [2022-07-19 08:24:48] Reference data size: Cells= 14411 Genes= 4825
INFO [2022-07-19 10:33:13] plot_cnv_references:Number reference groups= 1
INFO [2022-07-19 10:33:14] plot_cnv_references:Plotting heatmap.
INFO [2022-07-19 10:33:30] Colors for breaks:  #00008B,#24249B,#4848AB,#6D6DBC,#9191CC,#B6B6DD,#DADAEE,#FFFFFF,#EEDADA,#DDB6B6,#CC9191,#BC6D6D,#AB4848,#9B2424,#8B0000
INFO [2022-07-19 10:33:30] Quantiles of plotted data range: 0.887585490701476,1.00085631984472,1.00085631984472,1.00085631984472,1.11241450929852
INFO [2022-07-19 10:33:38] plot_cnv_references:Writing reference data to ./data/infercnv/inferCNV_out_new/Pool105_30//infercnv.references.txt
