[1] "/liulab/galib/mouse_scRNAseq_margaret/data/infercnv/inferCNV_out_new/14mos"
Warning message:
package ‘rBCS’ was built under R version 4.1.3 
── Attaching packages ─────────────────────────────────────── tidyverse 1.3.1 ──
✔ ggplot2 3.3.6     ✔ purrr   0.3.4
✔ tibble  3.1.7     ✔ dplyr   1.0.9
✔ tidyr   1.2.0     ✔ stringr 1.4.0
✔ readr   2.1.2     ✔ forcats 0.5.1
── Conflicts ────────────────────────────────────────── tidyverse_conflicts() ──
✖ dplyr::filter() masks stats::filter()
✖ dplyr::lag()    masks stats::lag()
Warning messages:
1: package ‘tidyverse’ was built under R version 4.1.3 
2: package ‘ggplot2’ was built under R version 4.1.3 
3: package ‘tibble’ was built under R version 4.1.3 
4: package ‘tidyr’ was built under R version 4.1.2 
5: package ‘readr’ was built under R version 4.1.2 
6: package ‘dplyr’ was built under R version 4.1.3 
7: package ‘forcats’ was built under R version 4.1.3 
Attaching SeuratObject
Attaching sp
Warning message:
package ‘Seurat’ was built under R version 4.1.3 
here() starts at /liulab/galib/mouse_scRNAseq_margaret
Loading required package: usethis
Warning message:
package ‘ggpubr’ was built under R version 4.1.3 
Warning message:
package ‘infercnv’ was built under R version 4.1.3 
[1]  32285 176583
Rows: 55228 Columns: 4
── Column specification ────────────────────────────────────────────────────────
Delimiter: "\t"
chr (2): X1, X2
dbl (2): X3, X4

ℹ Use `spec()` to retrieve the full column specification for this data.
ℹ Specify the column types or set `show_col_types = FALSE` to quiet this message.
[1] 12
INFO [2022-07-16 16:53:52] Parsing gene order file: ./data/infercnv/gene_order_file.txt
INFO [2022-07-16 16:53:52] ::order_reduce:Start.
INFO [2022-07-16 16:54:00] .order_reduce(): expr and order match.
INFO [2022-07-16 16:54:37] ::process_data:order_reduce:Reduction from positional data, new dimensions (r,c) = 32285,176583 Total=901670571 Min=0 Max=21505.
INFO [2022-07-16 16:54:39] num genes removed taking into account provided gene ordering list: 1949 = 6.03685922254917% removed.
INFO [2022-07-16 16:54:40] -filtering out cells < 100 or > Inf, removing 0 % of cells
INFO [2022-07-16 16:54:49] validating infercnv_obj
INFO [2022-07-16 16:54:49] ::process_data:Start
INFO [2022-07-16 16:54:49] Creating output path ./data/infercnv/inferCNV_out_new/Pool105_50/
INFO [2022-07-16 16:54:49] Checking for saved results.
INFO [2022-07-16 16:54:49] 

	STEP 1: incoming data

INFO [2022-07-16 16:55:15] 

	STEP 02: Removing lowly expressed genes

INFO [2022-07-16 16:55:15] ::above_min_mean_expr_cutoff:Start
INFO [2022-07-16 16:55:15] Removing 25519 genes from matrix as below mean expr threshold: 0.1
INFO [2022-07-16 16:55:16] validating infercnv_obj
INFO [2022-07-16 16:55:16] There are 4817 genes and 18395 cells remaining in the expr matrix.
INFO [2022-07-16 16:55:20] no genes removed due to min cells/gene filter
INFO [2022-07-16 16:55:45] 

	STEP 03: normalization by sequencing depth

INFO [2022-07-16 16:55:45] normalizing counts matrix by depth
INFO [2022-07-16 16:55:50] Computed total sum normalization factor as median libsize: 3165.000000
INFO [2022-07-16 16:55:50] Adding h-spike
INFO [2022-07-16 16:55:50] -hspike modeling of WT
INFO [2022-07-16 16:56:41] validating infercnv_obj
INFO [2022-07-16 16:56:41] normalizing counts matrix by depth
INFO [2022-07-16 16:56:41] Using specified normalization factor: 3165.000000
INFO [2022-07-16 16:57:06] 

	STEP 04: log transformation of data

INFO [2022-07-16 16:57:06] transforming log2xplus1()
INFO [2022-07-16 16:57:09] -mirroring for hspike
INFO [2022-07-16 16:57:09] transforming log2xplus1()
INFO [2022-07-16 16:57:35] 

	STEP 08: removing average of reference data (before smoothing)

INFO [2022-07-16 16:57:35] ::subtract_ref_expr_from_obs:Start inv_log=FALSE, use_bounds=TRUE
INFO [2022-07-16 16:57:35] subtracting mean(normal) per gene per cell across all data
INFO [2022-07-16 16:57:40] -subtracting expr per gene, use_bounds=TRUE
INFO [2022-07-16 17:26:22] -mirroring for hspike
INFO [2022-07-16 17:26:22] ::subtract_ref_expr_from_obs:Start inv_log=FALSE, use_bounds=TRUE
INFO [2022-07-16 17:26:22] subtracting mean(normal) per gene per cell across all data
INFO [2022-07-16 17:26:23] -subtracting expr per gene, use_bounds=TRUE
INFO [2022-07-16 17:27:05] 

	STEP 09: apply max centered expression threshold: 3

INFO [2022-07-16 17:27:05] ::process_data:setting max centered expr, threshold set to: +/-:  3
INFO [2022-07-16 17:27:07] -mirroring for hspike
INFO [2022-07-16 17:27:07] ::process_data:setting max centered expr, threshold set to: +/-:  3
INFO [2022-07-16 17:27:49] 

	STEP 10: Smoothing data per cell by chromosome

INFO [2022-07-16 17:27:49] smooth_by_chromosome: chr: chr1
INFO [2022-07-16 17:28:03] smooth_by_chromosome: chr: chr10
INFO [2022-07-16 17:28:17] smooth_by_chromosome: chr: chr11
INFO [2022-07-16 17:28:32] smooth_by_chromosome: chr: chr12
INFO [2022-07-16 17:28:46] smooth_by_chromosome: chr: chr13
INFO [2022-07-16 17:28:59] smooth_by_chromosome: chr: chr14
INFO [2022-07-16 17:29:12] smooth_by_chromosome: chr: chr15
INFO [2022-07-16 17:29:25] smooth_by_chromosome: chr: chr16
INFO [2022-07-16 17:29:37] smooth_by_chromosome: chr: chr17
INFO [2022-07-16 17:29:52] smooth_by_chromosome: chr: chr18
INFO [2022-07-16 17:30:04] smooth_by_chromosome: chr: chr19
INFO [2022-07-16 17:30:18] smooth_by_chromosome: chr: chr2
INFO [2022-07-16 17:30:33] smooth_by_chromosome: chr: chr3
INFO [2022-07-16 17:30:48] smooth_by_chromosome: chr: chr4
INFO [2022-07-16 17:31:03] smooth_by_chromosome: chr: chr5
INFO [2022-07-16 17:31:17] smooth_by_chromosome: chr: chr6
INFO [2022-07-16 17:31:32] smooth_by_chromosome: chr: chr7
INFO [2022-07-16 17:31:47] smooth_by_chromosome: chr: chr8
INFO [2022-07-16 17:32:01] smooth_by_chromosome: chr: chr9
INFO [2022-07-16 17:32:15] -mirroring for hspike
INFO [2022-07-16 17:32:15] smooth_by_chromosome: chr: chrA
INFO [2022-07-16 17:32:15] smooth_by_chromosome: chr: chr_0
INFO [2022-07-16 17:32:15] smooth_by_chromosome: chr: chr_B
INFO [2022-07-16 17:32:15] smooth_by_chromosome: chr: chr_0pt5
INFO [2022-07-16 17:32:16] smooth_by_chromosome: chr: chr_C
INFO [2022-07-16 17:32:16] smooth_by_chromosome: chr: chr_1pt5
INFO [2022-07-16 17:32:16] smooth_by_chromosome: chr: chr_D
INFO [2022-07-16 17:32:16] smooth_by_chromosome: chr: chr_2pt0
INFO [2022-07-16 17:32:16] smooth_by_chromosome: chr: chr_E
INFO [2022-07-16 17:32:16] smooth_by_chromosome: chr: chr_3pt0
INFO [2022-07-16 17:32:17] smooth_by_chromosome: chr: chr_F
INFO [2022-07-16 17:33:00] 

	STEP 11: re-centering data across chromosome after smoothing

INFO [2022-07-16 17:33:00] ::center_smooth across chromosomes per cell
INFO [2022-07-16 17:33:13] -mirroring for hspike
INFO [2022-07-16 17:33:13] ::center_smooth across chromosomes per cell
INFO [2022-07-16 17:33:57] 

	STEP 12: removing average of reference data (after smoothing)

INFO [2022-07-16 17:33:57] ::subtract_ref_expr_from_obs:Start inv_log=FALSE, use_bounds=TRUE
INFO [2022-07-16 17:33:57] subtracting mean(normal) per gene per cell across all data
INFO [2022-07-16 17:34:02] -subtracting expr per gene, use_bounds=TRUE
INFO [2022-07-16 17:34:08] -mirroring for hspike
INFO [2022-07-16 17:34:08] ::subtract_ref_expr_from_obs:Start inv_log=FALSE, use_bounds=TRUE
INFO [2022-07-16 17:34:08] subtracting mean(normal) per gene per cell across all data
INFO [2022-07-16 17:34:09] -subtracting expr per gene, use_bounds=TRUE
INFO [2022-07-16 17:34:52] 

	STEP 14: invert log2(FC) to FC

INFO [2022-07-16 17:34:52] invert_log2(), computing 2^x
INFO [2022-07-16 17:34:57] -mirroring for hspike
INFO [2022-07-16 17:34:57] invert_log2(), computing 2^x
INFO [2022-07-16 17:35:57] 

	STEP 15: Clustering samples (not defining tumor subclusters)

INFO [2022-07-16 17:35:57] define_signif_tumor_subclusters(p_val=0.1
INFO [2022-07-16 17:35:57] define_signif_tumor_subclusters(), tumor: CD70-/-;Bcl6tg/+
INFO [2022-07-16 17:38:53] cut tree into: 1 groups
INFO [2022-07-16 17:38:53] -processing CD70-/-;Bcl6tg/+,CD70-/-;Bcl6tg/+_s1
INFO [2022-07-16 17:38:53] define_signif_tumor_subclusters(), tumor: WT
INFO [2022-07-16 21:58:18] cut tree into: 1 groups
INFO [2022-07-16 21:58:18] -processing WT,WT_s1
INFO [2022-07-16 21:58:18] -mirroring for hspike
INFO [2022-07-16 21:58:18] define_signif_tumor_subclusters(p_val=0.1
INFO [2022-07-16 21:58:18] define_signif_tumor_subclusters(), tumor: spike_tumor_cell_WT
INFO [2022-07-16 21:58:18] cut tree into: 1 groups
INFO [2022-07-16 21:58:18] -processing spike_tumor_cell_WT,spike_tumor_cell_WT_s1
INFO [2022-07-16 21:58:18] define_signif_tumor_subclusters(), tumor: simnorm_cell_WT
INFO [2022-07-16 21:58:18] cut tree into: 1 groups
INFO [2022-07-16 21:58:18] -processing simnorm_cell_WT,simnorm_cell_WT_s1
INFO [2022-07-16 22:00:17] ::plot_cnv:Start
INFO [2022-07-16 22:00:17] ::plot_cnv:Current data dimensions (r,c)=4817,18395 Total=88697574.0916348 Min=0.659762189063915 Max=1.5261681509366.
INFO [2022-07-16 22:00:18] ::plot_cnv:Depending on the size of the matrix this may take a moment.
INFO [2022-07-16 22:01:47] plot_cnv(): auto thresholding at: (0.886740 , 1.115266)
INFO [2022-07-16 22:01:49] plot_cnv_observation:Start
INFO [2022-07-16 22:01:49] Observation data size: Cells= 2261 Genes= 4817
INFO [2022-07-16 22:01:50] plot_cnv_observation:Writing observation groupings/color.
INFO [2022-07-16 22:01:50] plot_cnv_observation:Done writing observation groupings/color.
INFO [2022-07-16 22:01:50] plot_cnv_observation:Writing observation heatmap thresholds.
INFO [2022-07-16 22:01:50] plot_cnv_observation:Done writing observation heatmap thresholds.
INFO [2022-07-16 22:01:52] Colors for breaks:  #00008B,#24249B,#4848AB,#6D6DBC,#9191CC,#B6B6DD,#DADAEE,#FFFFFF,#EEDADA,#DDB6B6,#CC9191,#BC6D6D,#AB4848,#9B2424,#8B0000
INFO [2022-07-16 22:01:52] Quantiles of plotted data range: 0.886739849382478,0.973891850995707,0.998816275211842,1.02585483566758,1.11526580190441
INFO [2022-07-16 22:01:55] plot_cnv_observations:Writing observation data to ./data/infercnv/inferCNV_out_new/Pool105_50//infercnv.preliminary.observations.txt
INFO [2022-07-16 22:02:06] plot_cnv_references:Start
INFO [2022-07-16 22:02:06] Reference data size: Cells= 16134 Genes= 4817
INFO [2022-07-17 02:29:49] plot_cnv_references:Number reference groups= 1
INFO [2022-07-17 02:29:50] plot_cnv_references:Plotting heatmap.
INFO [2022-07-17 02:30:10] Colors for breaks:  #00008B,#24249B,#4848AB,#6D6DBC,#9191CC,#B6B6DD,#DADAEE,#FFFFFF,#EEDADA,#DDB6B6,#CC9191,#BC6D6D,#AB4848,#9B2424,#8B0000
INFO [2022-07-17 02:30:10] Quantiles of plotted data range: 0.886739849382478,0.97298088495241,0.998828862335918,1.02644052619363,1.11526580190441
INFO [2022-07-17 02:30:20] plot_cnv_references:Writing reference data to ./data/infercnv/inferCNV_out_new/Pool105_50//infercnv.preliminary.references.txt
INFO [2022-07-17 02:31:38] 

	STEP 17: HMM-based CNV prediction

INFO [2022-07-17 02:31:38] predict_CNV_via_HMM_on_whole_tumor_samples
INFO [2022-07-17 02:31:41] -done predicting CNV based on initial tumor subclusters
INFO [2022-07-17 02:31:41] get_predicted_CNV_regions(subcluster)
INFO [2022-07-17 02:31:41] -processing cell_group_name: CD70-/-;Bcl6tg/+.CD70-/-;Bcl6tg/+_s1, size: 2261
INFO [2022-07-17 02:31:51] -processing cell_group_name: WT.WT_s1, size: 16134
INFO [2022-07-17 02:32:45] -writing cell clusters file: ./data/infercnv/inferCNV_out_new/Pool105_50//17_HMM_predHMMi6.hmm_mode-samples.cell_groupings
INFO [2022-07-17 02:32:45] -writing cnv regions file: ./data/infercnv/inferCNV_out_new/Pool105_50//17_HMM_predHMMi6.hmm_mode-samples.pred_cnv_regions.dat
INFO [2022-07-17 02:32:45] -writing per-gene cnv report: ./data/infercnv/inferCNV_out_new/Pool105_50//17_HMM_predHMMi6.hmm_mode-samples.pred_cnv_genes.dat
INFO [2022-07-17 02:32:45] -writing gene ordering info: ./data/infercnv/inferCNV_out_new/Pool105_50//17_HMM_predHMMi6.hmm_mode-samples.genes_used.dat
INFO [2022-07-17 02:33:04] ::plot_cnv:Start
INFO [2022-07-17 02:33:04] ::plot_cnv:Current data dimensions (r,c)=4817,18395 Total=266260257 Min=3 Max=4.
INFO [2022-07-17 02:33:05] ::plot_cnv:Depending on the size of the matrix this may take a moment.
INFO [2022-07-17 02:34:18] plot_cnv_observation:Start
INFO [2022-07-17 02:34:18] Observation data size: Cells= 2261 Genes= 4817
INFO [2022-07-17 02:34:18] plot_cnv_observation:Writing observation groupings/color.
INFO [2022-07-17 02:34:18] plot_cnv_observation:Done writing observation groupings/color.
INFO [2022-07-17 02:34:18] plot_cnv_observation:Writing observation heatmap thresholds.
INFO [2022-07-17 02:34:18] plot_cnv_observation:Done writing observation heatmap thresholds.
INFO [2022-07-17 02:34:20] Colors for breaks:  #00008B,#24249B,#4848AB,#6D6DBC,#9191CC,#B6B6DD,#DADAEE,#FFFFFF,#EEDADA,#DDB6B6,#CC9191,#BC6D6D,#AB4848,#9B2424,#8B0000
INFO [2022-07-17 02:34:20] Quantiles of plotted data range: 3,3,3,3,4
INFO [2022-07-17 02:34:22] plot_cnv_observations:Writing observation data to ./data/infercnv/inferCNV_out_new/Pool105_50//infercnv.17_HMM_predHMMi6.hmm_mode-samples.observations.txt
INFO [2022-07-17 02:34:31] plot_cnv_references:Start
INFO [2022-07-17 02:34:31] Reference data size: Cells= 16134 Genes= 4817
INFO [2022-07-17 06:54:55] plot_cnv_references:Number reference groups= 1
INFO [2022-07-17 06:54:56] plot_cnv_references:Plotting heatmap.
INFO [2022-07-17 06:55:17] Colors for breaks:  #00008B,#24249B,#4848AB,#6D6DBC,#9191CC,#B6B6DD,#DADAEE,#FFFFFF,#EEDADA,#DDB6B6,#CC9191,#BC6D6D,#AB4848,#9B2424,#8B0000
INFO [2022-07-17 06:55:17] Quantiles of plotted data range: 3,3,3,3,3
INFO [2022-07-17 06:55:25] plot_cnv_references:Writing reference data to ./data/infercnv/inferCNV_out_new/Pool105_50//infercnv.17_HMM_predHMMi6.hmm_mode-samples.references.txt
INFO [2022-07-17 06:56:34] 

	STEP 18: Run Bayesian Network Model on HMM predicted CNVs

INFO [2022-07-17 06:56:35] Creating the following Directory:  ./data/infercnv/inferCNV_out_new/Pool105_50//BayesNetOutput.HMMi6.hmm_mode-samples
INFO [2022-07-17 06:56:35] Initializing new MCM InferCNV Object.
INFO [2022-07-17 06:56:35] validating infercnv_obj
INFO [2022-07-17 06:56:35] Total CNV's:  2
INFO [2022-07-17 06:56:35] Loading BUGS Model.
INFO [2022-07-17 06:56:35] Running Sampling Using Parallel with  64 Cores
INFO [2022-07-17 07:09:14] Obtaining probabilities post-sampling
INFO [2022-07-17 07:09:33] Gibbs sampling time:  12.9636440555255  Minutes
INFO [2022-07-17 07:10:34] ::plot_cnv:Start
INFO [2022-07-17 07:10:34] ::plot_cnv:Current data dimensions (r,c)=4817,18395 Total=268615.082028701 Min=0 Max=0.638590270713106.
INFO [2022-07-17 07:10:35] ::plot_cnv:Depending on the size of the matrix this may take a moment.
INFO [2022-07-17 07:10:37] plot_cnv_observation:Start
INFO [2022-07-17 07:10:37] Observation data size: Cells= 2261 Genes= 4817
INFO [2022-07-17 07:10:37] plot_cnv_observation:Writing observation groupings/color.
INFO [2022-07-17 07:10:38] plot_cnv_observation:Done writing observation groupings/color.
INFO [2022-07-17 07:10:38] plot_cnv_observation:Writing observation heatmap thresholds.
INFO [2022-07-17 07:10:38] plot_cnv_observation:Done writing observation heatmap thresholds.
INFO [2022-07-17 07:10:40] Colors for breaks:  #00008B,#24249B,#4848AB,#6D6DBC,#9191CC,#B6B6DD,#DADAEE,#FFFFFF,#EEDADA,#DDB6B6,#CC9191,#BC6D6D,#AB4848,#9B2424,#8B0000
INFO [2022-07-17 07:10:40] Quantiles of plotted data range: 0,0,0,0,0.638590270713106
INFO [2022-07-17 07:10:42] plot_cnv_observations:Writing observation data to ./data/infercnv/inferCNV_out_new/Pool105_50//BayesNetOutput.HMMi6.hmm_mode-samples/infercnv.NormalProbabilities.PreFiltering.observations.txt
INFO [2022-07-17 07:10:50] plot_cnv_references:Start
INFO [2022-07-17 07:10:50] Reference data size: Cells= 16134 Genes= 4817
INFO [2022-07-17 11:36:01] plot_cnv_references:Number reference groups= 1
INFO [2022-07-17 11:36:02] plot_cnv_references:Plotting heatmap.
INFO [2022-07-17 11:36:21] Colors for breaks:  #00008B,#24249B,#4848AB,#6D6DBC,#9191CC,#B6B6DD,#DADAEE,#FFFFFF,#EEDADA,#DDB6B6,#CC9191,#BC6D6D,#AB4848,#9B2424,#8B0000
INFO [2022-07-17 11:36:21] Quantiles of plotted data range: 0,0,0,0,0
INFO [2022-07-17 11:36:28] plot_cnv_references:Writing reference data to ./data/infercnv/inferCNV_out_new/Pool105_50//BayesNetOutput.HMMi6.hmm_mode-samples/infercnv.NormalProbabilities.PreFiltering.references.txt
INFO [2022-07-17 11:38:25] 

	STEP 19: Filter HMM predicted CNVs based on the Bayesian Network Model results and BayesMaxPNormal

INFO [2022-07-17 11:38:25] Attempting to removing CNV(s) with a probability of being normal above  0.5
INFO [2022-07-17 11:38:25] Removing  0  CNV(s) identified by the HMM.
INFO [2022-07-17 11:38:25] Reassigning CNVs based on state probabilities.
INFO [2022-07-17 11:38:25] Creating Plots for CNV and cell Probabilities.
INFO [2022-07-17 11:38:30] ::plot_cnv:Start
INFO [2022-07-17 11:38:30] ::plot_cnv:Current data dimensions (r,c)=4817,18395 Total=268615.082028701 Min=0 Max=0.638590270713106.
INFO [2022-07-17 11:38:31] ::plot_cnv:Depending on the size of the matrix this may take a moment.
INFO [2022-07-17 11:38:33] plot_cnv_observation:Start
INFO [2022-07-17 11:38:33] Observation data size: Cells= 2261 Genes= 4817
INFO [2022-07-17 11:38:34] plot_cnv_observation:Writing observation groupings/color.
INFO [2022-07-17 11:38:34] plot_cnv_observation:Done writing observation groupings/color.
INFO [2022-07-17 11:38:34] plot_cnv_observation:Writing observation heatmap thresholds.
INFO [2022-07-17 11:38:34] plot_cnv_observation:Done writing observation heatmap thresholds.
INFO [2022-07-17 11:38:36] Colors for breaks:  #00008B,#24249B,#4848AB,#6D6DBC,#9191CC,#B6B6DD,#DADAEE,#FFFFFF,#EEDADA,#DDB6B6,#CC9191,#BC6D6D,#AB4848,#9B2424,#8B0000
INFO [2022-07-17 11:38:36] Quantiles of plotted data range: 0,0,0,0,0.638590270713106
INFO [2022-07-17 11:38:38] plot_cnv_observations:Writing observation data to ./data/infercnv/inferCNV_out_new/Pool105_50//BayesNetOutput.HMMi6.hmm_mode-samples/infercnv.NormalProbabilities.PostFiltering.observations.txt
INFO [2022-07-17 11:38:45] plot_cnv_references:Start
INFO [2022-07-17 11:38:45] Reference data size: Cells= 16134 Genes= 4817
INFO [2022-07-17 16:08:45] plot_cnv_references:Number reference groups= 1
INFO [2022-07-17 16:08:46] plot_cnv_references:Plotting heatmap.
INFO [2022-07-17 16:09:07] Colors for breaks:  #00008B,#24249B,#4848AB,#6D6DBC,#9191CC,#B6B6DD,#DADAEE,#FFFFFF,#EEDADA,#DDB6B6,#CC9191,#BC6D6D,#AB4848,#9B2424,#8B0000
INFO [2022-07-17 16:09:07] Quantiles of plotted data range: 0,0,0,0,0
INFO [2022-07-17 16:09:14] plot_cnv_references:Writing reference data to ./data/infercnv/inferCNV_out_new/Pool105_50//BayesNetOutput.HMMi6.hmm_mode-samples/infercnv.NormalProbabilities.PostFiltering.references.txt
INFO [2022-07-17 16:10:26] ::plot_cnv:Start
INFO [2022-07-17 16:10:26] ::plot_cnv:Current data dimensions (r,c)=4817,18395 Total=266260257 Min=3 Max=4.
INFO [2022-07-17 16:10:27] ::plot_cnv:Depending on the size of the matrix this may take a moment.
INFO [2022-07-17 16:11:40] plot_cnv_observation:Start
INFO [2022-07-17 16:11:40] Observation data size: Cells= 2261 Genes= 4817
INFO [2022-07-17 16:11:40] plot_cnv_observation:Writing observation groupings/color.
INFO [2022-07-17 16:11:40] plot_cnv_observation:Done writing observation groupings/color.
INFO [2022-07-17 16:11:40] plot_cnv_observation:Writing observation heatmap thresholds.
INFO [2022-07-17 16:11:40] plot_cnv_observation:Done writing observation heatmap thresholds.
INFO [2022-07-17 16:11:42] Colors for breaks:  #00008B,#24249B,#4848AB,#6D6DBC,#9191CC,#B6B6DD,#DADAEE,#FFFFFF,#EEDADA,#DDB6B6,#CC9191,#BC6D6D,#AB4848,#9B2424,#8B0000
INFO [2022-07-17 16:11:42] Quantiles of plotted data range: 3,3,3,3,4
INFO [2022-07-17 16:11:44] plot_cnv_observations:Writing observation data to ./data/infercnv/inferCNV_out_new/Pool105_50//infercnv.19_HMM_pred.Bayes_Net.Pnorm_0.5.observations.txt
INFO [2022-07-17 16:11:53] plot_cnv_references:Start
INFO [2022-07-17 16:11:53] Reference data size: Cells= 16134 Genes= 4817
INFO [2022-07-17 20:34:17] plot_cnv_references:Number reference groups= 1
INFO [2022-07-17 20:34:18] plot_cnv_references:Plotting heatmap.
INFO [2022-07-17 20:34:39] Colors for breaks:  #00008B,#24249B,#4848AB,#6D6DBC,#9191CC,#B6B6DD,#DADAEE,#FFFFFF,#EEDADA,#DDB6B6,#CC9191,#BC6D6D,#AB4848,#9B2424,#8B0000
INFO [2022-07-17 20:34:39] Quantiles of plotted data range: 3,3,3,3,3
INFO [2022-07-17 20:34:47] plot_cnv_references:Writing reference data to ./data/infercnv/inferCNV_out_new/Pool105_50//infercnv.19_HMM_pred.Bayes_Net.Pnorm_0.5.references.txt
INFO [2022-07-17 20:35:52] 

	STEP 20: Converting HMM-based CNV states to repr expr vals

INFO [2022-07-17 20:36:17] ::plot_cnv:Start
INFO [2022-07-17 20:36:17] ::plot_cnv:Current data dimensions (r,c)=4817,18395 Total=88825771 Min=1 Max=1.5.
INFO [2022-07-17 20:36:18] ::plot_cnv:Depending on the size of the matrix this may take a moment.
INFO [2022-07-17 20:37:30] plot_cnv_observation:Start
INFO [2022-07-17 20:37:30] Observation data size: Cells= 2261 Genes= 4817
INFO [2022-07-17 20:37:31] plot_cnv_observation:Writing observation groupings/color.
INFO [2022-07-17 20:37:31] plot_cnv_observation:Done writing observation groupings/color.
INFO [2022-07-17 20:37:31] plot_cnv_observation:Writing observation heatmap thresholds.
INFO [2022-07-17 20:37:31] plot_cnv_observation:Done writing observation heatmap thresholds.
INFO [2022-07-17 20:37:33] Colors for breaks:  #00008B,#24249B,#4848AB,#6D6DBC,#9191CC,#B6B6DD,#DADAEE,#FFFFFF,#EEDADA,#DDB6B6,#CC9191,#BC6D6D,#AB4848,#9B2424,#8B0000
INFO [2022-07-17 20:37:33] Quantiles of plotted data range: 1,1,1,1,1.5
INFO [2022-07-17 20:37:35] plot_cnv_observations:Writing observation data to ./data/infercnv/inferCNV_out_new/Pool105_50//infercnv.20_HMM_predHMMi6.hmm_mode-samples.Pnorm_0.5.repr_intensities.observations.txt
INFO [2022-07-17 20:37:44] plot_cnv_references:Start
INFO [2022-07-17 20:37:44] Reference data size: Cells= 16134 Genes= 4817
INFO [2022-07-18 01:02:05] plot_cnv_references:Number reference groups= 1
INFO [2022-07-18 01:02:06] plot_cnv_references:Plotting heatmap.
INFO [2022-07-18 01:02:26] Colors for breaks:  #00008B,#24249B,#4848AB,#6D6DBC,#9191CC,#B6B6DD,#DADAEE,#FFFFFF,#EEDADA,#DDB6B6,#CC9191,#BC6D6D,#AB4848,#9B2424,#8B0000
INFO [2022-07-18 01:02:26] Quantiles of plotted data range: 1,1,1,1,1
INFO [2022-07-18 01:02:34] plot_cnv_references:Writing reference data to ./data/infercnv/inferCNV_out_new/Pool105_50//infercnv.20_HMM_predHMMi6.hmm_mode-samples.Pnorm_0.5.repr_intensities.references.txt
INFO [2022-07-18 01:03:38] 

	STEP 22: Denoising

INFO [2022-07-18 01:03:38] ::process_data:Remove noise, noise threshold defined via ref mean sd_amplifier:  1.5
INFO [2022-07-18 01:03:38] denoising using mean(normal) +- sd_amplifier * sd(normal) per gene per cell across all data
INFO [2022-07-18 01:03:41] :: **** clear_noise_via_ref_quantiles **** : removing noise between bounds:  0.938663243206746 - 1.06310463796287
INFO [2022-07-18 01:04:25] 

## Making the final infercnv heatmap ##
INFO [2022-07-18 01:04:26] ::plot_cnv:Start
INFO [2022-07-18 01:04:26] ::plot_cnv:Current data dimensions (r,c)=4817,18395 Total=88855102.3959966 Min=0.659762189063915 Max=1.5261681509366.
INFO [2022-07-18 01:04:26] ::plot_cnv:Depending on the size of the matrix this may take a moment.
INFO [2022-07-18 01:05:51] plot_cnv(): auto thresholding at: (0.884734 , 1.115266)
INFO [2022-07-18 01:05:54] plot_cnv_observation:Start
INFO [2022-07-18 01:05:54] Observation data size: Cells= 2261 Genes= 4817
INFO [2022-07-18 01:05:54] plot_cnv_observation:Writing observation groupings/color.
INFO [2022-07-18 01:05:54] plot_cnv_observation:Done writing observation groupings/color.
INFO [2022-07-18 01:05:54] plot_cnv_observation:Writing observation heatmap thresholds.
INFO [2022-07-18 01:05:54] plot_cnv_observation:Done writing observation heatmap thresholds.
INFO [2022-07-18 01:05:57] Colors for breaks:  #00008B,#24249B,#4848AB,#6D6DBC,#9191CC,#B6B6DD,#DADAEE,#FFFFFF,#EEDADA,#DDB6B6,#CC9191,#BC6D6D,#AB4848,#9B2424,#8B0000
INFO [2022-07-18 01:05:57] Quantiles of plotted data range: 0.884734198095587,1.00088394058481,1.00088394058481,1.00088394058481,1.11526580190441
INFO [2022-07-18 01:05:59] plot_cnv_observations:Writing observation data to ./data/infercnv/inferCNV_out_new/Pool105_50//infercnv.observations.txt
INFO [2022-07-18 01:06:09] plot_cnv_references:Start
INFO [2022-07-18 01:06:09] Reference data size: Cells= 16134 Genes= 4817
INFO [2022-07-18 05:30:46] plot_cnv_references:Number reference groups= 1
INFO [2022-07-18 05:30:47] plot_cnv_references:Plotting heatmap.
INFO [2022-07-18 05:31:06] Colors for breaks:  #00008B,#24249B,#4848AB,#6D6DBC,#9191CC,#B6B6DD,#DADAEE,#FFFFFF,#EEDADA,#DDB6B6,#CC9191,#BC6D6D,#AB4848,#9B2424,#8B0000
INFO [2022-07-18 05:31:06] Quantiles of plotted data range: 0.884734198095587,1.00088394058481,1.00088394058481,1.00088394058481,1.11526580190441
INFO [2022-07-18 05:31:14] plot_cnv_references:Writing reference data to ./data/infercnv/inferCNV_out_new/Pool105_50//infercnv.references.txt
Warning messages:
1: In type.convert.default(X[[i]], ...) :
  'as.is' should be specified by the caller; using TRUE
2: In type.convert.default(X[[i]], ...) :
  'as.is' should be specified by the caller; using TRUE
