
CommandNotFoundError: Your shell has not been properly configured to use 'conda activate'.
To initialize your shell, run

    $ conda init <SHELL_NAME>

Currently supported shells are:
  - bash
  - fish
  - tcsh
  - xonsh
  - zsh
  - powershell

See 'conda init --help' for more information and options.

IMPORTANT: You may need to close and restart your shell after running 'conda init'.


[1] "/liulab/galib/mouse_scRNAseq_margaret/data/infercnv/inferCNV_out_new/14mos"
Warning message:
package ‘rBCS’ was built under R version 4.1.3 
── Attaching packages ─────────────────────────────────────── tidyverse 1.3.1 ──
✔ ggplot2 3.3.6     ✔ purrr   0.3.4
✔ tibble  3.1.7     ✔ dplyr   1.0.9
✔ tidyr   1.2.0     ✔ stringr 1.4.0
✔ readr   2.1.2     ✔ forcats 0.5.1
── Conflicts ────────────────────────────────────────── tidyverse_conflicts() ──
✖ dplyr::filter() masks stats::filter()
✖ dplyr::lag()    masks stats::lag()
Warning messages:
1: package ‘tidyverse’ was built under R version 4.1.3 
2: package ‘ggplot2’ was built under R version 4.1.3 
3: package ‘tibble’ was built under R version 4.1.3 
4: package ‘tidyr’ was built under R version 4.1.2 
5: package ‘readr’ was built under R version 4.1.2 
6: package ‘dplyr’ was built under R version 4.1.3 
7: package ‘forcats’ was built under R version 4.1.3 
Attaching SeuratObject
Attaching sp
Warning message:
package ‘Seurat’ was built under R version 4.1.3 
here() starts at /liulab/galib/mouse_scRNAseq_margaret
Loading required package: usethis
Warning message:
package ‘ggpubr’ was built under R version 4.1.3 
Warning message:
package ‘infercnv’ was built under R version 4.1.3 
[1]  32285 176583
Rows: 55228 Columns: 4
── Column specification ────────────────────────────────────────────────────────
Delimiter: "\t"
chr (2): X1, X2
dbl (2): X3, X4

ℹ Use `spec()` to retrieve the full column specification for this data.
ℹ Specify the column types or set `show_col_types = FALSE` to quiet this message.
[1] 12
INFO [2022-07-16 16:00:28] Parsing gene order file: ./data/infercnv/gene_order_file.txt
INFO [2022-07-16 16:00:28] ::order_reduce:Start.
INFO [2022-07-16 16:00:35] .order_reduce(): expr and order match.
INFO [2022-07-16 16:01:13] ::process_data:order_reduce:Reduction from positional data, new dimensions (r,c) = 32285,176583 Total=901670571 Min=0 Max=21505.
INFO [2022-07-16 16:01:16] num genes removed taking into account provided gene ordering list: 1949 = 6.03685922254917% removed.
INFO [2022-07-16 16:01:18] -filtering out cells < 100 or > Inf, removing 0 % of cells
INFO [2022-07-16 16:01:27] validating infercnv_obj
INFO [2022-07-16 16:01:27] ::process_data:Start
INFO [2022-07-16 16:01:27] Creating output path ./data/infercnv/inferCNV_out_new/Pool105_56/
INFO [2022-07-16 16:01:27] Checking for saved results.
INFO [2022-07-16 16:01:27] 

	STEP 1: incoming data

INFO [2022-07-16 16:01:55] 

	STEP 02: Removing lowly expressed genes

INFO [2022-07-16 16:01:55] ::above_min_mean_expr_cutoff:Start
INFO [2022-07-16 16:01:56] Removing 25335 genes from matrix as below mean expr threshold: 0.1
INFO [2022-07-16 16:01:57] validating infercnv_obj
INFO [2022-07-16 16:01:57] There are 5001 genes and 18103 cells remaining in the expr matrix.
INFO [2022-07-16 16:02:02] no genes removed due to min cells/gene filter
INFO [2022-07-16 16:02:28] 

	STEP 03: normalization by sequencing depth

INFO [2022-07-16 16:02:28] normalizing counts matrix by depth
INFO [2022-07-16 16:02:37] Computed total sum normalization factor as median libsize: 3203.000000
INFO [2022-07-16 16:02:37] Adding h-spike
INFO [2022-07-16 16:02:37] -hspike modeling of WT
INFO [2022-07-16 16:03:36] validating infercnv_obj
INFO [2022-07-16 16:03:36] normalizing counts matrix by depth
INFO [2022-07-16 16:03:36] Using specified normalization factor: 3203.000000
INFO [2022-07-16 16:04:01] 

	STEP 04: log transformation of data

INFO [2022-07-16 16:04:01] transforming log2xplus1()
INFO [2022-07-16 16:04:05] -mirroring for hspike
INFO [2022-07-16 16:04:05] transforming log2xplus1()
INFO [2022-07-16 16:04:32] 

	STEP 08: removing average of reference data (before smoothing)

INFO [2022-07-16 16:04:32] ::subtract_ref_expr_from_obs:Start inv_log=FALSE, use_bounds=TRUE
INFO [2022-07-16 16:04:32] subtracting mean(normal) per gene per cell across all data
INFO [2022-07-16 16:04:38] -subtracting expr per gene, use_bounds=TRUE
INFO [2022-07-16 16:46:17] -mirroring for hspike
INFO [2022-07-16 16:46:17] ::subtract_ref_expr_from_obs:Start inv_log=FALSE, use_bounds=TRUE
INFO [2022-07-16 16:46:17] subtracting mean(normal) per gene per cell across all data
INFO [2022-07-16 16:46:19] -subtracting expr per gene, use_bounds=TRUE
INFO [2022-07-16 16:47:03] 

	STEP 09: apply max centered expression threshold: 3

INFO [2022-07-16 16:47:03] ::process_data:setting max centered expr, threshold set to: +/-:  3
INFO [2022-07-16 16:47:05] -mirroring for hspike
INFO [2022-07-16 16:47:05] ::process_data:setting max centered expr, threshold set to: +/-:  3
INFO [2022-07-16 16:47:48] 

	STEP 10: Smoothing data per cell by chromosome

INFO [2022-07-16 16:47:48] smooth_by_chromosome: chr: chr1
INFO [2022-07-16 16:48:02] smooth_by_chromosome: chr: chr10
INFO [2022-07-16 16:48:16] smooth_by_chromosome: chr: chr11
INFO [2022-07-16 16:48:32] smooth_by_chromosome: chr: chr12
INFO [2022-07-16 16:48:45] smooth_by_chromosome: chr: chr13
INFO [2022-07-16 16:48:58] smooth_by_chromosome: chr: chr14
INFO [2022-07-16 16:49:12] smooth_by_chromosome: chr: chr15
INFO [2022-07-16 16:49:25] smooth_by_chromosome: chr: chr16
INFO [2022-07-16 16:49:38] smooth_by_chromosome: chr: chr17
INFO [2022-07-16 16:49:52] smooth_by_chromosome: chr: chr18
INFO [2022-07-16 16:50:05] smooth_by_chromosome: chr: chr19
INFO [2022-07-16 16:50:19] smooth_by_chromosome: chr: chr2
INFO [2022-07-16 16:50:35] smooth_by_chromosome: chr: chr3
INFO [2022-07-16 16:50:50] smooth_by_chromosome: chr: chr4
INFO [2022-07-16 16:51:05] smooth_by_chromosome: chr: chr5
INFO [2022-07-16 16:51:21] smooth_by_chromosome: chr: chr6
INFO [2022-07-16 16:51:35] smooth_by_chromosome: chr: chr7
INFO [2022-07-16 16:51:50] smooth_by_chromosome: chr: chr8
INFO [2022-07-16 16:52:04] smooth_by_chromosome: chr: chr9
INFO [2022-07-16 16:52:18] -mirroring for hspike
INFO [2022-07-16 16:52:18] smooth_by_chromosome: chr: chrA
INFO [2022-07-16 16:52:18] smooth_by_chromosome: chr: chr_0
INFO [2022-07-16 16:52:18] smooth_by_chromosome: chr: chr_B
INFO [2022-07-16 16:52:18] smooth_by_chromosome: chr: chr_0pt5
INFO [2022-07-16 16:52:18] smooth_by_chromosome: chr: chr_C
INFO [2022-07-16 16:52:19] smooth_by_chromosome: chr: chr_1pt5
INFO [2022-07-16 16:52:19] smooth_by_chromosome: chr: chr_D
INFO [2022-07-16 16:52:19] smooth_by_chromosome: chr: chr_2pt0
INFO [2022-07-16 16:52:19] smooth_by_chromosome: chr: chr_E
INFO [2022-07-16 16:52:19] smooth_by_chromosome: chr: chr_3pt0
INFO [2022-07-16 16:52:19] smooth_by_chromosome: chr: chr_F
INFO [2022-07-16 16:53:03] 

	STEP 11: re-centering data across chromosome after smoothing

INFO [2022-07-16 16:53:03] ::center_smooth across chromosomes per cell
INFO [2022-07-16 16:53:17] -mirroring for hspike
INFO [2022-07-16 16:53:17] ::center_smooth across chromosomes per cell
INFO [2022-07-16 16:54:02] 

	STEP 12: removing average of reference data (after smoothing)

INFO [2022-07-16 16:54:02] ::subtract_ref_expr_from_obs:Start inv_log=FALSE, use_bounds=TRUE
INFO [2022-07-16 16:54:02] subtracting mean(normal) per gene per cell across all data
INFO [2022-07-16 16:54:07] -subtracting expr per gene, use_bounds=TRUE
INFO [2022-07-16 16:54:14] -mirroring for hspike
INFO [2022-07-16 16:54:14] ::subtract_ref_expr_from_obs:Start inv_log=FALSE, use_bounds=TRUE
INFO [2022-07-16 16:54:14] subtracting mean(normal) per gene per cell across all data
INFO [2022-07-16 16:54:15] -subtracting expr per gene, use_bounds=TRUE
INFO [2022-07-16 16:55:00] 

	STEP 14: invert log2(FC) to FC

INFO [2022-07-16 16:55:00] invert_log2(), computing 2^x
INFO [2022-07-16 16:55:05] -mirroring for hspike
INFO [2022-07-16 16:55:05] invert_log2(), computing 2^x
INFO [2022-07-16 16:56:07] 

	STEP 15: Clustering samples (not defining tumor subclusters)

INFO [2022-07-16 16:56:07] define_signif_tumor_subclusters(p_val=0.1
INFO [2022-07-16 16:56:07] define_signif_tumor_subclusters(), tumor: CD70-/-;Bcl6tg/+
INFO [2022-07-16 16:58:32] cut tree into: 1 groups
INFO [2022-07-16 16:58:32] -processing CD70-/-;Bcl6tg/+,CD70-/-;Bcl6tg/+_s1
INFO [2022-07-16 16:58:32] define_signif_tumor_subclusters(), tumor: WT
INFO [2022-07-16 21:33:24] cut tree into: 1 groups
INFO [2022-07-16 21:33:24] -processing WT,WT_s1
INFO [2022-07-16 21:33:24] -mirroring for hspike
INFO [2022-07-16 21:33:24] define_signif_tumor_subclusters(p_val=0.1
INFO [2022-07-16 21:33:24] define_signif_tumor_subclusters(), tumor: spike_tumor_cell_WT
INFO [2022-07-16 21:33:24] cut tree into: 1 groups
INFO [2022-07-16 21:33:24] -processing spike_tumor_cell_WT,spike_tumor_cell_WT_s1
INFO [2022-07-16 21:33:24] define_signif_tumor_subclusters(), tumor: simnorm_cell_WT
INFO [2022-07-16 21:33:24] cut tree into: 1 groups
INFO [2022-07-16 21:33:24] -processing simnorm_cell_WT,simnorm_cell_WT_s1
INFO [2022-07-16 21:35:29] ::plot_cnv:Start
INFO [2022-07-16 21:35:29] ::plot_cnv:Current data dimensions (r,c)=5001,18103 Total=90646201.3740845 Min=0.665444033573989 Max=1.4906439267389.
INFO [2022-07-16 21:35:30] ::plot_cnv:Depending on the size of the matrix this may take a moment.
INFO [2022-07-16 21:37:03] plot_cnv(): auto thresholding at: (0.885003 , 1.117496)
INFO [2022-07-16 21:37:06] plot_cnv_observation:Start
INFO [2022-07-16 21:37:06] Observation data size: Cells= 1969 Genes= 5001
INFO [2022-07-16 21:37:06] plot_cnv_observation:Writing observation groupings/color.
INFO [2022-07-16 21:37:06] plot_cnv_observation:Done writing observation groupings/color.
INFO [2022-07-16 21:37:06] plot_cnv_observation:Writing observation heatmap thresholds.
INFO [2022-07-16 21:37:06] plot_cnv_observation:Done writing observation heatmap thresholds.
INFO [2022-07-16 21:37:08] Colors for breaks:  #00008B,#24249B,#4848AB,#6D6DBC,#9191CC,#B6B6DD,#DADAEE,#FFFFFF,#EEDADA,#DDB6B6,#CC9191,#BC6D6D,#AB4848,#9B2424,#8B0000
INFO [2022-07-16 21:37:08] Quantiles of plotted data range: 0.885002515457784,0.975070736666273,0.998746677122625,1.02599068328258,1.1174959822262
INFO [2022-07-16 21:37:11] plot_cnv_observations:Writing observation data to ./data/infercnv/inferCNV_out_new/Pool105_56//infercnv.preliminary.observations.txt
INFO [2022-07-16 21:37:21] plot_cnv_references:Start
INFO [2022-07-16 21:37:21] Reference data size: Cells= 16134 Genes= 5001
INFO [2022-07-17 02:13:16] plot_cnv_references:Number reference groups= 1
INFO [2022-07-17 02:13:18] plot_cnv_references:Plotting heatmap.
INFO [2022-07-17 02:13:41] Colors for breaks:  #00008B,#24249B,#4848AB,#6D6DBC,#9191CC,#B6B6DD,#DADAEE,#FFFFFF,#EEDADA,#DDB6B6,#CC9191,#BC6D6D,#AB4848,#9B2424,#8B0000
INFO [2022-07-17 02:13:41] Quantiles of plotted data range: 0.885002515457784,0.973216826867493,0.998821200073226,1.02618417664464,1.1174959822262
INFO [2022-07-17 02:13:49] plot_cnv_references:Writing reference data to ./data/infercnv/inferCNV_out_new/Pool105_56//infercnv.preliminary.references.txt
INFO [2022-07-17 02:15:12] 

	STEP 17: HMM-based CNV prediction

INFO [2022-07-17 02:15:12] predict_CNV_via_HMM_on_whole_tumor_samples
INFO [2022-07-17 02:15:16] -done predicting CNV based on initial tumor subclusters
INFO [2022-07-17 02:15:16] get_predicted_CNV_regions(subcluster)
INFO [2022-07-17 02:15:16] -processing cell_group_name: CD70-/-;Bcl6tg/+.CD70-/-;Bcl6tg/+_s1, size: 1969
INFO [2022-07-17 02:15:27] -processing cell_group_name: WT.WT_s1, size: 16134
INFO [2022-07-17 02:16:24] -writing cell clusters file: ./data/infercnv/inferCNV_out_new/Pool105_56//17_HMM_predHMMi6.hmm_mode-samples.cell_groupings
INFO [2022-07-17 02:16:24] -writing cnv regions file: ./data/infercnv/inferCNV_out_new/Pool105_56//17_HMM_predHMMi6.hmm_mode-samples.pred_cnv_regions.dat
INFO [2022-07-17 02:16:24] -writing per-gene cnv report: ./data/infercnv/inferCNV_out_new/Pool105_56//17_HMM_predHMMi6.hmm_mode-samples.pred_cnv_genes.dat
INFO [2022-07-17 02:16:24] -writing gene ordering info: ./data/infercnv/inferCNV_out_new/Pool105_56//17_HMM_predHMMi6.hmm_mode-samples.genes_used.dat
INFO [2022-07-17 02:16:44] ::plot_cnv:Start
INFO [2022-07-17 02:16:44] ::plot_cnv:Current data dimensions (r,c)=5001,18103 Total=272530646 Min=3 Max=4.
INFO [2022-07-17 02:16:45] ::plot_cnv:Depending on the size of the matrix this may take a moment.
INFO [2022-07-17 02:18:01] plot_cnv_observation:Start
INFO [2022-07-17 02:18:01] Observation data size: Cells= 1969 Genes= 5001
INFO [2022-07-17 02:18:01] plot_cnv_observation:Writing observation groupings/color.
INFO [2022-07-17 02:18:01] plot_cnv_observation:Done writing observation groupings/color.
INFO [2022-07-17 02:18:01] plot_cnv_observation:Writing observation heatmap thresholds.
INFO [2022-07-17 02:18:01] plot_cnv_observation:Done writing observation heatmap thresholds.
INFO [2022-07-17 02:18:03] Colors for breaks:  #00008B,#24249B,#4848AB,#6D6DBC,#9191CC,#B6B6DD,#DADAEE,#FFFFFF,#EEDADA,#DDB6B6,#CC9191,#BC6D6D,#AB4848,#9B2424,#8B0000
INFO [2022-07-17 02:18:03] Quantiles of plotted data range: 3,3,3,3,4
INFO [2022-07-17 02:18:05] plot_cnv_observations:Writing observation data to ./data/infercnv/inferCNV_out_new/Pool105_56//infercnv.17_HMM_predHMMi6.hmm_mode-samples.observations.txt
INFO [2022-07-17 02:18:13] plot_cnv_references:Start
INFO [2022-07-17 02:18:13] Reference data size: Cells= 16134 Genes= 5001
INFO [2022-07-17 06:56:20] plot_cnv_references:Number reference groups= 1
INFO [2022-07-17 06:56:21] plot_cnv_references:Plotting heatmap.
INFO [2022-07-17 06:56:44] Colors for breaks:  #00008B,#24249B,#4848AB,#6D6DBC,#9191CC,#B6B6DD,#DADAEE,#FFFFFF,#EEDADA,#DDB6B6,#CC9191,#BC6D6D,#AB4848,#9B2424,#8B0000
INFO [2022-07-17 06:56:44] Quantiles of plotted data range: 3,3,3,3,3
INFO [2022-07-17 06:56:52] plot_cnv_references:Writing reference data to ./data/infercnv/inferCNV_out_new/Pool105_56//infercnv.17_HMM_predHMMi6.hmm_mode-samples.references.txt
INFO [2022-07-17 06:58:03] 

	STEP 18: Run Bayesian Network Model on HMM predicted CNVs

INFO [2022-07-17 06:58:05] Creating the following Directory:  ./data/infercnv/inferCNV_out_new/Pool105_56//BayesNetOutput.HMMi6.hmm_mode-samples
INFO [2022-07-17 06:58:05] Initializing new MCM InferCNV Object.
INFO [2022-07-17 06:58:05] validating infercnv_obj
INFO [2022-07-17 06:58:05] Total CNV's:  2
INFO [2022-07-17 06:58:05] Loading BUGS Model.
INFO [2022-07-17 06:58:05] Running Sampling Using Parallel with  64 Cores
INFO [2022-07-17 07:20:13] Obtaining probabilities post-sampling
INFO [2022-07-17 07:20:31] Gibbs sampling time:  22.4221412579219  Minutes
INFO [2022-07-17 07:21:35] ::plot_cnv:Start
INFO [2022-07-17 07:21:35] ::plot_cnv:Current data dimensions (r,c)=5001,18103 Total=773652.559049745 Min=0 Max=0.835178750768704.
INFO [2022-07-17 07:21:36] ::plot_cnv:Depending on the size of the matrix this may take a moment.
INFO [2022-07-17 07:21:38] plot_cnv_observation:Start
INFO [2022-07-17 07:21:38] Observation data size: Cells= 1969 Genes= 5001
INFO [2022-07-17 07:21:38] plot_cnv_observation:Writing observation groupings/color.
INFO [2022-07-17 07:21:38] plot_cnv_observation:Done writing observation groupings/color.
INFO [2022-07-17 07:21:38] plot_cnv_observation:Writing observation heatmap thresholds.
INFO [2022-07-17 07:21:38] plot_cnv_observation:Done writing observation heatmap thresholds.
INFO [2022-07-17 07:21:41] Colors for breaks:  #00008B,#24249B,#4848AB,#6D6DBC,#9191CC,#B6B6DD,#DADAEE,#FFFFFF,#EEDADA,#DDB6B6,#CC9191,#BC6D6D,#AB4848,#9B2424,#8B0000
INFO [2022-07-17 07:21:41] Quantiles of plotted data range: 0,0,0,0,0.835178750768704
INFO [2022-07-17 07:21:43] plot_cnv_observations:Writing observation data to ./data/infercnv/inferCNV_out_new/Pool105_56//BayesNetOutput.HMMi6.hmm_mode-samples/infercnv.NormalProbabilities.PreFiltering.observations.txt
INFO [2022-07-17 07:21:49] plot_cnv_references:Start
INFO [2022-07-17 07:21:49] Reference data size: Cells= 16134 Genes= 5001
INFO [2022-07-17 12:04:49] plot_cnv_references:Number reference groups= 1
INFO [2022-07-17 12:04:50] plot_cnv_references:Plotting heatmap.
INFO [2022-07-17 12:05:14] Colors for breaks:  #00008B,#24249B,#4848AB,#6D6DBC,#9191CC,#B6B6DD,#DADAEE,#FFFFFF,#EEDADA,#DDB6B6,#CC9191,#BC6D6D,#AB4848,#9B2424,#8B0000
INFO [2022-07-17 12:05:14] Quantiles of plotted data range: 0,0,0,0,0
INFO [2022-07-17 12:05:21] plot_cnv_references:Writing reference data to ./data/infercnv/inferCNV_out_new/Pool105_56//BayesNetOutput.HMMi6.hmm_mode-samples/infercnv.NormalProbabilities.PreFiltering.references.txt
INFO [2022-07-17 12:07:26] 

	STEP 19: Filter HMM predicted CNVs based on the Bayesian Network Model results and BayesMaxPNormal

INFO [2022-07-17 12:07:26] Attempting to removing CNV(s) with a probability of being normal above  0.5
INFO [2022-07-17 12:07:26] Removing  0  CNV(s) identified by the HMM.
INFO [2022-07-17 12:07:26] Reassigning CNVs based on state probabilities.
INFO [2022-07-17 12:07:27] Creating Plots for CNV and cell Probabilities.
INFO [2022-07-17 12:07:33] ::plot_cnv:Start
INFO [2022-07-17 12:07:33] ::plot_cnv:Current data dimensions (r,c)=5001,18103 Total=773652.559049745 Min=0 Max=0.835178750768704.
INFO [2022-07-17 12:07:34] ::plot_cnv:Depending on the size of the matrix this may take a moment.
INFO [2022-07-17 12:07:37] plot_cnv_observation:Start
INFO [2022-07-17 12:07:37] Observation data size: Cells= 1969 Genes= 5001
INFO [2022-07-17 12:07:37] plot_cnv_observation:Writing observation groupings/color.
INFO [2022-07-17 12:07:37] plot_cnv_observation:Done writing observation groupings/color.
INFO [2022-07-17 12:07:37] plot_cnv_observation:Writing observation heatmap thresholds.
INFO [2022-07-17 12:07:37] plot_cnv_observation:Done writing observation heatmap thresholds.
INFO [2022-07-17 12:07:39] Colors for breaks:  #00008B,#24249B,#4848AB,#6D6DBC,#9191CC,#B6B6DD,#DADAEE,#FFFFFF,#EEDADA,#DDB6B6,#CC9191,#BC6D6D,#AB4848,#9B2424,#8B0000
INFO [2022-07-17 12:07:39] Quantiles of plotted data range: 0,0,0,0,0.835178750768704
INFO [2022-07-17 12:07:41] plot_cnv_observations:Writing observation data to ./data/infercnv/inferCNV_out_new/Pool105_56//BayesNetOutput.HMMi6.hmm_mode-samples/infercnv.NormalProbabilities.PostFiltering.observations.txt
INFO [2022-07-17 12:07:48] plot_cnv_references:Start
INFO [2022-07-17 12:07:48] Reference data size: Cells= 16134 Genes= 5001
INFO [2022-07-17 16:56:29] plot_cnv_references:Number reference groups= 1
INFO [2022-07-17 16:56:30] plot_cnv_references:Plotting heatmap.
INFO [2022-07-17 16:56:54] Colors for breaks:  #00008B,#24249B,#4848AB,#6D6DBC,#9191CC,#B6B6DD,#DADAEE,#FFFFFF,#EEDADA,#DDB6B6,#CC9191,#BC6D6D,#AB4848,#9B2424,#8B0000
INFO [2022-07-17 16:56:54] Quantiles of plotted data range: 0,0,0,0,0
INFO [2022-07-17 16:57:02] plot_cnv_references:Writing reference data to ./data/infercnv/inferCNV_out_new/Pool105_56//BayesNetOutput.HMMi6.hmm_mode-samples/infercnv.NormalProbabilities.PostFiltering.references.txt
INFO [2022-07-17 16:58:18] ::plot_cnv:Start
INFO [2022-07-17 16:58:18] ::plot_cnv:Current data dimensions (r,c)=5001,18103 Total=272530646 Min=3 Max=4.
INFO [2022-07-17 16:58:19] ::plot_cnv:Depending on the size of the matrix this may take a moment.
INFO [2022-07-17 16:59:35] plot_cnv_observation:Start
INFO [2022-07-17 16:59:35] Observation data size: Cells= 1969 Genes= 5001
INFO [2022-07-17 16:59:35] plot_cnv_observation:Writing observation groupings/color.
INFO [2022-07-17 16:59:35] plot_cnv_observation:Done writing observation groupings/color.
INFO [2022-07-17 16:59:35] plot_cnv_observation:Writing observation heatmap thresholds.
INFO [2022-07-17 16:59:35] plot_cnv_observation:Done writing observation heatmap thresholds.
INFO [2022-07-17 16:59:37] Colors for breaks:  #00008B,#24249B,#4848AB,#6D6DBC,#9191CC,#B6B6DD,#DADAEE,#FFFFFF,#EEDADA,#DDB6B6,#CC9191,#BC6D6D,#AB4848,#9B2424,#8B0000
INFO [2022-07-17 16:59:37] Quantiles of plotted data range: 3,3,3,3,4
INFO [2022-07-17 16:59:39] plot_cnv_observations:Writing observation data to ./data/infercnv/inferCNV_out_new/Pool105_56//infercnv.19_HMM_pred.Bayes_Net.Pnorm_0.5.observations.txt
INFO [2022-07-17 16:59:47] plot_cnv_references:Start
INFO [2022-07-17 16:59:47] Reference data size: Cells= 16134 Genes= 5001
INFO [2022-07-17 21:35:37] plot_cnv_references:Number reference groups= 1
INFO [2022-07-17 21:35:38] plot_cnv_references:Plotting heatmap.
INFO [2022-07-17 21:36:02] Colors for breaks:  #00008B,#24249B,#4848AB,#6D6DBC,#9191CC,#B6B6DD,#DADAEE,#FFFFFF,#EEDADA,#DDB6B6,#CC9191,#BC6D6D,#AB4848,#9B2424,#8B0000
INFO [2022-07-17 21:36:02] Quantiles of plotted data range: 3,3,3,3,3
INFO [2022-07-17 21:36:10] plot_cnv_references:Writing reference data to ./data/infercnv/inferCNV_out_new/Pool105_56//infercnv.19_HMM_pred.Bayes_Net.Pnorm_0.5.references.txt
INFO [2022-07-17 21:37:19] 

	STEP 20: Converting HMM-based CNV states to repr expr vals

INFO [2022-07-17 21:37:45] ::plot_cnv:Start
INFO [2022-07-17 21:37:45] ::plot_cnv:Current data dimensions (r,c)=5001,18103 Total=90998771.5 Min=1 Max=1.5.
INFO [2022-07-17 21:37:46] ::plot_cnv:Depending on the size of the matrix this may take a moment.
INFO [2022-07-17 21:39:02] plot_cnv_observation:Start
INFO [2022-07-17 21:39:02] Observation data size: Cells= 1969 Genes= 5001
INFO [2022-07-17 21:39:02] plot_cnv_observation:Writing observation groupings/color.
INFO [2022-07-17 21:39:02] plot_cnv_observation:Done writing observation groupings/color.
INFO [2022-07-17 21:39:02] plot_cnv_observation:Writing observation heatmap thresholds.
INFO [2022-07-17 21:39:02] plot_cnv_observation:Done writing observation heatmap thresholds.
INFO [2022-07-17 21:39:04] Colors for breaks:  #00008B,#24249B,#4848AB,#6D6DBC,#9191CC,#B6B6DD,#DADAEE,#FFFFFF,#EEDADA,#DDB6B6,#CC9191,#BC6D6D,#AB4848,#9B2424,#8B0000
INFO [2022-07-17 21:39:04] Quantiles of plotted data range: 1,1,1,1,1.5
INFO [2022-07-17 21:39:06] plot_cnv_observations:Writing observation data to ./data/infercnv/inferCNV_out_new/Pool105_56//infercnv.20_HMM_predHMMi6.hmm_mode-samples.Pnorm_0.5.repr_intensities.observations.txt
INFO [2022-07-17 21:39:14] plot_cnv_references:Start
INFO [2022-07-17 21:39:14] Reference data size: Cells= 16134 Genes= 5001
INFO [2022-07-18 02:22:37] plot_cnv_references:Number reference groups= 1
INFO [2022-07-18 02:22:38] plot_cnv_references:Plotting heatmap.
INFO [2022-07-18 02:23:00] Colors for breaks:  #00008B,#24249B,#4848AB,#6D6DBC,#9191CC,#B6B6DD,#DADAEE,#FFFFFF,#EEDADA,#DDB6B6,#CC9191,#BC6D6D,#AB4848,#9B2424,#8B0000
INFO [2022-07-18 02:23:00] Quantiles of plotted data range: 1,1,1,1,1
INFO [2022-07-18 02:23:08] plot_cnv_references:Writing reference data to ./data/infercnv/inferCNV_out_new/Pool105_56//infercnv.20_HMM_predHMMi6.hmm_mode-samples.Pnorm_0.5.repr_intensities.references.txt
INFO [2022-07-18 02:24:16] 

	STEP 22: Denoising

INFO [2022-07-18 02:24:16] ::process_data:Remove noise, noise threshold defined via ref mean sd_amplifier:  1.5
INFO [2022-07-18 02:24:16] denoising using mean(normal) +- sd_amplifier * sd(normal) per gene per cell across all data
INFO [2022-07-18 02:24:20] :: **** clear_noise_via_ref_quantiles **** : removing noise between bounds:  0.939301998852724 - 1.06242771609468
INFO [2022-07-18 02:25:04] 

## Making the final infercnv heatmap ##
INFO [2022-07-18 02:25:05] ::plot_cnv:Start
INFO [2022-07-18 02:25:05] ::plot_cnv:Current data dimensions (r,c)=5001,18103 Total=90814852.0106767 Min=0.665444033573989 Max=1.4906439267389.
INFO [2022-07-18 02:25:05] ::plot_cnv:Depending on the size of the matrix this may take a moment.
INFO [2022-07-18 02:26:32] plot_cnv(): auto thresholding at: (0.882504 , 1.117496)
INFO [2022-07-18 02:26:35] plot_cnv_observation:Start
INFO [2022-07-18 02:26:35] Observation data size: Cells= 1969 Genes= 5001
INFO [2022-07-18 02:26:35] plot_cnv_observation:Writing observation groupings/color.
INFO [2022-07-18 02:26:35] plot_cnv_observation:Done writing observation groupings/color.
INFO [2022-07-18 02:26:35] plot_cnv_observation:Writing observation heatmap thresholds.
INFO [2022-07-18 02:26:36] plot_cnv_observation:Done writing observation heatmap thresholds.
INFO [2022-07-18 02:26:37] Colors for breaks:  #00008B,#24249B,#4848AB,#6D6DBC,#9191CC,#B6B6DD,#DADAEE,#FFFFFF,#EEDADA,#DDB6B6,#CC9191,#BC6D6D,#AB4848,#9B2424,#8B0000
INFO [2022-07-18 02:26:37] Quantiles of plotted data range: 0.882504017773803,1.0008648574737,1.0008648574737,1.0008648574737,1.1174959822262
INFO [2022-07-18 02:26:39] plot_cnv_observations:Writing observation data to ./data/infercnv/inferCNV_out_new/Pool105_56//infercnv.observations.txt
INFO [2022-07-18 02:26:49] plot_cnv_references:Start
INFO [2022-07-18 02:26:49] Reference data size: Cells= 16134 Genes= 5001
INFO [2022-07-18 07:08:30] plot_cnv_references:Number reference groups= 1
INFO [2022-07-18 07:08:31] plot_cnv_references:Plotting heatmap.
INFO [2022-07-18 07:08:54] Colors for breaks:  #00008B,#24249B,#4848AB,#6D6DBC,#9191CC,#B6B6DD,#DADAEE,#FFFFFF,#EEDADA,#DDB6B6,#CC9191,#BC6D6D,#AB4848,#9B2424,#8B0000
INFO [2022-07-18 07:08:54] Quantiles of plotted data range: 0.882504017773803,1.0008648574737,1.0008648574737,1.0008648574737,1.1174959822262
INFO [2022-07-18 07:09:02] plot_cnv_references:Writing reference data to ./data/infercnv/inferCNV_out_new/Pool105_56//infercnv.references.txt
Warning messages:
1: In type.convert.default(X[[i]], ...) :
  'as.is' should be specified by the caller; using TRUE
2: In type.convert.default(X[[i]], ...) :
  'as.is' should be specified by the caller; using TRUE
