[1] "/liulab/galib/mouse_scRNAseq_margaret/data/infercnv/inferCNV_out_new/6mos"
Warning message:
package ‘rBCS’ was built under R version 4.1.3 
── Attaching packages ─────────────────────────────────────── tidyverse 1.3.1 ──
✔ ggplot2 3.3.6     ✔ purrr   0.3.4
✔ tibble  3.1.7     ✔ dplyr   1.0.9
✔ tidyr   1.2.0     ✔ stringr 1.4.0
✔ readr   2.1.2     ✔ forcats 0.5.1
── Conflicts ────────────────────────────────────────── tidyverse_conflicts() ──
✖ dplyr::filter() masks stats::filter()
✖ dplyr::lag()    masks stats::lag()
Warning messages:
1: package ‘tidyverse’ was built under R version 4.1.3 
2: package ‘ggplot2’ was built under R version 4.1.3 
3: package ‘tibble’ was built under R version 4.1.3 
4: package ‘tidyr’ was built under R version 4.1.2 
5: package ‘readr’ was built under R version 4.1.2 
6: package ‘dplyr’ was built under R version 4.1.3 
7: package ‘forcats’ was built under R version 4.1.3 
Attaching SeuratObject
Attaching sp
Warning message:
package ‘Seurat’ was built under R version 4.1.3 
here() starts at /liulab/galib/mouse_scRNAseq_margaret
Loading required package: usethis
Warning message:
package ‘ggpubr’ was built under R version 4.1.3 
Warning message:
package ‘infercnv’ was built under R version 4.1.3 
[1]  32285 176583
Rows: 55228 Columns: 4
── Column specification ────────────────────────────────────────────────────────
Delimiter: "\t"
chr (2): X1, X2
dbl (2): X3, X4

ℹ Use `spec()` to retrieve the full column specification for this data.
ℹ Specify the column types or set `show_col_types = FALSE` to quiet this message.
[1] 12
INFO [2022-07-18 18:11:19] Parsing gene order file: ./data/infercnv/gene_order_file.txt
INFO [2022-07-18 18:11:19] ::order_reduce:Start.
INFO [2022-07-18 18:11:22] .order_reduce(): expr and order match.
INFO [2022-07-18 18:11:39] ::process_data:order_reduce:Reduction from positional data, new dimensions (r,c) = 32285,176583 Total=901670571 Min=0 Max=21505.
INFO [2022-07-18 18:11:40] num genes removed taking into account provided gene ordering list: 1949 = 6.03685922254917% removed.
INFO [2022-07-18 18:11:42] -filtering out cells < 100 or > Inf, removing 0 % of cells
INFO [2022-07-18 18:11:46] validating infercnv_obj
INFO [2022-07-18 18:11:46] ::process_data:Start
INFO [2022-07-18 18:11:46] Creating output path ./data/infercnv/inferCNV_out_new/Pool105_29/
INFO [2022-07-18 18:11:46] Checking for saved results.
INFO [2022-07-18 18:11:46] 

	STEP 1: incoming data

INFO [2022-07-18 18:12:09] 

	STEP 02: Removing lowly expressed genes

INFO [2022-07-18 18:12:09] ::above_min_mean_expr_cutoff:Start
INFO [2022-07-18 18:12:10] Removing 25485 genes from matrix as below mean expr threshold: 0.1
INFO [2022-07-18 18:12:10] validating infercnv_obj
INFO [2022-07-18 18:12:10] There are 4851 genes and 16125 cells remaining in the expr matrix.
INFO [2022-07-18 18:12:14] no genes removed due to min cells/gene filter
INFO [2022-07-18 18:12:36] 

	STEP 03: normalization by sequencing depth

INFO [2022-07-18 18:12:36] normalizing counts matrix by depth
INFO [2022-07-18 18:12:41] Computed total sum normalization factor as median libsize: 3089.000000
INFO [2022-07-18 18:12:41] Adding h-spike
INFO [2022-07-18 18:12:41] -hspike modeling of WT
INFO [2022-07-18 18:13:29] validating infercnv_obj
INFO [2022-07-18 18:13:29] normalizing counts matrix by depth
INFO [2022-07-18 18:13:29] Using specified normalization factor: 3089.000000
INFO [2022-07-18 18:13:50] 

	STEP 04: log transformation of data

INFO [2022-07-18 18:13:50] transforming log2xplus1()
INFO [2022-07-18 18:13:53] -mirroring for hspike
INFO [2022-07-18 18:13:53] transforming log2xplus1()
INFO [2022-07-18 18:14:17] 

	STEP 08: removing average of reference data (before smoothing)

INFO [2022-07-18 18:14:17] ::subtract_ref_expr_from_obs:Start inv_log=FALSE, use_bounds=TRUE
INFO [2022-07-18 18:14:17] subtracting mean(normal) per gene per cell across all data
INFO [2022-07-18 18:14:21] -subtracting expr per gene, use_bounds=TRUE
INFO [2022-07-18 18:29:38] -mirroring for hspike
INFO [2022-07-18 18:29:38] ::subtract_ref_expr_from_obs:Start inv_log=FALSE, use_bounds=TRUE
INFO [2022-07-18 18:29:38] subtracting mean(normal) per gene per cell across all data
INFO [2022-07-18 18:29:40] -subtracting expr per gene, use_bounds=TRUE
INFO [2022-07-18 18:30:18] 

	STEP 09: apply max centered expression threshold: 3

INFO [2022-07-18 18:30:18] ::process_data:setting max centered expr, threshold set to: +/-:  3
INFO [2022-07-18 18:30:19] -mirroring for hspike
INFO [2022-07-18 18:30:19] ::process_data:setting max centered expr, threshold set to: +/-:  3
INFO [2022-07-18 18:30:56] 

	STEP 10: Smoothing data per cell by chromosome

INFO [2022-07-18 18:30:56] smooth_by_chromosome: chr: chr1
INFO [2022-07-18 18:31:09] smooth_by_chromosome: chr: chr10
INFO [2022-07-18 18:31:20] smooth_by_chromosome: chr: chr11
INFO [2022-07-18 18:31:34] smooth_by_chromosome: chr: chr12
INFO [2022-07-18 18:31:46] smooth_by_chromosome: chr: chr13
INFO [2022-07-18 18:31:57] smooth_by_chromosome: chr: chr14
INFO [2022-07-18 18:32:09] smooth_by_chromosome: chr: chr15
INFO [2022-07-18 18:32:20] smooth_by_chromosome: chr: chr16
INFO [2022-07-18 18:32:32] smooth_by_chromosome: chr: chr17
INFO [2022-07-18 18:32:44] smooth_by_chromosome: chr: chr18
INFO [2022-07-18 18:32:55] smooth_by_chromosome: chr: chr19
INFO [2022-07-18 18:33:07] smooth_by_chromosome: chr: chr2
INFO [2022-07-18 18:33:20] smooth_by_chromosome: chr: chr3
INFO [2022-07-18 18:33:32] smooth_by_chromosome: chr: chr4
INFO [2022-07-18 18:33:44] smooth_by_chromosome: chr: chr5
INFO [2022-07-18 18:33:57] smooth_by_chromosome: chr: chr6
INFO [2022-07-18 18:34:10] smooth_by_chromosome: chr: chr7
INFO [2022-07-18 18:34:23] smooth_by_chromosome: chr: chr8
INFO [2022-07-18 18:34:35] smooth_by_chromosome: chr: chr9
INFO [2022-07-18 18:34:48] -mirroring for hspike
INFO [2022-07-18 18:34:48] smooth_by_chromosome: chr: chrA
INFO [2022-07-18 18:34:48] smooth_by_chromosome: chr: chr_0
INFO [2022-07-18 18:34:48] smooth_by_chromosome: chr: chr_B
INFO [2022-07-18 18:34:49] smooth_by_chromosome: chr: chr_0pt5
INFO [2022-07-18 18:34:49] smooth_by_chromosome: chr: chr_C
INFO [2022-07-18 18:34:49] smooth_by_chromosome: chr: chr_1pt5
INFO [2022-07-18 18:34:49] smooth_by_chromosome: chr: chr_D
INFO [2022-07-18 18:34:49] smooth_by_chromosome: chr: chr_2pt0
INFO [2022-07-18 18:34:50] smooth_by_chromosome: chr: chr_E
INFO [2022-07-18 18:34:50] smooth_by_chromosome: chr: chr_3pt0
INFO [2022-07-18 18:34:50] smooth_by_chromosome: chr: chr_F
INFO [2022-07-18 18:35:27] 

	STEP 11: re-centering data across chromosome after smoothing

INFO [2022-07-18 18:35:27] ::center_smooth across chromosomes per cell
INFO [2022-07-18 18:35:38] -mirroring for hspike
INFO [2022-07-18 18:35:38] ::center_smooth across chromosomes per cell
INFO [2022-07-18 18:36:16] 

	STEP 12: removing average of reference data (after smoothing)

INFO [2022-07-18 18:36:16] ::subtract_ref_expr_from_obs:Start inv_log=FALSE, use_bounds=TRUE
INFO [2022-07-18 18:36:16] subtracting mean(normal) per gene per cell across all data
INFO [2022-07-18 18:36:20] -subtracting expr per gene, use_bounds=TRUE
INFO [2022-07-18 18:36:25] -mirroring for hspike
INFO [2022-07-18 18:36:25] ::subtract_ref_expr_from_obs:Start inv_log=FALSE, use_bounds=TRUE
INFO [2022-07-18 18:36:25] subtracting mean(normal) per gene per cell across all data
INFO [2022-07-18 18:36:26] -subtracting expr per gene, use_bounds=TRUE
INFO [2022-07-18 18:37:04] 

	STEP 14: invert log2(FC) to FC

INFO [2022-07-18 18:37:04] invert_log2(), computing 2^x
INFO [2022-07-18 18:37:09] -mirroring for hspike
INFO [2022-07-18 18:37:09] invert_log2(), computing 2^x
INFO [2022-07-18 18:38:03] 

	STEP 15: Clustering samples (not defining tumor subclusters)

INFO [2022-07-18 18:38:03] define_signif_tumor_subclusters(p_val=0.1
INFO [2022-07-18 18:38:03] define_signif_tumor_subclusters(), tumor: CD70-/-;Bcl6tg/+
INFO [2022-07-18 18:39:42] cut tree into: 1 groups
INFO [2022-07-18 18:39:42] -processing CD70-/-;Bcl6tg/+,CD70-/-;Bcl6tg/+_s1
INFO [2022-07-18 18:39:42] define_signif_tumor_subclusters(), tumor: WT
INFO [2022-07-18 21:51:28] cut tree into: 1 groups
INFO [2022-07-18 21:51:28] -processing WT,WT_s1
INFO [2022-07-18 21:51:28] -mirroring for hspike
INFO [2022-07-18 21:51:28] define_signif_tumor_subclusters(p_val=0.1
INFO [2022-07-18 21:51:28] define_signif_tumor_subclusters(), tumor: spike_tumor_cell_WT
INFO [2022-07-18 21:51:28] cut tree into: 1 groups
INFO [2022-07-18 21:51:28] -processing spike_tumor_cell_WT,spike_tumor_cell_WT_s1
INFO [2022-07-18 21:51:28] define_signif_tumor_subclusters(), tumor: simnorm_cell_WT
INFO [2022-07-18 21:51:28] cut tree into: 1 groups
INFO [2022-07-18 21:51:28] -processing simnorm_cell_WT,simnorm_cell_WT_s1
INFO [2022-07-18 21:53:14] ::plot_cnv:Start
INFO [2022-07-18 21:53:14] ::plot_cnv:Current data dimensions (r,c)=4851,16125 Total=78299072.6631199 Min=0.639959228700383 Max=1.47961354715928.
INFO [2022-07-18 21:53:15] ::plot_cnv:Depending on the size of the matrix this may take a moment.
INFO [2022-07-18 21:54:34] plot_cnv(): auto thresholding at: (0.889974 , 1.111987)
INFO [2022-07-18 21:54:35] plot_cnv_observation:Start
INFO [2022-07-18 21:54:35] Observation data size: Cells= 1714 Genes= 4851
INFO [2022-07-18 21:54:36] plot_cnv_observation:Writing observation groupings/color.
INFO [2022-07-18 21:54:36] plot_cnv_observation:Done writing observation groupings/color.
INFO [2022-07-18 21:54:36] plot_cnv_observation:Writing observation heatmap thresholds.
INFO [2022-07-18 21:54:36] plot_cnv_observation:Done writing observation heatmap thresholds.
INFO [2022-07-18 21:54:37] Colors for breaks:  #00008B,#24249B,#4848AB,#6D6DBC,#9191CC,#B6B6DD,#DADAEE,#FFFFFF,#EEDADA,#DDB6B6,#CC9191,#BC6D6D,#AB4848,#9B2424,#8B0000
INFO [2022-07-18 21:54:37] Quantiles of plotted data range: 0.889973788403336,0.974079241613312,0.998898021424328,1.02637223996639,1.11198722756223
INFO [2022-07-18 21:54:39] plot_cnv_observations:Writing observation data to ./data/infercnv/inferCNV_out_new/Pool105_29//infercnv.preliminary.observations.txt
INFO [2022-07-18 21:54:47] plot_cnv_references:Start
INFO [2022-07-18 21:54:47] Reference data size: Cells= 14411 Genes= 4851
INFO [2022-07-18 23:56:58] plot_cnv_references:Number reference groups= 1
INFO [2022-07-18 23:56:58] plot_cnv_references:Plotting heatmap.
INFO [2022-07-18 23:57:11] Colors for breaks:  #00008B,#24249B,#4848AB,#6D6DBC,#9191CC,#B6B6DD,#DADAEE,#FFFFFF,#EEDADA,#DDB6B6,#CC9191,#BC6D6D,#AB4848,#9B2424,#8B0000
INFO [2022-07-18 23:57:11] Quantiles of plotted data range: 0.889973788403336,0.973401694689702,0.998897715602451,1.02604410251996,1.11198722756223
INFO [2022-07-18 23:57:17] plot_cnv_references:Writing reference data to ./data/infercnv/inferCNV_out_new/Pool105_29//infercnv.preliminary.references.txt
INFO [2022-07-18 23:58:26] 

	STEP 17: HMM-based CNV prediction

INFO [2022-07-18 23:58:26] predict_CNV_via_HMM_on_whole_tumor_samples
INFO [2022-07-18 23:58:28] -done predicting CNV based on initial tumor subclusters
INFO [2022-07-18 23:58:28] get_predicted_CNV_regions(subcluster)
INFO [2022-07-18 23:58:28] -processing cell_group_name: CD70-/-;Bcl6tg/+.CD70-/-;Bcl6tg/+_s1, size: 1714
INFO [2022-07-18 23:58:37] -processing cell_group_name: WT.WT_s1, size: 14411
INFO [2022-07-18 23:59:26] -writing cell clusters file: ./data/infercnv/inferCNV_out_new/Pool105_29//17_HMM_predHMMi6.hmm_mode-samples.cell_groupings
INFO [2022-07-18 23:59:26] -writing cnv regions file: ./data/infercnv/inferCNV_out_new/Pool105_29//17_HMM_predHMMi6.hmm_mode-samples.pred_cnv_regions.dat
INFO [2022-07-18 23:59:26] -writing per-gene cnv report: ./data/infercnv/inferCNV_out_new/Pool105_29//17_HMM_predHMMi6.hmm_mode-samples.pred_cnv_genes.dat
INFO [2022-07-18 23:59:26] -writing gene ordering info: ./data/infercnv/inferCNV_out_new/Pool105_29//17_HMM_predHMMi6.hmm_mode-samples.genes_used.dat
INFO [2022-07-18 23:59:43] ::plot_cnv:Start
INFO [2022-07-18 23:59:43] ::plot_cnv:Current data dimensions (r,c)=4851,16125 Total=234667125 Min=3 Max=3.
INFO [2022-07-18 23:59:44] ::plot_cnv:Depending on the size of the matrix this may take a moment.
INFO [2022-07-19 00:00:46] plot_cnv_observation:Start
INFO [2022-07-19 00:00:46] Observation data size: Cells= 1714 Genes= 4851
INFO [2022-07-19 00:00:47] plot_cnv_observation:Writing observation groupings/color.
INFO [2022-07-19 00:00:47] plot_cnv_observation:Done writing observation groupings/color.
INFO [2022-07-19 00:00:47] plot_cnv_observation:Writing observation heatmap thresholds.
INFO [2022-07-19 00:00:47] plot_cnv_observation:Done writing observation heatmap thresholds.
INFO [2022-07-19 00:00:48] Colors for breaks:  #00008B,#24249B,#4848AB,#6D6DBC,#9191CC,#B6B6DD,#DADAEE,#FFFFFF,#EEDADA,#DDB6B6,#CC9191,#BC6D6D,#AB4848,#9B2424,#8B0000
INFO [2022-07-19 00:00:48] Quantiles of plotted data range: 3,3,3,3,3
INFO [2022-07-19 00:00:50] plot_cnv_observations:Writing observation data to ./data/infercnv/inferCNV_out_new/Pool105_29//infercnv.17_HMM_predHMMi6.hmm_mode-samples.observations.txt
INFO [2022-07-19 00:00:56] plot_cnv_references:Start
INFO [2022-07-19 00:00:56] Reference data size: Cells= 14411 Genes= 4851
INFO [2022-07-19 02:02:04] plot_cnv_references:Number reference groups= 1
INFO [2022-07-19 02:02:05] plot_cnv_references:Plotting heatmap.
INFO [2022-07-19 02:02:17] Colors for breaks:  #00008B,#24249B,#4848AB,#6D6DBC,#9191CC,#B6B6DD,#DADAEE,#FFFFFF,#EEDADA,#DDB6B6,#CC9191,#BC6D6D,#AB4848,#9B2424,#8B0000
INFO [2022-07-19 02:02:17] Quantiles of plotted data range: 3,3,3,3,3
INFO [2022-07-19 02:02:22] plot_cnv_references:Writing reference data to ./data/infercnv/inferCNV_out_new/Pool105_29//infercnv.17_HMM_predHMMi6.hmm_mode-samples.references.txt
INFO [2022-07-19 02:03:24] 

	STEP 20: Converting HMM-based CNV states to repr expr vals

INFO [2022-07-19 02:03:43] ::plot_cnv:Start
INFO [2022-07-19 02:03:43] ::plot_cnv:Current data dimensions (r,c)=4851,16125 Total=78222375 Min=1 Max=1.
INFO [2022-07-19 02:03:44] ::plot_cnv:Depending on the size of the matrix this may take a moment.
INFO [2022-07-19 02:04:47] plot_cnv_observation:Start
INFO [2022-07-19 02:04:47] Observation data size: Cells= 1714 Genes= 4851
INFO [2022-07-19 02:04:47] plot_cnv_observation:Writing observation groupings/color.
INFO [2022-07-19 02:04:47] plot_cnv_observation:Done writing observation groupings/color.
INFO [2022-07-19 02:04:47] plot_cnv_observation:Writing observation heatmap thresholds.
INFO [2022-07-19 02:04:47] plot_cnv_observation:Done writing observation heatmap thresholds.
INFO [2022-07-19 02:04:49] Colors for breaks:  #00008B,#24249B,#4848AB,#6D6DBC,#9191CC,#B6B6DD,#DADAEE,#FFFFFF,#EEDADA,#DDB6B6,#CC9191,#BC6D6D,#AB4848,#9B2424,#8B0000
INFO [2022-07-19 02:04:49] Quantiles of plotted data range: 1,1,1,1,1
INFO [2022-07-19 02:04:50] plot_cnv_observations:Writing observation data to ./data/infercnv/inferCNV_out_new/Pool105_29//infercnv.20_HMM_predHMMi6.hmm_mode-samples.Pnorm_0.5.repr_intensities.observations.txt
INFO [2022-07-19 02:04:57] plot_cnv_references:Start
INFO [2022-07-19 02:04:57] Reference data size: Cells= 14411 Genes= 4851
INFO [2022-07-19 04:06:38] plot_cnv_references:Number reference groups= 1
INFO [2022-07-19 04:06:38] plot_cnv_references:Plotting heatmap.
INFO [2022-07-19 04:06:51] Colors for breaks:  #00008B,#24249B,#4848AB,#6D6DBC,#9191CC,#B6B6DD,#DADAEE,#FFFFFF,#EEDADA,#DDB6B6,#CC9191,#BC6D6D,#AB4848,#9B2424,#8B0000
INFO [2022-07-19 04:06:51] Quantiles of plotted data range: 1,1,1,1,1
INFO [2022-07-19 04:06:55] plot_cnv_references:Writing reference data to ./data/infercnv/inferCNV_out_new/Pool105_29//infercnv.20_HMM_predHMMi6.hmm_mode-samples.Pnorm_0.5.repr_intensities.references.txt
INFO [2022-07-19 04:07:51] 

	STEP 22: Denoising

INFO [2022-07-19 04:07:51] ::process_data:Remove noise, noise threshold defined via ref mean sd_amplifier:  1.5
INFO [2022-07-19 04:07:51] denoising using mean(normal) +- sd_amplifier * sd(normal) per gene per cell across all data
INFO [2022-07-19 04:07:53] :: **** clear_noise_via_ref_quantiles **** : removing noise between bounds:  0.939735027363927 - 1.06196589247718
INFO [2022-07-19 04:08:31] 

## Making the final infercnv heatmap ##
INFO [2022-07-19 04:08:32] ::plot_cnv:Start
INFO [2022-07-19 04:08:32] ::plot_cnv:Current data dimensions (r,c)=4851,16125 Total=78432117.9855241 Min=0.639959228700383 Max=1.47961354715928.
INFO [2022-07-19 04:08:33] ::plot_cnv:Depending on the size of the matrix this may take a moment.
INFO [2022-07-19 04:09:47] plot_cnv(): auto thresholding at: (0.888013 , 1.111987)
INFO [2022-07-19 04:09:49] plot_cnv_observation:Start
INFO [2022-07-19 04:09:49] Observation data size: Cells= 1714 Genes= 4851
INFO [2022-07-19 04:09:49] plot_cnv_observation:Writing observation groupings/color.
INFO [2022-07-19 04:09:49] plot_cnv_observation:Done writing observation groupings/color.
INFO [2022-07-19 04:09:49] plot_cnv_observation:Writing observation heatmap thresholds.
INFO [2022-07-19 04:09:49] plot_cnv_observation:Done writing observation heatmap thresholds.
INFO [2022-07-19 04:09:50] Colors for breaks:  #00008B,#24249B,#4848AB,#6D6DBC,#9191CC,#B6B6DD,#DADAEE,#FFFFFF,#EEDADA,#DDB6B6,#CC9191,#BC6D6D,#AB4848,#9B2424,#8B0000
INFO [2022-07-19 04:09:50] Quantiles of plotted data range: 0.888012772437766,1.00085045992056,1.00085045992056,1.00085045992056,1.11198722756223
INFO [2022-07-19 04:09:52] plot_cnv_observations:Writing observation data to ./data/infercnv/inferCNV_out_new/Pool105_29//infercnv.observations.txt
INFO [2022-07-19 04:10:00] plot_cnv_references:Start
INFO [2022-07-19 04:10:00] Reference data size: Cells= 14411 Genes= 4851
INFO [2022-07-19 06:11:59] plot_cnv_references:Number reference groups= 1
INFO [2022-07-19 06:12:00] plot_cnv_references:Plotting heatmap.
INFO [2022-07-19 06:12:13] Colors for breaks:  #00008B,#24249B,#4848AB,#6D6DBC,#9191CC,#B6B6DD,#DADAEE,#FFFFFF,#EEDADA,#DDB6B6,#CC9191,#BC6D6D,#AB4848,#9B2424,#8B0000
INFO [2022-07-19 06:12:13] Quantiles of plotted data range: 0.888012772437766,1.00085045992056,1.00085045992056,1.00085045992056,1.11198722756223
INFO [2022-07-19 06:12:18] plot_cnv_references:Writing reference data to ./data/infercnv/inferCNV_out_new/Pool105_29//infercnv.references.txt
