[1] "/liulab/galib/mouse_scRNAseq_margaret/data/infercnv/inferCNV_out_new/6mos"
Warning message:
package ‘rBCS’ was built under R version 4.1.3 
── Attaching packages ─────────────────────────────────────── tidyverse 1.3.1 ──
✔ ggplot2 3.3.6     ✔ purrr   0.3.4
✔ tibble  3.1.7     ✔ dplyr   1.0.9
✔ tidyr   1.2.0     ✔ stringr 1.4.0
✔ readr   2.1.2     ✔ forcats 0.5.1
── Conflicts ────────────────────────────────────────── tidyverse_conflicts() ──
✖ dplyr::filter() masks stats::filter()
✖ dplyr::lag()    masks stats::lag()
Warning messages:
1: package ‘tidyverse’ was built under R version 4.1.3 
2: package ‘ggplot2’ was built under R version 4.1.3 
3: package ‘tibble’ was built under R version 4.1.3 
4: package ‘tidyr’ was built under R version 4.1.2 
5: package ‘readr’ was built under R version 4.1.2 
6: package ‘dplyr’ was built under R version 4.1.3 
7: package ‘forcats’ was built under R version 4.1.3 
Attaching SeuratObject
Attaching sp
Warning message:
package ‘Seurat’ was built under R version 4.1.3 
here() starts at /liulab/galib/mouse_scRNAseq_margaret
Loading required package: usethis
Warning message:
package ‘ggpubr’ was built under R version 4.1.3 
Warning message:
package ‘infercnv’ was built under R version 4.1.3 
[1]  32285 176583
Rows: 55228 Columns: 4
── Column specification ────────────────────────────────────────────────────────
Delimiter: "\t"
chr (2): X1, X2
dbl (2): X3, X4

ℹ Use `spec()` to retrieve the full column specification for this data.
ℹ Specify the column types or set `show_col_types = FALSE` to quiet this message.
[1] 12
INFO [2022-07-19 01:25:58] Parsing gene order file: ./data/infercnv/gene_order_file.txt
INFO [2022-07-19 01:25:58] ::order_reduce:Start.
INFO [2022-07-19 01:26:02] .order_reduce(): expr and order match.
INFO [2022-07-19 01:26:18] ::process_data:order_reduce:Reduction from positional data, new dimensions (r,c) = 32285,176583 Total=901670571 Min=0 Max=21505.
INFO [2022-07-19 01:26:20] num genes removed taking into account provided gene ordering list: 1949 = 6.03685922254917% removed.
INFO [2022-07-19 01:26:21] -filtering out cells < 100 or > Inf, removing 0 % of cells
INFO [2022-07-19 01:26:26] validating infercnv_obj
INFO [2022-07-19 01:26:26] ::process_data:Start
INFO [2022-07-19 01:26:26] Creating output path ./data/infercnv/inferCNV_out_new/Pool105_32/
INFO [2022-07-19 01:26:26] Checking for saved results.
INFO [2022-07-19 01:26:26] 

	STEP 1: incoming data

INFO [2022-07-19 01:26:50] 

	STEP 02: Removing lowly expressed genes

INFO [2022-07-19 01:26:50] ::above_min_mean_expr_cutoff:Start
INFO [2022-07-19 01:26:50] Removing 25544 genes from matrix as below mean expr threshold: 0.1
INFO [2022-07-19 01:26:51] validating infercnv_obj
INFO [2022-07-19 01:26:51] There are 4792 genes and 16463 cells remaining in the expr matrix.
INFO [2022-07-19 01:26:54] no genes removed due to min cells/gene filter
INFO [2022-07-19 01:27:16] 

	STEP 03: normalization by sequencing depth

INFO [2022-07-19 01:27:16] normalizing counts matrix by depth
INFO [2022-07-19 01:27:20] Computed total sum normalization factor as median libsize: 3050.000000
INFO [2022-07-19 01:27:20] Adding h-spike
INFO [2022-07-19 01:27:20] -hspike modeling of WT
INFO [2022-07-19 01:28:07] validating infercnv_obj
INFO [2022-07-19 01:28:07] normalizing counts matrix by depth
INFO [2022-07-19 01:28:07] Using specified normalization factor: 3050.000000
INFO [2022-07-19 01:28:28] 

	STEP 04: log transformation of data

INFO [2022-07-19 01:28:28] transforming log2xplus1()
INFO [2022-07-19 01:28:31] -mirroring for hspike
INFO [2022-07-19 01:28:31] transforming log2xplus1()
INFO [2022-07-19 01:28:55] 

	STEP 08: removing average of reference data (before smoothing)

INFO [2022-07-19 01:28:55] ::subtract_ref_expr_from_obs:Start inv_log=FALSE, use_bounds=TRUE
INFO [2022-07-19 01:28:55] subtracting mean(normal) per gene per cell across all data
INFO [2022-07-19 01:28:59] -subtracting expr per gene, use_bounds=TRUE
INFO [2022-07-19 01:44:19] -mirroring for hspike
INFO [2022-07-19 01:44:19] ::subtract_ref_expr_from_obs:Start inv_log=FALSE, use_bounds=TRUE
INFO [2022-07-19 01:44:19] subtracting mean(normal) per gene per cell across all data
INFO [2022-07-19 01:44:20] -subtracting expr per gene, use_bounds=TRUE
INFO [2022-07-19 01:44:58] 

	STEP 09: apply max centered expression threshold: 3

INFO [2022-07-19 01:44:58] ::process_data:setting max centered expr, threshold set to: +/-:  3
INFO [2022-07-19 01:45:00] -mirroring for hspike
INFO [2022-07-19 01:45:00] ::process_data:setting max centered expr, threshold set to: +/-:  3
INFO [2022-07-19 01:45:37] 

	STEP 10: Smoothing data per cell by chromosome

INFO [2022-07-19 01:45:37] smooth_by_chromosome: chr: chr1
INFO [2022-07-19 01:45:50] smooth_by_chromosome: chr: chr10
INFO [2022-07-19 01:46:02] smooth_by_chromosome: chr: chr11
INFO [2022-07-19 01:46:16] smooth_by_chromosome: chr: chr12
INFO [2022-07-19 01:46:28] smooth_by_chromosome: chr: chr13
INFO [2022-07-19 01:46:39] smooth_by_chromosome: chr: chr14
INFO [2022-07-19 01:46:50] smooth_by_chromosome: chr: chr15
INFO [2022-07-19 01:47:02] smooth_by_chromosome: chr: chr16
INFO [2022-07-19 01:47:13] smooth_by_chromosome: chr: chr17
INFO [2022-07-19 01:47:26] smooth_by_chromosome: chr: chr18
INFO [2022-07-19 01:47:38] smooth_by_chromosome: chr: chr19
INFO [2022-07-19 01:47:49] smooth_by_chromosome: chr: chr2
INFO [2022-07-19 01:48:02] smooth_by_chromosome: chr: chr3
INFO [2022-07-19 01:48:14] smooth_by_chromosome: chr: chr4
INFO [2022-07-19 01:48:27] smooth_by_chromosome: chr: chr5
INFO [2022-07-19 01:48:40] smooth_by_chromosome: chr: chr6
INFO [2022-07-19 01:48:53] smooth_by_chromosome: chr: chr7
INFO [2022-07-19 01:49:07] smooth_by_chromosome: chr: chr8
INFO [2022-07-19 01:49:19] smooth_by_chromosome: chr: chr9
INFO [2022-07-19 01:49:32] -mirroring for hspike
INFO [2022-07-19 01:49:32] smooth_by_chromosome: chr: chrA
INFO [2022-07-19 01:49:32] smooth_by_chromosome: chr: chr_0
INFO [2022-07-19 01:49:32] smooth_by_chromosome: chr: chr_B
INFO [2022-07-19 01:49:32] smooth_by_chromosome: chr: chr_0pt5
INFO [2022-07-19 01:49:32] smooth_by_chromosome: chr: chr_C
INFO [2022-07-19 01:49:33] smooth_by_chromosome: chr: chr_1pt5
INFO [2022-07-19 01:49:33] smooth_by_chromosome: chr: chr_D
INFO [2022-07-19 01:49:33] smooth_by_chromosome: chr: chr_2pt0
INFO [2022-07-19 01:49:33] smooth_by_chromosome: chr: chr_E
INFO [2022-07-19 01:49:33] smooth_by_chromosome: chr: chr_3pt0
INFO [2022-07-19 01:49:34] smooth_by_chromosome: chr: chr_F
INFO [2022-07-19 01:50:11] 

	STEP 11: re-centering data across chromosome after smoothing

INFO [2022-07-19 01:50:11] ::center_smooth across chromosomes per cell
INFO [2022-07-19 01:50:22] -mirroring for hspike
INFO [2022-07-19 01:50:22] ::center_smooth across chromosomes per cell
INFO [2022-07-19 01:51:00] 

	STEP 12: removing average of reference data (after smoothing)

INFO [2022-07-19 01:51:00] ::subtract_ref_expr_from_obs:Start inv_log=FALSE, use_bounds=TRUE
INFO [2022-07-19 01:51:00] subtracting mean(normal) per gene per cell across all data
INFO [2022-07-19 01:51:04] -subtracting expr per gene, use_bounds=TRUE
INFO [2022-07-19 01:51:09] -mirroring for hspike
INFO [2022-07-19 01:51:09] ::subtract_ref_expr_from_obs:Start inv_log=FALSE, use_bounds=TRUE
INFO [2022-07-19 01:51:09] subtracting mean(normal) per gene per cell across all data
INFO [2022-07-19 01:51:10] -subtracting expr per gene, use_bounds=TRUE
INFO [2022-07-19 01:51:48] 

	STEP 14: invert log2(FC) to FC

INFO [2022-07-19 01:51:48] invert_log2(), computing 2^x
INFO [2022-07-19 01:51:53] -mirroring for hspike
INFO [2022-07-19 01:51:53] invert_log2(), computing 2^x
INFO [2022-07-19 01:52:46] 

	STEP 15: Clustering samples (not defining tumor subclusters)

INFO [2022-07-19 01:52:46] define_signif_tumor_subclusters(p_val=0.1
INFO [2022-07-19 01:52:46] define_signif_tumor_subclusters(), tumor: CD70-/-;Bcl6tg/+
INFO [2022-07-19 01:54:53] cut tree into: 1 groups
INFO [2022-07-19 01:54:53] -processing CD70-/-;Bcl6tg/+,CD70-/-;Bcl6tg/+_s1
INFO [2022-07-19 01:54:53] define_signif_tumor_subclusters(), tumor: WT
INFO [2022-07-19 05:00:56] cut tree into: 1 groups
INFO [2022-07-19 05:00:56] -processing WT,WT_s1
INFO [2022-07-19 05:00:56] -mirroring for hspike
INFO [2022-07-19 05:00:56] define_signif_tumor_subclusters(p_val=0.1
INFO [2022-07-19 05:00:56] define_signif_tumor_subclusters(), tumor: spike_tumor_cell_WT
INFO [2022-07-19 05:00:56] cut tree into: 1 groups
INFO [2022-07-19 05:00:56] -processing spike_tumor_cell_WT,spike_tumor_cell_WT_s1
INFO [2022-07-19 05:00:56] define_signif_tumor_subclusters(), tumor: simnorm_cell_WT
INFO [2022-07-19 05:00:57] cut tree into: 1 groups
INFO [2022-07-19 05:00:57] -processing simnorm_cell_WT,simnorm_cell_WT_s1
INFO [2022-07-19 05:02:44] ::plot_cnv:Start
INFO [2022-07-19 05:02:44] ::plot_cnv:Current data dimensions (r,c)=4792,16463 Total=78959820.4612711 Min=0.643408937679286 Max=1.47786009054102.
INFO [2022-07-19 05:02:45] ::plot_cnv:Depending on the size of the matrix this may take a moment.
INFO [2022-07-19 05:04:04] plot_cnv(): auto thresholding at: (0.890341 , 1.111411)
INFO [2022-07-19 05:04:06] plot_cnv_observation:Start
INFO [2022-07-19 05:04:06] Observation data size: Cells= 2052 Genes= 4792
INFO [2022-07-19 05:04:06] plot_cnv_observation:Writing observation groupings/color.
INFO [2022-07-19 05:04:06] plot_cnv_observation:Done writing observation groupings/color.
INFO [2022-07-19 05:04:06] plot_cnv_observation:Writing observation heatmap thresholds.
INFO [2022-07-19 05:04:07] plot_cnv_observation:Done writing observation heatmap thresholds.
INFO [2022-07-19 05:04:08] Colors for breaks:  #00008B,#24249B,#4848AB,#6D6DBC,#9191CC,#B6B6DD,#DADAEE,#FFFFFF,#EEDADA,#DDB6B6,#CC9191,#BC6D6D,#AB4848,#9B2424,#8B0000
INFO [2022-07-19 05:04:08] Quantiles of plotted data range: 0.890341352465376,0.971933147039279,0.998900458538275,1.02760099121244,1.11141105852289
INFO [2022-07-19 05:04:10] plot_cnv_observations:Writing observation data to ./data/infercnv/inferCNV_out_new/Pool105_32//infercnv.preliminary.observations.txt
INFO [2022-07-19 05:04:20] plot_cnv_references:Start
INFO [2022-07-19 05:04:20] Reference data size: Cells= 14411 Genes= 4792
INFO [2022-07-19 07:04:57] plot_cnv_references:Number reference groups= 1
INFO [2022-07-19 07:04:58] plot_cnv_references:Plotting heatmap.
INFO [2022-07-19 07:05:09] Colors for breaks:  #00008B,#24249B,#4848AB,#6D6DBC,#9191CC,#B6B6DD,#DADAEE,#FFFFFF,#EEDADA,#DDB6B6,#CC9191,#BC6D6D,#AB4848,#9B2424,#8B0000
INFO [2022-07-19 07:05:09] Quantiles of plotted data range: 0.890341352465376,0.973460516291642,0.998906847858848,1.02599834835754,1.11141105852289
INFO [2022-07-19 07:05:15] plot_cnv_references:Writing reference data to ./data/infercnv/inferCNV_out_new/Pool105_32//infercnv.preliminary.references.txt
INFO [2022-07-19 07:06:23] 

	STEP 17: HMM-based CNV prediction

INFO [2022-07-19 07:06:23] predict_CNV_via_HMM_on_whole_tumor_samples
INFO [2022-07-19 07:06:24] -done predicting CNV based on initial tumor subclusters
INFO [2022-07-19 07:06:24] get_predicted_CNV_regions(subcluster)
INFO [2022-07-19 07:06:24] -processing cell_group_name: CD70-/-;Bcl6tg/+.CD70-/-;Bcl6tg/+_s1, size: 2052
INFO [2022-07-19 07:06:35] -processing cell_group_name: WT.WT_s1, size: 14411
INFO [2022-07-19 07:07:22] -writing cell clusters file: ./data/infercnv/inferCNV_out_new/Pool105_32//17_HMM_predHMMi6.hmm_mode-samples.cell_groupings
INFO [2022-07-19 07:07:22] -writing cnv regions file: ./data/infercnv/inferCNV_out_new/Pool105_32//17_HMM_predHMMi6.hmm_mode-samples.pred_cnv_regions.dat
INFO [2022-07-19 07:07:22] -writing per-gene cnv report: ./data/infercnv/inferCNV_out_new/Pool105_32//17_HMM_predHMMi6.hmm_mode-samples.pred_cnv_genes.dat
INFO [2022-07-19 07:07:22] -writing gene ordering info: ./data/infercnv/inferCNV_out_new/Pool105_32//17_HMM_predHMMi6.hmm_mode-samples.genes_used.dat
INFO [2022-07-19 07:07:40] ::plot_cnv:Start
INFO [2022-07-19 07:07:40] ::plot_cnv:Current data dimensions (r,c)=4792,16463 Total=236672088 Min=3 Max=3.
INFO [2022-07-19 07:07:40] ::plot_cnv:Depending on the size of the matrix this may take a moment.
INFO [2022-07-19 07:08:44] plot_cnv_observation:Start
INFO [2022-07-19 07:08:44] Observation data size: Cells= 2052 Genes= 4792
INFO [2022-07-19 07:08:44] plot_cnv_observation:Writing observation groupings/color.
INFO [2022-07-19 07:08:44] plot_cnv_observation:Done writing observation groupings/color.
INFO [2022-07-19 07:08:44] plot_cnv_observation:Writing observation heatmap thresholds.
INFO [2022-07-19 07:08:44] plot_cnv_observation:Done writing observation heatmap thresholds.
INFO [2022-07-19 07:08:46] Colors for breaks:  #00008B,#24249B,#4848AB,#6D6DBC,#9191CC,#B6B6DD,#DADAEE,#FFFFFF,#EEDADA,#DDB6B6,#CC9191,#BC6D6D,#AB4848,#9B2424,#8B0000
INFO [2022-07-19 07:08:46] Quantiles of plotted data range: 3,3,3,3,3
INFO [2022-07-19 07:08:47] plot_cnv_observations:Writing observation data to ./data/infercnv/inferCNV_out_new/Pool105_32//infercnv.17_HMM_predHMMi6.hmm_mode-samples.observations.txt
INFO [2022-07-19 07:08:55] plot_cnv_references:Start
INFO [2022-07-19 07:08:55] Reference data size: Cells= 14411 Genes= 4792
INFO [2022-07-19 09:08:48] plot_cnv_references:Number reference groups= 1
INFO [2022-07-19 09:08:49] plot_cnv_references:Plotting heatmap.
INFO [2022-07-19 09:09:01] Colors for breaks:  #00008B,#24249B,#4848AB,#6D6DBC,#9191CC,#B6B6DD,#DADAEE,#FFFFFF,#EEDADA,#DDB6B6,#CC9191,#BC6D6D,#AB4848,#9B2424,#8B0000
INFO [2022-07-19 09:09:01] Quantiles of plotted data range: 3,3,3,3,3
INFO [2022-07-19 09:09:06] plot_cnv_references:Writing reference data to ./data/infercnv/inferCNV_out_new/Pool105_32//infercnv.17_HMM_predHMMi6.hmm_mode-samples.references.txt
INFO [2022-07-19 09:10:07] 

	STEP 20: Converting HMM-based CNV states to repr expr vals

INFO [2022-07-19 09:10:26] ::plot_cnv:Start
INFO [2022-07-19 09:10:26] ::plot_cnv:Current data dimensions (r,c)=4792,16463 Total=78890696 Min=1 Max=1.
INFO [2022-07-19 09:10:26] ::plot_cnv:Depending on the size of the matrix this may take a moment.
INFO [2022-07-19 09:11:30] plot_cnv_observation:Start
INFO [2022-07-19 09:11:30] Observation data size: Cells= 2052 Genes= 4792
INFO [2022-07-19 09:11:30] plot_cnv_observation:Writing observation groupings/color.
INFO [2022-07-19 09:11:30] plot_cnv_observation:Done writing observation groupings/color.
INFO [2022-07-19 09:11:30] plot_cnv_observation:Writing observation heatmap thresholds.
INFO [2022-07-19 09:11:30] plot_cnv_observation:Done writing observation heatmap thresholds.
INFO [2022-07-19 09:11:32] Colors for breaks:  #00008B,#24249B,#4848AB,#6D6DBC,#9191CC,#B6B6DD,#DADAEE,#FFFFFF,#EEDADA,#DDB6B6,#CC9191,#BC6D6D,#AB4848,#9B2424,#8B0000
INFO [2022-07-19 09:11:32] Quantiles of plotted data range: 1,1,1,1,1
INFO [2022-07-19 09:11:33] plot_cnv_observations:Writing observation data to ./data/infercnv/inferCNV_out_new/Pool105_32//infercnv.20_HMM_predHMMi6.hmm_mode-samples.Pnorm_0.5.repr_intensities.observations.txt
INFO [2022-07-19 09:11:41] plot_cnv_references:Start
INFO [2022-07-19 09:11:41] Reference data size: Cells= 14411 Genes= 4792
INFO [2022-07-19 11:11:39] plot_cnv_references:Number reference groups= 1
INFO [2022-07-19 11:11:39] plot_cnv_references:Plotting heatmap.
INFO [2022-07-19 11:11:51] Colors for breaks:  #00008B,#24249B,#4848AB,#6D6DBC,#9191CC,#B6B6DD,#DADAEE,#FFFFFF,#EEDADA,#DDB6B6,#CC9191,#BC6D6D,#AB4848,#9B2424,#8B0000
INFO [2022-07-19 11:11:51] Quantiles of plotted data range: 1,1,1,1,1
INFO [2022-07-19 11:11:56] plot_cnv_references:Writing reference data to ./data/infercnv/inferCNV_out_new/Pool105_32//infercnv.20_HMM_predHMMi6.hmm_mode-samples.Pnorm_0.5.repr_intensities.references.txt
INFO [2022-07-19 11:12:50] 

	STEP 22: Denoising

INFO [2022-07-19 11:12:50] ::process_data:Remove noise, noise threshold defined via ref mean sd_amplifier:  1.5
INFO [2022-07-19 11:12:50] denoising using mean(normal) +- sd_amplifier * sd(normal) per gene per cell across all data
INFO [2022-07-19 11:12:52] :: **** clear_noise_via_ref_quantiles **** : removing noise between bounds:  0.939841558634227 - 1.06185368661506
INFO [2022-07-19 11:13:30] 

## Making the final infercnv heatmap ##
INFO [2022-07-19 11:13:30] ::plot_cnv:Start
INFO [2022-07-19 11:13:30] ::plot_cnv:Current data dimensions (r,c)=4792,16463 Total=79090865.9373489 Min=0.643408937679286 Max=1.47786009054102.
INFO [2022-07-19 11:13:31] ::plot_cnv:Depending on the size of the matrix this may take a moment.
INFO [2022-07-19 11:14:44] plot_cnv(): auto thresholding at: (0.888589 , 1.111411)
INFO [2022-07-19 11:14:46] plot_cnv_observation:Start
INFO [2022-07-19 11:14:46] Observation data size: Cells= 2052 Genes= 4792
INFO [2022-07-19 11:14:46] plot_cnv_observation:Writing observation groupings/color.
INFO [2022-07-19 11:14:46] plot_cnv_observation:Done writing observation groupings/color.
INFO [2022-07-19 11:14:46] plot_cnv_observation:Writing observation heatmap thresholds.
INFO [2022-07-19 11:14:46] plot_cnv_observation:Done writing observation heatmap thresholds.
INFO [2022-07-19 11:14:47] Colors for breaks:  #00008B,#24249B,#4848AB,#6D6DBC,#9191CC,#B6B6DD,#DADAEE,#FFFFFF,#EEDADA,#DDB6B6,#CC9191,#BC6D6D,#AB4848,#9B2424,#8B0000
INFO [2022-07-19 11:14:47] Quantiles of plotted data range: 0.888588941477111,1.00084762262465,1.00084762262465,1.00084762262465,1.11141105852289
INFO [2022-07-19 11:14:49] plot_cnv_observations:Writing observation data to ./data/infercnv/inferCNV_out_new/Pool105_32//infercnv.observations.txt
INFO [2022-07-19 11:14:58] plot_cnv_references:Start
INFO [2022-07-19 11:14:58] Reference data size: Cells= 14411 Genes= 4792
INFO [2022-07-19 13:15:19] plot_cnv_references:Number reference groups= 1
INFO [2022-07-19 13:15:19] plot_cnv_references:Plotting heatmap.
INFO [2022-07-19 13:15:30] Colors for breaks:  #00008B,#24249B,#4848AB,#6D6DBC,#9191CC,#B6B6DD,#DADAEE,#FFFFFF,#EEDADA,#DDB6B6,#CC9191,#BC6D6D,#AB4848,#9B2424,#8B0000
INFO [2022-07-19 13:15:30] Quantiles of plotted data range: 0.888588941477111,1.00084762262465,1.00084762262465,1.00084762262465,1.11141105852289
INFO [2022-07-19 13:15:36] plot_cnv_references:Writing reference data to ./data/infercnv/inferCNV_out_new/Pool105_32//infercnv.references.txt
