[1] "/liulab/galib/mouse_scRNAseq_margaret/data/infercnv/inferCNV_out_new/6mos"
Warning message:
package ‘rBCS’ was built under R version 4.1.3 
── Attaching packages ─────────────────────────────────────── tidyverse 1.3.1 ──
✔ ggplot2 3.3.6     ✔ purrr   0.3.4
✔ tibble  3.1.7     ✔ dplyr   1.0.9
✔ tidyr   1.2.0     ✔ stringr 1.4.0
✔ readr   2.1.2     ✔ forcats 0.5.1
── Conflicts ────────────────────────────────────────── tidyverse_conflicts() ──
✖ dplyr::filter() masks stats::filter()
✖ dplyr::lag()    masks stats::lag()
Warning messages:
1: package ‘tidyverse’ was built under R version 4.1.3 
2: package ‘ggplot2’ was built under R version 4.1.3 
3: package ‘tibble’ was built under R version 4.1.3 
4: package ‘tidyr’ was built under R version 4.1.2 
5: package ‘readr’ was built under R version 4.1.2 
6: package ‘dplyr’ was built under R version 4.1.3 
7: package ‘forcats’ was built under R version 4.1.3 
Attaching SeuratObject
Attaching sp
Warning message:
package ‘Seurat’ was built under R version 4.1.3 
here() starts at /liulab/galib/mouse_scRNAseq_margaret
Loading required package: usethis
Warning message:
package ‘ggpubr’ was built under R version 4.1.3 
Warning message:
package ‘infercnv’ was built under R version 4.1.3 
[1]  32285 176583
Rows: 55228 Columns: 4
── Column specification ────────────────────────────────────────────────────────
Delimiter: "\t"
chr (2): X1, X2
dbl (2): X3, X4

ℹ Use `spec()` to retrieve the full column specification for this data.
ℹ Specify the column types or set `show_col_types = FALSE` to quiet this message.
[1] 12
INFO [2022-07-18 08:45:05] Parsing gene order file: ./data/infercnv/gene_order_file.txt
INFO [2022-07-18 08:45:05] ::order_reduce:Start.
INFO [2022-07-18 08:45:12] .order_reduce(): expr and order match.
INFO [2022-07-18 08:45:49] ::process_data:order_reduce:Reduction from positional data, new dimensions (r,c) = 32285,176583 Total=901670571 Min=0 Max=21505.
INFO [2022-07-18 08:45:50] num genes removed taking into account provided gene ordering list: 1949 = 6.03685922254917% removed.
INFO [2022-07-18 08:45:51] -filtering out cells < 100 or > Inf, removing 0 % of cells
INFO [2022-07-18 08:46:00] validating infercnv_obj
INFO [2022-07-18 08:46:00] ::process_data:Start
INFO [2022-07-18 08:46:00] Creating output path ./data/infercnv/inferCNV_out_new/Pool105_26/
INFO [2022-07-18 08:46:00] Checking for saved results.
INFO [2022-07-18 08:46:00] 

	STEP 1: incoming data

INFO [2022-07-18 08:46:22] 

	STEP 02: Removing lowly expressed genes

INFO [2022-07-18 08:46:22] ::above_min_mean_expr_cutoff:Start
INFO [2022-07-18 08:46:23] Removing 25570 genes from matrix as below mean expr threshold: 0.1
INFO [2022-07-18 08:46:24] validating infercnv_obj
INFO [2022-07-18 08:46:24] There are 4766 genes and 16589 cells remaining in the expr matrix.
INFO [2022-07-18 08:46:30] no genes removed due to min cells/gene filter
INFO [2022-07-18 08:46:51] 

	STEP 03: normalization by sequencing depth

INFO [2022-07-18 08:46:51] normalizing counts matrix by depth
INFO [2022-07-18 08:46:57] Computed total sum normalization factor as median libsize: 3092.000000
INFO [2022-07-18 08:46:57] Adding h-spike
INFO [2022-07-18 08:46:57] -hspike modeling of WT
INFO [2022-07-18 08:47:52] validating infercnv_obj
INFO [2022-07-18 08:47:52] normalizing counts matrix by depth
INFO [2022-07-18 08:47:52] Using specified normalization factor: 3092.000000
INFO [2022-07-18 08:48:13] 

	STEP 04: log transformation of data

INFO [2022-07-18 08:48:13] transforming log2xplus1()
INFO [2022-07-18 08:48:16] -mirroring for hspike
INFO [2022-07-18 08:48:16] transforming log2xplus1()
INFO [2022-07-18 08:48:39] 

	STEP 08: removing average of reference data (before smoothing)

INFO [2022-07-18 08:48:39] ::subtract_ref_expr_from_obs:Start inv_log=FALSE, use_bounds=TRUE
INFO [2022-07-18 08:48:39] subtracting mean(normal) per gene per cell across all data
INFO [2022-07-18 08:48:43] -subtracting expr per gene, use_bounds=TRUE
INFO [2022-07-18 09:02:14] -mirroring for hspike
INFO [2022-07-18 09:02:14] ::subtract_ref_expr_from_obs:Start inv_log=FALSE, use_bounds=TRUE
INFO [2022-07-18 09:02:14] subtracting mean(normal) per gene per cell across all data
INFO [2022-07-18 09:02:16] -subtracting expr per gene, use_bounds=TRUE
INFO [2022-07-18 09:02:53] 

	STEP 09: apply max centered expression threshold: 3

INFO [2022-07-18 09:02:53] ::process_data:setting max centered expr, threshold set to: +/-:  3
INFO [2022-07-18 09:02:54] -mirroring for hspike
INFO [2022-07-18 09:02:54] ::process_data:setting max centered expr, threshold set to: +/-:  3
INFO [2022-07-18 09:03:30] 

	STEP 10: Smoothing data per cell by chromosome

INFO [2022-07-18 09:03:30] smooth_by_chromosome: chr: chr1
INFO [2022-07-18 09:03:43] smooth_by_chromosome: chr: chr10
INFO [2022-07-18 09:03:54] smooth_by_chromosome: chr: chr11
INFO [2022-07-18 09:04:07] smooth_by_chromosome: chr: chr12
INFO [2022-07-18 09:04:19] smooth_by_chromosome: chr: chr13
INFO [2022-07-18 09:04:30] smooth_by_chromosome: chr: chr14
INFO [2022-07-18 09:04:41] smooth_by_chromosome: chr: chr15
INFO [2022-07-18 09:04:52] smooth_by_chromosome: chr: chr16
INFO [2022-07-18 09:05:03] smooth_by_chromosome: chr: chr17
INFO [2022-07-18 09:05:15] smooth_by_chromosome: chr: chr18
INFO [2022-07-18 09:05:27] smooth_by_chromosome: chr: chr19
INFO [2022-07-18 09:05:37] smooth_by_chromosome: chr: chr2
INFO [2022-07-18 09:05:50] smooth_by_chromosome: chr: chr3
INFO [2022-07-18 09:06:02] smooth_by_chromosome: chr: chr4
INFO [2022-07-18 09:06:14] smooth_by_chromosome: chr: chr5
INFO [2022-07-18 09:06:27] smooth_by_chromosome: chr: chr6
INFO [2022-07-18 09:06:39] smooth_by_chromosome: chr: chr7
INFO [2022-07-18 09:06:53] smooth_by_chromosome: chr: chr8
INFO [2022-07-18 09:07:05] smooth_by_chromosome: chr: chr9
INFO [2022-07-18 09:07:17] -mirroring for hspike
INFO [2022-07-18 09:07:17] smooth_by_chromosome: chr: chrA
INFO [2022-07-18 09:07:17] smooth_by_chromosome: chr: chr_0
INFO [2022-07-18 09:07:18] smooth_by_chromosome: chr: chr_B
INFO [2022-07-18 09:07:18] smooth_by_chromosome: chr: chr_0pt5
INFO [2022-07-18 09:07:18] smooth_by_chromosome: chr: chr_C
INFO [2022-07-18 09:07:18] smooth_by_chromosome: chr: chr_1pt5
INFO [2022-07-18 09:07:18] smooth_by_chromosome: chr: chr_D
INFO [2022-07-18 09:07:18] smooth_by_chromosome: chr: chr_2pt0
INFO [2022-07-18 09:07:19] smooth_by_chromosome: chr: chr_E
INFO [2022-07-18 09:07:19] smooth_by_chromosome: chr: chr_3pt0
INFO [2022-07-18 09:07:19] smooth_by_chromosome: chr: chr_F
INFO [2022-07-18 09:07:57] 

	STEP 11: re-centering data across chromosome after smoothing

INFO [2022-07-18 09:07:57] ::center_smooth across chromosomes per cell
INFO [2022-07-18 09:08:08] -mirroring for hspike
INFO [2022-07-18 09:08:08] ::center_smooth across chromosomes per cell
INFO [2022-07-18 09:08:45] 

	STEP 12: removing average of reference data (after smoothing)

INFO [2022-07-18 09:08:45] ::subtract_ref_expr_from_obs:Start inv_log=FALSE, use_bounds=TRUE
INFO [2022-07-18 09:08:45] subtracting mean(normal) per gene per cell across all data
INFO [2022-07-18 09:08:48] -subtracting expr per gene, use_bounds=TRUE
INFO [2022-07-18 09:08:53] -mirroring for hspike
INFO [2022-07-18 09:08:53] ::subtract_ref_expr_from_obs:Start inv_log=FALSE, use_bounds=TRUE
INFO [2022-07-18 09:08:53] subtracting mean(normal) per gene per cell across all data
INFO [2022-07-18 09:08:54] -subtracting expr per gene, use_bounds=TRUE
INFO [2022-07-18 09:09:31] 

	STEP 14: invert log2(FC) to FC

INFO [2022-07-18 09:09:31] invert_log2(), computing 2^x
INFO [2022-07-18 09:09:36] -mirroring for hspike
INFO [2022-07-18 09:09:36] invert_log2(), computing 2^x
INFO [2022-07-18 09:10:29] 

	STEP 15: Clustering samples (not defining tumor subclusters)

INFO [2022-07-18 09:10:29] define_signif_tumor_subclusters(p_val=0.1
INFO [2022-07-18 09:10:29] define_signif_tumor_subclusters(), tumor: Bcl6tg/+
INFO [2022-07-18 09:13:24] cut tree into: 1 groups
INFO [2022-07-18 09:13:24] -processing Bcl6tg/+,Bcl6tg/+_s1
INFO [2022-07-18 09:13:24] define_signif_tumor_subclusters(), tumor: WT
INFO [2022-07-18 12:05:37] cut tree into: 1 groups
INFO [2022-07-18 12:05:37] -processing WT,WT_s1
INFO [2022-07-18 12:05:37] -mirroring for hspike
INFO [2022-07-18 12:05:37] define_signif_tumor_subclusters(p_val=0.1
INFO [2022-07-18 12:05:37] define_signif_tumor_subclusters(), tumor: spike_tumor_cell_WT
INFO [2022-07-18 12:05:37] cut tree into: 1 groups
INFO [2022-07-18 12:05:37] -processing spike_tumor_cell_WT,spike_tumor_cell_WT_s1
INFO [2022-07-18 12:05:37] define_signif_tumor_subclusters(), tumor: simnorm_cell_WT
INFO [2022-07-18 12:05:38] cut tree into: 1 groups
INFO [2022-07-18 12:05:38] -processing simnorm_cell_WT,simnorm_cell_WT_s1
INFO [2022-07-18 12:07:20] ::plot_cnv:Start
INFO [2022-07-18 12:07:20] ::plot_cnv:Current data dimensions (r,c)=4766,16589 Total=79130140.0099143 Min=0.639282335408853 Max=1.48418759350405.
INFO [2022-07-18 12:07:21] ::plot_cnv:Depending on the size of the matrix this may take a moment.
INFO [2022-07-18 12:08:36] plot_cnv(): auto thresholding at: (0.890419 , 1.111275)
INFO [2022-07-18 12:08:38] plot_cnv_observation:Start
INFO [2022-07-18 12:08:38] Observation data size: Cells= 2178 Genes= 4766
INFO [2022-07-18 12:08:38] plot_cnv_observation:Writing observation groupings/color.
INFO [2022-07-18 12:08:39] plot_cnv_observation:Done writing observation groupings/color.
INFO [2022-07-18 12:08:39] plot_cnv_observation:Writing observation heatmap thresholds.
INFO [2022-07-18 12:08:39] plot_cnv_observation:Done writing observation heatmap thresholds.
INFO [2022-07-18 12:08:41] Colors for breaks:  #00008B,#24249B,#4848AB,#6D6DBC,#9191CC,#B6B6DD,#DADAEE,#FFFFFF,#EEDADA,#DDB6B6,#CC9191,#BC6D6D,#AB4848,#9B2424,#8B0000
INFO [2022-07-18 12:08:41] Quantiles of plotted data range: 0.890418847195005,0.973750154903595,0.998897837432306,1.02563358351393,1.11127514019574
INFO [2022-07-18 12:08:43] plot_cnv_observations:Writing observation data to ./data/infercnv/inferCNV_out_new/Pool105_26//infercnv.preliminary.observations.txt
INFO [2022-07-18 12:08:53] plot_cnv_references:Start
INFO [2022-07-18 12:08:53] Reference data size: Cells= 14411 Genes= 4766
INFO [2022-07-18 15:04:40] plot_cnv_references:Number reference groups= 1
INFO [2022-07-18 15:04:41] plot_cnv_references:Plotting heatmap.
INFO [2022-07-18 15:04:56] Colors for breaks:  #00008B,#24249B,#4848AB,#6D6DBC,#9191CC,#B6B6DD,#DADAEE,#FFFFFF,#EEDADA,#DDB6B6,#CC9191,#BC6D6D,#AB4848,#9B2424,#8B0000
INFO [2022-07-18 15:04:56] Quantiles of plotted data range: 0.890418847195005,0.973194564776283,0.998899181608412,1.02627696211028,1.11127514019574
INFO [2022-07-18 15:05:03] plot_cnv_references:Writing reference data to ./data/infercnv/inferCNV_out_new/Pool105_26//infercnv.preliminary.references.txt
INFO [2022-07-18 15:06:11] 

	STEP 17: HMM-based CNV prediction

INFO [2022-07-18 15:06:11] predict_CNV_via_HMM_on_whole_tumor_samples
INFO [2022-07-18 15:06:14] -done predicting CNV based on initial tumor subclusters
INFO [2022-07-18 15:06:14] get_predicted_CNV_regions(subcluster)
INFO [2022-07-18 15:06:14] -processing cell_group_name: Bcl6tg/+.Bcl6tg/+_s1, size: 2178
INFO [2022-07-18 15:06:23] -processing cell_group_name: WT.WT_s1, size: 14411
INFO [2022-07-18 15:07:09] -writing cell clusters file: ./data/infercnv/inferCNV_out_new/Pool105_26//17_HMM_predHMMi6.hmm_mode-samples.cell_groupings
INFO [2022-07-18 15:07:09] -writing cnv regions file: ./data/infercnv/inferCNV_out_new/Pool105_26//17_HMM_predHMMi6.hmm_mode-samples.pred_cnv_regions.dat
INFO [2022-07-18 15:07:09] -writing per-gene cnv report: ./data/infercnv/inferCNV_out_new/Pool105_26//17_HMM_predHMMi6.hmm_mode-samples.pred_cnv_genes.dat
INFO [2022-07-18 15:07:09] -writing gene ordering info: ./data/infercnv/inferCNV_out_new/Pool105_26//17_HMM_predHMMi6.hmm_mode-samples.genes_used.dat
INFO [2022-07-18 15:07:25] ::plot_cnv:Start
INFO [2022-07-18 15:07:25] ::plot_cnv:Current data dimensions (r,c)=4766,16589 Total=237189522 Min=3 Max=3.
INFO [2022-07-18 15:07:26] ::plot_cnv:Depending on the size of the matrix this may take a moment.
INFO [2022-07-18 15:08:27] plot_cnv_observation:Start
INFO [2022-07-18 15:08:27] Observation data size: Cells= 2178 Genes= 4766
INFO [2022-07-18 15:08:27] plot_cnv_observation:Writing observation groupings/color.
INFO [2022-07-18 15:08:27] plot_cnv_observation:Done writing observation groupings/color.
INFO [2022-07-18 15:08:27] plot_cnv_observation:Writing observation heatmap thresholds.
INFO [2022-07-18 15:08:27] plot_cnv_observation:Done writing observation heatmap thresholds.
INFO [2022-07-18 15:08:29] Colors for breaks:  #00008B,#24249B,#4848AB,#6D6DBC,#9191CC,#B6B6DD,#DADAEE,#FFFFFF,#EEDADA,#DDB6B6,#CC9191,#BC6D6D,#AB4848,#9B2424,#8B0000
INFO [2022-07-18 15:08:29] Quantiles of plotted data range: 3,3,3,3,3
INFO [2022-07-18 15:08:31] plot_cnv_observations:Writing observation data to ./data/infercnv/inferCNV_out_new/Pool105_26//infercnv.17_HMM_predHMMi6.hmm_mode-samples.observations.txt
INFO [2022-07-18 15:08:39] plot_cnv_references:Start
INFO [2022-07-18 15:08:39] Reference data size: Cells= 14411 Genes= 4766
INFO [2022-07-18 18:00:21] plot_cnv_references:Number reference groups= 1
INFO [2022-07-18 18:00:22] plot_cnv_references:Plotting heatmap.
INFO [2022-07-18 18:00:37] Colors for breaks:  #00008B,#24249B,#4848AB,#6D6DBC,#9191CC,#B6B6DD,#DADAEE,#FFFFFF,#EEDADA,#DDB6B6,#CC9191,#BC6D6D,#AB4848,#9B2424,#8B0000
INFO [2022-07-18 18:00:37] Quantiles of plotted data range: 3,3,3,3,3
INFO [2022-07-18 18:00:43] plot_cnv_references:Writing reference data to ./data/infercnv/inferCNV_out_new/Pool105_26//infercnv.17_HMM_predHMMi6.hmm_mode-samples.references.txt
INFO [2022-07-18 18:01:43] 

	STEP 20: Converting HMM-based CNV states to repr expr vals

INFO [2022-07-18 18:02:02] ::plot_cnv:Start
INFO [2022-07-18 18:02:02] ::plot_cnv:Current data dimensions (r,c)=4766,16589 Total=79063174 Min=1 Max=1.
INFO [2022-07-18 18:02:02] ::plot_cnv:Depending on the size of the matrix this may take a moment.
INFO [2022-07-18 18:03:04] plot_cnv_observation:Start
INFO [2022-07-18 18:03:04] Observation data size: Cells= 2178 Genes= 4766
INFO [2022-07-18 18:03:04] plot_cnv_observation:Writing observation groupings/color.
INFO [2022-07-18 18:03:04] plot_cnv_observation:Done writing observation groupings/color.
INFO [2022-07-18 18:03:04] plot_cnv_observation:Writing observation heatmap thresholds.
INFO [2022-07-18 18:03:04] plot_cnv_observation:Done writing observation heatmap thresholds.
INFO [2022-07-18 18:03:06] Colors for breaks:  #00008B,#24249B,#4848AB,#6D6DBC,#9191CC,#B6B6DD,#DADAEE,#FFFFFF,#EEDADA,#DDB6B6,#CC9191,#BC6D6D,#AB4848,#9B2424,#8B0000
INFO [2022-07-18 18:03:06] Quantiles of plotted data range: 1,1,1,1,1
INFO [2022-07-18 18:03:08] plot_cnv_observations:Writing observation data to ./data/infercnv/inferCNV_out_new/Pool105_26//infercnv.20_HMM_predHMMi6.hmm_mode-samples.Pnorm_0.5.repr_intensities.observations.txt
INFO [2022-07-18 18:03:15] plot_cnv_references:Start
INFO [2022-07-18 18:03:15] Reference data size: Cells= 14411 Genes= 4766
INFO [2022-07-18 20:54:54] plot_cnv_references:Number reference groups= 1
INFO [2022-07-18 20:54:55] plot_cnv_references:Plotting heatmap.
INFO [2022-07-18 20:55:10] Colors for breaks:  #00008B,#24249B,#4848AB,#6D6DBC,#9191CC,#B6B6DD,#DADAEE,#FFFFFF,#EEDADA,#DDB6B6,#CC9191,#BC6D6D,#AB4848,#9B2424,#8B0000
INFO [2022-07-18 20:55:10] Quantiles of plotted data range: 1,1,1,1,1
INFO [2022-07-18 20:55:17] plot_cnv_references:Writing reference data to ./data/infercnv/inferCNV_out_new/Pool105_26//infercnv.20_HMM_predHMMi6.hmm_mode-samples.Pnorm_0.5.repr_intensities.references.txt
INFO [2022-07-18 20:56:13] 

	STEP 22: Denoising

INFO [2022-07-18 20:56:13] ::process_data:Remove noise, noise threshold defined via ref mean sd_amplifier:  1.5
INFO [2022-07-18 20:56:13] denoising using mean(normal) +- sd_amplifier * sd(normal) per gene per cell across all data
INFO [2022-07-18 20:56:16] :: **** clear_noise_via_ref_quantiles **** : removing noise between bounds:  0.93921614611338 - 1.06251489328295
INFO [2022-07-18 20:56:55] 

## Making the final infercnv heatmap ##
INFO [2022-07-18 20:56:56] ::plot_cnv:Start
INFO [2022-07-18 20:56:56] ::plot_cnv:Current data dimensions (r,c)=4766,16589 Total=79262668.5919444 Min=0.639282335408853 Max=1.48418759350405.
INFO [2022-07-18 20:56:57] ::plot_cnv:Depending on the size of the matrix this may take a moment.
INFO [2022-07-18 20:58:12] plot_cnv(): auto thresholding at: (0.888725 , 1.111275)
INFO [2022-07-18 20:58:14] plot_cnv_observation:Start
INFO [2022-07-18 20:58:14] Observation data size: Cells= 2178 Genes= 4766
INFO [2022-07-18 20:58:14] plot_cnv_observation:Writing observation groupings/color.
INFO [2022-07-18 20:58:14] plot_cnv_observation:Done writing observation groupings/color.
INFO [2022-07-18 20:58:14] plot_cnv_observation:Writing observation heatmap thresholds.
INFO [2022-07-18 20:58:15] plot_cnv_observation:Done writing observation heatmap thresholds.
INFO [2022-07-18 20:58:17] Colors for breaks:  #00008B,#24249B,#4848AB,#6D6DBC,#9191CC,#B6B6DD,#DADAEE,#FFFFFF,#EEDADA,#DDB6B6,#CC9191,#BC6D6D,#AB4848,#9B2424,#8B0000
INFO [2022-07-18 20:58:17] Quantiles of plotted data range: 0.888724859804257,1.00086551969817,1.00086551969817,1.00086551969817,1.11127514019574
INFO [2022-07-18 20:58:19] plot_cnv_observations:Writing observation data to ./data/infercnv/inferCNV_out_new/Pool105_26//infercnv.observations.txt
INFO [2022-07-18 20:58:28] plot_cnv_references:Start
INFO [2022-07-18 20:58:28] Reference data size: Cells= 14411 Genes= 4766
INFO [2022-07-18 23:55:35] plot_cnv_references:Number reference groups= 1
INFO [2022-07-18 23:55:35] plot_cnv_references:Plotting heatmap.
INFO [2022-07-18 23:55:50] Colors for breaks:  #00008B,#24249B,#4848AB,#6D6DBC,#9191CC,#B6B6DD,#DADAEE,#FFFFFF,#EEDADA,#DDB6B6,#CC9191,#BC6D6D,#AB4848,#9B2424,#8B0000
INFO [2022-07-18 23:55:50] Quantiles of plotted data range: 0.888724859804257,1.00086551969817,1.00086551969817,1.00086551969817,1.11127514019574
INFO [2022-07-18 23:55:57] plot_cnv_references:Writing reference data to ./data/infercnv/inferCNV_out_new/Pool105_26//infercnv.references.txt
