[1] "/liulab/galib/mouse_scRNAseq_margaret/data/infercnv/inferCNV_out_new/18mos"
Warning message:
package ‘rBCS’ was built under R version 4.1.3 
── Attaching packages ─────────────────────────────────────── tidyverse 1.3.1 ──
✔ ggplot2 3.3.6     ✔ purrr   0.3.4
✔ tibble  3.1.7     ✔ dplyr   1.0.9
✔ tidyr   1.2.0     ✔ stringr 1.4.0
✔ readr   2.1.2     ✔ forcats 0.5.1
── Conflicts ────────────────────────────────────────── tidyverse_conflicts() ──
✖ dplyr::filter() masks stats::filter()
✖ dplyr::lag()    masks stats::lag()
Warning messages:
1: package ‘tidyverse’ was built under R version 4.1.3 
2: package ‘ggplot2’ was built under R version 4.1.3 
3: package ‘tibble’ was built under R version 4.1.3 
4: package ‘tidyr’ was built under R version 4.1.2 
5: package ‘readr’ was built under R version 4.1.2 
6: package ‘dplyr’ was built under R version 4.1.3 
7: package ‘forcats’ was built under R version 4.1.3 
Attaching SeuratObject
Attaching sp
Warning message:
package ‘Seurat’ was built under R version 4.1.3 
here() starts at /liulab/galib/mouse_scRNAseq_margaret
Loading required package: usethis
Warning message:
package ‘ggpubr’ was built under R version 4.1.3 
Warning message:
package ‘infercnv’ was built under R version 4.1.3 
[1]  32285 176583
Rows: 55228 Columns: 4
── Column specification ────────────────────────────────────────────────────────
Delimiter: "\t"
chr (2): X1, X2
dbl (2): X3, X4

ℹ Use `spec()` to retrieve the full column specification for this data.
ℹ Specify the column types or set `show_col_types = FALSE` to quiet this message.
[1] 15
INFO [2022-07-20 16:43:06] Parsing gene order file: ./data/infercnv/gene_order_file.txt
INFO [2022-07-20 16:43:06] ::order_reduce:Start.
INFO [2022-07-20 16:43:12] .order_reduce(): expr and order match.
INFO [2022-07-20 16:43:42] ::process_data:order_reduce:Reduction from positional data, new dimensions (r,c) = 32285,176583 Total=901670571 Min=0 Max=21505.
INFO [2022-07-20 16:43:44] num genes removed taking into account provided gene ordering list: 1949 = 6.03685922254917% removed.
INFO [2022-07-20 16:43:45] -filtering out cells < 100 or > Inf, removing 0 % of cells
INFO [2022-07-20 16:43:52] validating infercnv_obj
INFO [2022-07-20 16:43:52] ::process_data:Start
INFO [2022-07-20 16:43:52] Creating output path ./data/infercnv/inferCNV_out_new/Pool105_91/
INFO [2022-07-20 16:43:52] Checking for saved results.
INFO [2022-07-20 16:43:52] 

	STEP 1: incoming data

INFO [2022-07-20 16:44:15] 

	STEP 02: Removing lowly expressed genes

INFO [2022-07-20 16:44:15] ::above_min_mean_expr_cutoff:Start
INFO [2022-07-20 16:44:15] Removing 25038 genes from matrix as below mean expr threshold: 0.1
INFO [2022-07-20 16:44:16] validating infercnv_obj
INFO [2022-07-20 16:44:16] There are 5298 genes and 14817 cells remaining in the expr matrix.
INFO [2022-07-20 16:44:21] no genes removed due to min cells/gene filter
INFO [2022-07-20 16:44:42] 

	STEP 03: normalization by sequencing depth

INFO [2022-07-20 16:44:42] normalizing counts matrix by depth
INFO [2022-07-20 16:44:47] Computed total sum normalization factor as median libsize: 3185.000000
INFO [2022-07-20 16:44:47] Adding h-spike
INFO [2022-07-20 16:44:47] -hspike modeling of WT
INFO [2022-07-20 16:45:42] validating infercnv_obj
INFO [2022-07-20 16:45:42] normalizing counts matrix by depth
INFO [2022-07-20 16:45:42] Using specified normalization factor: 3185.000000
INFO [2022-07-20 16:46:04] 

	STEP 04: log transformation of data

INFO [2022-07-20 16:46:04] transforming log2xplus1()
INFO [2022-07-20 16:46:06] -mirroring for hspike
INFO [2022-07-20 16:46:06] transforming log2xplus1()
INFO [2022-07-20 16:46:30] 

	STEP 08: removing average of reference data (before smoothing)

INFO [2022-07-20 16:46:30] ::subtract_ref_expr_from_obs:Start inv_log=FALSE, use_bounds=TRUE
INFO [2022-07-20 16:46:30] subtracting mean(normal) per gene per cell across all data
INFO [2022-07-20 16:46:35] -subtracting expr per gene, use_bounds=TRUE
INFO [2022-07-20 17:09:57] -mirroring for hspike
INFO [2022-07-20 17:09:57] ::subtract_ref_expr_from_obs:Start inv_log=FALSE, use_bounds=TRUE
INFO [2022-07-20 17:09:57] subtracting mean(normal) per gene per cell across all data
INFO [2022-07-20 17:09:59] -subtracting expr per gene, use_bounds=TRUE
INFO [2022-07-20 17:10:37] 

	STEP 09: apply max centered expression threshold: 3

INFO [2022-07-20 17:10:37] ::process_data:setting max centered expr, threshold set to: +/-:  3
INFO [2022-07-20 17:10:38] -mirroring for hspike
INFO [2022-07-20 17:10:38] ::process_data:setting max centered expr, threshold set to: +/-:  3
INFO [2022-07-20 17:11:15] 

	STEP 10: Smoothing data per cell by chromosome

INFO [2022-07-20 17:11:15] smooth_by_chromosome: chr: chr1
INFO [2022-07-20 17:11:27] smooth_by_chromosome: chr: chr10
INFO [2022-07-20 17:11:38] smooth_by_chromosome: chr: chr11
INFO [2022-07-20 17:11:51] smooth_by_chromosome: chr: chr12
INFO [2022-07-20 17:12:02] smooth_by_chromosome: chr: chr13
INFO [2022-07-20 17:12:13] smooth_by_chromosome: chr: chr14
INFO [2022-07-20 17:12:23] smooth_by_chromosome: chr: chr15
INFO [2022-07-20 17:12:35] smooth_by_chromosome: chr: chr16
INFO [2022-07-20 17:12:45] smooth_by_chromosome: chr: chr17
INFO [2022-07-20 17:12:58] smooth_by_chromosome: chr: chr18
INFO [2022-07-20 17:13:07] smooth_by_chromosome: chr: chr19
INFO [2022-07-20 17:13:18] smooth_by_chromosome: chr: chr2
INFO [2022-07-20 17:13:30] smooth_by_chromosome: chr: chr3
INFO [2022-07-20 17:13:41] smooth_by_chromosome: chr: chr4
INFO [2022-07-20 17:13:53] smooth_by_chromosome: chr: chr5
INFO [2022-07-20 17:14:05] smooth_by_chromosome: chr: chr6
INFO [2022-07-20 17:14:17] smooth_by_chromosome: chr: chr7
INFO [2022-07-20 17:14:31] smooth_by_chromosome: chr: chr8
INFO [2022-07-20 17:14:42] smooth_by_chromosome: chr: chr9
INFO [2022-07-20 17:14:54] -mirroring for hspike
INFO [2022-07-20 17:14:54] smooth_by_chromosome: chr: chrA
INFO [2022-07-20 17:14:54] smooth_by_chromosome: chr: chr_0
INFO [2022-07-20 17:14:55] smooth_by_chromosome: chr: chr_B
INFO [2022-07-20 17:14:55] smooth_by_chromosome: chr: chr_0pt5
INFO [2022-07-20 17:14:55] smooth_by_chromosome: chr: chr_C
INFO [2022-07-20 17:14:55] smooth_by_chromosome: chr: chr_1pt5
INFO [2022-07-20 17:14:55] smooth_by_chromosome: chr: chr_D
INFO [2022-07-20 17:14:56] smooth_by_chromosome: chr: chr_2pt0
INFO [2022-07-20 17:14:56] smooth_by_chromosome: chr: chr_E
INFO [2022-07-20 17:14:56] smooth_by_chromosome: chr: chr_3pt0
INFO [2022-07-20 17:14:56] smooth_by_chromosome: chr: chr_F
INFO [2022-07-20 17:15:33] 

	STEP 11: re-centering data across chromosome after smoothing

INFO [2022-07-20 17:15:33] ::center_smooth across chromosomes per cell
INFO [2022-07-20 17:15:46] -mirroring for hspike
INFO [2022-07-20 17:15:46] ::center_smooth across chromosomes per cell
INFO [2022-07-20 17:16:24] 

	STEP 12: removing average of reference data (after smoothing)

INFO [2022-07-20 17:16:24] ::subtract_ref_expr_from_obs:Start inv_log=FALSE, use_bounds=TRUE
INFO [2022-07-20 17:16:24] subtracting mean(normal) per gene per cell across all data
INFO [2022-07-20 17:16:29] -subtracting expr per gene, use_bounds=TRUE
INFO [2022-07-20 17:16:34] -mirroring for hspike
INFO [2022-07-20 17:16:34] ::subtract_ref_expr_from_obs:Start inv_log=FALSE, use_bounds=TRUE
INFO [2022-07-20 17:16:34] subtracting mean(normal) per gene per cell across all data
INFO [2022-07-20 17:16:35] -subtracting expr per gene, use_bounds=TRUE
INFO [2022-07-20 17:17:12] 

	STEP 14: invert log2(FC) to FC

INFO [2022-07-20 17:17:12] invert_log2(), computing 2^x
INFO [2022-07-20 17:17:17] -mirroring for hspike
INFO [2022-07-20 17:17:17] invert_log2(), computing 2^x
INFO [2022-07-20 17:18:10] 

	STEP 15: Clustering samples (not defining tumor subclusters)

INFO [2022-07-20 17:18:10] define_signif_tumor_subclusters(p_val=0.1
INFO [2022-07-20 17:18:10] define_signif_tumor_subclusters(), tumor: CD70-/-;Bcl6tg/+
INFO [2022-07-20 17:18:54] cut tree into: 1 groups
INFO [2022-07-20 17:18:54] -processing CD70-/-;Bcl6tg/+,CD70-/-;Bcl6tg/+_s1
INFO [2022-07-20 17:18:54] define_signif_tumor_subclusters(), tumor: WT
INFO [2022-07-20 20:36:10] cut tree into: 1 groups
INFO [2022-07-20 20:36:10] -processing WT,WT_s1
INFO [2022-07-20 20:36:10] -mirroring for hspike
INFO [2022-07-20 20:36:10] define_signif_tumor_subclusters(p_val=0.1
INFO [2022-07-20 20:36:10] define_signif_tumor_subclusters(), tumor: spike_tumor_cell_WT
INFO [2022-07-20 20:36:11] cut tree into: 1 groups
INFO [2022-07-20 20:36:11] -processing spike_tumor_cell_WT,spike_tumor_cell_WT_s1
INFO [2022-07-20 20:36:11] define_signif_tumor_subclusters(), tumor: simnorm_cell_WT
INFO [2022-07-20 20:36:11] cut tree into: 1 groups
INFO [2022-07-20 20:36:11] -processing simnorm_cell_WT,simnorm_cell_WT_s1
INFO [2022-07-20 20:37:56] ::plot_cnv:Start
INFO [2022-07-20 20:37:56] ::plot_cnv:Current data dimensions (r,c)=5298,14817 Total=78586349.8383423 Min=0.699818378629609 Max=1.61436993065086.
INFO [2022-07-20 20:37:57] ::plot_cnv:Depending on the size of the matrix this may take a moment.
INFO [2022-07-20 20:39:16] plot_cnv(): auto thresholding at: (0.883472 , 1.118716)
INFO [2022-07-20 20:39:19] plot_cnv_observation:Start
INFO [2022-07-20 20:39:19] Observation data size: Cells= 1138 Genes= 5298
INFO [2022-07-20 20:39:19] plot_cnv_observation:Writing observation groupings/color.
INFO [2022-07-20 20:39:19] plot_cnv_observation:Done writing observation groupings/color.
INFO [2022-07-20 20:39:19] plot_cnv_observation:Writing observation heatmap thresholds.
INFO [2022-07-20 20:39:19] plot_cnv_observation:Done writing observation heatmap thresholds.
INFO [2022-07-20 20:39:20] Colors for breaks:  #00008B,#24249B,#4848AB,#6D6DBC,#9191CC,#B6B6DD,#DADAEE,#FFFFFF,#EEDADA,#DDB6B6,#CC9191,#BC6D6D,#AB4848,#9B2424,#8B0000
INFO [2022-07-20 20:39:20] Quantiles of plotted data range: 0.883472367590373,0.962590608869987,0.998633287178075,1.03902120302895,1.1187157426902
INFO [2022-07-20 20:39:23] plot_cnv_observations:Writing observation data to ./data/infercnv/inferCNV_out_new/Pool105_91//infercnv.preliminary.observations.txt
INFO [2022-07-20 20:39:29] plot_cnv_references:Start
INFO [2022-07-20 20:39:29] Reference data size: Cells= 13679 Genes= 5298
INFO [2022-07-20 23:52:23] plot_cnv_references:Number reference groups= 1
INFO [2022-07-20 23:52:24] plot_cnv_references:Plotting heatmap.
INFO [2022-07-20 23:52:41] Colors for breaks:  #00008B,#24249B,#4848AB,#6D6DBC,#9191CC,#B6B6DD,#DADAEE,#FFFFFF,#EEDADA,#DDB6B6,#CC9191,#BC6D6D,#AB4848,#9B2424,#8B0000
INFO [2022-07-20 23:52:41] Quantiles of plotted data range: 0.883472367590373,0.97376378492555,0.998811348094823,1.025535131767,1.1187157426902
INFO [2022-07-20 23:52:48] plot_cnv_references:Writing reference data to ./data/infercnv/inferCNV_out_new/Pool105_91//infercnv.preliminary.references.txt
INFO [2022-07-20 23:54:01] 

	STEP 17: HMM-based CNV prediction

INFO [2022-07-20 23:54:01] predict_CNV_via_HMM_on_whole_tumor_samples
INFO [2022-07-20 23:54:03] -done predicting CNV based on initial tumor subclusters
INFO [2022-07-20 23:54:03] get_predicted_CNV_regions(subcluster)
INFO [2022-07-20 23:54:03] -processing cell_group_name: CD70-/-;Bcl6tg/+.CD70-/-;Bcl6tg/+_s1, size: 1138
INFO [2022-07-20 23:54:11] -processing cell_group_name: WT.WT_s1, size: 13679
INFO [2022-07-20 23:55:01] -writing cell clusters file: ./data/infercnv/inferCNV_out_new/Pool105_91//17_HMM_predHMMi6.hmm_mode-samples.cell_groupings
INFO [2022-07-20 23:55:01] -writing cnv regions file: ./data/infercnv/inferCNV_out_new/Pool105_91//17_HMM_predHMMi6.hmm_mode-samples.pred_cnv_regions.dat
INFO [2022-07-20 23:55:01] -writing per-gene cnv report: ./data/infercnv/inferCNV_out_new/Pool105_91//17_HMM_predHMMi6.hmm_mode-samples.pred_cnv_genes.dat
INFO [2022-07-20 23:55:01] -writing gene ordering info: ./data/infercnv/inferCNV_out_new/Pool105_91//17_HMM_predHMMi6.hmm_mode-samples.genes_used.dat
INFO [2022-07-20 23:55:18] ::plot_cnv:Start
INFO [2022-07-20 23:55:18] ::plot_cnv:Current data dimensions (r,c)=5298,14817 Total=236549496 Min=2 Max=5.
INFO [2022-07-20 23:55:19] ::plot_cnv:Depending on the size of the matrix this may take a moment.
INFO [2022-07-20 23:56:23] plot_cnv_observation:Start
INFO [2022-07-20 23:56:23] Observation data size: Cells= 1138 Genes= 5298
INFO [2022-07-20 23:56:23] plot_cnv_observation:Writing observation groupings/color.
INFO [2022-07-20 23:56:23] plot_cnv_observation:Done writing observation groupings/color.
INFO [2022-07-20 23:56:23] plot_cnv_observation:Writing observation heatmap thresholds.
INFO [2022-07-20 23:56:23] plot_cnv_observation:Done writing observation heatmap thresholds.
INFO [2022-07-20 23:56:24] Colors for breaks:  #00008B,#24249B,#4848AB,#6D6DBC,#9191CC,#B6B6DD,#DADAEE,#FFFFFF,#EEDADA,#DDB6B6,#CC9191,#BC6D6D,#AB4848,#9B2424,#8B0000
INFO [2022-07-20 23:56:24] Quantiles of plotted data range: 2,3,3,3,5
INFO [2022-07-20 23:56:25] plot_cnv_observations:Writing observation data to ./data/infercnv/inferCNV_out_new/Pool105_91//infercnv.17_HMM_predHMMi6.hmm_mode-samples.observations.txt
INFO [2022-07-20 23:56:30] plot_cnv_references:Start
INFO [2022-07-20 23:56:30] Reference data size: Cells= 13679 Genes= 5298
INFO [2022-07-21 02:33:46] plot_cnv_references:Number reference groups= 1
INFO [2022-07-21 02:33:47] plot_cnv_references:Plotting heatmap.
INFO [2022-07-21 02:34:02] Colors for breaks:  #00008B,#24249B,#4848AB,#6D6DBC,#9191CC,#B6B6DD,#DADAEE,#FFFFFF,#EEDADA,#DDB6B6,#CC9191,#BC6D6D,#AB4848,#9B2424,#8B0000
INFO [2022-07-21 02:34:02] Quantiles of plotted data range: 3,3,3,3,3
INFO [2022-07-21 02:34:08] plot_cnv_references:Writing reference data to ./data/infercnv/inferCNV_out_new/Pool105_91//infercnv.17_HMM_predHMMi6.hmm_mode-samples.references.txt
INFO [2022-07-21 02:35:11] 

	STEP 18: Run Bayesian Network Model on HMM predicted CNVs

INFO [2022-07-21 02:35:12] Creating the following Directory:  ./data/infercnv/inferCNV_out_new/Pool105_91//BayesNetOutput.HMMi6.hmm_mode-samples
INFO [2022-07-21 02:35:12] Initializing new MCM InferCNV Object.
INFO [2022-07-21 02:35:12] validating infercnv_obj
INFO [2022-07-21 02:35:12] Total CNV's:  12
INFO [2022-07-21 02:35:12] Loading BUGS Model.
INFO [2022-07-21 02:35:12] Running Sampling Using Parallel with  64 Cores
INFO [2022-07-21 02:45:57] Obtaining probabilities post-sampling
INFO [2022-07-21 02:46:55] Gibbs sampling time:  11.712128730615  Minutes
INFO [2022-07-21 02:47:54] ::plot_cnv:Start
INFO [2022-07-21 02:47:54] ::plot_cnv:Current data dimensions (r,c)=5298,14817 Total=1062875.0368377 Min=0 Max=0.933655437795695.
INFO [2022-07-21 02:47:55] ::plot_cnv:Depending on the size of the matrix this may take a moment.
INFO [2022-07-21 02:47:58] plot_cnv_observation:Start
INFO [2022-07-21 02:47:58] Observation data size: Cells= 1138 Genes= 5298
INFO [2022-07-21 02:47:58] plot_cnv_observation:Writing observation groupings/color.
INFO [2022-07-21 02:47:58] plot_cnv_observation:Done writing observation groupings/color.
INFO [2022-07-21 02:47:58] plot_cnv_observation:Writing observation heatmap thresholds.
INFO [2022-07-21 02:47:58] plot_cnv_observation:Done writing observation heatmap thresholds.
INFO [2022-07-21 02:47:59] Colors for breaks:  #00008B,#24249B,#4848AB,#6D6DBC,#9191CC,#B6B6DD,#DADAEE,#FFFFFF,#EEDADA,#DDB6B6,#CC9191,#BC6D6D,#AB4848,#9B2424,#8B0000
INFO [2022-07-21 02:47:59] Quantiles of plotted data range: 0,0,0,0,0.933655437795695
INFO [2022-07-21 02:48:00] plot_cnv_observations:Writing observation data to ./data/infercnv/inferCNV_out_new/Pool105_91//BayesNetOutput.HMMi6.hmm_mode-samples/infercnv.NormalProbabilities.PreFiltering.observations.txt
INFO [2022-07-21 02:48:05] plot_cnv_references:Start
INFO [2022-07-21 02:48:05] Reference data size: Cells= 13679 Genes= 5298
INFO [2022-07-21 06:03:29] plot_cnv_references:Number reference groups= 1
INFO [2022-07-21 06:03:30] plot_cnv_references:Plotting heatmap.
INFO [2022-07-21 06:03:46] Colors for breaks:  #00008B,#24249B,#4848AB,#6D6DBC,#9191CC,#B6B6DD,#DADAEE,#FFFFFF,#EEDADA,#DDB6B6,#CC9191,#BC6D6D,#AB4848,#9B2424,#8B0000
INFO [2022-07-21 06:03:46] Quantiles of plotted data range: 0,0,0,0,0
INFO [2022-07-21 06:03:52] plot_cnv_references:Writing reference data to ./data/infercnv/inferCNV_out_new/Pool105_91//BayesNetOutput.HMMi6.hmm_mode-samples/infercnv.NormalProbabilities.PreFiltering.references.txt
INFO [2022-07-21 06:05:39] 

	STEP 19: Filter HMM predicted CNVs based on the Bayesian Network Model results and BayesMaxPNormal

INFO [2022-07-21 06:05:39] Attempting to removing CNV(s) with a probability of being normal above  0.5
INFO [2022-07-21 06:05:39] Removing  0  CNV(s) identified by the HMM.
INFO [2022-07-21 06:05:39] Reassigning CNVs based on state probabilities.
INFO [2022-07-21 06:05:39] Creating Plots for CNV and cell Probabilities.
INFO [2022-07-21 06:05:58] ::plot_cnv:Start
INFO [2022-07-21 06:05:58] ::plot_cnv:Current data dimensions (r,c)=5298,14817 Total=1062875.0368377 Min=0 Max=0.933655437795695.
INFO [2022-07-21 06:05:59] ::plot_cnv:Depending on the size of the matrix this may take a moment.
INFO [2022-07-21 06:06:01] plot_cnv_observation:Start
INFO [2022-07-21 06:06:01] Observation data size: Cells= 1138 Genes= 5298
INFO [2022-07-21 06:06:01] plot_cnv_observation:Writing observation groupings/color.
INFO [2022-07-21 06:06:01] plot_cnv_observation:Done writing observation groupings/color.
INFO [2022-07-21 06:06:01] plot_cnv_observation:Writing observation heatmap thresholds.
INFO [2022-07-21 06:06:02] plot_cnv_observation:Done writing observation heatmap thresholds.
INFO [2022-07-21 06:06:03] Colors for breaks:  #00008B,#24249B,#4848AB,#6D6DBC,#9191CC,#B6B6DD,#DADAEE,#FFFFFF,#EEDADA,#DDB6B6,#CC9191,#BC6D6D,#AB4848,#9B2424,#8B0000
INFO [2022-07-21 06:06:03] Quantiles of plotted data range: 0,0,0,0,0.933655437795695
INFO [2022-07-21 06:06:03] plot_cnv_observations:Writing observation data to ./data/infercnv/inferCNV_out_new/Pool105_91//BayesNetOutput.HMMi6.hmm_mode-samples/infercnv.NormalProbabilities.PostFiltering.observations.txt
INFO [2022-07-21 06:06:08] plot_cnv_references:Start
INFO [2022-07-21 06:06:08] Reference data size: Cells= 13679 Genes= 5298
INFO [2022-07-21 09:21:56] plot_cnv_references:Number reference groups= 1
INFO [2022-07-21 09:21:56] plot_cnv_references:Plotting heatmap.
INFO [2022-07-21 09:22:12] Colors for breaks:  #00008B,#24249B,#4848AB,#6D6DBC,#9191CC,#B6B6DD,#DADAEE,#FFFFFF,#EEDADA,#DDB6B6,#CC9191,#BC6D6D,#AB4848,#9B2424,#8B0000
INFO [2022-07-21 09:22:12] Quantiles of plotted data range: 0,0,0,0,0
INFO [2022-07-21 09:22:18] plot_cnv_references:Writing reference data to ./data/infercnv/inferCNV_out_new/Pool105_91//BayesNetOutput.HMMi6.hmm_mode-samples/infercnv.NormalProbabilities.PostFiltering.references.txt
INFO [2022-07-21 09:23:24] ::plot_cnv:Start
INFO [2022-07-21 09:23:24] ::plot_cnv:Current data dimensions (r,c)=5298,14817 Total=236549496 Min=2 Max=5.
INFO [2022-07-21 09:23:25] ::plot_cnv:Depending on the size of the matrix this may take a moment.
INFO [2022-07-21 09:24:30] plot_cnv_observation:Start
INFO [2022-07-21 09:24:30] Observation data size: Cells= 1138 Genes= 5298
INFO [2022-07-21 09:24:30] plot_cnv_observation:Writing observation groupings/color.
INFO [2022-07-21 09:24:30] plot_cnv_observation:Done writing observation groupings/color.
INFO [2022-07-21 09:24:30] plot_cnv_observation:Writing observation heatmap thresholds.
INFO [2022-07-21 09:24:30] plot_cnv_observation:Done writing observation heatmap thresholds.
INFO [2022-07-21 09:24:31] Colors for breaks:  #00008B,#24249B,#4848AB,#6D6DBC,#9191CC,#B6B6DD,#DADAEE,#FFFFFF,#EEDADA,#DDB6B6,#CC9191,#BC6D6D,#AB4848,#9B2424,#8B0000
INFO [2022-07-21 09:24:31] Quantiles of plotted data range: 2,3,3,3,5
INFO [2022-07-21 09:24:32] plot_cnv_observations:Writing observation data to ./data/infercnv/inferCNV_out_new/Pool105_91//infercnv.19_HMM_pred.Bayes_Net.Pnorm_0.5.observations.txt
INFO [2022-07-21 09:24:37] plot_cnv_references:Start
INFO [2022-07-21 09:24:37] Reference data size: Cells= 13679 Genes= 5298
INFO [2022-07-21 12:33:49] plot_cnv_references:Number reference groups= 1
INFO [2022-07-21 12:33:50] plot_cnv_references:Plotting heatmap.
INFO [2022-07-21 12:34:07] Colors for breaks:  #00008B,#24249B,#4848AB,#6D6DBC,#9191CC,#B6B6DD,#DADAEE,#FFFFFF,#EEDADA,#DDB6B6,#CC9191,#BC6D6D,#AB4848,#9B2424,#8B0000
INFO [2022-07-21 12:34:07] Quantiles of plotted data range: 3,3,3,3,3
INFO [2022-07-21 12:34:13] plot_cnv_references:Writing reference data to ./data/infercnv/inferCNV_out_new/Pool105_91//infercnv.19_HMM_pred.Bayes_Net.Pnorm_0.5.references.txt
INFO [2022-07-21 12:35:13] 

	STEP 20: Converting HMM-based CNV states to repr expr vals

INFO [2022-07-21 12:35:34] ::plot_cnv:Start
INFO [2022-07-21 12:35:34] ::plot_cnv:Current data dimensions (r,c)=5298,14817 Total=79024515 Min=0.5 Max=2.
INFO [2022-07-21 12:35:34] ::plot_cnv:Depending on the size of the matrix this may take a moment.
INFO [2022-07-21 12:36:39] plot_cnv_observation:Start
INFO [2022-07-21 12:36:39] Observation data size: Cells= 1138 Genes= 5298
INFO [2022-07-21 12:36:39] plot_cnv_observation:Writing observation groupings/color.
INFO [2022-07-21 12:36:39] plot_cnv_observation:Done writing observation groupings/color.
INFO [2022-07-21 12:36:39] plot_cnv_observation:Writing observation heatmap thresholds.
INFO [2022-07-21 12:36:39] plot_cnv_observation:Done writing observation heatmap thresholds.
INFO [2022-07-21 12:36:40] Colors for breaks:  #00008B,#24249B,#4848AB,#6D6DBC,#9191CC,#B6B6DD,#DADAEE,#FFFFFF,#EEDADA,#DDB6B6,#CC9191,#BC6D6D,#AB4848,#9B2424,#8B0000
INFO [2022-07-21 12:36:40] Quantiles of plotted data range: 0.5,1,1,1,2
INFO [2022-07-21 12:36:41] plot_cnv_observations:Writing observation data to ./data/infercnv/inferCNV_out_new/Pool105_91//infercnv.20_HMM_predHMMi6.hmm_mode-samples.Pnorm_0.5.repr_intensities.observations.txt
INFO [2022-07-21 12:36:46] plot_cnv_references:Start
INFO [2022-07-21 12:36:46] Reference data size: Cells= 13679 Genes= 5298
INFO [2022-07-21 15:52:45] plot_cnv_references:Number reference groups= 1
INFO [2022-07-21 15:52:47] plot_cnv_references:Plotting heatmap.
INFO [2022-07-21 15:53:03] Colors for breaks:  #00008B,#24249B,#4848AB,#6D6DBC,#9191CC,#B6B6DD,#DADAEE,#FFFFFF,#EEDADA,#DDB6B6,#CC9191,#BC6D6D,#AB4848,#9B2424,#8B0000
INFO [2022-07-21 15:53:03] Quantiles of plotted data range: 1,1,1,1,1
INFO [2022-07-21 15:53:09] plot_cnv_references:Writing reference data to ./data/infercnv/inferCNV_out_new/Pool105_91//infercnv.20_HMM_predHMMi6.hmm_mode-samples.Pnorm_0.5.repr_intensities.references.txt
INFO [2022-07-21 15:54:09] 

	STEP 22: Denoising

INFO [2022-07-21 15:54:09] ::process_data:Remove noise, noise threshold defined via ref mean sd_amplifier:  1.5
INFO [2022-07-21 15:54:09] denoising using mean(normal) +- sd_amplifier * sd(normal) per gene per cell across all data
INFO [2022-07-21 15:54:12] :: **** clear_noise_via_ref_quantiles **** : removing noise between bounds:  0.940184285189499 - 1.06149785463082
INFO [2022-07-21 15:54:50] 

## Making the final infercnv heatmap ##
INFO [2022-07-21 15:54:51] ::plot_cnv:Start
INFO [2022-07-21 15:54:51] ::plot_cnv:Current data dimensions (r,c)=5298,14817 Total=78726075.2117033 Min=0.699818378629609 Max=1.61436993065086.
INFO [2022-07-21 15:54:52] ::plot_cnv:Depending on the size of the matrix this may take a moment.
INFO [2022-07-21 15:56:07] plot_cnv(): auto thresholding at: (0.881284 , 1.118716)
INFO [2022-07-21 15:56:08] plot_cnv_observation:Start
INFO [2022-07-21 15:56:08] Observation data size: Cells= 1138 Genes= 5298
INFO [2022-07-21 15:56:09] plot_cnv_observation:Writing observation groupings/color.
INFO [2022-07-21 15:56:09] plot_cnv_observation:Done writing observation groupings/color.
INFO [2022-07-21 15:56:09] plot_cnv_observation:Writing observation heatmap thresholds.
INFO [2022-07-21 15:56:09] plot_cnv_observation:Done writing observation heatmap thresholds.
INFO [2022-07-21 15:56:10] Colors for breaks:  #00008B,#24249B,#4848AB,#6D6DBC,#9191CC,#B6B6DD,#DADAEE,#FFFFFF,#EEDADA,#DDB6B6,#CC9191,#BC6D6D,#AB4848,#9B2424,#8B0000
INFO [2022-07-21 15:56:10] Quantiles of plotted data range: 0.881284257309797,1.00084106991016,1.00084106991016,1.00084106991016,1.1187157426902
INFO [2022-07-21 15:56:11] plot_cnv_observations:Writing observation data to ./data/infercnv/inferCNV_out_new/Pool105_91//infercnv.observations.txt
INFO [2022-07-21 15:56:16] plot_cnv_references:Start
INFO [2022-07-21 15:56:16] Reference data size: Cells= 13679 Genes= 5298
INFO [2022-07-21 19:12:26] plot_cnv_references:Number reference groups= 1
INFO [2022-07-21 19:12:27] plot_cnv_references:Plotting heatmap.
INFO [2022-07-21 19:12:42] Colors for breaks:  #00008B,#24249B,#4848AB,#6D6DBC,#9191CC,#B6B6DD,#DADAEE,#FFFFFF,#EEDADA,#DDB6B6,#CC9191,#BC6D6D,#AB4848,#9B2424,#8B0000
INFO [2022-07-21 19:12:42] Quantiles of plotted data range: 0.881284257309797,1.00084106991016,1.00084106991016,1.00084106991016,1.1187157426902
INFO [2022-07-21 19:12:49] plot_cnv_references:Writing reference data to ./data/infercnv/inferCNV_out_new/Pool105_91//infercnv.references.txt
There were 12 warnings (use warnings() to see them)
