[1] "/liulab/galib/mouse_scRNAseq_margaret/data/infercnv/inferCNV_out_new/6mos"
Warning message:
package ‘rBCS’ was built under R version 4.1.3 
── Attaching packages ─────────────────────────────────────── tidyverse 1.3.1 ──
✔ ggplot2 3.3.6     ✔ purrr   0.3.4
✔ tibble  3.1.7     ✔ dplyr   1.0.9
✔ tidyr   1.2.0     ✔ stringr 1.4.0
✔ readr   2.1.2     ✔ forcats 0.5.1
── Conflicts ────────────────────────────────────────── tidyverse_conflicts() ──
✖ dplyr::filter() masks stats::filter()
✖ dplyr::lag()    masks stats::lag()
Warning messages:
1: package ‘tidyverse’ was built under R version 4.1.3 
2: package ‘ggplot2’ was built under R version 4.1.3 
3: package ‘tibble’ was built under R version 4.1.3 
4: package ‘tidyr’ was built under R version 4.1.2 
5: package ‘readr’ was built under R version 4.1.2 
6: package ‘dplyr’ was built under R version 4.1.3 
7: package ‘forcats’ was built under R version 4.1.3 
Attaching SeuratObject
Attaching sp
Warning message:
package ‘Seurat’ was built under R version 4.1.3 
here() starts at /liulab/galib/mouse_scRNAseq_margaret
Loading required package: usethis
Warning message:
package ‘ggpubr’ was built under R version 4.1.3 
Warning message:
package ‘infercnv’ was built under R version 4.1.3 
[1]  32285 176583
Rows: 55228 Columns: 4
── Column specification ────────────────────────────────────────────────────────
Delimiter: "\t"
chr (2): X1, X2
dbl (2): X3, X4

ℹ Use `spec()` to retrieve the full column specification for this data.
ℹ Specify the column types or set `show_col_types = FALSE` to quiet this message.
[1] 12
INFO [2022-07-18 09:03:38] Parsing gene order file: ./data/infercnv/gene_order_file.txt
INFO [2022-07-18 09:03:38] ::order_reduce:Start.
INFO [2022-07-18 09:03:41] .order_reduce(): expr and order match.
INFO [2022-07-18 09:03:58] ::process_data:order_reduce:Reduction from positional data, new dimensions (r,c) = 32285,176583 Total=901670571 Min=0 Max=21505.
INFO [2022-07-18 09:04:00] num genes removed taking into account provided gene ordering list: 1949 = 6.03685922254917% removed.
INFO [2022-07-18 09:04:01] -filtering out cells < 100 or > Inf, removing 0 % of cells
INFO [2022-07-18 09:04:06] validating infercnv_obj
INFO [2022-07-18 09:04:06] ::process_data:Start
INFO [2022-07-18 09:04:06] Creating output path ./data/infercnv/inferCNV_out_new/Pool105_28/
INFO [2022-07-18 09:04:06] Checking for saved results.
INFO [2022-07-18 09:04:06] 

	STEP 1: incoming data

INFO [2022-07-18 09:04:31] 

	STEP 02: Removing lowly expressed genes

INFO [2022-07-18 09:04:31] ::above_min_mean_expr_cutoff:Start
INFO [2022-07-18 09:04:31] Removing 25626 genes from matrix as below mean expr threshold: 0.1
INFO [2022-07-18 09:04:32] validating infercnv_obj
INFO [2022-07-18 09:04:32] There are 4710 genes and 17774 cells remaining in the expr matrix.
INFO [2022-07-18 09:04:36] no genes removed due to min cells/gene filter
INFO [2022-07-18 09:05:00] 

	STEP 03: normalization by sequencing depth

INFO [2022-07-18 09:05:00] normalizing counts matrix by depth
INFO [2022-07-18 09:05:04] Computed total sum normalization factor as median libsize: 3046.000000
INFO [2022-07-18 09:05:04] Adding h-spike
INFO [2022-07-18 09:05:04] -hspike modeling of WT
INFO [2022-07-18 09:05:51] validating infercnv_obj
INFO [2022-07-18 09:05:51] normalizing counts matrix by depth
INFO [2022-07-18 09:05:51] Using specified normalization factor: 3046.000000
INFO [2022-07-18 09:06:15] 

	STEP 04: log transformation of data

INFO [2022-07-18 09:06:15] transforming log2xplus1()
INFO [2022-07-18 09:06:18] -mirroring for hspike
INFO [2022-07-18 09:06:18] transforming log2xplus1()
INFO [2022-07-18 09:06:43] 

	STEP 08: removing average of reference data (before smoothing)

INFO [2022-07-18 09:06:43] ::subtract_ref_expr_from_obs:Start inv_log=FALSE, use_bounds=TRUE
INFO [2022-07-18 09:06:43] subtracting mean(normal) per gene per cell across all data
INFO [2022-07-18 09:06:47] -subtracting expr per gene, use_bounds=TRUE
INFO [2022-07-18 09:22:53] -mirroring for hspike
INFO [2022-07-18 09:22:53] ::subtract_ref_expr_from_obs:Start inv_log=FALSE, use_bounds=TRUE
INFO [2022-07-18 09:22:53] subtracting mean(normal) per gene per cell across all data
INFO [2022-07-18 09:22:54] -subtracting expr per gene, use_bounds=TRUE
INFO [2022-07-18 09:23:35] 

	STEP 09: apply max centered expression threshold: 3

INFO [2022-07-18 09:23:35] ::process_data:setting max centered expr, threshold set to: +/-:  3
INFO [2022-07-18 09:23:36] -mirroring for hspike
INFO [2022-07-18 09:23:36] ::process_data:setting max centered expr, threshold set to: +/-:  3
INFO [2022-07-18 09:24:16] 

	STEP 10: Smoothing data per cell by chromosome

INFO [2022-07-18 09:24:16] smooth_by_chromosome: chr: chr1
INFO [2022-07-18 09:24:30] smooth_by_chromosome: chr: chr10
INFO [2022-07-18 09:24:43] smooth_by_chromosome: chr: chr11
INFO [2022-07-18 09:24:58] smooth_by_chromosome: chr: chr12
INFO [2022-07-18 09:25:11] smooth_by_chromosome: chr: chr13
INFO [2022-07-18 09:25:24] smooth_by_chromosome: chr: chr14
INFO [2022-07-18 09:25:36] smooth_by_chromosome: chr: chr15
INFO [2022-07-18 09:25:49] smooth_by_chromosome: chr: chr16
INFO [2022-07-18 09:26:02] smooth_by_chromosome: chr: chr17
INFO [2022-07-18 09:26:16] smooth_by_chromosome: chr: chr18
INFO [2022-07-18 09:26:28] smooth_by_chromosome: chr: chr19
INFO [2022-07-18 09:26:41] smooth_by_chromosome: chr: chr2
INFO [2022-07-18 09:26:55] smooth_by_chromosome: chr: chr3
INFO [2022-07-18 09:27:08] smooth_by_chromosome: chr: chr4
INFO [2022-07-18 09:27:22] smooth_by_chromosome: chr: chr5
INFO [2022-07-18 09:27:37] smooth_by_chromosome: chr: chr6
INFO [2022-07-18 09:27:51] smooth_by_chromosome: chr: chr7
INFO [2022-07-18 09:28:06] smooth_by_chromosome: chr: chr8
INFO [2022-07-18 09:28:20] smooth_by_chromosome: chr: chr9
INFO [2022-07-18 09:28:33] -mirroring for hspike
INFO [2022-07-18 09:28:33] smooth_by_chromosome: chr: chrA
INFO [2022-07-18 09:28:34] smooth_by_chromosome: chr: chr_0
INFO [2022-07-18 09:28:34] smooth_by_chromosome: chr: chr_B
INFO [2022-07-18 09:28:34] smooth_by_chromosome: chr: chr_0pt5
INFO [2022-07-18 09:28:34] smooth_by_chromosome: chr: chr_C
INFO [2022-07-18 09:28:34] smooth_by_chromosome: chr: chr_1pt5
INFO [2022-07-18 09:28:34] smooth_by_chromosome: chr: chr_D
INFO [2022-07-18 09:28:35] smooth_by_chromosome: chr: chr_2pt0
INFO [2022-07-18 09:28:35] smooth_by_chromosome: chr: chr_E
INFO [2022-07-18 09:28:35] smooth_by_chromosome: chr: chr_3pt0
INFO [2022-07-18 09:28:35] smooth_by_chromosome: chr: chr_F
INFO [2022-07-18 09:29:16] 

	STEP 11: re-centering data across chromosome after smoothing

INFO [2022-07-18 09:29:16] ::center_smooth across chromosomes per cell
INFO [2022-07-18 09:29:28] -mirroring for hspike
INFO [2022-07-18 09:29:28] ::center_smooth across chromosomes per cell
INFO [2022-07-18 09:30:10] 

	STEP 12: removing average of reference data (after smoothing)

INFO [2022-07-18 09:30:10] ::subtract_ref_expr_from_obs:Start inv_log=FALSE, use_bounds=TRUE
INFO [2022-07-18 09:30:10] subtracting mean(normal) per gene per cell across all data
INFO [2022-07-18 09:30:14] -subtracting expr per gene, use_bounds=TRUE
INFO [2022-07-18 09:30:20] -mirroring for hspike
INFO [2022-07-18 09:30:20] ::subtract_ref_expr_from_obs:Start inv_log=FALSE, use_bounds=TRUE
INFO [2022-07-18 09:30:20] subtracting mean(normal) per gene per cell across all data
INFO [2022-07-18 09:30:21] -subtracting expr per gene, use_bounds=TRUE
INFO [2022-07-18 09:31:02] 

	STEP 14: invert log2(FC) to FC

INFO [2022-07-18 09:31:02] invert_log2(), computing 2^x
INFO [2022-07-18 09:31:07] -mirroring for hspike
INFO [2022-07-18 09:31:07] invert_log2(), computing 2^x
INFO [2022-07-18 09:32:04] 

	STEP 15: Clustering samples (not defining tumor subclusters)

INFO [2022-07-18 09:32:04] define_signif_tumor_subclusters(p_val=0.1
INFO [2022-07-18 09:32:04] define_signif_tumor_subclusters(), tumor: CD70-/-;Bcl6tg/+
INFO [2022-07-18 09:39:40] cut tree into: 1 groups
INFO [2022-07-18 09:39:40] -processing CD70-/-;Bcl6tg/+,CD70-/-;Bcl6tg/+_s1
INFO [2022-07-18 09:39:40] define_signif_tumor_subclusters(), tumor: WT
INFO [2022-07-18 12:46:22] cut tree into: 1 groups
INFO [2022-07-18 12:46:22] -processing WT,WT_s1
INFO [2022-07-18 12:46:22] -mirroring for hspike
INFO [2022-07-18 12:46:22] define_signif_tumor_subclusters(p_val=0.1
INFO [2022-07-18 12:46:22] define_signif_tumor_subclusters(), tumor: spike_tumor_cell_WT
INFO [2022-07-18 12:46:22] cut tree into: 1 groups
INFO [2022-07-18 12:46:22] -processing spike_tumor_cell_WT,spike_tumor_cell_WT_s1
INFO [2022-07-18 12:46:22] define_signif_tumor_subclusters(), tumor: simnorm_cell_WT
INFO [2022-07-18 12:46:23] cut tree into: 1 groups
INFO [2022-07-18 12:46:23] -processing simnorm_cell_WT,simnorm_cell_WT_s1
INFO [2022-07-18 12:48:17] ::plot_cnv:Start
INFO [2022-07-18 12:48:17] ::plot_cnv:Current data dimensions (r,c)=4710,17774 Total=83790137.3759495 Min=0.641202287125352 Max=1.4788215096538.
INFO [2022-07-18 12:48:18] ::plot_cnv:Depending on the size of the matrix this may take a moment.
INFO [2022-07-18 12:49:44] plot_cnv(): auto thresholding at: (0.890665 , 1.111117)
INFO [2022-07-18 12:49:46] plot_cnv_observation:Start
INFO [2022-07-18 12:49:46] Observation data size: Cells= 3363 Genes= 4710
INFO [2022-07-18 12:49:47] plot_cnv_observation:Writing observation groupings/color.
INFO [2022-07-18 12:49:47] plot_cnv_observation:Done writing observation groupings/color.
INFO [2022-07-18 12:49:47] plot_cnv_observation:Writing observation heatmap thresholds.
INFO [2022-07-18 12:49:47] plot_cnv_observation:Done writing observation heatmap thresholds.
INFO [2022-07-18 12:49:50] Colors for breaks:  #00008B,#24249B,#4848AB,#6D6DBC,#9191CC,#B6B6DD,#DADAEE,#FFFFFF,#EEDADA,#DDB6B6,#CC9191,#BC6D6D,#AB4848,#9B2424,#8B0000
INFO [2022-07-18 12:49:50] Quantiles of plotted data range: 0.890665486596187,0.973631984709376,0.998921386697263,1.02599514766713,1.11111667657088
INFO [2022-07-18 12:49:52] plot_cnv_observations:Writing observation data to ./data/infercnv/inferCNV_out_new/Pool105_28//infercnv.preliminary.observations.txt
INFO [2022-07-18 12:50:09] plot_cnv_references:Start
INFO [2022-07-18 12:50:09] Reference data size: Cells= 14411 Genes= 4710
INFO [2022-07-18 15:56:43] plot_cnv_references:Number reference groups= 1
INFO [2022-07-18 15:56:44] plot_cnv_references:Plotting heatmap.
INFO [2022-07-18 15:56:56] Colors for breaks:  #00008B,#24249B,#4848AB,#6D6DBC,#9191CC,#B6B6DD,#DADAEE,#FFFFFF,#EEDADA,#DDB6B6,#CC9191,#BC6D6D,#AB4848,#9B2424,#8B0000
INFO [2022-07-18 15:56:56] Quantiles of plotted data range: 0.890665486596187,0.973284150199418,0.998913707446661,1.02618918865801,1.11111667657088
INFO [2022-07-18 15:57:03] plot_cnv_references:Writing reference data to ./data/infercnv/inferCNV_out_new/Pool105_28//infercnv.preliminary.references.txt
INFO [2022-07-18 15:58:10] 

	STEP 17: HMM-based CNV prediction

INFO [2022-07-18 15:58:10] predict_CNV_via_HMM_on_whole_tumor_samples
INFO [2022-07-18 15:58:13] -done predicting CNV based on initial tumor subclusters
INFO [2022-07-18 15:58:13] get_predicted_CNV_regions(subcluster)
INFO [2022-07-18 15:58:13] -processing cell_group_name: CD70-/-;Bcl6tg/+.CD70-/-;Bcl6tg/+_s1, size: 3363
INFO [2022-07-18 15:58:27] -processing cell_group_name: WT.WT_s1, size: 14411
INFO [2022-07-18 15:59:15] -writing cell clusters file: ./data/infercnv/inferCNV_out_new/Pool105_28//17_HMM_predHMMi6.hmm_mode-samples.cell_groupings
INFO [2022-07-18 15:59:15] -writing cnv regions file: ./data/infercnv/inferCNV_out_new/Pool105_28//17_HMM_predHMMi6.hmm_mode-samples.pred_cnv_regions.dat
INFO [2022-07-18 15:59:15] -writing per-gene cnv report: ./data/infercnv/inferCNV_out_new/Pool105_28//17_HMM_predHMMi6.hmm_mode-samples.pred_cnv_genes.dat
INFO [2022-07-18 15:59:15] -writing gene ordering info: ./data/infercnv/inferCNV_out_new/Pool105_28//17_HMM_predHMMi6.hmm_mode-samples.genes_used.dat
INFO [2022-07-18 15:59:33] ::plot_cnv:Start
INFO [2022-07-18 15:59:33] ::plot_cnv:Current data dimensions (r,c)=4710,17774 Total=251146620 Min=3 Max=3.
INFO [2022-07-18 15:59:33] ::plot_cnv:Depending on the size of the matrix this may take a moment.
INFO [2022-07-18 16:00:43] plot_cnv_observation:Start
INFO [2022-07-18 16:00:43] Observation data size: Cells= 3363 Genes= 4710
INFO [2022-07-18 16:00:43] plot_cnv_observation:Writing observation groupings/color.
INFO [2022-07-18 16:00:43] plot_cnv_observation:Done writing observation groupings/color.
INFO [2022-07-18 16:00:43] plot_cnv_observation:Writing observation heatmap thresholds.
INFO [2022-07-18 16:00:43] plot_cnv_observation:Done writing observation heatmap thresholds.
INFO [2022-07-18 16:00:46] Colors for breaks:  #00008B,#24249B,#4848AB,#6D6DBC,#9191CC,#B6B6DD,#DADAEE,#FFFFFF,#EEDADA,#DDB6B6,#CC9191,#BC6D6D,#AB4848,#9B2424,#8B0000
INFO [2022-07-18 16:00:46] Quantiles of plotted data range: 3,3,3,3,3
INFO [2022-07-18 16:00:49] plot_cnv_observations:Writing observation data to ./data/infercnv/inferCNV_out_new/Pool105_28//infercnv.17_HMM_predHMMi6.hmm_mode-samples.observations.txt
INFO [2022-07-18 16:01:01] plot_cnv_references:Start
INFO [2022-07-18 16:01:01] Reference data size: Cells= 14411 Genes= 4710
INFO [2022-07-18 19:05:22] plot_cnv_references:Number reference groups= 1
INFO [2022-07-18 19:05:23] plot_cnv_references:Plotting heatmap.
INFO [2022-07-18 19:05:35] Colors for breaks:  #00008B,#24249B,#4848AB,#6D6DBC,#9191CC,#B6B6DD,#DADAEE,#FFFFFF,#EEDADA,#DDB6B6,#CC9191,#BC6D6D,#AB4848,#9B2424,#8B0000
INFO [2022-07-18 19:05:35] Quantiles of plotted data range: 3,3,3,3,3
INFO [2022-07-18 19:05:40] plot_cnv_references:Writing reference data to ./data/infercnv/inferCNV_out_new/Pool105_28//infercnv.17_HMM_predHMMi6.hmm_mode-samples.references.txt
INFO [2022-07-18 19:06:42] 

	STEP 20: Converting HMM-based CNV states to repr expr vals

INFO [2022-07-18 19:07:02] ::plot_cnv:Start
INFO [2022-07-18 19:07:02] ::plot_cnv:Current data dimensions (r,c)=4710,17774 Total=83715540 Min=1 Max=1.
INFO [2022-07-18 19:07:03] ::plot_cnv:Depending on the size of the matrix this may take a moment.
INFO [2022-07-18 19:08:11] plot_cnv_observation:Start
INFO [2022-07-18 19:08:11] Observation data size: Cells= 3363 Genes= 4710
INFO [2022-07-18 19:08:12] plot_cnv_observation:Writing observation groupings/color.
INFO [2022-07-18 19:08:12] plot_cnv_observation:Done writing observation groupings/color.
INFO [2022-07-18 19:08:12] plot_cnv_observation:Writing observation heatmap thresholds.
INFO [2022-07-18 19:08:12] plot_cnv_observation:Done writing observation heatmap thresholds.
INFO [2022-07-18 19:08:15] Colors for breaks:  #00008B,#24249B,#4848AB,#6D6DBC,#9191CC,#B6B6DD,#DADAEE,#FFFFFF,#EEDADA,#DDB6B6,#CC9191,#BC6D6D,#AB4848,#9B2424,#8B0000
INFO [2022-07-18 19:08:15] Quantiles of plotted data range: 1,1,1,1,1
INFO [2022-07-18 19:08:17] plot_cnv_observations:Writing observation data to ./data/infercnv/inferCNV_out_new/Pool105_28//infercnv.20_HMM_predHMMi6.hmm_mode-samples.Pnorm_0.5.repr_intensities.observations.txt
INFO [2022-07-18 19:08:30] plot_cnv_references:Start
INFO [2022-07-18 19:08:30] Reference data size: Cells= 14411 Genes= 4710
INFO [2022-07-18 22:15:09] plot_cnv_references:Number reference groups= 1
INFO [2022-07-18 22:15:09] plot_cnv_references:Plotting heatmap.
INFO [2022-07-18 22:15:21] Colors for breaks:  #00008B,#24249B,#4848AB,#6D6DBC,#9191CC,#B6B6DD,#DADAEE,#FFFFFF,#EEDADA,#DDB6B6,#CC9191,#BC6D6D,#AB4848,#9B2424,#8B0000
INFO [2022-07-18 22:15:21] Quantiles of plotted data range: 1,1,1,1,1
INFO [2022-07-18 22:15:27] plot_cnv_references:Writing reference data to ./data/infercnv/inferCNV_out_new/Pool105_28//infercnv.20_HMM_predHMMi6.hmm_mode-samples.Pnorm_0.5.repr_intensities.references.txt
INFO [2022-07-18 22:16:22] 

	STEP 22: Denoising

INFO [2022-07-18 22:16:22] ::process_data:Remove noise, noise threshold defined via ref mean sd_amplifier:  1.5
INFO [2022-07-18 22:16:22] denoising using mean(normal) +- sd_amplifier * sd(normal) per gene per cell across all data
INFO [2022-07-18 22:16:24] :: **** clear_noise_via_ref_quantiles **** : removing noise between bounds:  0.939421237765332 - 1.06229856347851
INFO [2022-07-18 22:17:05] 

## Making the final infercnv heatmap ##
INFO [2022-07-18 22:17:06] ::plot_cnv:Start
INFO [2022-07-18 22:17:06] ::plot_cnv:Current data dimensions (r,c)=4710,17774 Total=83930241.3908179 Min=0.641202287125352 Max=1.4788215096538.
INFO [2022-07-18 22:17:07] ::plot_cnv:Depending on the size of the matrix this may take a moment.
INFO [2022-07-18 22:18:26] plot_cnv(): auto thresholding at: (0.888883 , 1.111117)
INFO [2022-07-18 22:18:28] plot_cnv_observation:Start
INFO [2022-07-18 22:18:28] Observation data size: Cells= 3363 Genes= 4710
INFO [2022-07-18 22:18:28] plot_cnv_observation:Writing observation groupings/color.
INFO [2022-07-18 22:18:28] plot_cnv_observation:Done writing observation groupings/color.
INFO [2022-07-18 22:18:28] plot_cnv_observation:Writing observation heatmap thresholds.
INFO [2022-07-18 22:18:28] plot_cnv_observation:Done writing observation heatmap thresholds.
INFO [2022-07-18 22:18:31] Colors for breaks:  #00008B,#24249B,#4848AB,#6D6DBC,#9191CC,#B6B6DD,#DADAEE,#FFFFFF,#EEDADA,#DDB6B6,#CC9191,#BC6D6D,#AB4848,#9B2424,#8B0000
INFO [2022-07-18 22:18:31] Quantiles of plotted data range: 0.88888332342912,1.00085990062192,1.00085990062192,1.00085990062192,1.11111667657088
INFO [2022-07-18 22:18:34] plot_cnv_observations:Writing observation data to ./data/infercnv/inferCNV_out_new/Pool105_28//infercnv.observations.txt
INFO [2022-07-18 22:18:49] plot_cnv_references:Start
INFO [2022-07-18 22:18:49] Reference data size: Cells= 14411 Genes= 4710
INFO [2022-07-19 01:23:33] plot_cnv_references:Number reference groups= 1
INFO [2022-07-19 01:23:33] plot_cnv_references:Plotting heatmap.
INFO [2022-07-19 01:23:45] Colors for breaks:  #00008B,#24249B,#4848AB,#6D6DBC,#9191CC,#B6B6DD,#DADAEE,#FFFFFF,#EEDADA,#DDB6B6,#CC9191,#BC6D6D,#AB4848,#9B2424,#8B0000
INFO [2022-07-19 01:23:45] Quantiles of plotted data range: 0.88888332342912,1.00085990062192,1.00085990062192,1.00085990062192,1.11111667657088
INFO [2022-07-19 01:23:51] plot_cnv_references:Writing reference data to ./data/infercnv/inferCNV_out_new/Pool105_28//infercnv.references.txt
