
CommandNotFoundError: Your shell has not been properly configured to use 'conda activate'.
To initialize your shell, run

    $ conda init <SHELL_NAME>

Currently supported shells are:
  - bash
  - fish
  - tcsh
  - xonsh
  - zsh
  - powershell

See 'conda init --help' for more information and options.

IMPORTANT: You may need to close and restart your shell after running 'conda init'.


[1] "/liulab/galib/mouse_scRNAseq_margaret/data/infercnv/inferCNV_out_new/sick/new_sick"
Warning message:
package ‘rBCS’ was built under R version 4.1.3 
── Attaching packages ─────────────────────────────────────── tidyverse 1.3.1 ──
✔ ggplot2 3.3.6     ✔ purrr   0.3.4
✔ tibble  3.1.7     ✔ dplyr   1.0.9
✔ tidyr   1.2.0     ✔ stringr 1.4.0
✔ readr   2.1.2     ✔ forcats 0.5.1
── Conflicts ────────────────────────────────────────── tidyverse_conflicts() ──
✖ dplyr::filter() masks stats::filter()
✖ dplyr::lag()    masks stats::lag()
Warning messages:
1: package ‘tidyverse’ was built under R version 4.1.3 
2: package ‘ggplot2’ was built under R version 4.1.3 
3: package ‘tibble’ was built under R version 4.1.3 
4: package ‘tidyr’ was built under R version 4.1.2 
5: package ‘readr’ was built under R version 4.1.2 
6: package ‘dplyr’ was built under R version 4.1.3 
7: package ‘forcats’ was built under R version 4.1.3 
Attaching SeuratObject
Attaching sp
Warning message:
package ‘Seurat’ was built under R version 4.1.3 
here() starts at /liulab/galib/mouse_scRNAseq_margaret
Loading required package: usethis
Warning message:
package ‘ggpubr’ was built under R version 4.1.3 
Warning message:
package ‘infercnv’ was built under R version 4.1.3 
[1]  32285 176583
Rows: 55228 Columns: 4
── Column specification ────────────────────────────────────────────────────────
Delimiter: "\t"
chr (2): X1, X2
dbl (2): X3, X4

ℹ Use `spec()` to retrieve the full column specification for this data.
ℹ Specify the column types or set `show_col_types = FALSE` to quiet this message.
[1] 14
INFO [2022-08-10 18:58:18] Parsing gene order file: ./data/infercnv/gene_order_file.txt
INFO [2022-08-10 18:58:18] ::order_reduce:Start.
INFO [2022-08-10 18:58:24] .order_reduce(): expr and order match.
INFO [2022-08-10 18:58:56] ::process_data:order_reduce:Reduction from positional data, new dimensions (r,c) = 32285,176583 Total=901670571 Min=0 Max=21505.
INFO [2022-08-10 18:58:58] num genes removed taking into account provided gene ordering list: 1949 = 6.03685922254917% removed.
INFO [2022-08-10 18:58:59] -filtering out cells < 100 or > Inf, removing 0 % of cells
INFO [2022-08-10 18:59:06] validating infercnv_obj
INFO [2022-08-10 18:59:06] ::process_data:Start
INFO [2022-08-10 18:59:06] Creating output path ./data/infercnv/inferCNV_out_new/Pool105_8_newsick/
INFO [2022-08-10 18:59:06] Checking for saved results.
INFO [2022-08-10 18:59:06] 

	STEP 1: incoming data

INFO [2022-08-10 18:59:30] 

	STEP 02: Removing lowly expressed genes

INFO [2022-08-10 18:59:30] ::above_min_mean_expr_cutoff:Start
INFO [2022-08-10 18:59:30] Removing 25686 genes from matrix as below mean expr threshold: 0.1
INFO [2022-08-10 18:59:31] validating infercnv_obj
INFO [2022-08-10 18:59:31] There are 4650 genes and 17513 cells remaining in the expr matrix.
INFO [2022-08-10 18:59:36] no genes removed due to min cells/gene filter
INFO [2022-08-10 18:59:58] 

	STEP 03: normalization by sequencing depth

INFO [2022-08-10 18:59:58] normalizing counts matrix by depth
INFO [2022-08-10 19:00:03] Computed total sum normalization factor as median libsize: 3083.000000
INFO [2022-08-10 19:00:03] Adding h-spike
INFO [2022-08-10 19:00:03] -hspike modeling of WT
INFO [2022-08-10 19:00:53] validating infercnv_obj
INFO [2022-08-10 19:00:53] normalizing counts matrix by depth
INFO [2022-08-10 19:00:53] Using specified normalization factor: 3083.000000
INFO [2022-08-10 19:01:14] 

	STEP 04: log transformation of data

INFO [2022-08-10 19:01:14] transforming log2xplus1()
INFO [2022-08-10 19:01:17] -mirroring for hspike
INFO [2022-08-10 19:01:17] transforming log2xplus1()
INFO [2022-08-10 19:01:40] 

	STEP 08: removing average of reference data (before smoothing)

INFO [2022-08-10 19:01:40] ::subtract_ref_expr_from_obs:Start inv_log=FALSE, use_bounds=TRUE
INFO [2022-08-10 19:01:40] subtracting mean(normal) per gene per cell across all data
INFO [2022-08-10 19:01:45] -subtracting expr per gene, use_bounds=TRUE
INFO [2022-08-10 19:27:31] -mirroring for hspike
INFO [2022-08-10 19:27:31] ::subtract_ref_expr_from_obs:Start inv_log=FALSE, use_bounds=TRUE
INFO [2022-08-10 19:27:31] subtracting mean(normal) per gene per cell across all data
INFO [2022-08-10 19:27:33] -subtracting expr per gene, use_bounds=TRUE
INFO [2022-08-10 19:28:10] 

	STEP 09: apply max centered expression threshold: 3

INFO [2022-08-10 19:28:10] ::process_data:setting max centered expr, threshold set to: +/-:  3
INFO [2022-08-10 19:28:12] -mirroring for hspike
INFO [2022-08-10 19:28:12] ::process_data:setting max centered expr, threshold set to: +/-:  3
INFO [2022-08-10 19:28:50] 

	STEP 10: Smoothing data per cell by chromosome

INFO [2022-08-10 19:28:50] smooth_by_chromosome: chr: chr1
INFO [2022-08-10 19:29:02] smooth_by_chromosome: chr: chr10
INFO [2022-08-10 19:29:14] smooth_by_chromosome: chr: chr11
INFO [2022-08-10 19:29:28] smooth_by_chromosome: chr: chr12
INFO [2022-08-10 19:29:40] smooth_by_chromosome: chr: chr13
INFO [2022-08-10 19:29:51] smooth_by_chromosome: chr: chr14
INFO [2022-08-10 19:30:03] smooth_by_chromosome: chr: chr15
INFO [2022-08-10 19:30:15] smooth_by_chromosome: chr: chr16
INFO [2022-08-10 19:30:27] smooth_by_chromosome: chr: chr17
INFO [2022-08-10 19:30:40] smooth_by_chromosome: chr: chr18
INFO [2022-08-10 19:30:51] smooth_by_chromosome: chr: chr19
INFO [2022-08-10 19:31:04] smooth_by_chromosome: chr: chr2
INFO [2022-08-10 19:31:18] smooth_by_chromosome: chr: chr3
INFO [2022-08-10 19:31:31] smooth_by_chromosome: chr: chr4
INFO [2022-08-10 19:31:44] smooth_by_chromosome: chr: chr5
INFO [2022-08-10 19:31:58] smooth_by_chromosome: chr: chr6
INFO [2022-08-10 19:32:12] smooth_by_chromosome: chr: chr7
INFO [2022-08-10 19:32:28] smooth_by_chromosome: chr: chr8
INFO [2022-08-10 19:32:40] smooth_by_chromosome: chr: chr9
INFO [2022-08-10 19:32:53] -mirroring for hspike
INFO [2022-08-10 19:32:53] smooth_by_chromosome: chr: chrA
INFO [2022-08-10 19:32:53] smooth_by_chromosome: chr: chr_0
INFO [2022-08-10 19:32:53] smooth_by_chromosome: chr: chr_B
INFO [2022-08-10 19:32:53] smooth_by_chromosome: chr: chr_0pt5
INFO [2022-08-10 19:32:54] smooth_by_chromosome: chr: chr_C
INFO [2022-08-10 19:32:54] smooth_by_chromosome: chr: chr_1pt5
INFO [2022-08-10 19:32:54] smooth_by_chromosome: chr: chr_D
INFO [2022-08-10 19:32:54] smooth_by_chromosome: chr: chr_2pt0
INFO [2022-08-10 19:32:54] smooth_by_chromosome: chr: chr_E
INFO [2022-08-10 19:32:54] smooth_by_chromosome: chr: chr_3pt0
INFO [2022-08-10 19:32:55] smooth_by_chromosome: chr: chr_F
INFO [2022-08-10 19:33:35] 

	STEP 11: re-centering data across chromosome after smoothing

INFO [2022-08-10 19:33:35] ::center_smooth across chromosomes per cell
INFO [2022-08-10 19:33:49] -mirroring for hspike
INFO [2022-08-10 19:33:49] ::center_smooth across chromosomes per cell
INFO [2022-08-10 19:34:31] 

	STEP 12: removing average of reference data (after smoothing)

INFO [2022-08-10 19:34:31] ::subtract_ref_expr_from_obs:Start inv_log=FALSE, use_bounds=TRUE
INFO [2022-08-10 19:34:31] subtracting mean(normal) per gene per cell across all data
INFO [2022-08-10 19:34:36] -subtracting expr per gene, use_bounds=TRUE
INFO [2022-08-10 19:34:42] -mirroring for hspike
INFO [2022-08-10 19:34:42] ::subtract_ref_expr_from_obs:Start inv_log=FALSE, use_bounds=TRUE
INFO [2022-08-10 19:34:42] subtracting mean(normal) per gene per cell across all data
INFO [2022-08-10 19:34:43] -subtracting expr per gene, use_bounds=TRUE
INFO [2022-08-10 19:35:22] 

	STEP 14: invert log2(FC) to FC

INFO [2022-08-10 19:35:22] invert_log2(), computing 2^x
INFO [2022-08-10 19:35:27] -mirroring for hspike
INFO [2022-08-10 19:35:27] invert_log2(), computing 2^x
INFO [2022-08-10 19:36:24] 

	STEP 15: Clustering samples (not defining tumor subclusters)

INFO [2022-08-10 19:36:24] define_signif_tumor_subclusters(p_val=0.1
INFO [2022-08-10 19:36:24] define_signif_tumor_subclusters(), tumor: CD70-/-;Bcl6tg/+
INFO [2022-08-10 19:37:26] cut tree into: 1 groups
INFO [2022-08-10 19:37:26] -processing CD70-/-;Bcl6tg/+,CD70-/-;Bcl6tg/+_s1
INFO [2022-08-10 19:37:26] define_signif_tumor_subclusters(), tumor: WT
INFO [2022-08-10 23:38:43] cut tree into: 1 groups
INFO [2022-08-10 23:38:43] -processing WT,WT_s1
INFO [2022-08-10 23:38:43] -mirroring for hspike
INFO [2022-08-10 23:38:43] define_signif_tumor_subclusters(p_val=0.1
INFO [2022-08-10 23:38:43] define_signif_tumor_subclusters(), tumor: spike_tumor_cell_WT
INFO [2022-08-10 23:38:43] cut tree into: 1 groups
INFO [2022-08-10 23:38:43] -processing spike_tumor_cell_WT,spike_tumor_cell_WT_s1
INFO [2022-08-10 23:38:43] define_signif_tumor_subclusters(), tumor: simnorm_cell_WT
INFO [2022-08-10 23:38:43] cut tree into: 1 groups
INFO [2022-08-10 23:38:43] -processing simnorm_cell_WT,simnorm_cell_WT_s1
INFO [2022-08-10 23:40:31] ::plot_cnv:Start
INFO [2022-08-10 23:40:31] ::plot_cnv:Current data dimensions (r,c)=4650,17513 Total=81532982.151007 Min=0.660713838312391 Max=1.49544377984523.
INFO [2022-08-10 23:40:31] ::plot_cnv:Depending on the size of the matrix this may take a moment.
INFO [2022-08-10 23:41:54] plot_cnv(): auto thresholding at: (0.884062 , 1.118333)
INFO [2022-08-10 23:41:56] plot_cnv_observation:Start
INFO [2022-08-10 23:41:56] Observation data size: Cells= 1379 Genes= 4650
INFO [2022-08-10 23:41:56] plot_cnv_observation:Writing observation groupings/color.
INFO [2022-08-10 23:41:56] plot_cnv_observation:Done writing observation groupings/color.
INFO [2022-08-10 23:41:56] plot_cnv_observation:Writing observation heatmap thresholds.
INFO [2022-08-10 23:41:56] plot_cnv_observation:Done writing observation heatmap thresholds.
INFO [2022-08-10 23:41:57] Colors for breaks:  #00008B,#24249B,#4848AB,#6D6DBC,#9191CC,#B6B6DD,#DADAEE,#FFFFFF,#EEDADA,#DDB6B6,#CC9191,#BC6D6D,#AB4848,#9B2424,#8B0000
INFO [2022-08-10 23:41:57] Quantiles of plotted data range: 0.884062002292187,0.969703859346926,0.998897129284265,1.03322523568169,1.11833332188192
INFO [2022-08-10 23:41:59] plot_cnv_observations:Writing observation data to ./data/infercnv/inferCNV_out_new/Pool105_8_newsick//infercnv.preliminary.observations.txt
INFO [2022-08-10 23:42:05] plot_cnv_references:Start
INFO [2022-08-10 23:42:05] Reference data size: Cells= 16134 Genes= 4650
INFO [2022-08-11 03:47:08] plot_cnv_references:Number reference groups= 1
INFO [2022-08-11 03:47:09] plot_cnv_references:Plotting heatmap.
INFO [2022-08-11 03:47:28] Colors for breaks:  #00008B,#24249B,#4848AB,#6D6DBC,#9191CC,#B6B6DD,#DADAEE,#FFFFFF,#EEDADA,#DDB6B6,#CC9191,#BC6D6D,#AB4848,#9B2424,#8B0000
INFO [2022-08-11 03:47:28] Quantiles of plotted data range: 0.884062002292187,0.972984104231412,0.998846472165782,1.0264700961845,1.11833332188192
INFO [2022-08-11 03:47:37] plot_cnv_references:Writing reference data to ./data/infercnv/inferCNV_out_new/Pool105_8_newsick//infercnv.preliminary.references.txt
INFO [2022-08-11 03:48:59] 

	STEP 17: HMM-based CNV prediction

INFO [2022-08-11 03:48:59] predict_CNV_via_HMM_on_whole_tumor_samples
INFO [2022-08-11 03:49:03] -done predicting CNV based on initial tumor subclusters
INFO [2022-08-11 03:49:03] get_predicted_CNV_regions(subcluster)
INFO [2022-08-11 03:49:03] -processing cell_group_name: CD70-/-;Bcl6tg/+.CD70-/-;Bcl6tg/+_s1, size: 1379
INFO [2022-08-11 03:49:11] -processing cell_group_name: WT.WT_s1, size: 16134
INFO [2022-08-11 03:50:10] -writing cell clusters file: ./data/infercnv/inferCNV_out_new/Pool105_8_newsick//17_HMM_predHMMi6.hmm_mode-samples.cell_groupings
INFO [2022-08-11 03:50:10] -writing cnv regions file: ./data/infercnv/inferCNV_out_new/Pool105_8_newsick//17_HMM_predHMMi6.hmm_mode-samples.pred_cnv_regions.dat
INFO [2022-08-11 03:50:11] -writing per-gene cnv report: ./data/infercnv/inferCNV_out_new/Pool105_8_newsick//17_HMM_predHMMi6.hmm_mode-samples.pred_cnv_genes.dat
INFO [2022-08-11 03:50:11] -writing gene ordering info: ./data/infercnv/inferCNV_out_new/Pool105_8_newsick//17_HMM_predHMMi6.hmm_mode-samples.genes_used.dat
INFO [2022-08-11 03:50:30] ::plot_cnv:Start
INFO [2022-08-11 03:50:30] ::plot_cnv:Current data dimensions (r,c)=4650,17513 Total=245194426 Min=3 Max=4.
INFO [2022-08-11 03:50:31] ::plot_cnv:Depending on the size of the matrix this may take a moment.
INFO [2022-08-11 03:51:43] plot_cnv_observation:Start
INFO [2022-08-11 03:51:43] Observation data size: Cells= 1379 Genes= 4650
INFO [2022-08-11 03:51:43] plot_cnv_observation:Writing observation groupings/color.
INFO [2022-08-11 03:51:43] plot_cnv_observation:Done writing observation groupings/color.
INFO [2022-08-11 03:51:43] plot_cnv_observation:Writing observation heatmap thresholds.
INFO [2022-08-11 03:51:43] plot_cnv_observation:Done writing observation heatmap thresholds.
INFO [2022-08-11 03:51:45] Colors for breaks:  #00008B,#24249B,#4848AB,#6D6DBC,#9191CC,#B6B6DD,#DADAEE,#FFFFFF,#EEDADA,#DDB6B6,#CC9191,#BC6D6D,#AB4848,#9B2424,#8B0000
INFO [2022-08-11 03:51:45] Quantiles of plotted data range: 3,3,3,3,4
INFO [2022-08-11 03:51:46] plot_cnv_observations:Writing observation data to ./data/infercnv/inferCNV_out_new/Pool105_8_newsick//infercnv.17_HMM_predHMMi6.hmm_mode-samples.observations.txt
INFO [2022-08-11 03:51:52] plot_cnv_references:Start
INFO [2022-08-11 03:51:52] Reference data size: Cells= 16134 Genes= 4650
INFO [2022-08-11 07:52:02] plot_cnv_references:Number reference groups= 1
INFO [2022-08-11 07:52:03] plot_cnv_references:Plotting heatmap.
INFO [2022-08-11 07:52:21] Colors for breaks:  #00008B,#24249B,#4848AB,#6D6DBC,#9191CC,#B6B6DD,#DADAEE,#FFFFFF,#EEDADA,#DDB6B6,#CC9191,#BC6D6D,#AB4848,#9B2424,#8B0000
INFO [2022-08-11 07:52:21] Quantiles of plotted data range: 3,3,3,3,3
INFO [2022-08-11 07:52:28] plot_cnv_references:Writing reference data to ./data/infercnv/inferCNV_out_new/Pool105_8_newsick//infercnv.17_HMM_predHMMi6.hmm_mode-samples.references.txt
INFO [2022-08-11 07:53:36] 

	STEP 18: Run Bayesian Network Model on HMM predicted CNVs

INFO [2022-08-11 07:53:38] Creating the following Directory:  ./data/infercnv/inferCNV_out_new/Pool105_8_newsick//BayesNetOutput.HMMi6.hmm_mode-samples
INFO [2022-08-11 07:53:38] Initializing new MCM InferCNV Object.
INFO [2022-08-11 07:53:38] validating infercnv_obj
INFO [2022-08-11 07:53:38] Total CNV's:  6
INFO [2022-08-11 07:53:38] Loading BUGS Model.
INFO [2022-08-11 07:53:38] Running Sampling Using Parallel with  64 Cores
INFO [2022-08-11 08:09:20] Obtaining probabilities post-sampling
INFO [2022-08-11 08:09:55] Gibbs sampling time:  16.2959478378296  Minutes
INFO [2022-08-11 08:10:56] ::plot_cnv:Start
INFO [2022-08-11 08:10:56] ::plot_cnv:Current data dimensions (r,c)=4650,17513 Total=676072.175451822 Min=0 Max=0.87130438334983.
INFO [2022-08-11 08:10:56] ::plot_cnv:Depending on the size of the matrix this may take a moment.
INFO [2022-08-11 08:10:58] plot_cnv_observation:Start
INFO [2022-08-11 08:10:58] Observation data size: Cells= 1379 Genes= 4650
INFO [2022-08-11 08:10:59] plot_cnv_observation:Writing observation groupings/color.
INFO [2022-08-11 08:10:59] plot_cnv_observation:Done writing observation groupings/color.
INFO [2022-08-11 08:10:59] plot_cnv_observation:Writing observation heatmap thresholds.
INFO [2022-08-11 08:10:59] plot_cnv_observation:Done writing observation heatmap thresholds.
INFO [2022-08-11 08:11:00] Colors for breaks:  #00008B,#24249B,#4848AB,#6D6DBC,#9191CC,#B6B6DD,#DADAEE,#FFFFFF,#EEDADA,#DDB6B6,#CC9191,#BC6D6D,#AB4848,#9B2424,#8B0000
INFO [2022-08-11 08:11:00] Quantiles of plotted data range: 0,0,0,0,0.87130438334983
INFO [2022-08-11 08:11:01] plot_cnv_observations:Writing observation data to ./data/infercnv/inferCNV_out_new/Pool105_8_newsick//BayesNetOutput.HMMi6.hmm_mode-samples/infercnv.NormalProbabilities.PreFiltering.observations.txt
INFO [2022-08-11 08:11:06] plot_cnv_references:Start
INFO [2022-08-11 08:11:06] Reference data size: Cells= 16134 Genes= 4650
INFO [2022-08-11 12:19:32] plot_cnv_references:Number reference groups= 1
INFO [2022-08-11 12:19:33] plot_cnv_references:Plotting heatmap.
INFO [2022-08-11 12:19:50] Colors for breaks:  #00008B,#24249B,#4848AB,#6D6DBC,#9191CC,#B6B6DD,#DADAEE,#FFFFFF,#EEDADA,#DDB6B6,#CC9191,#BC6D6D,#AB4848,#9B2424,#8B0000
INFO [2022-08-11 12:19:50] Quantiles of plotted data range: 0,0,0,0,0
INFO [2022-08-11 12:19:58] plot_cnv_references:Writing reference data to ./data/infercnv/inferCNV_out_new/Pool105_8_newsick//BayesNetOutput.HMMi6.hmm_mode-samples/infercnv.NormalProbabilities.PreFiltering.references.txt
INFO [2022-08-11 12:21:50] 

	STEP 19: Filter HMM predicted CNVs based on the Bayesian Network Model results and BayesMaxPNormal

INFO [2022-08-11 12:21:50] Attempting to removing CNV(s) with a probability of being normal above  0.5
INFO [2022-08-11 12:21:50] Removing  0  CNV(s) identified by the HMM.
INFO [2022-08-11 12:21:50] Reassigning CNVs based on state probabilities.
INFO [2022-08-11 12:21:50] Creating Plots for CNV and cell Probabilities.
INFO [2022-08-11 12:22:02] ::plot_cnv:Start
INFO [2022-08-11 12:22:02] ::plot_cnv:Current data dimensions (r,c)=4650,17513 Total=676072.175451822 Min=0 Max=0.87130438334983.
INFO [2022-08-11 12:22:02] ::plot_cnv:Depending on the size of the matrix this may take a moment.
INFO [2022-08-11 12:22:05] plot_cnv_observation:Start
INFO [2022-08-11 12:22:05] Observation data size: Cells= 1379 Genes= 4650
INFO [2022-08-11 12:22:05] plot_cnv_observation:Writing observation groupings/color.
INFO [2022-08-11 12:22:05] plot_cnv_observation:Done writing observation groupings/color.
INFO [2022-08-11 12:22:05] plot_cnv_observation:Writing observation heatmap thresholds.
INFO [2022-08-11 12:22:05] plot_cnv_observation:Done writing observation heatmap thresholds.
INFO [2022-08-11 12:22:06] Colors for breaks:  #00008B,#24249B,#4848AB,#6D6DBC,#9191CC,#B6B6DD,#DADAEE,#FFFFFF,#EEDADA,#DDB6B6,#CC9191,#BC6D6D,#AB4848,#9B2424,#8B0000
INFO [2022-08-11 12:22:06] Quantiles of plotted data range: 0,0,0,0,0.87130438334983
INFO [2022-08-11 12:22:07] plot_cnv_observations:Writing observation data to ./data/infercnv/inferCNV_out_new/Pool105_8_newsick//BayesNetOutput.HMMi6.hmm_mode-samples/infercnv.NormalProbabilities.PostFiltering.observations.txt
INFO [2022-08-11 12:22:12] plot_cnv_references:Start
INFO [2022-08-11 12:22:12] Reference data size: Cells= 16134 Genes= 4650
INFO [2022-08-11 16:12:52] plot_cnv_references:Number reference groups= 1
INFO [2022-08-11 16:12:53] plot_cnv_references:Plotting heatmap.
INFO [2022-08-11 16:13:10] Colors for breaks:  #00008B,#24249B,#4848AB,#6D6DBC,#9191CC,#B6B6DD,#DADAEE,#FFFFFF,#EEDADA,#DDB6B6,#CC9191,#BC6D6D,#AB4848,#9B2424,#8B0000
INFO [2022-08-11 16:13:10] Quantiles of plotted data range: 0,0,0,0,0
INFO [2022-08-11 16:13:17] plot_cnv_references:Writing reference data to ./data/infercnv/inferCNV_out_new/Pool105_8_newsick//BayesNetOutput.HMMi6.hmm_mode-samples/infercnv.NormalProbabilities.PostFiltering.references.txt
INFO [2022-08-11 16:14:26] ::plot_cnv:Start
INFO [2022-08-11 16:14:26] ::plot_cnv:Current data dimensions (r,c)=4650,17513 Total=245194426 Min=3 Max=4.
INFO [2022-08-11 16:14:27] ::plot_cnv:Depending on the size of the matrix this may take a moment.
INFO [2022-08-11 16:15:35] plot_cnv_observation:Start
INFO [2022-08-11 16:15:35] Observation data size: Cells= 1379 Genes= 4650
INFO [2022-08-11 16:15:35] plot_cnv_observation:Writing observation groupings/color.
INFO [2022-08-11 16:15:35] plot_cnv_observation:Done writing observation groupings/color.
INFO [2022-08-11 16:15:35] plot_cnv_observation:Writing observation heatmap thresholds.
INFO [2022-08-11 16:15:35] plot_cnv_observation:Done writing observation heatmap thresholds.
INFO [2022-08-11 16:15:37] Colors for breaks:  #00008B,#24249B,#4848AB,#6D6DBC,#9191CC,#B6B6DD,#DADAEE,#FFFFFF,#EEDADA,#DDB6B6,#CC9191,#BC6D6D,#AB4848,#9B2424,#8B0000
INFO [2022-08-11 16:15:37] Quantiles of plotted data range: 3,3,3,3,4
INFO [2022-08-11 16:15:38] plot_cnv_observations:Writing observation data to ./data/infercnv/inferCNV_out_new/Pool105_8_newsick//infercnv.19_HMM_pred.Bayes_Net.Pnorm_0.5.observations.txt
INFO [2022-08-11 16:15:43] plot_cnv_references:Start
INFO [2022-08-11 16:15:43] Reference data size: Cells= 16134 Genes= 4650
INFO [2022-08-11 20:14:50] plot_cnv_references:Number reference groups= 1
INFO [2022-08-11 20:14:51] plot_cnv_references:Plotting heatmap.
INFO [2022-08-11 20:15:09] Colors for breaks:  #00008B,#24249B,#4848AB,#6D6DBC,#9191CC,#B6B6DD,#DADAEE,#FFFFFF,#EEDADA,#DDB6B6,#CC9191,#BC6D6D,#AB4848,#9B2424,#8B0000
INFO [2022-08-11 20:15:09] Quantiles of plotted data range: 3,3,3,3,3
INFO [2022-08-11 20:15:16] plot_cnv_references:Writing reference data to ./data/infercnv/inferCNV_out_new/Pool105_8_newsick//infercnv.19_HMM_pred.Bayes_Net.Pnorm_0.5.references.txt
INFO [2022-08-11 20:16:20] 

	STEP 20: Converting HMM-based CNV states to repr expr vals

INFO [2022-08-11 20:16:45] ::plot_cnv:Start
INFO [2022-08-11 20:16:45] ::plot_cnv:Current data dimensions (r,c)=4650,17513 Total=81879488 Min=1 Max=1.5.
INFO [2022-08-11 20:16:46] ::plot_cnv:Depending on the size of the matrix this may take a moment.
INFO [2022-08-11 20:17:54] plot_cnv_observation:Start
INFO [2022-08-11 20:17:54] Observation data size: Cells= 1379 Genes= 4650
INFO [2022-08-11 20:17:54] plot_cnv_observation:Writing observation groupings/color.
INFO [2022-08-11 20:17:54] plot_cnv_observation:Done writing observation groupings/color.
INFO [2022-08-11 20:17:54] plot_cnv_observation:Writing observation heatmap thresholds.
INFO [2022-08-11 20:17:54] plot_cnv_observation:Done writing observation heatmap thresholds.
INFO [2022-08-11 20:17:55] Colors for breaks:  #00008B,#24249B,#4848AB,#6D6DBC,#9191CC,#B6B6DD,#DADAEE,#FFFFFF,#EEDADA,#DDB6B6,#CC9191,#BC6D6D,#AB4848,#9B2424,#8B0000
INFO [2022-08-11 20:17:55] Quantiles of plotted data range: 1,1,1,1,1.5
INFO [2022-08-11 20:17:56] plot_cnv_observations:Writing observation data to ./data/infercnv/inferCNV_out_new/Pool105_8_newsick//infercnv.20_HMM_predHMMi6.hmm_mode-samples.Pnorm_0.5.repr_intensities.observations.txt
INFO [2022-08-11 20:18:02] plot_cnv_references:Start
INFO [2022-08-11 20:18:02] Reference data size: Cells= 16134 Genes= 4650
INFO [2022-08-12 00:19:52] plot_cnv_references:Number reference groups= 1
INFO [2022-08-12 00:19:53] plot_cnv_references:Plotting heatmap.
INFO [2022-08-12 00:20:12] Colors for breaks:  #00008B,#24249B,#4848AB,#6D6DBC,#9191CC,#B6B6DD,#DADAEE,#FFFFFF,#EEDADA,#DDB6B6,#CC9191,#BC6D6D,#AB4848,#9B2424,#8B0000
INFO [2022-08-12 00:20:12] Quantiles of plotted data range: 1,1,1,1,1
INFO [2022-08-12 00:20:20] plot_cnv_references:Writing reference data to ./data/infercnv/inferCNV_out_new/Pool105_8_newsick//infercnv.20_HMM_predHMMi6.hmm_mode-samples.Pnorm_0.5.repr_intensities.references.txt
INFO [2022-08-12 00:21:30] 

	STEP 22: Denoising

INFO [2022-08-12 00:21:30] ::process_data:Remove noise, noise threshold defined via ref mean sd_amplifier:  1.5
INFO [2022-08-12 00:21:30] denoising using mean(normal) +- sd_amplifier * sd(normal) per gene per cell across all data
INFO [2022-08-12 00:21:34] :: **** clear_noise_via_ref_quantiles **** : removing noise between bounds:  0.938646734387887 - 1.06312373501358
INFO [2022-08-12 00:22:17] 

## Making the final infercnv heatmap ##
INFO [2022-08-12 00:22:18] ::plot_cnv:Start
INFO [2022-08-12 00:22:18] ::plot_cnv:Current data dimensions (r,c)=4650,17513 Total=81680469.2840725 Min=0.660713838312391 Max=1.49544377984523.
INFO [2022-08-12 00:22:19] ::plot_cnv:Depending on the size of the matrix this may take a moment.
INFO [2022-08-12 00:23:44] plot_cnv(): auto thresholding at: (0.881667 , 1.118333)
INFO [2022-08-12 00:23:47] plot_cnv_observation:Start
INFO [2022-08-12 00:23:47] Observation data size: Cells= 1379 Genes= 4650
INFO [2022-08-12 00:23:47] plot_cnv_observation:Writing observation groupings/color.
INFO [2022-08-12 00:23:47] plot_cnv_observation:Done writing observation groupings/color.
INFO [2022-08-12 00:23:47] plot_cnv_observation:Writing observation heatmap thresholds.
INFO [2022-08-12 00:23:47] plot_cnv_observation:Done writing observation heatmap thresholds.
INFO [2022-08-12 00:23:49] Colors for breaks:  #00008B,#24249B,#4848AB,#6D6DBC,#9191CC,#B6B6DD,#DADAEE,#FFFFFF,#EEDADA,#DDB6B6,#CC9191,#BC6D6D,#AB4848,#9B2424,#8B0000
INFO [2022-08-12 00:23:49] Quantiles of plotted data range: 0.881666678118084,1.00088523470073,1.00088523470073,1.00088523470073,1.11833332188192
INFO [2022-08-12 00:23:50] plot_cnv_observations:Writing observation data to ./data/infercnv/inferCNV_out_new/Pool105_8_newsick//infercnv.observations.txt
INFO [2022-08-12 00:23:56] plot_cnv_references:Start
INFO [2022-08-12 00:23:56] Reference data size: Cells= 16134 Genes= 4650
INFO [2022-08-12 04:24:34] plot_cnv_references:Number reference groups= 1
INFO [2022-08-12 04:24:35] plot_cnv_references:Plotting heatmap.
INFO [2022-08-12 04:24:51] Colors for breaks:  #00008B,#24249B,#4848AB,#6D6DBC,#9191CC,#B6B6DD,#DADAEE,#FFFFFF,#EEDADA,#DDB6B6,#CC9191,#BC6D6D,#AB4848,#9B2424,#8B0000
INFO [2022-08-12 04:24:51] Quantiles of plotted data range: 0.881666678118084,1.00088523470073,1.00088523470073,1.00088523470073,1.11833332188192
INFO [2022-08-12 04:25:00] plot_cnv_references:Writing reference data to ./data/infercnv/inferCNV_out_new/Pool105_8_newsick//infercnv.references.txt
Warning messages:
1: In type.convert.default(X[[i]], ...) :
  'as.is' should be specified by the caller; using TRUE
2: In type.convert.default(X[[i]], ...) :
  'as.is' should be specified by the caller; using TRUE
3: In type.convert.default(X[[i]], ...) :
  'as.is' should be specified by the caller; using TRUE
4: In type.convert.default(X[[i]], ...) :
  'as.is' should be specified by the caller; using TRUE
5: In type.convert.default(X[[i]], ...) :
  'as.is' should be specified by the caller; using TRUE
6: In type.convert.default(X[[i]], ...) :
  'as.is' should be specified by the caller; using TRUE
