[1] "/liulab/galib/mouse_scRNAseq_margaret/data/infercnv/inferCNV_out_new/6mos"
Warning message:
package ‘rBCS’ was built under R version 4.1.3 
── Attaching packages ─────────────────────────────────────── tidyverse 1.3.1 ──
✔ ggplot2 3.3.6     ✔ purrr   0.3.4
✔ tibble  3.1.7     ✔ dplyr   1.0.9
✔ tidyr   1.2.0     ✔ stringr 1.4.0
✔ readr   2.1.2     ✔ forcats 0.5.1
── Conflicts ────────────────────────────────────────── tidyverse_conflicts() ──
✖ dplyr::filter() masks stats::filter()
✖ dplyr::lag()    masks stats::lag()
Warning messages:
1: package ‘tidyverse’ was built under R version 4.1.3 
2: package ‘ggplot2’ was built under R version 4.1.3 
3: package ‘tibble’ was built under R version 4.1.3 
4: package ‘tidyr’ was built under R version 4.1.2 
5: package ‘readr’ was built under R version 4.1.2 
6: package ‘dplyr’ was built under R version 4.1.3 
7: package ‘forcats’ was built under R version 4.1.3 
Attaching SeuratObject
Attaching sp
Warning message:
package ‘Seurat’ was built under R version 4.1.3 
here() starts at /liulab/galib/mouse_scRNAseq_margaret
Loading required package: usethis
Warning message:
package ‘ggpubr’ was built under R version 4.1.3 
Warning message:
package ‘infercnv’ was built under R version 4.1.3 
[1]  32285 176583
Rows: 55228 Columns: 4
── Column specification ────────────────────────────────────────────────────────
Delimiter: "\t"
chr (2): X1, X2
dbl (2): X3, X4

ℹ Use `spec()` to retrieve the full column specification for this data.
ℹ Specify the column types or set `show_col_types = FALSE` to quiet this message.
[1] 12
INFO [2022-07-18 05:33:33] Parsing gene order file: ./data/infercnv/gene_order_file.txt
INFO [2022-07-18 05:33:33] ::order_reduce:Start.
INFO [2022-07-18 05:33:37] .order_reduce(): expr and order match.
INFO [2022-07-18 05:33:54] ::process_data:order_reduce:Reduction from positional data, new dimensions (r,c) = 32285,176583 Total=901670571 Min=0 Max=21505.
INFO [2022-07-18 05:33:56] num genes removed taking into account provided gene ordering list: 1949 = 6.03685922254917% removed.
INFO [2022-07-18 05:33:57] -filtering out cells < 100 or > Inf, removing 0 % of cells
INFO [2022-07-18 05:34:02] validating infercnv_obj
INFO [2022-07-18 05:34:02] ::process_data:Start
INFO [2022-07-18 05:34:02] Creating output path ./data/infercnv/inferCNV_out_new/Pool105_27/
INFO [2022-07-18 05:34:02] Checking for saved results.
INFO [2022-07-18 05:34:02] 

	STEP 1: incoming data

INFO [2022-07-18 05:34:26] 

	STEP 02: Removing lowly expressed genes

INFO [2022-07-18 05:34:26] ::above_min_mean_expr_cutoff:Start
INFO [2022-07-18 05:34:26] Removing 25666 genes from matrix as below mean expr threshold: 0.1
INFO [2022-07-18 05:34:27] validating infercnv_obj
INFO [2022-07-18 05:34:27] There are 4670 genes and 17188 cells remaining in the expr matrix.
INFO [2022-07-18 05:34:31] no genes removed due to min cells/gene filter
INFO [2022-07-18 05:34:53] 

	STEP 03: normalization by sequencing depth

INFO [2022-07-18 05:34:53] normalizing counts matrix by depth
INFO [2022-07-18 05:34:57] Computed total sum normalization factor as median libsize: 2990.500000
INFO [2022-07-18 05:34:57] Adding h-spike
INFO [2022-07-18 05:34:57] -hspike modeling of WT
INFO [2022-07-18 05:35:45] validating infercnv_obj
INFO [2022-07-18 05:35:45] normalizing counts matrix by depth
INFO [2022-07-18 05:35:45] Using specified normalization factor: 2990.500000
INFO [2022-07-18 05:36:07] 

	STEP 04: log transformation of data

INFO [2022-07-18 05:36:07] transforming log2xplus1()
INFO [2022-07-18 05:36:10] -mirroring for hspike
INFO [2022-07-18 05:36:10] transforming log2xplus1()
INFO [2022-07-18 05:36:34] 

	STEP 08: removing average of reference data (before smoothing)

INFO [2022-07-18 05:36:34] ::subtract_ref_expr_from_obs:Start inv_log=FALSE, use_bounds=TRUE
INFO [2022-07-18 05:36:34] subtracting mean(normal) per gene per cell across all data
INFO [2022-07-18 05:36:38] -subtracting expr per gene, use_bounds=TRUE
INFO [2022-07-18 05:52:08] -mirroring for hspike
INFO [2022-07-18 05:52:08] ::subtract_ref_expr_from_obs:Start inv_log=FALSE, use_bounds=TRUE
INFO [2022-07-18 05:52:08] subtracting mean(normal) per gene per cell across all data
INFO [2022-07-18 05:52:10] -subtracting expr per gene, use_bounds=TRUE
INFO [2022-07-18 05:52:49] 

	STEP 09: apply max centered expression threshold: 3

INFO [2022-07-18 05:52:49] ::process_data:setting max centered expr, threshold set to: +/-:  3
INFO [2022-07-18 05:52:50] -mirroring for hspike
INFO [2022-07-18 05:52:50] ::process_data:setting max centered expr, threshold set to: +/-:  3
INFO [2022-07-18 05:53:28] 

	STEP 10: Smoothing data per cell by chromosome

INFO [2022-07-18 05:53:28] smooth_by_chromosome: chr: chr1
INFO [2022-07-18 05:53:42] smooth_by_chromosome: chr: chr10
INFO [2022-07-18 05:53:55] smooth_by_chromosome: chr: chr11
INFO [2022-07-18 05:54:09] smooth_by_chromosome: chr: chr12
INFO [2022-07-18 05:54:22] smooth_by_chromosome: chr: chr13
INFO [2022-07-18 05:54:34] smooth_by_chromosome: chr: chr14
INFO [2022-07-18 05:54:46] smooth_by_chromosome: chr: chr15
INFO [2022-07-18 05:54:59] smooth_by_chromosome: chr: chr16
INFO [2022-07-18 05:55:11] smooth_by_chromosome: chr: chr17
INFO [2022-07-18 05:55:24] smooth_by_chromosome: chr: chr18
INFO [2022-07-18 05:55:36] smooth_by_chromosome: chr: chr19
INFO [2022-07-18 05:55:48] smooth_by_chromosome: chr: chr2
INFO [2022-07-18 05:56:02] smooth_by_chromosome: chr: chr3
INFO [2022-07-18 05:56:15] smooth_by_chromosome: chr: chr4
INFO [2022-07-18 05:56:28] smooth_by_chromosome: chr: chr5
INFO [2022-07-18 05:56:41] smooth_by_chromosome: chr: chr6
INFO [2022-07-18 05:56:55] smooth_by_chromosome: chr: chr7
INFO [2022-07-18 05:57:09] smooth_by_chromosome: chr: chr8
INFO [2022-07-18 05:57:22] smooth_by_chromosome: chr: chr9
INFO [2022-07-18 05:57:36] -mirroring for hspike
INFO [2022-07-18 05:57:36] smooth_by_chromosome: chr: chrA
INFO [2022-07-18 05:57:37] smooth_by_chromosome: chr: chr_0
INFO [2022-07-18 05:57:37] smooth_by_chromosome: chr: chr_B
INFO [2022-07-18 05:57:37] smooth_by_chromosome: chr: chr_0pt5
INFO [2022-07-18 05:57:37] smooth_by_chromosome: chr: chr_C
INFO [2022-07-18 05:57:37] smooth_by_chromosome: chr: chr_1pt5
INFO [2022-07-18 05:57:37] smooth_by_chromosome: chr: chr_D
INFO [2022-07-18 05:57:38] smooth_by_chromosome: chr: chr_2pt0
INFO [2022-07-18 05:57:38] smooth_by_chromosome: chr: chr_E
INFO [2022-07-18 05:57:38] smooth_by_chromosome: chr: chr_3pt0
INFO [2022-07-18 05:57:38] smooth_by_chromosome: chr: chr_F
INFO [2022-07-18 05:58:16] 

	STEP 11: re-centering data across chromosome after smoothing

INFO [2022-07-18 05:58:16] ::center_smooth across chromosomes per cell
INFO [2022-07-18 05:58:28] -mirroring for hspike
INFO [2022-07-18 05:58:28] ::center_smooth across chromosomes per cell
INFO [2022-07-18 05:59:08] 

	STEP 12: removing average of reference data (after smoothing)

INFO [2022-07-18 05:59:08] ::subtract_ref_expr_from_obs:Start inv_log=FALSE, use_bounds=TRUE
INFO [2022-07-18 05:59:08] subtracting mean(normal) per gene per cell across all data
INFO [2022-07-18 05:59:12] -subtracting expr per gene, use_bounds=TRUE
INFO [2022-07-18 05:59:16] -mirroring for hspike
INFO [2022-07-18 05:59:16] ::subtract_ref_expr_from_obs:Start inv_log=FALSE, use_bounds=TRUE
INFO [2022-07-18 05:59:16] subtracting mean(normal) per gene per cell across all data
INFO [2022-07-18 05:59:18] -subtracting expr per gene, use_bounds=TRUE
INFO [2022-07-18 05:59:56] 

	STEP 14: invert log2(FC) to FC

INFO [2022-07-18 05:59:56] invert_log2(), computing 2^x
INFO [2022-07-18 06:00:01] -mirroring for hspike
INFO [2022-07-18 06:00:01] invert_log2(), computing 2^x
INFO [2022-07-18 06:00:56] 

	STEP 15: Clustering samples (not defining tumor subclusters)

INFO [2022-07-18 06:00:56] define_signif_tumor_subclusters(p_val=0.1
INFO [2022-07-18 06:00:56] define_signif_tumor_subclusters(), tumor: CD70-/-;Bcl6tg/+
INFO [2022-07-18 06:05:19] cut tree into: 1 groups
INFO [2022-07-18 06:05:19] -processing CD70-/-;Bcl6tg/+,CD70-/-;Bcl6tg/+_s1
INFO [2022-07-18 06:05:19] define_signif_tumor_subclusters(), tumor: WT
INFO [2022-07-18 09:10:19] cut tree into: 1 groups
INFO [2022-07-18 09:10:19] -processing WT,WT_s1
INFO [2022-07-18 09:10:19] -mirroring for hspike
INFO [2022-07-18 09:10:19] define_signif_tumor_subclusters(p_val=0.1
INFO [2022-07-18 09:10:19] define_signif_tumor_subclusters(), tumor: spike_tumor_cell_WT
INFO [2022-07-18 09:10:19] cut tree into: 1 groups
INFO [2022-07-18 09:10:19] -processing spike_tumor_cell_WT,spike_tumor_cell_WT_s1
INFO [2022-07-18 09:10:19] define_signif_tumor_subclusters(), tumor: simnorm_cell_WT
INFO [2022-07-18 09:10:19] cut tree into: 1 groups
INFO [2022-07-18 09:10:19] -processing simnorm_cell_WT,simnorm_cell_WT_s1
INFO [2022-07-18 09:12:08] ::plot_cnv:Start
INFO [2022-07-18 09:12:08] ::plot_cnv:Current data dimensions (r,c)=4670,17188 Total=80339970.1627574 Min=0.64315740110883 Max=1.48263191761297.
INFO [2022-07-18 09:12:09] ::plot_cnv:Depending on the size of the matrix this may take a moment.
INFO [2022-07-18 09:13:30] plot_cnv(): auto thresholding at: (0.890744 , 1.111050)
INFO [2022-07-18 09:13:33] plot_cnv_observation:Start
INFO [2022-07-18 09:13:33] Observation data size: Cells= 2777 Genes= 4670
INFO [2022-07-18 09:13:33] plot_cnv_observation:Writing observation groupings/color.
INFO [2022-07-18 09:13:33] plot_cnv_observation:Done writing observation groupings/color.
INFO [2022-07-18 09:13:33] plot_cnv_observation:Writing observation heatmap thresholds.
INFO [2022-07-18 09:13:33] plot_cnv_observation:Done writing observation heatmap thresholds.
INFO [2022-07-18 09:13:36] Colors for breaks:  #00008B,#24249B,#4848AB,#6D6DBC,#9191CC,#B6B6DD,#DADAEE,#FFFFFF,#EEDADA,#DDB6B6,#CC9191,#BC6D6D,#AB4848,#9B2424,#8B0000
INFO [2022-07-18 09:13:36] Quantiles of plotted data range: 0.890743822074061,0.972919255155482,0.998948678275582,1.02670138769778,1.11105042217377
INFO [2022-07-18 09:13:39] plot_cnv_observations:Writing observation data to ./data/infercnv/inferCNV_out_new/Pool105_27//infercnv.preliminary.observations.txt
INFO [2022-07-18 09:13:52] plot_cnv_references:Start
INFO [2022-07-18 09:13:52] Reference data size: Cells= 14411 Genes= 4670
INFO [2022-07-18 12:02:35] plot_cnv_references:Number reference groups= 1
INFO [2022-07-18 12:02:36] plot_cnv_references:Plotting heatmap.
INFO [2022-07-18 12:02:48] Colors for breaks:  #00008B,#24249B,#4848AB,#6D6DBC,#9191CC,#B6B6DD,#DADAEE,#FFFFFF,#EEDADA,#DDB6B6,#CC9191,#BC6D6D,#AB4848,#9B2424,#8B0000
INFO [2022-07-18 12:02:48] Quantiles of plotted data range: 0.890743822074061,0.973484578575332,0.99892533421336,1.02599151422885,1.11105042217377
INFO [2022-07-18 12:02:54] plot_cnv_references:Writing reference data to ./data/infercnv/inferCNV_out_new/Pool105_27//infercnv.preliminary.references.txt
INFO [2022-07-18 12:04:00] 

	STEP 17: HMM-based CNV prediction

INFO [2022-07-18 12:04:00] predict_CNV_via_HMM_on_whole_tumor_samples
INFO [2022-07-18 12:04:02] -done predicting CNV based on initial tumor subclusters
INFO [2022-07-18 12:04:02] get_predicted_CNV_regions(subcluster)
INFO [2022-07-18 12:04:02] -processing cell_group_name: CD70-/-;Bcl6tg/+.CD70-/-;Bcl6tg/+_s1, size: 2777
INFO [2022-07-18 12:04:13] -processing cell_group_name: WT.WT_s1, size: 14411
INFO [2022-07-18 12:04:59] -writing cell clusters file: ./data/infercnv/inferCNV_out_new/Pool105_27//17_HMM_predHMMi6.hmm_mode-samples.cell_groupings
INFO [2022-07-18 12:05:00] -writing cnv regions file: ./data/infercnv/inferCNV_out_new/Pool105_27//17_HMM_predHMMi6.hmm_mode-samples.pred_cnv_regions.dat
INFO [2022-07-18 12:05:00] -writing per-gene cnv report: ./data/infercnv/inferCNV_out_new/Pool105_27//17_HMM_predHMMi6.hmm_mode-samples.pred_cnv_genes.dat
INFO [2022-07-18 12:05:00] -writing gene ordering info: ./data/infercnv/inferCNV_out_new/Pool105_27//17_HMM_predHMMi6.hmm_mode-samples.genes_used.dat
INFO [2022-07-18 12:05:17] ::plot_cnv:Start
INFO [2022-07-18 12:05:17] ::plot_cnv:Current data dimensions (r,c)=4670,17188 Total=240803880 Min=3 Max=3.
INFO [2022-07-18 12:05:18] ::plot_cnv:Depending on the size of the matrix this may take a moment.
INFO [2022-07-18 12:06:24] plot_cnv_observation:Start
INFO [2022-07-18 12:06:24] Observation data size: Cells= 2777 Genes= 4670
INFO [2022-07-18 12:06:24] plot_cnv_observation:Writing observation groupings/color.
INFO [2022-07-18 12:06:24] plot_cnv_observation:Done writing observation groupings/color.
INFO [2022-07-18 12:06:24] plot_cnv_observation:Writing observation heatmap thresholds.
INFO [2022-07-18 12:06:24] plot_cnv_observation:Done writing observation heatmap thresholds.
INFO [2022-07-18 12:06:27] Colors for breaks:  #00008B,#24249B,#4848AB,#6D6DBC,#9191CC,#B6B6DD,#DADAEE,#FFFFFF,#EEDADA,#DDB6B6,#CC9191,#BC6D6D,#AB4848,#9B2424,#8B0000
INFO [2022-07-18 12:06:27] Quantiles of plotted data range: 3,3,3,3,3
INFO [2022-07-18 12:06:29] plot_cnv_observations:Writing observation data to ./data/infercnv/inferCNV_out_new/Pool105_27//infercnv.17_HMM_predHMMi6.hmm_mode-samples.observations.txt
INFO [2022-07-18 12:06:39] plot_cnv_references:Start
INFO [2022-07-18 12:06:39] Reference data size: Cells= 14411 Genes= 4670
INFO [2022-07-18 14:07:31] plot_cnv_references:Number reference groups= 1
INFO [2022-07-18 14:07:32] plot_cnv_references:Plotting heatmap.
INFO [2022-07-18 14:07:44] Colors for breaks:  #00008B,#24249B,#4848AB,#6D6DBC,#9191CC,#B6B6DD,#DADAEE,#FFFFFF,#EEDADA,#DDB6B6,#CC9191,#BC6D6D,#AB4848,#9B2424,#8B0000
INFO [2022-07-18 14:07:44] Quantiles of plotted data range: 3,3,3,3,3
INFO [2022-07-18 14:07:49] plot_cnv_references:Writing reference data to ./data/infercnv/inferCNV_out_new/Pool105_27//infercnv.17_HMM_predHMMi6.hmm_mode-samples.references.txt
INFO [2022-07-18 14:08:49] 

	STEP 20: Converting HMM-based CNV states to repr expr vals

INFO [2022-07-18 14:09:09] ::plot_cnv:Start
INFO [2022-07-18 14:09:09] ::plot_cnv:Current data dimensions (r,c)=4670,17188 Total=80267960 Min=1 Max=1.
INFO [2022-07-18 14:09:10] ::plot_cnv:Depending on the size of the matrix this may take a moment.
INFO [2022-07-18 14:10:15] plot_cnv_observation:Start
INFO [2022-07-18 14:10:15] Observation data size: Cells= 2777 Genes= 4670
INFO [2022-07-18 14:10:15] plot_cnv_observation:Writing observation groupings/color.
INFO [2022-07-18 14:10:15] plot_cnv_observation:Done writing observation groupings/color.
INFO [2022-07-18 14:10:15] plot_cnv_observation:Writing observation heatmap thresholds.
INFO [2022-07-18 14:10:15] plot_cnv_observation:Done writing observation heatmap thresholds.
INFO [2022-07-18 14:10:17] Colors for breaks:  #00008B,#24249B,#4848AB,#6D6DBC,#9191CC,#B6B6DD,#DADAEE,#FFFFFF,#EEDADA,#DDB6B6,#CC9191,#BC6D6D,#AB4848,#9B2424,#8B0000
INFO [2022-07-18 14:10:17] Quantiles of plotted data range: 1,1,1,1,1
INFO [2022-07-18 14:10:19] plot_cnv_observations:Writing observation data to ./data/infercnv/inferCNV_out_new/Pool105_27//infercnv.20_HMM_predHMMi6.hmm_mode-samples.Pnorm_0.5.repr_intensities.observations.txt
INFO [2022-07-18 14:10:30] plot_cnv_references:Start
INFO [2022-07-18 14:10:30] Reference data size: Cells= 14411 Genes= 4670
INFO [2022-07-18 16:08:05] plot_cnv_references:Number reference groups= 1
INFO [2022-07-18 16:08:06] plot_cnv_references:Plotting heatmap.
INFO [2022-07-18 16:08:18] Colors for breaks:  #00008B,#24249B,#4848AB,#6D6DBC,#9191CC,#B6B6DD,#DADAEE,#FFFFFF,#EEDADA,#DDB6B6,#CC9191,#BC6D6D,#AB4848,#9B2424,#8B0000
INFO [2022-07-18 16:08:18] Quantiles of plotted data range: 1,1,1,1,1
INFO [2022-07-18 16:08:23] plot_cnv_references:Writing reference data to ./data/infercnv/inferCNV_out_new/Pool105_27//infercnv.20_HMM_predHMMi6.hmm_mode-samples.Pnorm_0.5.repr_intensities.references.txt
INFO [2022-07-18 16:09:16] 

	STEP 22: Denoising

INFO [2022-07-18 16:09:16] ::process_data:Remove noise, noise threshold defined via ref mean sd_amplifier:  1.5
INFO [2022-07-18 16:09:16] denoising using mean(normal) +- sd_amplifier * sd(normal) per gene per cell across all data
INFO [2022-07-18 16:09:18] :: **** clear_noise_via_ref_quantiles **** : removing noise between bounds:  0.939842751194932 - 1.06185351707118
INFO [2022-07-18 16:09:57] 

## Making the final infercnv heatmap ##
INFO [2022-07-18 16:09:58] ::plot_cnv:Start
INFO [2022-07-18 16:09:58] ::plot_cnv:Current data dimensions (r,c)=4670,17188 Total=80472987.9431516 Min=0.64315740110883 Max=1.48263191761297.
INFO [2022-07-18 16:09:58] ::plot_cnv:Depending on the size of the matrix this may take a moment.
INFO [2022-07-18 16:11:13] plot_cnv(): auto thresholding at: (0.888950 , 1.111050)
INFO [2022-07-18 16:11:15] plot_cnv_observation:Start
INFO [2022-07-18 16:11:15] Observation data size: Cells= 2777 Genes= 4670
INFO [2022-07-18 16:11:15] plot_cnv_observation:Writing observation groupings/color.
INFO [2022-07-18 16:11:15] plot_cnv_observation:Done writing observation groupings/color.
INFO [2022-07-18 16:11:15] plot_cnv_observation:Writing observation heatmap thresholds.
INFO [2022-07-18 16:11:15] plot_cnv_observation:Done writing observation heatmap thresholds.
INFO [2022-07-18 16:11:18] Colors for breaks:  #00008B,#24249B,#4848AB,#6D6DBC,#9191CC,#B6B6DD,#DADAEE,#FFFFFF,#EEDADA,#DDB6B6,#CC9191,#BC6D6D,#AB4848,#9B2424,#8B0000
INFO [2022-07-18 16:11:18] Quantiles of plotted data range: 0.888949577826234,1.00084813413305,1.00084813413305,1.00084813413305,1.11105042217377
INFO [2022-07-18 16:11:20] plot_cnv_observations:Writing observation data to ./data/infercnv/inferCNV_out_new/Pool105_27//infercnv.observations.txt
INFO [2022-07-18 16:11:32] plot_cnv_references:Start
INFO [2022-07-18 16:11:32] Reference data size: Cells= 14411 Genes= 4670
INFO [2022-07-18 18:08:54] plot_cnv_references:Number reference groups= 1
INFO [2022-07-18 18:08:54] plot_cnv_references:Plotting heatmap.
INFO [2022-07-18 18:09:06] Colors for breaks:  #00008B,#24249B,#4848AB,#6D6DBC,#9191CC,#B6B6DD,#DADAEE,#FFFFFF,#EEDADA,#DDB6B6,#CC9191,#BC6D6D,#AB4848,#9B2424,#8B0000
INFO [2022-07-18 18:09:06] Quantiles of plotted data range: 0.888949577826234,1.00084813413305,1.00084813413305,1.00084813413305,1.11105042217377
INFO [2022-07-18 18:09:11] plot_cnv_references:Writing reference data to ./data/infercnv/inferCNV_out_new/Pool105_27//infercnv.references.txt
