[1] "/liulab/galib/mouse_scRNAseq_margaret/data/infercnv/inferCNV_out_new/18mos"
Warning message:
package ‘rBCS’ was built under R version 4.1.3 
── Attaching packages ─────────────────────────────────────── tidyverse 1.3.1 ──
✔ ggplot2 3.3.6     ✔ purrr   0.3.4
✔ tibble  3.1.7     ✔ dplyr   1.0.9
✔ tidyr   1.2.0     ✔ stringr 1.4.0
✔ readr   2.1.2     ✔ forcats 0.5.1
── Conflicts ────────────────────────────────────────── tidyverse_conflicts() ──
✖ dplyr::filter() masks stats::filter()
✖ dplyr::lag()    masks stats::lag()
Warning messages:
1: package ‘tidyverse’ was built under R version 4.1.3 
2: package ‘ggplot2’ was built under R version 4.1.3 
3: package ‘tibble’ was built under R version 4.1.3 
4: package ‘tidyr’ was built under R version 4.1.2 
5: package ‘readr’ was built under R version 4.1.2 
6: package ‘dplyr’ was built under R version 4.1.3 
7: package ‘forcats’ was built under R version 4.1.3 
Attaching SeuratObject
Attaching sp
Warning message:
package ‘Seurat’ was built under R version 4.1.3 
here() starts at /liulab/galib/mouse_scRNAseq_margaret
Loading required package: usethis
Warning message:
package ‘ggpubr’ was built under R version 4.1.3 
Warning message:
package ‘infercnv’ was built under R version 4.1.3 
[1]  32285 176583
Rows: 55228 Columns: 4
── Column specification ────────────────────────────────────────────────────────
Delimiter: "\t"
chr (2): X1, X2
dbl (2): X3, X4

ℹ Use `spec()` to retrieve the full column specification for this data.
ℹ Specify the column types or set `show_col_types = FALSE` to quiet this message.
[1] 15
INFO [2022-07-17 12:05:58] Parsing gene order file: ./data/infercnv/gene_order_file.txt
INFO [2022-07-17 12:05:58] ::order_reduce:Start.
INFO [2022-07-17 12:06:04] .order_reduce(): expr and order match.
INFO [2022-07-17 12:06:35] ::process_data:order_reduce:Reduction from positional data, new dimensions (r,c) = 32285,176583 Total=901670571 Min=0 Max=21505.
INFO [2022-07-17 12:06:37] num genes removed taking into account provided gene ordering list: 1949 = 6.03685922254917% removed.
INFO [2022-07-17 12:06:38] -filtering out cells < 100 or > Inf, removing 0 % of cells
INFO [2022-07-17 12:06:44] validating infercnv_obj
INFO [2022-07-17 12:06:44] ::process_data:Start
INFO [2022-07-17 12:06:44] Creating output path ./data/infercnv/inferCNV_out_new/Pool105_75/
INFO [2022-07-17 12:06:44] Checking for saved results.
INFO [2022-07-17 12:06:44] 

	STEP 1: incoming data

INFO [2022-07-17 12:07:05] 

	STEP 02: Removing lowly expressed genes

INFO [2022-07-17 12:07:05] ::above_min_mean_expr_cutoff:Start
INFO [2022-07-17 12:07:06] Removing 25409 genes from matrix as below mean expr threshold: 0.1
INFO [2022-07-17 12:07:06] validating infercnv_obj
INFO [2022-07-17 12:07:06] There are 4927 genes and 15279 cells remaining in the expr matrix.
INFO [2022-07-17 12:07:11] no genes removed due to min cells/gene filter
INFO [2022-07-17 12:07:30] 

	STEP 03: normalization by sequencing depth

INFO [2022-07-17 12:07:30] normalizing counts matrix by depth
INFO [2022-07-17 12:07:35] Computed total sum normalization factor as median libsize: 3146.000000
INFO [2022-07-17 12:07:35] Adding h-spike
INFO [2022-07-17 12:07:35] -hspike modeling of WT
INFO [2022-07-17 12:08:24] validating infercnv_obj
INFO [2022-07-17 12:08:24] normalizing counts matrix by depth
INFO [2022-07-17 12:08:24] Using specified normalization factor: 3146.000000
INFO [2022-07-17 12:08:43] 

	STEP 04: log transformation of data

INFO [2022-07-17 12:08:43] transforming log2xplus1()
INFO [2022-07-17 12:08:46] -mirroring for hspike
INFO [2022-07-17 12:08:46] transforming log2xplus1()
INFO [2022-07-17 12:09:06] 

	STEP 08: removing average of reference data (before smoothing)

INFO [2022-07-17 12:09:06] ::subtract_ref_expr_from_obs:Start inv_log=FALSE, use_bounds=TRUE
INFO [2022-07-17 12:09:06] subtracting mean(normal) per gene per cell across all data
INFO [2022-07-17 12:09:11] -subtracting expr per gene, use_bounds=TRUE
INFO [2022-07-17 12:33:09] -mirroring for hspike
INFO [2022-07-17 12:33:09] ::subtract_ref_expr_from_obs:Start inv_log=FALSE, use_bounds=TRUE
INFO [2022-07-17 12:33:09] subtracting mean(normal) per gene per cell across all data
INFO [2022-07-17 12:33:10] -subtracting expr per gene, use_bounds=TRUE
INFO [2022-07-17 12:33:45] 

	STEP 09: apply max centered expression threshold: 3

INFO [2022-07-17 12:33:45] ::process_data:setting max centered expr, threshold set to: +/-:  3
INFO [2022-07-17 12:33:46] -mirroring for hspike
INFO [2022-07-17 12:33:46] ::process_data:setting max centered expr, threshold set to: +/-:  3
INFO [2022-07-17 12:34:21] 

	STEP 10: Smoothing data per cell by chromosome

INFO [2022-07-17 12:34:21] smooth_by_chromosome: chr: chr1
INFO [2022-07-17 12:34:33] smooth_by_chromosome: chr: chr10
INFO [2022-07-17 12:34:43] smooth_by_chromosome: chr: chr11
INFO [2022-07-17 12:34:55] smooth_by_chromosome: chr: chr12
INFO [2022-07-17 12:35:07] smooth_by_chromosome: chr: chr13
INFO [2022-07-17 12:35:19] smooth_by_chromosome: chr: chr14
INFO [2022-07-17 12:35:31] smooth_by_chromosome: chr: chr15
INFO [2022-07-17 12:35:42] smooth_by_chromosome: chr: chr16
INFO [2022-07-17 12:35:53] smooth_by_chromosome: chr: chr17
INFO [2022-07-17 12:36:05] smooth_by_chromosome: chr: chr18
INFO [2022-07-17 12:36:15] smooth_by_chromosome: chr: chr19
INFO [2022-07-17 12:36:26] smooth_by_chromosome: chr: chr2
INFO [2022-07-17 12:36:39] smooth_by_chromosome: chr: chr3
INFO [2022-07-17 12:36:49] smooth_by_chromosome: chr: chr4
INFO [2022-07-17 12:37:00] smooth_by_chromosome: chr: chr5
INFO [2022-07-17 12:37:12] smooth_by_chromosome: chr: chr6
INFO [2022-07-17 12:37:23] smooth_by_chromosome: chr: chr7
INFO [2022-07-17 12:37:36] smooth_by_chromosome: chr: chr8
INFO [2022-07-17 12:37:47] smooth_by_chromosome: chr: chr9
INFO [2022-07-17 12:37:58] -mirroring for hspike
INFO [2022-07-17 12:37:58] smooth_by_chromosome: chr: chrA
INFO [2022-07-17 12:37:58] smooth_by_chromosome: chr: chr_0
INFO [2022-07-17 12:37:58] smooth_by_chromosome: chr: chr_B
INFO [2022-07-17 12:37:59] smooth_by_chromosome: chr: chr_0pt5
INFO [2022-07-17 12:37:59] smooth_by_chromosome: chr: chr_C
INFO [2022-07-17 12:37:59] smooth_by_chromosome: chr: chr_1pt5
INFO [2022-07-17 12:37:59] smooth_by_chromosome: chr: chr_D
INFO [2022-07-17 12:37:59] smooth_by_chromosome: chr: chr_2pt0
INFO [2022-07-17 12:37:59] smooth_by_chromosome: chr: chr_E
INFO [2022-07-17 12:38:00] smooth_by_chromosome: chr: chr_3pt0
INFO [2022-07-17 12:38:00] smooth_by_chromosome: chr: chr_F
INFO [2022-07-17 12:38:34] 

	STEP 11: re-centering data across chromosome after smoothing

INFO [2022-07-17 12:38:34] ::center_smooth across chromosomes per cell
INFO [2022-07-17 12:38:45] -mirroring for hspike
INFO [2022-07-17 12:38:45] ::center_smooth across chromosomes per cell
INFO [2022-07-17 12:39:21] 

	STEP 12: removing average of reference data (after smoothing)

INFO [2022-07-17 12:39:21] ::subtract_ref_expr_from_obs:Start inv_log=FALSE, use_bounds=TRUE
INFO [2022-07-17 12:39:21] subtracting mean(normal) per gene per cell across all data
INFO [2022-07-17 12:39:25] -subtracting expr per gene, use_bounds=TRUE
INFO [2022-07-17 12:39:30] -mirroring for hspike
INFO [2022-07-17 12:39:30] ::subtract_ref_expr_from_obs:Start inv_log=FALSE, use_bounds=TRUE
INFO [2022-07-17 12:39:30] subtracting mean(normal) per gene per cell across all data
INFO [2022-07-17 12:39:31] -subtracting expr per gene, use_bounds=TRUE
INFO [2022-07-17 12:40:07] 

	STEP 14: invert log2(FC) to FC

INFO [2022-07-17 12:40:07] invert_log2(), computing 2^x
INFO [2022-07-17 12:40:11] -mirroring for hspike
INFO [2022-07-17 12:40:11] invert_log2(), computing 2^x
INFO [2022-07-17 12:41:00] 

	STEP 15: Clustering samples (not defining tumor subclusters)

INFO [2022-07-17 12:41:00] define_signif_tumor_subclusters(p_val=0.1
INFO [2022-07-17 12:41:00] define_signif_tumor_subclusters(), tumor: CD70-/-;Bcl6tg/+
INFO [2022-07-17 12:42:42] cut tree into: 1 groups
INFO [2022-07-17 12:42:42] -processing CD70-/-;Bcl6tg/+,CD70-/-;Bcl6tg/+_s1
INFO [2022-07-17 12:42:42] define_signif_tumor_subclusters(), tumor: WT
INFO [2022-07-17 15:31:04] cut tree into: 1 groups
INFO [2022-07-17 15:31:04] -processing WT,WT_s1
INFO [2022-07-17 15:31:04] -mirroring for hspike
INFO [2022-07-17 15:31:04] define_signif_tumor_subclusters(p_val=0.1
INFO [2022-07-17 15:31:04] define_signif_tumor_subclusters(), tumor: spike_tumor_cell_WT
INFO [2022-07-17 15:31:04] cut tree into: 1 groups
INFO [2022-07-17 15:31:04] -processing spike_tumor_cell_WT,spike_tumor_cell_WT_s1
INFO [2022-07-17 15:31:04] define_signif_tumor_subclusters(), tumor: simnorm_cell_WT
INFO [2022-07-17 15:31:04] cut tree into: 1 groups
INFO [2022-07-17 15:31:04] -processing simnorm_cell_WT,simnorm_cell_WT_s1
INFO [2022-07-17 15:32:41] ::plot_cnv:Start
INFO [2022-07-17 15:32:41] ::plot_cnv:Current data dimensions (r,c)=4927,15279 Total=75373546.3008623 Min=0.699628978567968 Max=1.57496409957564.
INFO [2022-07-17 15:32:42] ::plot_cnv:Depending on the size of the matrix this may take a moment.
INFO [2022-07-17 15:33:54] plot_cnv(): auto thresholding at: (0.880157 , 1.122338)
INFO [2022-07-17 15:33:56] plot_cnv_observation:Start
INFO [2022-07-17 15:33:56] Observation data size: Cells= 1600 Genes= 4927
INFO [2022-07-17 15:33:56] plot_cnv_observation:Writing observation groupings/color.
INFO [2022-07-17 15:33:56] plot_cnv_observation:Done writing observation groupings/color.
INFO [2022-07-17 15:33:56] plot_cnv_observation:Writing observation heatmap thresholds.
INFO [2022-07-17 15:33:56] plot_cnv_observation:Done writing observation heatmap thresholds.
INFO [2022-07-17 15:33:57] Colors for breaks:  #00008B,#24249B,#4848AB,#6D6DBC,#9191CC,#B6B6DD,#DADAEE,#FFFFFF,#EEDADA,#DDB6B6,#CC9191,#BC6D6D,#AB4848,#9B2424,#8B0000
INFO [2022-07-17 15:33:57] Quantiles of plotted data range: 0.880156888495661,0.965029426524877,0.998703918395887,1.03717991711294,1.12233816354218
INFO [2022-07-17 15:33:59] plot_cnv_observations:Writing observation data to ./data/infercnv/inferCNV_out_new/Pool105_75//infercnv.preliminary.observations.txt
INFO [2022-07-17 15:34:06] plot_cnv_references:Start
INFO [2022-07-17 15:34:06] Reference data size: Cells= 13679 Genes= 4927
INFO [2022-07-17 17:17:52] plot_cnv_references:Number reference groups= 1
INFO [2022-07-17 17:17:53] plot_cnv_references:Plotting heatmap.
INFO [2022-07-17 17:18:04] Colors for breaks:  #00008B,#24249B,#4848AB,#6D6DBC,#9191CC,#B6B6DD,#DADAEE,#FFFFFF,#EEDADA,#DDB6B6,#CC9191,#BC6D6D,#AB4848,#9B2424,#8B0000
INFO [2022-07-17 17:18:04] Quantiles of plotted data range: 0.880156888495661,0.973079022384079,0.998809819124281,1.02625092290044,1.12233816354218
INFO [2022-07-17 17:18:10] plot_cnv_references:Writing reference data to ./data/infercnv/inferCNV_out_new/Pool105_75//infercnv.preliminary.references.txt
INFO [2022-07-17 17:19:11] 

	STEP 17: HMM-based CNV prediction

INFO [2022-07-17 17:19:11] predict_CNV_via_HMM_on_whole_tumor_samples
INFO [2022-07-17 17:19:13] -done predicting CNV based on initial tumor subclusters
INFO [2022-07-17 17:19:13] get_predicted_CNV_regions(subcluster)
INFO [2022-07-17 17:19:13] -processing cell_group_name: CD70-/-;Bcl6tg/+.CD70-/-;Bcl6tg/+_s1, size: 1600
INFO [2022-07-17 17:19:22] -processing cell_group_name: WT.WT_s1, size: 13679
INFO [2022-07-17 17:20:06] -writing cell clusters file: ./data/infercnv/inferCNV_out_new/Pool105_75//17_HMM_predHMMi6.hmm_mode-samples.cell_groupings
INFO [2022-07-17 17:20:06] -writing cnv regions file: ./data/infercnv/inferCNV_out_new/Pool105_75//17_HMM_predHMMi6.hmm_mode-samples.pred_cnv_regions.dat
INFO [2022-07-17 17:20:06] -writing per-gene cnv report: ./data/infercnv/inferCNV_out_new/Pool105_75//17_HMM_predHMMi6.hmm_mode-samples.pred_cnv_genes.dat
INFO [2022-07-17 17:20:06] -writing gene ordering info: ./data/infercnv/inferCNV_out_new/Pool105_75//17_HMM_predHMMi6.hmm_mode-samples.genes_used.dat
INFO [2022-07-17 17:20:21] ::plot_cnv:Start
INFO [2022-07-17 17:20:21] ::plot_cnv:Current data dimensions (r,c)=4927,15279 Total=226598899 Min=2 Max=5.
INFO [2022-07-17 17:20:22] ::plot_cnv:Depending on the size of the matrix this may take a moment.
INFO [2022-07-17 17:21:19] plot_cnv_observation:Start
INFO [2022-07-17 17:21:19] Observation data size: Cells= 1600 Genes= 4927
INFO [2022-07-17 17:21:19] plot_cnv_observation:Writing observation groupings/color.
INFO [2022-07-17 17:21:19] plot_cnv_observation:Done writing observation groupings/color.
INFO [2022-07-17 17:21:19] plot_cnv_observation:Writing observation heatmap thresholds.
INFO [2022-07-17 17:21:20] plot_cnv_observation:Done writing observation heatmap thresholds.
INFO [2022-07-17 17:21:21] Colors for breaks:  #00008B,#24249B,#4848AB,#6D6DBC,#9191CC,#B6B6DD,#DADAEE,#FFFFFF,#EEDADA,#DDB6B6,#CC9191,#BC6D6D,#AB4848,#9B2424,#8B0000
INFO [2022-07-17 17:21:21] Quantiles of plotted data range: 2,3,3,3,5
INFO [2022-07-17 17:21:22] plot_cnv_observations:Writing observation data to ./data/infercnv/inferCNV_out_new/Pool105_75//infercnv.17_HMM_predHMMi6.hmm_mode-samples.observations.txt
INFO [2022-07-17 17:21:28] plot_cnv_references:Start
INFO [2022-07-17 17:21:28] Reference data size: Cells= 13679 Genes= 4927
INFO [2022-07-17 19:05:39] plot_cnv_references:Number reference groups= 1
INFO [2022-07-17 19:05:40] plot_cnv_references:Plotting heatmap.
INFO [2022-07-17 19:05:51] Colors for breaks:  #00008B,#24249B,#4848AB,#6D6DBC,#9191CC,#B6B6DD,#DADAEE,#FFFFFF,#EEDADA,#DDB6B6,#CC9191,#BC6D6D,#AB4848,#9B2424,#8B0000
INFO [2022-07-17 19:05:51] Quantiles of plotted data range: 3,3,3,3,3
INFO [2022-07-17 19:05:55] plot_cnv_references:Writing reference data to ./data/infercnv/inferCNV_out_new/Pool105_75//infercnv.17_HMM_predHMMi6.hmm_mode-samples.references.txt
INFO [2022-07-17 19:06:49] 

	STEP 18: Run Bayesian Network Model on HMM predicted CNVs

INFO [2022-07-17 19:06:49] Creating the following Directory:  ./data/infercnv/inferCNV_out_new/Pool105_75//BayesNetOutput.HMMi6.hmm_mode-samples
INFO [2022-07-17 19:06:49] Initializing new MCM InferCNV Object.
INFO [2022-07-17 19:06:49] validating infercnv_obj
INFO [2022-07-17 19:06:49] Total CNV's:  13
INFO [2022-07-17 19:06:49] Loading BUGS Model.
INFO [2022-07-17 19:06:49] Running Sampling Using Parallel with  64 Cores
INFO [2022-07-17 19:30:09] Obtaining probabilities post-sampling
INFO [2022-07-17 19:31:29] Gibbs sampling time:  24.6608496189117  Minutes
INFO [2022-07-17 19:32:20] ::plot_cnv:Start
INFO [2022-07-17 19:32:20] ::plot_cnv:Current data dimensions (r,c)=4927,15279 Total=1530960.9750784 Min=0 Max=0.956389155501517.
INFO [2022-07-17 19:32:21] ::plot_cnv:Depending on the size of the matrix this may take a moment.
INFO [2022-07-17 19:32:22] plot_cnv_observation:Start
INFO [2022-07-17 19:32:22] Observation data size: Cells= 1600 Genes= 4927
INFO [2022-07-17 19:32:22] plot_cnv_observation:Writing observation groupings/color.
INFO [2022-07-17 19:32:22] plot_cnv_observation:Done writing observation groupings/color.
INFO [2022-07-17 19:32:22] plot_cnv_observation:Writing observation heatmap thresholds.
INFO [2022-07-17 19:32:23] plot_cnv_observation:Done writing observation heatmap thresholds.
INFO [2022-07-17 19:32:24] Colors for breaks:  #00008B,#24249B,#4848AB,#6D6DBC,#9191CC,#B6B6DD,#DADAEE,#FFFFFF,#EEDADA,#DDB6B6,#CC9191,#BC6D6D,#AB4848,#9B2424,#8B0000
INFO [2022-07-17 19:32:24] Quantiles of plotted data range: 0,0,0,0,0.956389155501517
INFO [2022-07-17 19:32:25] plot_cnv_observations:Writing observation data to ./data/infercnv/inferCNV_out_new/Pool105_75//BayesNetOutput.HMMi6.hmm_mode-samples/infercnv.NormalProbabilities.PreFiltering.observations.txt
INFO [2022-07-17 19:32:31] plot_cnv_references:Start
INFO [2022-07-17 19:32:31] Reference data size: Cells= 13679 Genes= 4927
INFO [2022-07-17 21:16:08] plot_cnv_references:Number reference groups= 1
INFO [2022-07-17 21:16:09] plot_cnv_references:Plotting heatmap.
INFO [2022-07-17 21:16:20] Colors for breaks:  #00008B,#24249B,#4848AB,#6D6DBC,#9191CC,#B6B6DD,#DADAEE,#FFFFFF,#EEDADA,#DDB6B6,#CC9191,#BC6D6D,#AB4848,#9B2424,#8B0000
INFO [2022-07-17 21:16:20] Quantiles of plotted data range: 0,0,0,0,0
INFO [2022-07-17 21:16:24] plot_cnv_references:Writing reference data to ./data/infercnv/inferCNV_out_new/Pool105_75//BayesNetOutput.HMMi6.hmm_mode-samples/infercnv.NormalProbabilities.PreFiltering.references.txt
INFO [2022-07-17 21:18:01] 

	STEP 19: Filter HMM predicted CNVs based on the Bayesian Network Model results and BayesMaxPNormal

INFO [2022-07-17 21:18:01] Attempting to removing CNV(s) with a probability of being normal above  0.5
INFO [2022-07-17 21:18:01] Removing  0  CNV(s) identified by the HMM.
INFO [2022-07-17 21:18:01] Reassigning CNVs based on state probabilities.
INFO [2022-07-17 21:18:01] Creating Plots for CNV and cell Probabilities.
INFO [2022-07-17 21:18:24] ::plot_cnv:Start
INFO [2022-07-17 21:18:24] ::plot_cnv:Current data dimensions (r,c)=4927,15279 Total=1530960.9750784 Min=0 Max=0.956389155501517.
INFO [2022-07-17 21:18:25] ::plot_cnv:Depending on the size of the matrix this may take a moment.
INFO [2022-07-17 21:18:26] plot_cnv_observation:Start
INFO [2022-07-17 21:18:26] Observation data size: Cells= 1600 Genes= 4927
INFO [2022-07-17 21:18:26] plot_cnv_observation:Writing observation groupings/color.
INFO [2022-07-17 21:18:26] plot_cnv_observation:Done writing observation groupings/color.
INFO [2022-07-17 21:18:27] plot_cnv_observation:Writing observation heatmap thresholds.
INFO [2022-07-17 21:18:27] plot_cnv_observation:Done writing observation heatmap thresholds.
INFO [2022-07-17 21:18:28] Colors for breaks:  #00008B,#24249B,#4848AB,#6D6DBC,#9191CC,#B6B6DD,#DADAEE,#FFFFFF,#EEDADA,#DDB6B6,#CC9191,#BC6D6D,#AB4848,#9B2424,#8B0000
INFO [2022-07-17 21:18:28] Quantiles of plotted data range: 0,0,0,0,0.956389155501517
INFO [2022-07-17 21:18:29] plot_cnv_observations:Writing observation data to ./data/infercnv/inferCNV_out_new/Pool105_75//BayesNetOutput.HMMi6.hmm_mode-samples/infercnv.NormalProbabilities.PostFiltering.observations.txt
INFO [2022-07-17 21:18:35] plot_cnv_references:Start
INFO [2022-07-17 21:18:35] Reference data size: Cells= 13679 Genes= 4927
INFO [2022-07-18 00:06:23] plot_cnv_references:Number reference groups= 1
INFO [2022-07-18 00:06:24] plot_cnv_references:Plotting heatmap.
INFO [2022-07-18 00:06:38] Colors for breaks:  #00008B,#24249B,#4848AB,#6D6DBC,#9191CC,#B6B6DD,#DADAEE,#FFFFFF,#EEDADA,#DDB6B6,#CC9191,#BC6D6D,#AB4848,#9B2424,#8B0000
INFO [2022-07-18 00:06:38] Quantiles of plotted data range: 0,0,0,0,0
INFO [2022-07-18 00:06:44] plot_cnv_references:Writing reference data to ./data/infercnv/inferCNV_out_new/Pool105_75//BayesNetOutput.HMMi6.hmm_mode-samples/infercnv.NormalProbabilities.PostFiltering.references.txt
INFO [2022-07-18 00:07:47] ::plot_cnv:Start
INFO [2022-07-18 00:07:47] ::plot_cnv:Current data dimensions (r,c)=4927,15279 Total=226598899 Min=2 Max=5.
INFO [2022-07-18 00:07:48] ::plot_cnv:Depending on the size of the matrix this may take a moment.
INFO [2022-07-18 00:08:51] plot_cnv_observation:Start
INFO [2022-07-18 00:08:51] Observation data size: Cells= 1600 Genes= 4927
INFO [2022-07-18 00:08:51] plot_cnv_observation:Writing observation groupings/color.
INFO [2022-07-18 00:08:51] plot_cnv_observation:Done writing observation groupings/color.
INFO [2022-07-18 00:08:51] plot_cnv_observation:Writing observation heatmap thresholds.
INFO [2022-07-18 00:08:51] plot_cnv_observation:Done writing observation heatmap thresholds.
INFO [2022-07-18 00:08:52] Colors for breaks:  #00008B,#24249B,#4848AB,#6D6DBC,#9191CC,#B6B6DD,#DADAEE,#FFFFFF,#EEDADA,#DDB6B6,#CC9191,#BC6D6D,#AB4848,#9B2424,#8B0000
INFO [2022-07-18 00:08:52] Quantiles of plotted data range: 2,3,3,3,5
INFO [2022-07-18 00:08:54] plot_cnv_observations:Writing observation data to ./data/infercnv/inferCNV_out_new/Pool105_75//infercnv.19_HMM_pred.Bayes_Net.Pnorm_0.5.observations.txt
INFO [2022-07-18 00:09:01] plot_cnv_references:Start
INFO [2022-07-18 00:09:01] Reference data size: Cells= 13679 Genes= 4927
INFO [2022-07-18 02:59:48] plot_cnv_references:Number reference groups= 1
INFO [2022-07-18 02:59:49] plot_cnv_references:Plotting heatmap.
INFO [2022-07-18 03:00:04] Colors for breaks:  #00008B,#24249B,#4848AB,#6D6DBC,#9191CC,#B6B6DD,#DADAEE,#FFFFFF,#EEDADA,#DDB6B6,#CC9191,#BC6D6D,#AB4848,#9B2424,#8B0000
INFO [2022-07-18 03:00:04] Quantiles of plotted data range: 3,3,3,3,3
INFO [2022-07-18 03:00:09] plot_cnv_references:Writing reference data to ./data/infercnv/inferCNV_out_new/Pool105_75//infercnv.19_HMM_pred.Bayes_Net.Pnorm_0.5.references.txt
INFO [2022-07-18 03:01:05] 

	STEP 20: Converting HMM-based CNV states to repr expr vals

INFO [2022-07-18 03:01:25] ::plot_cnv:Start
INFO [2022-07-18 03:01:25] ::plot_cnv:Current data dimensions (r,c)=4927,15279 Total=75659633 Min=0.5 Max=2.
INFO [2022-07-18 03:01:26] ::plot_cnv:Depending on the size of the matrix this may take a moment.
INFO [2022-07-18 03:02:28] plot_cnv_observation:Start
INFO [2022-07-18 03:02:28] Observation data size: Cells= 1600 Genes= 4927
INFO [2022-07-18 03:02:28] plot_cnv_observation:Writing observation groupings/color.
INFO [2022-07-18 03:02:28] plot_cnv_observation:Done writing observation groupings/color.
INFO [2022-07-18 03:02:28] plot_cnv_observation:Writing observation heatmap thresholds.
INFO [2022-07-18 03:02:28] plot_cnv_observation:Done writing observation heatmap thresholds.
INFO [2022-07-18 03:02:30] Colors for breaks:  #00008B,#24249B,#4848AB,#6D6DBC,#9191CC,#B6B6DD,#DADAEE,#FFFFFF,#EEDADA,#DDB6B6,#CC9191,#BC6D6D,#AB4848,#9B2424,#8B0000
INFO [2022-07-18 03:02:30] Quantiles of plotted data range: 0.5,1,1,1,2
INFO [2022-07-18 03:02:31] plot_cnv_observations:Writing observation data to ./data/infercnv/inferCNV_out_new/Pool105_75//infercnv.20_HMM_predHMMi6.hmm_mode-samples.Pnorm_0.5.repr_intensities.observations.txt
INFO [2022-07-18 03:02:38] plot_cnv_references:Start
INFO [2022-07-18 03:02:38] Reference data size: Cells= 13679 Genes= 4927
INFO [2022-07-18 05:53:30] plot_cnv_references:Number reference groups= 1
INFO [2022-07-18 05:53:31] plot_cnv_references:Plotting heatmap.
INFO [2022-07-18 05:53:45] Colors for breaks:  #00008B,#24249B,#4848AB,#6D6DBC,#9191CC,#B6B6DD,#DADAEE,#FFFFFF,#EEDADA,#DDB6B6,#CC9191,#BC6D6D,#AB4848,#9B2424,#8B0000
INFO [2022-07-18 05:53:45] Quantiles of plotted data range: 1,1,1,1,1
INFO [2022-07-18 05:53:50] plot_cnv_references:Writing reference data to ./data/infercnv/inferCNV_out_new/Pool105_75//infercnv.20_HMM_predHMMi6.hmm_mode-samples.Pnorm_0.5.repr_intensities.references.txt
INFO [2022-07-18 05:54:46] 

	STEP 22: Denoising

INFO [2022-07-18 05:54:46] ::process_data:Remove noise, noise threshold defined via ref mean sd_amplifier:  1.5
INFO [2022-07-18 05:54:46] denoising using mean(normal) +- sd_amplifier * sd(normal) per gene per cell across all data
INFO [2022-07-18 05:54:48] :: **** clear_noise_via_ref_quantiles **** : removing noise between bounds:  0.938563220224603 - 1.06321362814218
INFO [2022-07-18 05:55:27] 

## Making the final infercnv heatmap ##
INFO [2022-07-18 05:55:27] ::plot_cnv:Start
INFO [2022-07-18 05:55:27] ::plot_cnv:Current data dimensions (r,c)=4927,15279 Total=75512296.2421237 Min=0.699628978567968 Max=1.57496409957564.
INFO [2022-07-18 05:55:28] ::plot_cnv:Depending on the size of the matrix this may take a moment.
INFO [2022-07-18 05:56:37] plot_cnv(): auto thresholding at: (0.877662 , 1.122338)
INFO [2022-07-18 05:56:39] plot_cnv_observation:Start
INFO [2022-07-18 05:56:39] Observation data size: Cells= 1600 Genes= 4927
INFO [2022-07-18 05:56:39] plot_cnv_observation:Writing observation groupings/color.
INFO [2022-07-18 05:56:39] plot_cnv_observation:Done writing observation groupings/color.
INFO [2022-07-18 05:56:39] plot_cnv_observation:Writing observation heatmap thresholds.
INFO [2022-07-18 05:56:39] plot_cnv_observation:Done writing observation heatmap thresholds.
INFO [2022-07-18 05:56:40] Colors for breaks:  #00008B,#24249B,#4848AB,#6D6DBC,#9191CC,#B6B6DD,#DADAEE,#FFFFFF,#EEDADA,#DDB6B6,#CC9191,#BC6D6D,#AB4848,#9B2424,#8B0000
INFO [2022-07-18 05:56:40] Quantiles of plotted data range: 0.877661836457819,1.00088842418339,1.00088842418339,1.00088842418339,1.12233816354218
INFO [2022-07-18 05:56:42] plot_cnv_observations:Writing observation data to ./data/infercnv/inferCNV_out_new/Pool105_75//infercnv.observations.txt
INFO [2022-07-18 05:56:49] plot_cnv_references:Start
INFO [2022-07-18 05:56:49] Reference data size: Cells= 13679 Genes= 4927
INFO [2022-07-18 08:42:41] plot_cnv_references:Number reference groups= 1
INFO [2022-07-18 08:42:42] plot_cnv_references:Plotting heatmap.
INFO [2022-07-18 08:42:55] Colors for breaks:  #00008B,#24249B,#4848AB,#6D6DBC,#9191CC,#B6B6DD,#DADAEE,#FFFFFF,#EEDADA,#DDB6B6,#CC9191,#BC6D6D,#AB4848,#9B2424,#8B0000
INFO [2022-07-18 08:42:55] Quantiles of plotted data range: 0.877661836457819,1.00088842418339,1.00088842418339,1.00088842418339,1.12233816354218
INFO [2022-07-18 08:43:01] plot_cnv_references:Writing reference data to ./data/infercnv/inferCNV_out_new/Pool105_75//infercnv.references.txt
There were 13 warnings (use warnings() to see them)
