[1] "/liulab/galib/mouse_scRNAseq_margaret/data/infercnv/inferCNV_out_new/18mos"
Warning message:
package ‘rBCS’ was built under R version 4.1.3 
── Attaching packages ─────────────────────────────────────── tidyverse 1.3.1 ──
✔ ggplot2 3.3.6     ✔ purrr   0.3.4
✔ tibble  3.1.7     ✔ dplyr   1.0.9
✔ tidyr   1.2.0     ✔ stringr 1.4.0
✔ readr   2.1.2     ✔ forcats 0.5.1
── Conflicts ────────────────────────────────────────── tidyverse_conflicts() ──
✖ dplyr::filter() masks stats::filter()
✖ dplyr::lag()    masks stats::lag()
Warning messages:
1: package ‘tidyverse’ was built under R version 4.1.3 
2: package ‘ggplot2’ was built under R version 4.1.3 
3: package ‘tibble’ was built under R version 4.1.3 
4: package ‘tidyr’ was built under R version 4.1.2 
5: package ‘readr’ was built under R version 4.1.2 
6: package ‘dplyr’ was built under R version 4.1.3 
7: package ‘forcats’ was built under R version 4.1.3 
Attaching SeuratObject
Attaching sp
Warning message:
package ‘Seurat’ was built under R version 4.1.3 
here() starts at /liulab/galib/mouse_scRNAseq_margaret
Loading required package: usethis
Warning message:
package ‘ggpubr’ was built under R version 4.1.3 
Warning message:
package ‘infercnv’ was built under R version 4.1.3 
[1]  32285 176583
Rows: 55228 Columns: 4
── Column specification ────────────────────────────────────────────────────────
Delimiter: "\t"
chr (2): X1, X2
dbl (2): X3, X4

ℹ Use `spec()` to retrieve the full column specification for this data.
ℹ Specify the column types or set `show_col_types = FALSE` to quiet this message.
[1] 15
INFO [2022-07-16 17:03:48] Parsing gene order file: ./data/infercnv/gene_order_file.txt
INFO [2022-07-16 17:03:48] ::order_reduce:Start.
INFO [2022-07-16 17:03:55] .order_reduce(): expr and order match.
INFO [2022-07-16 17:04:34] ::process_data:order_reduce:Reduction from positional data, new dimensions (r,c) = 32285,176583 Total=901670571 Min=0 Max=21505.
INFO [2022-07-16 17:04:36] num genes removed taking into account provided gene ordering list: 1949 = 6.03685922254917% removed.
INFO [2022-07-16 17:04:37] -filtering out cells < 100 or > Inf, removing 0 % of cells
INFO [2022-07-16 17:04:46] validating infercnv_obj
INFO [2022-07-16 17:04:46] ::process_data:Start
INFO [2022-07-16 17:04:46] Creating output path ./data/infercnv/inferCNV_out_new/Pool105_74/
INFO [2022-07-16 17:04:46] Checking for saved results.
INFO [2022-07-16 17:04:46] 

	STEP 1: incoming data

INFO [2022-07-16 17:05:08] 

	STEP 02: Removing lowly expressed genes

INFO [2022-07-16 17:05:08] ::above_min_mean_expr_cutoff:Start
INFO [2022-07-16 17:05:09] Removing 25467 genes from matrix as below mean expr threshold: 0.1
INFO [2022-07-16 17:05:10] validating infercnv_obj
INFO [2022-07-16 17:05:10] There are 4869 genes and 14968 cells remaining in the expr matrix.
INFO [2022-07-16 17:05:16] no genes removed due to min cells/gene filter
INFO [2022-07-16 17:05:37] 

	STEP 03: normalization by sequencing depth

INFO [2022-07-16 17:05:37] normalizing counts matrix by depth
INFO [2022-07-16 17:05:41] Computed total sum normalization factor as median libsize: 3110.500000
INFO [2022-07-16 17:05:41] Adding h-spike
INFO [2022-07-16 17:05:41] -hspike modeling of WT
INFO [2022-07-16 17:06:30] validating infercnv_obj
INFO [2022-07-16 17:06:30] normalizing counts matrix by depth
INFO [2022-07-16 17:06:30] Using specified normalization factor: 3110.500000
INFO [2022-07-16 17:06:50] 

	STEP 04: log transformation of data

INFO [2022-07-16 17:06:50] transforming log2xplus1()
INFO [2022-07-16 17:06:53] -mirroring for hspike
INFO [2022-07-16 17:06:53] transforming log2xplus1()
INFO [2022-07-16 17:07:15] 

	STEP 08: removing average of reference data (before smoothing)

INFO [2022-07-16 17:07:15] ::subtract_ref_expr_from_obs:Start inv_log=FALSE, use_bounds=TRUE
INFO [2022-07-16 17:07:15] subtracting mean(normal) per gene per cell across all data
INFO [2022-07-16 17:07:19] -subtracting expr per gene, use_bounds=TRUE
INFO [2022-07-16 17:21:46] -mirroring for hspike
INFO [2022-07-16 17:21:46] ::subtract_ref_expr_from_obs:Start inv_log=FALSE, use_bounds=TRUE
INFO [2022-07-16 17:21:46] subtracting mean(normal) per gene per cell across all data
INFO [2022-07-16 17:21:47] -subtracting expr per gene, use_bounds=TRUE
INFO [2022-07-16 17:22:22] 

	STEP 09: apply max centered expression threshold: 3

INFO [2022-07-16 17:22:22] ::process_data:setting max centered expr, threshold set to: +/-:  3
INFO [2022-07-16 17:22:24] -mirroring for hspike
INFO [2022-07-16 17:22:24] ::process_data:setting max centered expr, threshold set to: +/-:  3
INFO [2022-07-16 17:22:58] 

	STEP 10: Smoothing data per cell by chromosome

INFO [2022-07-16 17:22:58] smooth_by_chromosome: chr: chr1
INFO [2022-07-16 17:23:10] smooth_by_chromosome: chr: chr10
INFO [2022-07-16 17:23:21] smooth_by_chromosome: chr: chr11
INFO [2022-07-16 17:23:34] smooth_by_chromosome: chr: chr12
INFO [2022-07-16 17:23:45] smooth_by_chromosome: chr: chr13
INFO [2022-07-16 17:23:55] smooth_by_chromosome: chr: chr14
INFO [2022-07-16 17:24:05] smooth_by_chromosome: chr: chr15
INFO [2022-07-16 17:24:16] smooth_by_chromosome: chr: chr16
INFO [2022-07-16 17:24:27] smooth_by_chromosome: chr: chr17
INFO [2022-07-16 17:24:38] smooth_by_chromosome: chr: chr18
INFO [2022-07-16 17:24:49] smooth_by_chromosome: chr: chr19
INFO [2022-07-16 17:25:00] smooth_by_chromosome: chr: chr2
INFO [2022-07-16 17:25:12] smooth_by_chromosome: chr: chr3
INFO [2022-07-16 17:25:24] smooth_by_chromosome: chr: chr4
INFO [2022-07-16 17:25:35] smooth_by_chromosome: chr: chr5
INFO [2022-07-16 17:25:47] smooth_by_chromosome: chr: chr6
INFO [2022-07-16 17:25:59] smooth_by_chromosome: chr: chr7
INFO [2022-07-16 17:26:11] smooth_by_chromosome: chr: chr8
INFO [2022-07-16 17:26:22] smooth_by_chromosome: chr: chr9
INFO [2022-07-16 17:26:34] -mirroring for hspike
INFO [2022-07-16 17:26:34] smooth_by_chromosome: chr: chrA
INFO [2022-07-16 17:26:34] smooth_by_chromosome: chr: chr_0
INFO [2022-07-16 17:26:34] smooth_by_chromosome: chr: chr_B
INFO [2022-07-16 17:26:34] smooth_by_chromosome: chr: chr_0pt5
INFO [2022-07-16 17:26:34] smooth_by_chromosome: chr: chr_C
INFO [2022-07-16 17:26:35] smooth_by_chromosome: chr: chr_1pt5
INFO [2022-07-16 17:26:35] smooth_by_chromosome: chr: chr_D
INFO [2022-07-16 17:26:35] smooth_by_chromosome: chr: chr_2pt0
INFO [2022-07-16 17:26:35] smooth_by_chromosome: chr: chr_E
INFO [2022-07-16 17:26:35] smooth_by_chromosome: chr: chr_3pt0
INFO [2022-07-16 17:26:35] smooth_by_chromosome: chr: chr_F
INFO [2022-07-16 17:27:11] 

	STEP 11: re-centering data across chromosome after smoothing

INFO [2022-07-16 17:27:11] ::center_smooth across chromosomes per cell
INFO [2022-07-16 17:27:20] -mirroring for hspike
INFO [2022-07-16 17:27:20] ::center_smooth across chromosomes per cell
INFO [2022-07-16 17:27:56] 

	STEP 12: removing average of reference data (after smoothing)

INFO [2022-07-16 17:27:56] ::subtract_ref_expr_from_obs:Start inv_log=FALSE, use_bounds=TRUE
INFO [2022-07-16 17:27:56] subtracting mean(normal) per gene per cell across all data
INFO [2022-07-16 17:28:00] -subtracting expr per gene, use_bounds=TRUE
INFO [2022-07-16 17:28:05] -mirroring for hspike
INFO [2022-07-16 17:28:05] ::subtract_ref_expr_from_obs:Start inv_log=FALSE, use_bounds=TRUE
INFO [2022-07-16 17:28:05] subtracting mean(normal) per gene per cell across all data
INFO [2022-07-16 17:28:06] -subtracting expr per gene, use_bounds=TRUE
INFO [2022-07-16 17:28:42] 

	STEP 14: invert log2(FC) to FC

INFO [2022-07-16 17:28:42] invert_log2(), computing 2^x
INFO [2022-07-16 17:28:46] -mirroring for hspike
INFO [2022-07-16 17:28:46] invert_log2(), computing 2^x
INFO [2022-07-16 17:29:36] 

	STEP 15: Clustering samples (not defining tumor subclusters)

INFO [2022-07-16 17:29:36] define_signif_tumor_subclusters(p_val=0.1
INFO [2022-07-16 17:29:36] define_signif_tumor_subclusters(), tumor: Bcl6tg/+
INFO [2022-07-16 17:30:24] cut tree into: 1 groups
INFO [2022-07-16 17:30:24] -processing Bcl6tg/+,Bcl6tg/+_s1
INFO [2022-07-16 17:30:24] define_signif_tumor_subclusters(), tumor: WT
INFO [2022-07-16 19:21:48] cut tree into: 1 groups
INFO [2022-07-16 19:21:48] -processing WT,WT_s1
INFO [2022-07-16 19:21:48] -mirroring for hspike
INFO [2022-07-16 19:21:48] define_signif_tumor_subclusters(p_val=0.1
INFO [2022-07-16 19:21:48] define_signif_tumor_subclusters(), tumor: spike_tumor_cell_WT
INFO [2022-07-16 19:21:48] cut tree into: 1 groups
INFO [2022-07-16 19:21:48] -processing spike_tumor_cell_WT,spike_tumor_cell_WT_s1
INFO [2022-07-16 19:21:48] define_signif_tumor_subclusters(), tumor: simnorm_cell_WT
INFO [2022-07-16 19:21:48] cut tree into: 1 groups
INFO [2022-07-16 19:21:48] -processing simnorm_cell_WT,simnorm_cell_WT_s1
INFO [2022-07-16 19:23:28] ::plot_cnv:Start
INFO [2022-07-16 19:23:28] ::plot_cnv:Current data dimensions (r,c)=4869,14968 Total=72955744.4461974 Min=0.688647960151428 Max=1.56421019256924.
INFO [2022-07-16 19:23:28] ::plot_cnv:Depending on the size of the matrix this may take a moment.
INFO [2022-07-16 19:24:42] plot_cnv(): auto thresholding at: (0.885453 , 1.116647)
INFO [2022-07-16 19:24:46] plot_cnv_observation:Start
INFO [2022-07-16 19:24:46] Observation data size: Cells= 1289 Genes= 4869
INFO [2022-07-16 19:24:46] plot_cnv_observation:Writing observation groupings/color.
INFO [2022-07-16 19:24:46] plot_cnv_observation:Done writing observation groupings/color.
INFO [2022-07-16 19:24:46] plot_cnv_observation:Writing observation heatmap thresholds.
INFO [2022-07-16 19:24:46] plot_cnv_observation:Done writing observation heatmap thresholds.
INFO [2022-07-16 19:24:47] Colors for breaks:  #00008B,#24249B,#4848AB,#6D6DBC,#9191CC,#B6B6DD,#DADAEE,#FFFFFF,#EEDADA,#DDB6B6,#CC9191,#BC6D6D,#AB4848,#9B2424,#8B0000
INFO [2022-07-16 19:24:47] Quantiles of plotted data range: 0.88545332624467,0.973926366087874,0.998855525127743,1.02642542676248,1.11664747767745
INFO [2022-07-16 19:24:49] plot_cnv_observations:Writing observation data to ./data/infercnv/inferCNV_out_new/Pool105_74//infercnv.preliminary.observations.txt
INFO [2022-07-16 19:24:56] plot_cnv_references:Start
INFO [2022-07-16 19:24:56] Reference data size: Cells= 13679 Genes= 4869
INFO [2022-07-16 21:14:47] plot_cnv_references:Number reference groups= 1
INFO [2022-07-16 21:14:48] plot_cnv_references:Plotting heatmap.
INFO [2022-07-16 21:15:00] Colors for breaks:  #00008B,#24249B,#4848AB,#6D6DBC,#9191CC,#B6B6DD,#DADAEE,#FFFFFF,#EEDADA,#DDB6B6,#CC9191,#BC6D6D,#AB4848,#9B2424,#8B0000
INFO [2022-07-16 21:15:00] Quantiles of plotted data range: 0.88545332624467,0.97311858790052,0.998811264225738,1.02622613542087,1.11664747767745
INFO [2022-07-16 21:15:05] plot_cnv_references:Writing reference data to ./data/infercnv/inferCNV_out_new/Pool105_74//infercnv.preliminary.references.txt
INFO [2022-07-16 21:16:12] 

	STEP 17: HMM-based CNV prediction

INFO [2022-07-16 21:16:12] predict_CNV_via_HMM_on_whole_tumor_samples
INFO [2022-07-16 21:16:14] -done predicting CNV based on initial tumor subclusters
INFO [2022-07-16 21:16:14] get_predicted_CNV_regions(subcluster)
INFO [2022-07-16 21:16:14] -processing cell_group_name: Bcl6tg/+.Bcl6tg/+_s1, size: 1289
INFO [2022-07-16 21:16:21] -processing cell_group_name: WT.WT_s1, size: 13679
INFO [2022-07-16 21:17:08] -writing cell clusters file: ./data/infercnv/inferCNV_out_new/Pool105_74//17_HMM_predHMMi6.hmm_mode-samples.cell_groupings
INFO [2022-07-16 21:17:08] -writing cnv regions file: ./data/infercnv/inferCNV_out_new/Pool105_74//17_HMM_predHMMi6.hmm_mode-samples.pred_cnv_regions.dat
INFO [2022-07-16 21:17:08] -writing per-gene cnv report: ./data/infercnv/inferCNV_out_new/Pool105_74//17_HMM_predHMMi6.hmm_mode-samples.pred_cnv_genes.dat
INFO [2022-07-16 21:17:08] -writing gene ordering info: ./data/infercnv/inferCNV_out_new/Pool105_74//17_HMM_predHMMi6.hmm_mode-samples.genes_used.dat
INFO [2022-07-16 21:17:23] ::plot_cnv:Start
INFO [2022-07-16 21:17:23] ::plot_cnv:Current data dimensions (r,c)=4869,14968 Total=218794834 Min=3 Max=4.
INFO [2022-07-16 21:17:24] ::plot_cnv:Depending on the size of the matrix this may take a moment.
INFO [2022-07-16 21:18:23] plot_cnv_observation:Start
INFO [2022-07-16 21:18:23] Observation data size: Cells= 1289 Genes= 4869
INFO [2022-07-16 21:18:23] plot_cnv_observation:Writing observation groupings/color.
INFO [2022-07-16 21:18:23] plot_cnv_observation:Done writing observation groupings/color.
INFO [2022-07-16 21:18:23] plot_cnv_observation:Writing observation heatmap thresholds.
INFO [2022-07-16 21:18:23] plot_cnv_observation:Done writing observation heatmap thresholds.
INFO [2022-07-16 21:18:24] Colors for breaks:  #00008B,#24249B,#4848AB,#6D6DBC,#9191CC,#B6B6DD,#DADAEE,#FFFFFF,#EEDADA,#DDB6B6,#CC9191,#BC6D6D,#AB4848,#9B2424,#8B0000
INFO [2022-07-16 21:18:24] Quantiles of plotted data range: 3,3,3,3,4
INFO [2022-07-16 21:18:25] plot_cnv_observations:Writing observation data to ./data/infercnv/inferCNV_out_new/Pool105_74//infercnv.17_HMM_predHMMi6.hmm_mode-samples.observations.txt
INFO [2022-07-16 21:18:30] plot_cnv_references:Start
INFO [2022-07-16 21:18:30] Reference data size: Cells= 13679 Genes= 4869
INFO [2022-07-16 23:09:51] plot_cnv_references:Number reference groups= 1
INFO [2022-07-16 23:09:51] plot_cnv_references:Plotting heatmap.
INFO [2022-07-16 23:10:04] Colors for breaks:  #00008B,#24249B,#4848AB,#6D6DBC,#9191CC,#B6B6DD,#DADAEE,#FFFFFF,#EEDADA,#DDB6B6,#CC9191,#BC6D6D,#AB4848,#9B2424,#8B0000
INFO [2022-07-16 23:10:04] Quantiles of plotted data range: 3,3,3,3,3
INFO [2022-07-16 23:10:08] plot_cnv_references:Writing reference data to ./data/infercnv/inferCNV_out_new/Pool105_74//infercnv.17_HMM_predHMMi6.hmm_mode-samples.references.txt
INFO [2022-07-16 23:11:04] 

	STEP 18: Run Bayesian Network Model on HMM predicted CNVs

INFO [2022-07-16 23:11:05] Creating the following Directory:  ./data/infercnv/inferCNV_out_new/Pool105_74//BayesNetOutput.HMMi6.hmm_mode-samples
INFO [2022-07-16 23:11:05] Initializing new MCM InferCNV Object.
INFO [2022-07-16 23:11:05] validating infercnv_obj
INFO [2022-07-16 23:11:05] Total CNV's:  1
INFO [2022-07-16 23:11:05] Loading BUGS Model.
INFO [2022-07-16 23:11:05] Running Sampling Using Parallel with  64 Cores
INFO [2022-07-16 23:17:58] Obtaining probabilities post-sampling
INFO [2022-07-16 23:18:03] Gibbs sampling time:  6.97206121683121  Minutes
INFO [2022-07-16 23:18:53] ::plot_cnv:Start
INFO [2022-07-16 23:18:53] ::plot_cnv:Current data dimensions (r,c)=4869,14968 Total=120621.792005649 Min=0 Max=0.767031197176927.
INFO [2022-07-16 23:18:54] ::plot_cnv:Depending on the size of the matrix this may take a moment.
INFO [2022-07-16 23:18:55] plot_cnv_observation:Start
INFO [2022-07-16 23:18:55] Observation data size: Cells= 1289 Genes= 4869
INFO [2022-07-16 23:18:55] plot_cnv_observation:Writing observation groupings/color.
INFO [2022-07-16 23:18:55] plot_cnv_observation:Done writing observation groupings/color.
INFO [2022-07-16 23:18:55] plot_cnv_observation:Writing observation heatmap thresholds.
INFO [2022-07-16 23:18:55] plot_cnv_observation:Done writing observation heatmap thresholds.
INFO [2022-07-16 23:18:57] Colors for breaks:  #00008B,#24249B,#4848AB,#6D6DBC,#9191CC,#B6B6DD,#DADAEE,#FFFFFF,#EEDADA,#DDB6B6,#CC9191,#BC6D6D,#AB4848,#9B2424,#8B0000
INFO [2022-07-16 23:18:57] Quantiles of plotted data range: 0,0,0,0,0.767031197176927
INFO [2022-07-16 23:18:58] plot_cnv_observations:Writing observation data to ./data/infercnv/inferCNV_out_new/Pool105_74//BayesNetOutput.HMMi6.hmm_mode-samples/infercnv.NormalProbabilities.PreFiltering.observations.txt
INFO [2022-07-16 23:19:02] plot_cnv_references:Start
INFO [2022-07-16 23:19:02] Reference data size: Cells= 13679 Genes= 4869
INFO [2022-07-17 01:10:57] plot_cnv_references:Number reference groups= 1
INFO [2022-07-17 01:10:57] plot_cnv_references:Plotting heatmap.
INFO [2022-07-17 01:11:10] Colors for breaks:  #00008B,#24249B,#4848AB,#6D6DBC,#9191CC,#B6B6DD,#DADAEE,#FFFFFF,#EEDADA,#DDB6B6,#CC9191,#BC6D6D,#AB4848,#9B2424,#8B0000
INFO [2022-07-17 01:11:10] Quantiles of plotted data range: 0,0,0,0,0
INFO [2022-07-17 01:11:14] plot_cnv_references:Writing reference data to ./data/infercnv/inferCNV_out_new/Pool105_74//BayesNetOutput.HMMi6.hmm_mode-samples/infercnv.NormalProbabilities.PreFiltering.references.txt
INFO [2022-07-17 01:12:50] 

	STEP 19: Filter HMM predicted CNVs based on the Bayesian Network Model results and BayesMaxPNormal

INFO [2022-07-17 01:12:50] Attempting to removing CNV(s) with a probability of being normal above  0.5
INFO [2022-07-17 01:12:50] Removing  0  CNV(s) identified by the HMM.
INFO [2022-07-17 01:12:50] Reassigning CNVs based on state probabilities.
INFO [2022-07-17 01:12:50] Creating Plots for CNV and cell Probabilities.
INFO [2022-07-17 01:12:53] ::plot_cnv:Start
INFO [2022-07-17 01:12:53] ::plot_cnv:Current data dimensions (r,c)=4869,14968 Total=120621.792005649 Min=0 Max=0.767031197176927.
INFO [2022-07-17 01:12:53] ::plot_cnv:Depending on the size of the matrix this may take a moment.
INFO [2022-07-17 01:12:55] plot_cnv_observation:Start
INFO [2022-07-17 01:12:55] Observation data size: Cells= 1289 Genes= 4869
INFO [2022-07-17 01:12:55] plot_cnv_observation:Writing observation groupings/color.
INFO [2022-07-17 01:12:55] plot_cnv_observation:Done writing observation groupings/color.
INFO [2022-07-17 01:12:55] plot_cnv_observation:Writing observation heatmap thresholds.
INFO [2022-07-17 01:12:55] plot_cnv_observation:Done writing observation heatmap thresholds.
INFO [2022-07-17 01:12:56] Colors for breaks:  #00008B,#24249B,#4848AB,#6D6DBC,#9191CC,#B6B6DD,#DADAEE,#FFFFFF,#EEDADA,#DDB6B6,#CC9191,#BC6D6D,#AB4848,#9B2424,#8B0000
INFO [2022-07-17 01:12:56] Quantiles of plotted data range: 0,0,0,0,0.767031197176927
INFO [2022-07-17 01:12:57] plot_cnv_observations:Writing observation data to ./data/infercnv/inferCNV_out_new/Pool105_74//BayesNetOutput.HMMi6.hmm_mode-samples/infercnv.NormalProbabilities.PostFiltering.observations.txt
INFO [2022-07-17 01:13:01] plot_cnv_references:Start
INFO [2022-07-17 01:13:01] Reference data size: Cells= 13679 Genes= 4869
INFO [2022-07-17 04:07:10] plot_cnv_references:Number reference groups= 1
INFO [2022-07-17 04:07:11] plot_cnv_references:Plotting heatmap.
INFO [2022-07-17 04:07:23] Colors for breaks:  #00008B,#24249B,#4848AB,#6D6DBC,#9191CC,#B6B6DD,#DADAEE,#FFFFFF,#EEDADA,#DDB6B6,#CC9191,#BC6D6D,#AB4848,#9B2424,#8B0000
INFO [2022-07-17 04:07:23] Quantiles of plotted data range: 0,0,0,0,0
INFO [2022-07-17 04:07:28] plot_cnv_references:Writing reference data to ./data/infercnv/inferCNV_out_new/Pool105_74//BayesNetOutput.HMMi6.hmm_mode-samples/infercnv.NormalProbabilities.PostFiltering.references.txt
INFO [2022-07-17 04:08:27] ::plot_cnv:Start
INFO [2022-07-17 04:08:27] ::plot_cnv:Current data dimensions (r,c)=4869,14968 Total=218794834 Min=3 Max=4.
INFO [2022-07-17 04:08:28] ::plot_cnv:Depending on the size of the matrix this may take a moment.
INFO [2022-07-17 04:09:28] plot_cnv_observation:Start
INFO [2022-07-17 04:09:28] Observation data size: Cells= 1289 Genes= 4869
INFO [2022-07-17 04:09:28] plot_cnv_observation:Writing observation groupings/color.
INFO [2022-07-17 04:09:28] plot_cnv_observation:Done writing observation groupings/color.
INFO [2022-07-17 04:09:28] plot_cnv_observation:Writing observation heatmap thresholds.
INFO [2022-07-17 04:09:28] plot_cnv_observation:Done writing observation heatmap thresholds.
INFO [2022-07-17 04:09:29] Colors for breaks:  #00008B,#24249B,#4848AB,#6D6DBC,#9191CC,#B6B6DD,#DADAEE,#FFFFFF,#EEDADA,#DDB6B6,#CC9191,#BC6D6D,#AB4848,#9B2424,#8B0000
INFO [2022-07-17 04:09:29] Quantiles of plotted data range: 3,3,3,3,4
INFO [2022-07-17 04:09:30] plot_cnv_observations:Writing observation data to ./data/infercnv/inferCNV_out_new/Pool105_74//infercnv.19_HMM_pred.Bayes_Net.Pnorm_0.5.observations.txt
INFO [2022-07-17 04:09:35] plot_cnv_references:Start
INFO [2022-07-17 04:09:35] Reference data size: Cells= 13679 Genes= 4869
INFO [2022-07-17 06:00:34] plot_cnv_references:Number reference groups= 1
INFO [2022-07-17 06:00:35] plot_cnv_references:Plotting heatmap.
INFO [2022-07-17 06:00:47] Colors for breaks:  #00008B,#24249B,#4848AB,#6D6DBC,#9191CC,#B6B6DD,#DADAEE,#FFFFFF,#EEDADA,#DDB6B6,#CC9191,#BC6D6D,#AB4848,#9B2424,#8B0000
INFO [2022-07-17 06:00:47] Quantiles of plotted data range: 3,3,3,3,3
INFO [2022-07-17 06:00:51] plot_cnv_references:Writing reference data to ./data/infercnv/inferCNV_out_new/Pool105_74//infercnv.19_HMM_pred.Bayes_Net.Pnorm_0.5.references.txt
INFO [2022-07-17 06:01:44] 

	STEP 20: Converting HMM-based CNV states to repr expr vals

INFO [2022-07-17 06:02:02] ::plot_cnv:Start
INFO [2022-07-17 06:02:02] ::plot_cnv:Current data dimensions (r,c)=4869,14968 Total=72957821 Min=1 Max=1.5.
INFO [2022-07-17 06:02:03] ::plot_cnv:Depending on the size of the matrix this may take a moment.
INFO [2022-07-17 06:03:01] plot_cnv_observation:Start
INFO [2022-07-17 06:03:01] Observation data size: Cells= 1289 Genes= 4869
INFO [2022-07-17 06:03:01] plot_cnv_observation:Writing observation groupings/color.
INFO [2022-07-17 06:03:01] plot_cnv_observation:Done writing observation groupings/color.
INFO [2022-07-17 06:03:01] plot_cnv_observation:Writing observation heatmap thresholds.
INFO [2022-07-17 06:03:01] plot_cnv_observation:Done writing observation heatmap thresholds.
INFO [2022-07-17 06:03:02] Colors for breaks:  #00008B,#24249B,#4848AB,#6D6DBC,#9191CC,#B6B6DD,#DADAEE,#FFFFFF,#EEDADA,#DDB6B6,#CC9191,#BC6D6D,#AB4848,#9B2424,#8B0000
INFO [2022-07-17 06:03:02] Quantiles of plotted data range: 1,1,1,1,1.5
INFO [2022-07-17 06:03:03] plot_cnv_observations:Writing observation data to ./data/infercnv/inferCNV_out_new/Pool105_74//infercnv.20_HMM_predHMMi6.hmm_mode-samples.Pnorm_0.5.repr_intensities.observations.txt
INFO [2022-07-17 06:03:08] plot_cnv_references:Start
INFO [2022-07-17 06:03:08] Reference data size: Cells= 13679 Genes= 4869
INFO [2022-07-17 07:53:53] plot_cnv_references:Number reference groups= 1
INFO [2022-07-17 07:53:53] plot_cnv_references:Plotting heatmap.
INFO [2022-07-17 07:54:06] Colors for breaks:  #00008B,#24249B,#4848AB,#6D6DBC,#9191CC,#B6B6DD,#DADAEE,#FFFFFF,#EEDADA,#DDB6B6,#CC9191,#BC6D6D,#AB4848,#9B2424,#8B0000
INFO [2022-07-17 07:54:06] Quantiles of plotted data range: 1,1,1,1,1
INFO [2022-07-17 07:54:10] plot_cnv_references:Writing reference data to ./data/infercnv/inferCNV_out_new/Pool105_74//infercnv.20_HMM_predHMMi6.hmm_mode-samples.Pnorm_0.5.repr_intensities.references.txt
INFO [2022-07-17 07:55:04] 

	STEP 22: Denoising

INFO [2022-07-17 07:55:04] ::process_data:Remove noise, noise threshold defined via ref mean sd_amplifier:  1.5
INFO [2022-07-17 07:55:04] denoising using mean(normal) +- sd_amplifier * sd(normal) per gene per cell across all data
INFO [2022-07-17 07:55:06] :: **** clear_noise_via_ref_quantiles **** : removing noise between bounds:  0.938612924952013 - 1.06316196944065
INFO [2022-07-17 07:55:41] 

## Making the final infercnv heatmap ##
INFO [2022-07-17 07:55:41] ::plot_cnv:Start
INFO [2022-07-17 07:55:41] ::plot_cnv:Current data dimensions (r,c)=4869,14968 Total=73088459.1113161 Min=0.688647960151428 Max=1.56421019256924.
INFO [2022-07-17 07:55:42] ::plot_cnv:Depending on the size of the matrix this may take a moment.
INFO [2022-07-17 07:56:50] plot_cnv(): auto thresholding at: (0.883353 , 1.116647)
INFO [2022-07-17 07:56:51] plot_cnv_observation:Start
INFO [2022-07-17 07:56:51] Observation data size: Cells= 1289 Genes= 4869
INFO [2022-07-17 07:56:51] plot_cnv_observation:Writing observation groupings/color.
INFO [2022-07-17 07:56:51] plot_cnv_observation:Done writing observation groupings/color.
INFO [2022-07-17 07:56:52] plot_cnv_observation:Writing observation heatmap thresholds.
INFO [2022-07-17 07:56:52] plot_cnv_observation:Done writing observation heatmap thresholds.
INFO [2022-07-17 07:56:53] Colors for breaks:  #00008B,#24249B,#4848AB,#6D6DBC,#9191CC,#B6B6DD,#DADAEE,#FFFFFF,#EEDADA,#DDB6B6,#CC9191,#BC6D6D,#AB4848,#9B2424,#8B0000
INFO [2022-07-17 07:56:53] Quantiles of plotted data range: 0.883352522322546,1.00088744719633,1.00088744719633,1.00088744719633,1.11664747767745
INFO [2022-07-17 07:56:54] plot_cnv_observations:Writing observation data to ./data/infercnv/inferCNV_out_new/Pool105_74//infercnv.observations.txt
INFO [2022-07-17 07:57:00] plot_cnv_references:Start
INFO [2022-07-17 07:57:00] Reference data size: Cells= 13679 Genes= 4869
INFO [2022-07-17 09:47:17] plot_cnv_references:Number reference groups= 1
INFO [2022-07-17 09:47:17] plot_cnv_references:Plotting heatmap.
INFO [2022-07-17 09:47:29] Colors for breaks:  #00008B,#24249B,#4848AB,#6D6DBC,#9191CC,#B6B6DD,#DADAEE,#FFFFFF,#EEDADA,#DDB6B6,#CC9191,#BC6D6D,#AB4848,#9B2424,#8B0000
INFO [2022-07-17 09:47:29] Quantiles of plotted data range: 0.883352522322546,1.00088744719633,1.00088744719633,1.00088744719633,1.11664747767745
INFO [2022-07-17 09:47:34] plot_cnv_references:Writing reference data to ./data/infercnv/inferCNV_out_new/Pool105_74//infercnv.references.txt
Warning message:
In type.convert.default(X[[i]], ...) :
  'as.is' should be specified by the caller; using TRUE
