[1] "/liulab/galib/mouse_scRNAseq_margaret/data/infercnv/inferCNV_out_new/14mos"
Warning message:
package ‘rBCS’ was built under R version 4.1.3 
── Attaching packages ─────────────────────────────────────── tidyverse 1.3.1 ──
✔ ggplot2 3.3.6     ✔ purrr   0.3.4
✔ tibble  3.1.7     ✔ dplyr   1.0.9
✔ tidyr   1.2.0     ✔ stringr 1.4.0
✔ readr   2.1.2     ✔ forcats 0.5.1
── Conflicts ────────────────────────────────────────── tidyverse_conflicts() ──
✖ dplyr::filter() masks stats::filter()
✖ dplyr::lag()    masks stats::lag()
Warning messages:
1: package ‘tidyverse’ was built under R version 4.1.3 
2: package ‘ggplot2’ was built under R version 4.1.3 
3: package ‘tibble’ was built under R version 4.1.3 
4: package ‘tidyr’ was built under R version 4.1.2 
5: package ‘readr’ was built under R version 4.1.2 
6: package ‘dplyr’ was built under R version 4.1.3 
7: package ‘forcats’ was built under R version 4.1.3 
Attaching SeuratObject
Attaching sp
Warning message:
package ‘Seurat’ was built under R version 4.1.3 
here() starts at /liulab/galib/mouse_scRNAseq_margaret
Loading required package: usethis
Warning message:
package ‘ggpubr’ was built under R version 4.1.3 
Warning message:
package ‘infercnv’ was built under R version 4.1.3 
[1]  32285 176583
Rows: 55228 Columns: 4
── Column specification ────────────────────────────────────────────────────────
Delimiter: "\t"
chr (2): X1, X2
dbl (2): X3, X4

ℹ Use `spec()` to retrieve the full column specification for this data.
ℹ Specify the column types or set `show_col_types = FALSE` to quiet this message.
[1] 12
INFO [2022-07-16 16:50:01] Parsing gene order file: ./data/infercnv/gene_order_file.txt
INFO [2022-07-16 16:50:01] ::order_reduce:Start.
INFO [2022-07-16 16:50:05] .order_reduce(): expr and order match.
INFO [2022-07-16 16:50:22] ::process_data:order_reduce:Reduction from positional data, new dimensions (r,c) = 32285,176583 Total=901670571 Min=0 Max=21505.
INFO [2022-07-16 16:50:24] num genes removed taking into account provided gene ordering list: 1949 = 6.03685922254917% removed.
INFO [2022-07-16 16:50:25] -filtering out cells < 100 or > Inf, removing 0 % of cells
INFO [2022-07-16 16:50:30] validating infercnv_obj
INFO [2022-07-16 16:50:30] ::process_data:Start
INFO [2022-07-16 16:50:30] Creating output path ./data/infercnv/inferCNV_out_new/Pool105_53/
INFO [2022-07-16 16:50:30] Checking for saved results.
INFO [2022-07-16 16:50:30] 

	STEP 1: incoming data

INFO [2022-07-16 16:50:54] 

	STEP 02: Removing lowly expressed genes

INFO [2022-07-16 16:50:54] ::above_min_mean_expr_cutoff:Start
INFO [2022-07-16 16:50:55] Removing 25717 genes from matrix as below mean expr threshold: 0.1
INFO [2022-07-16 16:50:55] validating infercnv_obj
INFO [2022-07-16 16:50:55] There are 4619 genes and 17556 cells remaining in the expr matrix.
INFO [2022-07-16 16:50:59] no genes removed due to min cells/gene filter
INFO [2022-07-16 16:51:22] 

	STEP 03: normalization by sequencing depth

INFO [2022-07-16 16:51:22] normalizing counts matrix by depth
INFO [2022-07-16 16:51:25] Computed total sum normalization factor as median libsize: 3061.000000
INFO [2022-07-16 16:51:25] Adding h-spike
INFO [2022-07-16 16:51:26] -hspike modeling of WT
INFO [2022-07-16 16:52:15] validating infercnv_obj
INFO [2022-07-16 16:52:15] normalizing counts matrix by depth
INFO [2022-07-16 16:52:15] Using specified normalization factor: 3061.000000
INFO [2022-07-16 16:52:37] 

	STEP 04: log transformation of data

INFO [2022-07-16 16:52:37] transforming log2xplus1()
INFO [2022-07-16 16:52:41] -mirroring for hspike
INFO [2022-07-16 16:52:41] transforming log2xplus1()
INFO [2022-07-16 16:53:05] 

	STEP 08: removing average of reference data (before smoothing)

INFO [2022-07-16 16:53:05] ::subtract_ref_expr_from_obs:Start inv_log=FALSE, use_bounds=TRUE
INFO [2022-07-16 16:53:05] subtracting mean(normal) per gene per cell across all data
INFO [2022-07-16 16:53:11] -subtracting expr per gene, use_bounds=TRUE
INFO [2022-07-16 17:09:00] -mirroring for hspike
INFO [2022-07-16 17:09:00] ::subtract_ref_expr_from_obs:Start inv_log=FALSE, use_bounds=TRUE
INFO [2022-07-16 17:09:00] subtracting mean(normal) per gene per cell across all data
INFO [2022-07-16 17:09:01] -subtracting expr per gene, use_bounds=TRUE
INFO [2022-07-16 17:09:42] 

	STEP 09: apply max centered expression threshold: 3

INFO [2022-07-16 17:09:42] ::process_data:setting max centered expr, threshold set to: +/-:  3
INFO [2022-07-16 17:09:44] -mirroring for hspike
INFO [2022-07-16 17:09:44] ::process_data:setting max centered expr, threshold set to: +/-:  3
INFO [2022-07-16 17:10:25] 

	STEP 10: Smoothing data per cell by chromosome

INFO [2022-07-16 17:10:25] smooth_by_chromosome: chr: chr1
INFO [2022-07-16 17:10:39] smooth_by_chromosome: chr: chr10
INFO [2022-07-16 17:10:53] smooth_by_chromosome: chr: chr11
INFO [2022-07-16 17:11:10] smooth_by_chromosome: chr: chr12
INFO [2022-07-16 17:11:25] smooth_by_chromosome: chr: chr13
INFO [2022-07-16 17:11:38] smooth_by_chromosome: chr: chr14
INFO [2022-07-16 17:11:54] smooth_by_chromosome: chr: chr15
INFO [2022-07-16 17:12:12] smooth_by_chromosome: chr: chr16
INFO [2022-07-16 17:12:27] smooth_by_chromosome: chr: chr17
INFO [2022-07-16 17:12:43] smooth_by_chromosome: chr: chr18
INFO [2022-07-16 17:12:58] smooth_by_chromosome: chr: chr19
INFO [2022-07-16 17:13:12] smooth_by_chromosome: chr: chr2
INFO [2022-07-16 17:13:29] smooth_by_chromosome: chr: chr3
INFO [2022-07-16 17:13:43] smooth_by_chromosome: chr: chr4
INFO [2022-07-16 17:13:58] smooth_by_chromosome: chr: chr5
INFO [2022-07-16 17:14:14] smooth_by_chromosome: chr: chr6
INFO [2022-07-16 17:14:30] smooth_by_chromosome: chr: chr7
INFO [2022-07-16 17:14:46] smooth_by_chromosome: chr: chr8
INFO [2022-07-16 17:15:02] smooth_by_chromosome: chr: chr9
INFO [2022-07-16 17:15:18] -mirroring for hspike
INFO [2022-07-16 17:15:18] smooth_by_chromosome: chr: chrA
INFO [2022-07-16 17:15:18] smooth_by_chromosome: chr: chr_0
INFO [2022-07-16 17:15:18] smooth_by_chromosome: chr: chr_B
INFO [2022-07-16 17:15:18] smooth_by_chromosome: chr: chr_0pt5
INFO [2022-07-16 17:15:18] smooth_by_chromosome: chr: chr_C
INFO [2022-07-16 17:15:19] smooth_by_chromosome: chr: chr_1pt5
INFO [2022-07-16 17:15:19] smooth_by_chromosome: chr: chr_D
INFO [2022-07-16 17:15:19] smooth_by_chromosome: chr: chr_2pt0
INFO [2022-07-16 17:15:19] smooth_by_chromosome: chr: chr_E
INFO [2022-07-16 17:15:19] smooth_by_chromosome: chr: chr_3pt0
INFO [2022-07-16 17:15:20] smooth_by_chromosome: chr: chr_F
INFO [2022-07-16 17:15:59] 

	STEP 11: re-centering data across chromosome after smoothing

INFO [2022-07-16 17:15:59] ::center_smooth across chromosomes per cell
INFO [2022-07-16 17:16:10] -mirroring for hspike
INFO [2022-07-16 17:16:10] ::center_smooth across chromosomes per cell
INFO [2022-07-16 17:16:50] 

	STEP 12: removing average of reference data (after smoothing)

INFO [2022-07-16 17:16:50] ::subtract_ref_expr_from_obs:Start inv_log=FALSE, use_bounds=TRUE
INFO [2022-07-16 17:16:50] subtracting mean(normal) per gene per cell across all data
INFO [2022-07-16 17:16:55] -subtracting expr per gene, use_bounds=TRUE
INFO [2022-07-16 17:17:00] -mirroring for hspike
INFO [2022-07-16 17:17:00] ::subtract_ref_expr_from_obs:Start inv_log=FALSE, use_bounds=TRUE
INFO [2022-07-16 17:17:00] subtracting mean(normal) per gene per cell across all data
INFO [2022-07-16 17:17:01] -subtracting expr per gene, use_bounds=TRUE
INFO [2022-07-16 17:17:40] 

	STEP 14: invert log2(FC) to FC

INFO [2022-07-16 17:17:40] invert_log2(), computing 2^x
INFO [2022-07-16 17:17:45] -mirroring for hspike
INFO [2022-07-16 17:17:45] invert_log2(), computing 2^x
INFO [2022-07-16 17:18:39] 

	STEP 15: Clustering samples (not defining tumor subclusters)

INFO [2022-07-16 17:18:39] define_signif_tumor_subclusters(p_val=0.1
INFO [2022-07-16 17:18:39] define_signif_tumor_subclusters(), tumor: CD70-/-;Bcl6tg/+
INFO [2022-07-16 17:19:32] cut tree into: 1 groups
INFO [2022-07-16 17:19:32] -processing CD70-/-;Bcl6tg/+,CD70-/-;Bcl6tg/+_s1
INFO [2022-07-16 17:19:32] define_signif_tumor_subclusters(), tumor: WT
INFO [2022-07-16 21:31:50] cut tree into: 1 groups
INFO [2022-07-16 21:31:50] -processing WT,WT_s1
INFO [2022-07-16 21:31:50] -mirroring for hspike
INFO [2022-07-16 21:31:50] define_signif_tumor_subclusters(p_val=0.1
INFO [2022-07-16 21:31:50] define_signif_tumor_subclusters(), tumor: spike_tumor_cell_WT
INFO [2022-07-16 21:31:50] cut tree into: 1 groups
INFO [2022-07-16 21:31:50] -processing spike_tumor_cell_WT,spike_tumor_cell_WT_s1
INFO [2022-07-16 21:31:50] define_signif_tumor_subclusters(), tumor: simnorm_cell_WT
INFO [2022-07-16 21:31:50] cut tree into: 1 groups
INFO [2022-07-16 21:31:50] -processing simnorm_cell_WT,simnorm_cell_WT_s1
INFO [2022-07-16 21:33:37] ::plot_cnv:Start
INFO [2022-07-16 21:33:37] ::plot_cnv:Current data dimensions (r,c)=4619,17556 Total=81177608.638306 Min=0.659087516995232 Max=1.49520809436591.
INFO [2022-07-16 21:33:37] ::plot_cnv:Depending on the size of the matrix this may take a moment.
INFO [2022-07-16 21:34:55] plot_cnv(): auto thresholding at: (0.886743 , 1.115389)
INFO [2022-07-16 21:34:58] plot_cnv_observation:Start
INFO [2022-07-16 21:34:58] Observation data size: Cells= 1422 Genes= 4619
INFO [2022-07-16 21:34:58] plot_cnv_observation:Writing observation groupings/color.
INFO [2022-07-16 21:34:58] plot_cnv_observation:Done writing observation groupings/color.
INFO [2022-07-16 21:34:58] plot_cnv_observation:Writing observation heatmap thresholds.
INFO [2022-07-16 21:34:58] plot_cnv_observation:Done writing observation heatmap thresholds.
INFO [2022-07-16 21:34:59] Colors for breaks:  #00008B,#24249B,#4848AB,#6D6DBC,#9191CC,#B6B6DD,#DADAEE,#FFFFFF,#EEDADA,#DDB6B6,#CC9191,#BC6D6D,#AB4848,#9B2424,#8B0000
INFO [2022-07-16 21:34:59] Quantiles of plotted data range: 0.886743248571639,0.972995695388473,0.998883908881779,1.02790575455274,1.11538878737511
INFO [2022-07-16 21:35:02] plot_cnv_observations:Writing observation data to ./data/infercnv/inferCNV_out_new/Pool105_53//infercnv.preliminary.observations.txt
INFO [2022-07-16 21:35:08] plot_cnv_references:Start
INFO [2022-07-16 21:35:08] Reference data size: Cells= 16134 Genes= 4619
INFO [2022-07-17 00:12:25] plot_cnv_references:Number reference groups= 1
INFO [2022-07-17 00:12:26] plot_cnv_references:Plotting heatmap.
INFO [2022-07-17 00:12:40] Colors for breaks:  #00008B,#24249B,#4848AB,#6D6DBC,#9191CC,#B6B6DD,#DADAEE,#FFFFFF,#EEDADA,#DDB6B6,#CC9191,#BC6D6D,#AB4848,#9B2424,#8B0000
INFO [2022-07-17 00:12:40] Quantiles of plotted data range: 0.886743248571639,0.973033129010754,0.998848220341734,1.02642635461441,1.11538878737511
INFO [2022-07-17 00:12:46] plot_cnv_references:Writing reference data to ./data/infercnv/inferCNV_out_new/Pool105_53//infercnv.preliminary.references.txt
INFO [2022-07-17 00:13:57] 

	STEP 17: HMM-based CNV prediction

INFO [2022-07-17 00:13:57] predict_CNV_via_HMM_on_whole_tumor_samples
INFO [2022-07-17 00:14:00] -done predicting CNV based on initial tumor subclusters
INFO [2022-07-17 00:14:00] get_predicted_CNV_regions(subcluster)
INFO [2022-07-17 00:14:00] -processing cell_group_name: CD70-/-;Bcl6tg/+.CD70-/-;Bcl6tg/+_s1, size: 1422
INFO [2022-07-17 00:14:08] -processing cell_group_name: WT.WT_s1, size: 16134
INFO [2022-07-17 00:15:00] -writing cell clusters file: ./data/infercnv/inferCNV_out_new/Pool105_53//17_HMM_predHMMi6.hmm_mode-samples.cell_groupings
INFO [2022-07-17 00:15:00] -writing cnv regions file: ./data/infercnv/inferCNV_out_new/Pool105_53//17_HMM_predHMMi6.hmm_mode-samples.pred_cnv_regions.dat
INFO [2022-07-17 00:15:00] -writing per-gene cnv report: ./data/infercnv/inferCNV_out_new/Pool105_53//17_HMM_predHMMi6.hmm_mode-samples.pred_cnv_genes.dat
INFO [2022-07-17 00:15:00] -writing gene ordering info: ./data/infercnv/inferCNV_out_new/Pool105_53//17_HMM_predHMMi6.hmm_mode-samples.genes_used.dat
INFO [2022-07-17 00:15:17] ::plot_cnv:Start
INFO [2022-07-17 00:15:17] ::plot_cnv:Current data dimensions (r,c)=4619,17556 Total=243549360 Min=3 Max=4.
INFO [2022-07-17 00:15:18] ::plot_cnv:Depending on the size of the matrix this may take a moment.
INFO [2022-07-17 00:16:21] plot_cnv_observation:Start
INFO [2022-07-17 00:16:21] Observation data size: Cells= 1422 Genes= 4619
INFO [2022-07-17 00:16:21] plot_cnv_observation:Writing observation groupings/color.
INFO [2022-07-17 00:16:21] plot_cnv_observation:Done writing observation groupings/color.
INFO [2022-07-17 00:16:21] plot_cnv_observation:Writing observation heatmap thresholds.
INFO [2022-07-17 00:16:21] plot_cnv_observation:Done writing observation heatmap thresholds.
INFO [2022-07-17 00:16:22] Colors for breaks:  #00008B,#24249B,#4848AB,#6D6DBC,#9191CC,#B6B6DD,#DADAEE,#FFFFFF,#EEDADA,#DDB6B6,#CC9191,#BC6D6D,#AB4848,#9B2424,#8B0000
INFO [2022-07-17 00:16:22] Quantiles of plotted data range: 3,3,3,3,4
INFO [2022-07-17 00:16:23] plot_cnv_observations:Writing observation data to ./data/infercnv/inferCNV_out_new/Pool105_53//infercnv.17_HMM_predHMMi6.hmm_mode-samples.observations.txt
INFO [2022-07-17 00:16:28] plot_cnv_references:Start
INFO [2022-07-17 00:16:28] Reference data size: Cells= 16134 Genes= 4619
INFO [2022-07-17 02:52:20] plot_cnv_references:Number reference groups= 1
INFO [2022-07-17 02:52:20] plot_cnv_references:Plotting heatmap.
INFO [2022-07-17 02:52:33] Colors for breaks:  #00008B,#24249B,#4848AB,#6D6DBC,#9191CC,#B6B6DD,#DADAEE,#FFFFFF,#EEDADA,#DDB6B6,#CC9191,#BC6D6D,#AB4848,#9B2424,#8B0000
INFO [2022-07-17 02:52:33] Quantiles of plotted data range: 3,3,3,3,3
INFO [2022-07-17 02:52:39] plot_cnv_references:Writing reference data to ./data/infercnv/inferCNV_out_new/Pool105_53//infercnv.17_HMM_predHMMi6.hmm_mode-samples.references.txt
INFO [2022-07-17 02:53:40] 

	STEP 18: Run Bayesian Network Model on HMM predicted CNVs

INFO [2022-07-17 02:53:40] Creating the following Directory:  ./data/infercnv/inferCNV_out_new/Pool105_53//BayesNetOutput.HMMi6.hmm_mode-samples
INFO [2022-07-17 02:53:40] Initializing new MCM InferCNV Object.
INFO [2022-07-17 02:53:40] validating infercnv_obj
INFO [2022-07-17 02:53:40] Total CNV's:  2
INFO [2022-07-17 02:53:40] Loading BUGS Model.
INFO [2022-07-17 02:53:40] Running Sampling Using Parallel with  64 Cores
INFO [2022-07-17 02:59:39] Obtaining probabilities post-sampling
INFO [2022-07-17 02:59:50] Gibbs sampling time:  6.16506846348445  Minutes
INFO [2022-07-17 03:00:44] ::plot_cnv:Start
INFO [2022-07-17 03:00:44] ::plot_cnv:Current data dimensions (r,c)=4619,17556 Total=172212.169083828 Min=0 Max=0.72228258582079.
INFO [2022-07-17 03:00:45] ::plot_cnv:Depending on the size of the matrix this may take a moment.
INFO [2022-07-17 03:00:46] plot_cnv_observation:Start
INFO [2022-07-17 03:00:46] Observation data size: Cells= 1422 Genes= 4619
INFO [2022-07-17 03:00:46] plot_cnv_observation:Writing observation groupings/color.
INFO [2022-07-17 03:00:46] plot_cnv_observation:Done writing observation groupings/color.
INFO [2022-07-17 03:00:47] plot_cnv_observation:Writing observation heatmap thresholds.
INFO [2022-07-17 03:00:47] plot_cnv_observation:Done writing observation heatmap thresholds.
INFO [2022-07-17 03:00:48] Colors for breaks:  #00008B,#24249B,#4848AB,#6D6DBC,#9191CC,#B6B6DD,#DADAEE,#FFFFFF,#EEDADA,#DDB6B6,#CC9191,#BC6D6D,#AB4848,#9B2424,#8B0000
INFO [2022-07-17 03:00:48] Quantiles of plotted data range: 0,0,0,0,0.72228258582079
INFO [2022-07-17 03:00:49] plot_cnv_observations:Writing observation data to ./data/infercnv/inferCNV_out_new/Pool105_53//BayesNetOutput.HMMi6.hmm_mode-samples/infercnv.NormalProbabilities.PreFiltering.observations.txt
INFO [2022-07-17 03:00:53] plot_cnv_references:Start
INFO [2022-07-17 03:00:53] Reference data size: Cells= 16134 Genes= 4619
INFO [2022-07-17 07:11:15] plot_cnv_references:Number reference groups= 1
INFO [2022-07-17 07:11:16] plot_cnv_references:Plotting heatmap.
INFO [2022-07-17 07:11:29] Colors for breaks:  #00008B,#24249B,#4848AB,#6D6DBC,#9191CC,#B6B6DD,#DADAEE,#FFFFFF,#EEDADA,#DDB6B6,#CC9191,#BC6D6D,#AB4848,#9B2424,#8B0000
INFO [2022-07-17 07:11:29] Quantiles of plotted data range: 0,0,0,0,0
INFO [2022-07-17 07:11:34] plot_cnv_references:Writing reference data to ./data/infercnv/inferCNV_out_new/Pool105_53//BayesNetOutput.HMMi6.hmm_mode-samples/infercnv.NormalProbabilities.PreFiltering.references.txt
INFO [2022-07-17 07:13:18] 

	STEP 19: Filter HMM predicted CNVs based on the Bayesian Network Model results and BayesMaxPNormal

INFO [2022-07-17 07:13:18] Attempting to removing CNV(s) with a probability of being normal above  0.5
INFO [2022-07-17 07:13:18] Removing  0  CNV(s) identified by the HMM.
INFO [2022-07-17 07:13:18] Reassigning CNVs based on state probabilities.
INFO [2022-07-17 07:13:18] Changing the following CNV's states assigned by the HMM to the following based on the CNV's state probabilities.
 chr15-region_7 : 4  (P= 0.322921759003795 ) ->  3 (P= 0.469810520356184 )
INFO [2022-07-17 07:13:18] Creating Plots for CNV and cell Probabilities.
INFO [2022-07-17 07:13:23] ::plot_cnv:Start
INFO [2022-07-17 07:13:23] ::plot_cnv:Current data dimensions (r,c)=4619,17556 Total=172212.169083828 Min=0 Max=0.72228258582079.
INFO [2022-07-17 07:13:24] ::plot_cnv:Depending on the size of the matrix this may take a moment.
INFO [2022-07-17 07:13:25] plot_cnv_observation:Start
INFO [2022-07-17 07:13:25] Observation data size: Cells= 1422 Genes= 4619
INFO [2022-07-17 07:13:25] plot_cnv_observation:Writing observation groupings/color.
INFO [2022-07-17 07:13:25] plot_cnv_observation:Done writing observation groupings/color.
INFO [2022-07-17 07:13:25] plot_cnv_observation:Writing observation heatmap thresholds.
INFO [2022-07-17 07:13:26] plot_cnv_observation:Done writing observation heatmap thresholds.
INFO [2022-07-17 07:13:27] Colors for breaks:  #00008B,#24249B,#4848AB,#6D6DBC,#9191CC,#B6B6DD,#DADAEE,#FFFFFF,#EEDADA,#DDB6B6,#CC9191,#BC6D6D,#AB4848,#9B2424,#8B0000
INFO [2022-07-17 07:13:27] Quantiles of plotted data range: 0,0,0,0,0.72228258582079
INFO [2022-07-17 07:13:28] plot_cnv_observations:Writing observation data to ./data/infercnv/inferCNV_out_new/Pool105_53//BayesNetOutput.HMMi6.hmm_mode-samples/infercnv.NormalProbabilities.PostFiltering.observations.txt
INFO [2022-07-17 07:13:32] plot_cnv_references:Start
INFO [2022-07-17 07:13:32] Reference data size: Cells= 16134 Genes= 4619
INFO [2022-07-17 09:46:05] plot_cnv_references:Number reference groups= 1
INFO [2022-07-17 09:46:06] plot_cnv_references:Plotting heatmap.
INFO [2022-07-17 09:46:18] Colors for breaks:  #00008B,#24249B,#4848AB,#6D6DBC,#9191CC,#B6B6DD,#DADAEE,#FFFFFF,#EEDADA,#DDB6B6,#CC9191,#BC6D6D,#AB4848,#9B2424,#8B0000
INFO [2022-07-17 09:46:18] Quantiles of plotted data range: 0,0,0,0,0
INFO [2022-07-17 09:46:24] plot_cnv_references:Writing reference data to ./data/infercnv/inferCNV_out_new/Pool105_53//BayesNetOutput.HMMi6.hmm_mode-samples/infercnv.NormalProbabilities.PostFiltering.references.txt
INFO [2022-07-17 09:47:27] ::plot_cnv:Start
INFO [2022-07-17 09:47:27] ::plot_cnv:Current data dimensions (r,c)=4619,17556 Total=243408582 Min=3 Max=4.
INFO [2022-07-17 09:47:28] ::plot_cnv:Depending on the size of the matrix this may take a moment.
INFO [2022-07-17 09:48:31] plot_cnv_observation:Start
INFO [2022-07-17 09:48:31] Observation data size: Cells= 1422 Genes= 4619
INFO [2022-07-17 09:48:31] plot_cnv_observation:Writing observation groupings/color.
INFO [2022-07-17 09:48:31] plot_cnv_observation:Done writing observation groupings/color.
INFO [2022-07-17 09:48:31] plot_cnv_observation:Writing observation heatmap thresholds.
INFO [2022-07-17 09:48:31] plot_cnv_observation:Done writing observation heatmap thresholds.
INFO [2022-07-17 09:48:32] Colors for breaks:  #00008B,#24249B,#4848AB,#6D6DBC,#9191CC,#B6B6DD,#DADAEE,#FFFFFF,#EEDADA,#DDB6B6,#CC9191,#BC6D6D,#AB4848,#9B2424,#8B0000
INFO [2022-07-17 09:48:32] Quantiles of plotted data range: 3,3,3,3,4
INFO [2022-07-17 09:48:34] plot_cnv_observations:Writing observation data to ./data/infercnv/inferCNV_out_new/Pool105_53//infercnv.19_HMM_pred.Bayes_Net.Pnorm_0.5.observations.txt
INFO [2022-07-17 09:48:39] plot_cnv_references:Start
INFO [2022-07-17 09:48:39] Reference data size: Cells= 16134 Genes= 4619
INFO [2022-07-17 12:17:42] plot_cnv_references:Number reference groups= 1
INFO [2022-07-17 12:17:43] plot_cnv_references:Plotting heatmap.
INFO [2022-07-17 12:17:55] Colors for breaks:  #00008B,#24249B,#4848AB,#6D6DBC,#9191CC,#B6B6DD,#DADAEE,#FFFFFF,#EEDADA,#DDB6B6,#CC9191,#BC6D6D,#AB4848,#9B2424,#8B0000
INFO [2022-07-17 12:17:55] Quantiles of plotted data range: 3,3,3,3,3
INFO [2022-07-17 12:18:01] plot_cnv_references:Writing reference data to ./data/infercnv/inferCNV_out_new/Pool105_53//infercnv.19_HMM_pred.Bayes_Net.Pnorm_0.5.references.txt
INFO [2022-07-17 12:19:00] 

	STEP 20: Converting HMM-based CNV states to repr expr vals

INFO [2022-07-17 12:19:19] ::plot_cnv:Start
INFO [2022-07-17 12:19:19] ::plot_cnv:Current data dimensions (r,c)=4619,17556 Total=81158709 Min=1 Max=1.5.
INFO [2022-07-17 12:19:20] ::plot_cnv:Depending on the size of the matrix this may take a moment.
INFO [2022-07-17 12:20:23] plot_cnv_observation:Start
INFO [2022-07-17 12:20:23] Observation data size: Cells= 1422 Genes= 4619
INFO [2022-07-17 12:20:23] plot_cnv_observation:Writing observation groupings/color.
INFO [2022-07-17 12:20:23] plot_cnv_observation:Done writing observation groupings/color.
INFO [2022-07-17 12:20:23] plot_cnv_observation:Writing observation heatmap thresholds.
INFO [2022-07-17 12:20:23] plot_cnv_observation:Done writing observation heatmap thresholds.
INFO [2022-07-17 12:20:24] Colors for breaks:  #00008B,#24249B,#4848AB,#6D6DBC,#9191CC,#B6B6DD,#DADAEE,#FFFFFF,#EEDADA,#DDB6B6,#CC9191,#BC6D6D,#AB4848,#9B2424,#8B0000
INFO [2022-07-17 12:20:24] Quantiles of plotted data range: 1,1,1,1,1.5
INFO [2022-07-17 12:20:25] plot_cnv_observations:Writing observation data to ./data/infercnv/inferCNV_out_new/Pool105_53//infercnv.20_HMM_predHMMi6.hmm_mode-samples.Pnorm_0.5.repr_intensities.observations.txt
INFO [2022-07-17 12:20:30] plot_cnv_references:Start
INFO [2022-07-17 12:20:30] Reference data size: Cells= 16134 Genes= 4619
INFO [2022-07-17 14:49:27] plot_cnv_references:Number reference groups= 1
INFO [2022-07-17 14:49:27] plot_cnv_references:Plotting heatmap.
INFO [2022-07-17 14:49:40] Colors for breaks:  #00008B,#24249B,#4848AB,#6D6DBC,#9191CC,#B6B6DD,#DADAEE,#FFFFFF,#EEDADA,#DDB6B6,#CC9191,#BC6D6D,#AB4848,#9B2424,#8B0000
INFO [2022-07-17 14:49:40] Quantiles of plotted data range: 1,1,1,1,1
INFO [2022-07-17 14:49:46] plot_cnv_references:Writing reference data to ./data/infercnv/inferCNV_out_new/Pool105_53//infercnv.20_HMM_predHMMi6.hmm_mode-samples.Pnorm_0.5.repr_intensities.references.txt
INFO [2022-07-17 14:50:44] 

	STEP 22: Denoising

INFO [2022-07-17 14:50:44] ::process_data:Remove noise, noise threshold defined via ref mean sd_amplifier:  1.5
INFO [2022-07-17 14:50:44] denoising using mean(normal) +- sd_amplifier * sd(normal) per gene per cell across all data
INFO [2022-07-17 14:50:46] :: **** clear_noise_via_ref_quantiles **** : removing noise between bounds:  0.93869258009182 - 1.06307567794636
INFO [2022-07-17 14:51:24] 

## Making the final infercnv heatmap ##
INFO [2022-07-17 14:51:25] ::plot_cnv:Start
INFO [2022-07-17 14:51:25] ::plot_cnv:Current data dimensions (r,c)=4619,17556 Total=81320726.3901462 Min=0.659087516995232 Max=1.49520809436591.
INFO [2022-07-17 14:51:25] ::plot_cnv:Depending on the size of the matrix this may take a moment.
INFO [2022-07-17 14:52:39] plot_cnv(): auto thresholding at: (0.884611 , 1.115389)
INFO [2022-07-17 14:52:40] plot_cnv_observation:Start
INFO [2022-07-17 14:52:40] Observation data size: Cells= 1422 Genes= 4619
INFO [2022-07-17 14:52:40] plot_cnv_observation:Writing observation groupings/color.
INFO [2022-07-17 14:52:40] plot_cnv_observation:Done writing observation groupings/color.
INFO [2022-07-17 14:52:40] plot_cnv_observation:Writing observation heatmap thresholds.
INFO [2022-07-17 14:52:41] plot_cnv_observation:Done writing observation heatmap thresholds.
INFO [2022-07-17 14:52:41] Colors for breaks:  #00008B,#24249B,#4848AB,#6D6DBC,#9191CC,#B6B6DD,#DADAEE,#FFFFFF,#EEDADA,#DDB6B6,#CC9191,#BC6D6D,#AB4848,#9B2424,#8B0000
INFO [2022-07-17 14:52:41] Quantiles of plotted data range: 0.884611212624887,1.00088412901909,1.00088412901909,1.00088412901909,1.11538878737511
INFO [2022-07-17 14:52:43] plot_cnv_observations:Writing observation data to ./data/infercnv/inferCNV_out_new/Pool105_53//infercnv.observations.txt
INFO [2022-07-17 14:52:49] plot_cnv_references:Start
INFO [2022-07-17 14:52:49] Reference data size: Cells= 16134 Genes= 4619
INFO [2022-07-17 17:38:00] plot_cnv_references:Number reference groups= 1
INFO [2022-07-17 17:38:00] plot_cnv_references:Plotting heatmap.
INFO [2022-07-17 17:38:17] Colors for breaks:  #00008B,#24249B,#4848AB,#6D6DBC,#9191CC,#B6B6DD,#DADAEE,#FFFFFF,#EEDADA,#DDB6B6,#CC9191,#BC6D6D,#AB4848,#9B2424,#8B0000
INFO [2022-07-17 17:38:17] Quantiles of plotted data range: 0.884611212624887,1.00088412901909,1.00088412901909,1.00088412901909,1.11538878737511
INFO [2022-07-17 17:38:24] plot_cnv_references:Writing reference data to ./data/infercnv/inferCNV_out_new/Pool105_53//infercnv.references.txt
Warning messages:
1: In type.convert.default(X[[i]], ...) :
  'as.is' should be specified by the caller; using TRUE
2: In type.convert.default(X[[i]], ...) :
  'as.is' should be specified by the caller; using TRUE
