
CommandNotFoundError: Your shell has not been properly configured to use 'conda activate'.
To initialize your shell, run

    $ conda init <SHELL_NAME>

Currently supported shells are:
  - bash
  - fish
  - tcsh
  - xonsh
  - zsh
  - powershell

See 'conda init --help' for more information and options.

IMPORTANT: You may need to close and restart your shell after running 'conda init'.


[1] "/liulab/galib/mouse_scRNAseq_margaret/data/infercnv/inferCNV_out_new/sick/new_sick"
Warning message:
package ‘rBCS’ was built under R version 4.1.3 
── Attaching packages ─────────────────────────────────────── tidyverse 1.3.1 ──
✔ ggplot2 3.3.6     ✔ purrr   0.3.4
✔ tibble  3.1.7     ✔ dplyr   1.0.9
✔ tidyr   1.2.0     ✔ stringr 1.4.0
✔ readr   2.1.2     ✔ forcats 0.5.1
── Conflicts ────────────────────────────────────────── tidyverse_conflicts() ──
✖ dplyr::filter() masks stats::filter()
✖ dplyr::lag()    masks stats::lag()
Warning messages:
1: package ‘tidyverse’ was built under R version 4.1.3 
2: package ‘ggplot2’ was built under R version 4.1.3 
3: package ‘tibble’ was built under R version 4.1.3 
4: package ‘tidyr’ was built under R version 4.1.2 
5: package ‘readr’ was built under R version 4.1.2 
6: package ‘dplyr’ was built under R version 4.1.3 
7: package ‘forcats’ was built under R version 4.1.3 
Attaching SeuratObject
Attaching sp
Warning message:
package ‘Seurat’ was built under R version 4.1.3 
here() starts at /liulab/galib/mouse_scRNAseq_margaret
Loading required package: usethis
Warning message:
package ‘ggpubr’ was built under R version 4.1.3 
Warning message:
package ‘infercnv’ was built under R version 4.1.3 
[1]  32285 176583
Rows: 55228 Columns: 4
── Column specification ────────────────────────────────────────────────────────
Delimiter: "\t"
chr (2): X1, X2
dbl (2): X3, X4

ℹ Use `spec()` to retrieve the full column specification for this data.
ℹ Specify the column types or set `show_col_types = FALSE` to quiet this message.
[1] 14
INFO [2022-08-09 05:04:58] Parsing gene order file: ./data/infercnv/gene_order_file.txt
INFO [2022-08-09 05:04:58] ::order_reduce:Start.
INFO [2022-08-09 05:05:04] .order_reduce(): expr and order match.
INFO [2022-08-09 05:05:34] ::process_data:order_reduce:Reduction from positional data, new dimensions (r,c) = 32285,176583 Total=901670571 Min=0 Max=21505.
INFO [2022-08-09 05:05:36] num genes removed taking into account provided gene ordering list: 1949 = 6.03685922254917% removed.
INFO [2022-08-09 05:05:37] -filtering out cells < 100 or > Inf, removing 0 % of cells
INFO [2022-08-09 05:05:44] validating infercnv_obj
INFO [2022-08-09 05:05:44] ::process_data:Start
INFO [2022-08-09 05:05:44] Creating output path ./data/infercnv/inferCNV_out_new/Pool105_88_newsick/
INFO [2022-08-09 05:05:44] Checking for saved results.
INFO [2022-08-09 05:05:44] 

	STEP 1: incoming data

INFO [2022-08-09 05:06:08] 

	STEP 02: Removing lowly expressed genes

INFO [2022-08-09 05:06:08] ::above_min_mean_expr_cutoff:Start
INFO [2022-08-09 05:06:09] Removing 25495 genes from matrix as below mean expr threshold: 0.1
INFO [2022-08-09 05:06:10] validating infercnv_obj
INFO [2022-08-09 05:06:10] There are 4841 genes and 16921 cells remaining in the expr matrix.
INFO [2022-08-09 05:06:15] no genes removed due to min cells/gene filter
INFO [2022-08-09 05:06:38] 

	STEP 03: normalization by sequencing depth

INFO [2022-08-09 05:06:38] normalizing counts matrix by depth
INFO [2022-08-09 05:06:43] Computed total sum normalization factor as median libsize: 3078.000000
INFO [2022-08-09 05:06:43] Adding h-spike
INFO [2022-08-09 05:06:43] -hspike modeling of WT
INFO [2022-08-09 05:07:39] validating infercnv_obj
INFO [2022-08-09 05:07:39] normalizing counts matrix by depth
INFO [2022-08-09 05:07:40] Using specified normalization factor: 3078.000000
INFO [2022-08-09 05:08:02] 

	STEP 04: log transformation of data

INFO [2022-08-09 05:08:02] transforming log2xplus1()
INFO [2022-08-09 05:08:06] -mirroring for hspike
INFO [2022-08-09 05:08:06] transforming log2xplus1()
INFO [2022-08-09 05:08:31] 

	STEP 08: removing average of reference data (before smoothing)

INFO [2022-08-09 05:08:31] ::subtract_ref_expr_from_obs:Start inv_log=FALSE, use_bounds=TRUE
INFO [2022-08-09 05:08:31] subtracting mean(normal) per gene per cell across all data
INFO [2022-08-09 05:08:36] -subtracting expr per gene, use_bounds=TRUE
INFO [2022-08-09 05:34:58] -mirroring for hspike
INFO [2022-08-09 05:34:58] ::subtract_ref_expr_from_obs:Start inv_log=FALSE, use_bounds=TRUE
INFO [2022-08-09 05:34:58] subtracting mean(normal) per gene per cell across all data
INFO [2022-08-09 05:35:00] -subtracting expr per gene, use_bounds=TRUE
INFO [2022-08-09 05:35:40] 

	STEP 09: apply max centered expression threshold: 3

INFO [2022-08-09 05:35:40] ::process_data:setting max centered expr, threshold set to: +/-:  3
INFO [2022-08-09 05:35:42] -mirroring for hspike
INFO [2022-08-09 05:35:42] ::process_data:setting max centered expr, threshold set to: +/-:  3
INFO [2022-08-09 05:36:21] 

	STEP 10: Smoothing data per cell by chromosome

INFO [2022-08-09 05:36:21] smooth_by_chromosome: chr: chr1
INFO [2022-08-09 05:36:34] smooth_by_chromosome: chr: chr10
INFO [2022-08-09 05:36:47] smooth_by_chromosome: chr: chr11
INFO [2022-08-09 05:37:01] smooth_by_chromosome: chr: chr12
INFO [2022-08-09 05:37:14] smooth_by_chromosome: chr: chr13
INFO [2022-08-09 05:37:26] smooth_by_chromosome: chr: chr14
INFO [2022-08-09 05:37:39] smooth_by_chromosome: chr: chr15
INFO [2022-08-09 05:37:52] smooth_by_chromosome: chr: chr16
INFO [2022-08-09 05:38:04] smooth_by_chromosome: chr: chr17
INFO [2022-08-09 05:38:17] smooth_by_chromosome: chr: chr18
INFO [2022-08-09 05:38:28] smooth_by_chromosome: chr: chr19
INFO [2022-08-09 05:38:40] smooth_by_chromosome: chr: chr2
INFO [2022-08-09 05:38:55] smooth_by_chromosome: chr: chr3
INFO [2022-08-09 05:39:07] smooth_by_chromosome: chr: chr4
INFO [2022-08-09 05:39:21] smooth_by_chromosome: chr: chr5
INFO [2022-08-09 05:39:35] smooth_by_chromosome: chr: chr6
INFO [2022-08-09 05:39:49] smooth_by_chromosome: chr: chr7
INFO [2022-08-09 05:40:04] smooth_by_chromosome: chr: chr8
INFO [2022-08-09 05:40:17] smooth_by_chromosome: chr: chr9
INFO [2022-08-09 05:40:30] -mirroring for hspike
INFO [2022-08-09 05:40:30] smooth_by_chromosome: chr: chrA
INFO [2022-08-09 05:40:30] smooth_by_chromosome: chr: chr_0
INFO [2022-08-09 05:40:30] smooth_by_chromosome: chr: chr_B
INFO [2022-08-09 05:40:30] smooth_by_chromosome: chr: chr_0pt5
INFO [2022-08-09 05:40:30] smooth_by_chromosome: chr: chr_C
INFO [2022-08-09 05:40:31] smooth_by_chromosome: chr: chr_1pt5
INFO [2022-08-09 05:40:31] smooth_by_chromosome: chr: chr_D
INFO [2022-08-09 05:40:31] smooth_by_chromosome: chr: chr_2pt0
INFO [2022-08-09 05:40:31] smooth_by_chromosome: chr: chr_E
INFO [2022-08-09 05:40:31] smooth_by_chromosome: chr: chr_3pt0
INFO [2022-08-09 05:40:31] smooth_by_chromosome: chr: chr_F
INFO [2022-08-09 05:41:11] 

	STEP 11: re-centering data across chromosome after smoothing

INFO [2022-08-09 05:41:11] ::center_smooth across chromosomes per cell
INFO [2022-08-09 05:41:23] -mirroring for hspike
INFO [2022-08-09 05:41:23] ::center_smooth across chromosomes per cell
INFO [2022-08-09 05:42:03] 

	STEP 12: removing average of reference data (after smoothing)

INFO [2022-08-09 05:42:03] ::subtract_ref_expr_from_obs:Start inv_log=FALSE, use_bounds=TRUE
INFO [2022-08-09 05:42:03] subtracting mean(normal) per gene per cell across all data
INFO [2022-08-09 05:42:08] -subtracting expr per gene, use_bounds=TRUE
INFO [2022-08-09 05:42:13] -mirroring for hspike
INFO [2022-08-09 05:42:13] ::subtract_ref_expr_from_obs:Start inv_log=FALSE, use_bounds=TRUE
INFO [2022-08-09 05:42:13] subtracting mean(normal) per gene per cell across all data
INFO [2022-08-09 05:42:14] -subtracting expr per gene, use_bounds=TRUE
INFO [2022-08-09 05:42:54] 

	STEP 14: invert log2(FC) to FC

INFO [2022-08-09 05:42:54] invert_log2(), computing 2^x
INFO [2022-08-09 05:42:59] -mirroring for hspike
INFO [2022-08-09 05:42:59] invert_log2(), computing 2^x
INFO [2022-08-09 05:43:55] 

	STEP 15: Clustering samples (not defining tumor subclusters)

INFO [2022-08-09 05:43:55] define_signif_tumor_subclusters(p_val=0.1
INFO [2022-08-09 05:43:55] define_signif_tumor_subclusters(), tumor: CD70-/-;Bcl6tg/+
INFO [2022-08-09 05:44:11] cut tree into: 1 groups
INFO [2022-08-09 05:44:11] -processing CD70-/-;Bcl6tg/+,CD70-/-;Bcl6tg/+_s1
INFO [2022-08-09 05:44:11] define_signif_tumor_subclusters(), tumor: WT
INFO [2022-08-09 10:13:22] cut tree into: 1 groups
INFO [2022-08-09 10:13:22] -processing WT,WT_s1
INFO [2022-08-09 10:13:22] -mirroring for hspike
INFO [2022-08-09 10:13:22] define_signif_tumor_subclusters(p_val=0.1
INFO [2022-08-09 10:13:22] define_signif_tumor_subclusters(), tumor: spike_tumor_cell_WT
INFO [2022-08-09 10:13:22] cut tree into: 1 groups
INFO [2022-08-09 10:13:22] -processing spike_tumor_cell_WT,spike_tumor_cell_WT_s1
INFO [2022-08-09 10:13:22] define_signif_tumor_subclusters(), tumor: simnorm_cell_WT
INFO [2022-08-09 10:13:22] cut tree into: 1 groups
INFO [2022-08-09 10:13:22] -processing simnorm_cell_WT,simnorm_cell_WT_s1
INFO [2022-08-09 10:15:13] ::plot_cnv:Start
INFO [2022-08-09 10:15:13] ::plot_cnv:Current data dimensions (r,c)=4841,16921 Total=81995615.8472115 Min=0.662232383865189 Max=1.49070929144801.
INFO [2022-08-09 10:15:14] ::plot_cnv:Depending on the size of the matrix this may take a moment.
INFO [2022-08-09 10:16:36] plot_cnv(): auto thresholding at: (0.888969 , 1.113010)
INFO [2022-08-09 10:16:39] plot_cnv_observation:Start
INFO [2022-08-09 10:16:39] Observation data size: Cells= 787 Genes= 4841
INFO [2022-08-09 10:16:39] plot_cnv_observation:Writing observation groupings/color.
INFO [2022-08-09 10:16:39] plot_cnv_observation:Done writing observation groupings/color.
INFO [2022-08-09 10:16:39] plot_cnv_observation:Writing observation heatmap thresholds.
INFO [2022-08-09 10:16:39] plot_cnv_observation:Done writing observation heatmap thresholds.
INFO [2022-08-09 10:16:40] Colors for breaks:  #00008B,#24249B,#4848AB,#6D6DBC,#9191CC,#B6B6DD,#DADAEE,#FFFFFF,#EEDADA,#DDB6B6,#CC9191,#BC6D6D,#AB4848,#9B2424,#8B0000
INFO [2022-08-09 10:16:40] Quantiles of plotted data range: 0.888969238935247,0.970267610205541,0.998840887467806,1.03171158892193,1.11300977056495
INFO [2022-08-09 10:16:41] plot_cnv_observations:Writing observation data to ./data/infercnv/inferCNV_out_new/Pool105_88_newsick//infercnv.preliminary.observations.txt
INFO [2022-08-09 10:16:45] plot_cnv_references:Start
INFO [2022-08-09 10:16:45] Reference data size: Cells= 16134 Genes= 4841
INFO [2022-08-09 14:43:14] plot_cnv_references:Number reference groups= 1
INFO [2022-08-09 14:43:15] plot_cnv_references:Plotting heatmap.
INFO [2022-08-09 14:43:32] Colors for breaks:  #00008B,#24249B,#4848AB,#6D6DBC,#9191CC,#B6B6DD,#DADAEE,#FFFFFF,#EEDADA,#DDB6B6,#CC9191,#BC6D6D,#AB4848,#9B2424,#8B0000
INFO [2022-08-09 14:43:32] Quantiles of plotted data range: 0.888969238935247,0.973491535752572,0.99884392703938,1.02593818016635,1.11300977056495
INFO [2022-08-09 14:43:40] plot_cnv_references:Writing reference data to ./data/infercnv/inferCNV_out_new/Pool105_88_newsick//infercnv.preliminary.references.txt
INFO [2022-08-09 14:44:58] 

	STEP 17: HMM-based CNV prediction

INFO [2022-08-09 14:44:58] predict_CNV_via_HMM_on_whole_tumor_samples
INFO [2022-08-09 14:45:01] -done predicting CNV based on initial tumor subclusters
INFO [2022-08-09 14:45:01] get_predicted_CNV_regions(subcluster)
INFO [2022-08-09 14:45:01] -processing cell_group_name: CD70-/-;Bcl6tg/+.CD70-/-;Bcl6tg/+_s1, size: 787
INFO [2022-08-09 14:45:07] -processing cell_group_name: WT.WT_s1, size: 16134
INFO [2022-08-09 14:46:01] -writing cell clusters file: ./data/infercnv/inferCNV_out_new/Pool105_88_newsick//17_HMM_predHMMi6.hmm_mode-samples.cell_groupings
INFO [2022-08-09 14:46:01] -writing cnv regions file: ./data/infercnv/inferCNV_out_new/Pool105_88_newsick//17_HMM_predHMMi6.hmm_mode-samples.pred_cnv_regions.dat
INFO [2022-08-09 14:46:01] -writing per-gene cnv report: ./data/infercnv/inferCNV_out_new/Pool105_88_newsick//17_HMM_predHMMi6.hmm_mode-samples.pred_cnv_genes.dat
INFO [2022-08-09 14:46:01] -writing gene ordering info: ./data/infercnv/inferCNV_out_new/Pool105_88_newsick//17_HMM_predHMMi6.hmm_mode-samples.genes_used.dat
INFO [2022-08-09 14:46:19] ::plot_cnv:Start
INFO [2022-08-09 14:46:19] ::plot_cnv:Current data dimensions (r,c)=4841,16921 Total=246067140 Min=2 Max=4.
INFO [2022-08-09 14:46:20] ::plot_cnv:Depending on the size of the matrix this may take a moment.
INFO [2022-08-09 14:47:26] plot_cnv_observation:Start
INFO [2022-08-09 14:47:26] Observation data size: Cells= 787 Genes= 4841
INFO [2022-08-09 14:47:27] plot_cnv_observation:Writing observation groupings/color.
INFO [2022-08-09 14:47:27] plot_cnv_observation:Done writing observation groupings/color.
INFO [2022-08-09 14:47:27] plot_cnv_observation:Writing observation heatmap thresholds.
INFO [2022-08-09 14:47:27] plot_cnv_observation:Done writing observation heatmap thresholds.
INFO [2022-08-09 14:47:27] Colors for breaks:  #00008B,#24249B,#4848AB,#6D6DBC,#9191CC,#B6B6DD,#DADAEE,#FFFFFF,#EEDADA,#DDB6B6,#CC9191,#BC6D6D,#AB4848,#9B2424,#8B0000
INFO [2022-08-09 14:47:27] Quantiles of plotted data range: 2,3,3,3,4
INFO [2022-08-09 14:47:28] plot_cnv_observations:Writing observation data to ./data/infercnv/inferCNV_out_new/Pool105_88_newsick//infercnv.17_HMM_predHMMi6.hmm_mode-samples.observations.txt
INFO [2022-08-09 14:47:31] plot_cnv_references:Start
INFO [2022-08-09 14:47:31] Reference data size: Cells= 16134 Genes= 4841
INFO [2022-08-09 19:16:23] plot_cnv_references:Number reference groups= 1
INFO [2022-08-09 19:16:24] plot_cnv_references:Plotting heatmap.
INFO [2022-08-09 19:16:42] Colors for breaks:  #00008B,#24249B,#4848AB,#6D6DBC,#9191CC,#B6B6DD,#DADAEE,#FFFFFF,#EEDADA,#DDB6B6,#CC9191,#BC6D6D,#AB4848,#9B2424,#8B0000
INFO [2022-08-09 19:16:42] Quantiles of plotted data range: 3,3,3,3,3
INFO [2022-08-09 19:16:49] plot_cnv_references:Writing reference data to ./data/infercnv/inferCNV_out_new/Pool105_88_newsick//infercnv.17_HMM_predHMMi6.hmm_mode-samples.references.txt
INFO [2022-08-09 19:17:56] 

	STEP 18: Run Bayesian Network Model on HMM predicted CNVs

INFO [2022-08-09 19:17:58] Creating the following Directory:  ./data/infercnv/inferCNV_out_new/Pool105_88_newsick//BayesNetOutput.HMMi6.hmm_mode-samples
INFO [2022-08-09 19:17:58] Initializing new MCM InferCNV Object.
INFO [2022-08-09 19:17:58] validating infercnv_obj
INFO [2022-08-09 19:17:58] Total CNV's:  6
INFO [2022-08-09 19:17:58] Loading BUGS Model.
INFO [2022-08-09 19:17:58] Running Sampling Using Parallel with  64 Cores
INFO [2022-08-09 19:24:20] Obtaining probabilities post-sampling
INFO [2022-08-09 19:24:39] Gibbs sampling time:  6.68029092152913  Minutes
INFO [2022-08-09 19:25:37] ::plot_cnv:Start
INFO [2022-08-09 19:25:37] ::plot_cnv:Current data dimensions (r,c)=4841,16921 Total=315874.642855874 Min=0 Max=0.952584534169037.
INFO [2022-08-09 19:25:38] ::plot_cnv:Depending on the size of the matrix this may take a moment.
INFO [2022-08-09 19:25:40] plot_cnv_observation:Start
INFO [2022-08-09 19:25:40] Observation data size: Cells= 787 Genes= 4841
INFO [2022-08-09 19:25:40] plot_cnv_observation:Writing observation groupings/color.
INFO [2022-08-09 19:25:40] plot_cnv_observation:Done writing observation groupings/color.
INFO [2022-08-09 19:25:40] plot_cnv_observation:Writing observation heatmap thresholds.
INFO [2022-08-09 19:25:40] plot_cnv_observation:Done writing observation heatmap thresholds.
INFO [2022-08-09 19:25:41] Colors for breaks:  #00008B,#24249B,#4848AB,#6D6DBC,#9191CC,#B6B6DD,#DADAEE,#FFFFFF,#EEDADA,#DDB6B6,#CC9191,#BC6D6D,#AB4848,#9B2424,#8B0000
INFO [2022-08-09 19:25:41] Quantiles of plotted data range: 0,0,0,0,0.952584534169037
INFO [2022-08-09 19:25:42] plot_cnv_observations:Writing observation data to ./data/infercnv/inferCNV_out_new/Pool105_88_newsick//BayesNetOutput.HMMi6.hmm_mode-samples/infercnv.NormalProbabilities.PreFiltering.observations.txt
INFO [2022-08-09 19:25:44] plot_cnv_references:Start
INFO [2022-08-09 19:25:44] Reference data size: Cells= 16134 Genes= 4841
INFO [2022-08-09 23:47:58] plot_cnv_references:Number reference groups= 1
INFO [2022-08-09 23:47:59] plot_cnv_references:Plotting heatmap.
INFO [2022-08-09 23:48:16] Colors for breaks:  #00008B,#24249B,#4848AB,#6D6DBC,#9191CC,#B6B6DD,#DADAEE,#FFFFFF,#EEDADA,#DDB6B6,#CC9191,#BC6D6D,#AB4848,#9B2424,#8B0000
INFO [2022-08-09 23:48:16] Quantiles of plotted data range: 0,0,0,0,0
INFO [2022-08-09 23:48:22] plot_cnv_references:Writing reference data to ./data/infercnv/inferCNV_out_new/Pool105_88_newsick//BayesNetOutput.HMMi6.hmm_mode-samples/infercnv.NormalProbabilities.PreFiltering.references.txt
INFO [2022-08-09 23:50:13] 

	STEP 19: Filter HMM predicted CNVs based on the Bayesian Network Model results and BayesMaxPNormal

INFO [2022-08-09 23:50:13] Attempting to removing CNV(s) with a probability of being normal above  0.5
INFO [2022-08-09 23:50:13] Removing  0  CNV(s) identified by the HMM.
INFO [2022-08-09 23:50:13] Reassigning CNVs based on state probabilities.
INFO [2022-08-09 23:50:14] Creating Plots for CNV and cell Probabilities.
INFO [2022-08-09 23:50:22] ::plot_cnv:Start
INFO [2022-08-09 23:50:22] ::plot_cnv:Current data dimensions (r,c)=4841,16921 Total=315874.642855874 Min=0 Max=0.952584534169037.
INFO [2022-08-09 23:50:23] ::plot_cnv:Depending on the size of the matrix this may take a moment.
INFO [2022-08-09 23:50:25] plot_cnv_observation:Start
INFO [2022-08-09 23:50:25] Observation data size: Cells= 787 Genes= 4841
INFO [2022-08-09 23:50:25] plot_cnv_observation:Writing observation groupings/color.
INFO [2022-08-09 23:50:25] plot_cnv_observation:Done writing observation groupings/color.
INFO [2022-08-09 23:50:25] plot_cnv_observation:Writing observation heatmap thresholds.
INFO [2022-08-09 23:50:25] plot_cnv_observation:Done writing observation heatmap thresholds.
INFO [2022-08-09 23:50:26] Colors for breaks:  #00008B,#24249B,#4848AB,#6D6DBC,#9191CC,#B6B6DD,#DADAEE,#FFFFFF,#EEDADA,#DDB6B6,#CC9191,#BC6D6D,#AB4848,#9B2424,#8B0000
INFO [2022-08-09 23:50:26] Quantiles of plotted data range: 0,0,0,0,0.952584534169037
INFO [2022-08-09 23:50:27] plot_cnv_observations:Writing observation data to ./data/infercnv/inferCNV_out_new/Pool105_88_newsick//BayesNetOutput.HMMi6.hmm_mode-samples/infercnv.NormalProbabilities.PostFiltering.observations.txt
INFO [2022-08-09 23:50:29] plot_cnv_references:Start
INFO [2022-08-09 23:50:29] Reference data size: Cells= 16134 Genes= 4841
INFO [2022-08-10 04:19:00] plot_cnv_references:Number reference groups= 1
INFO [2022-08-10 04:19:01] plot_cnv_references:Plotting heatmap.
INFO [2022-08-10 04:19:19] Colors for breaks:  #00008B,#24249B,#4848AB,#6D6DBC,#9191CC,#B6B6DD,#DADAEE,#FFFFFF,#EEDADA,#DDB6B6,#CC9191,#BC6D6D,#AB4848,#9B2424,#8B0000
INFO [2022-08-10 04:19:19] Quantiles of plotted data range: 0,0,0,0,0
INFO [2022-08-10 04:19:26] plot_cnv_references:Writing reference data to ./data/infercnv/inferCNV_out_new/Pool105_88_newsick//BayesNetOutput.HMMi6.hmm_mode-samples/infercnv.NormalProbabilities.PostFiltering.references.txt
INFO [2022-08-10 04:20:36] ::plot_cnv:Start
INFO [2022-08-10 04:20:36] ::plot_cnv:Current data dimensions (r,c)=4841,16921 Total=246067140 Min=2 Max=4.
INFO [2022-08-10 04:20:37] ::plot_cnv:Depending on the size of the matrix this may take a moment.
INFO [2022-08-10 04:21:44] plot_cnv_observation:Start
INFO [2022-08-10 04:21:44] Observation data size: Cells= 787 Genes= 4841
INFO [2022-08-10 04:21:44] plot_cnv_observation:Writing observation groupings/color.
INFO [2022-08-10 04:21:44] plot_cnv_observation:Done writing observation groupings/color.
INFO [2022-08-10 04:21:44] plot_cnv_observation:Writing observation heatmap thresholds.
INFO [2022-08-10 04:21:44] plot_cnv_observation:Done writing observation heatmap thresholds.
INFO [2022-08-10 04:21:45] Colors for breaks:  #00008B,#24249B,#4848AB,#6D6DBC,#9191CC,#B6B6DD,#DADAEE,#FFFFFF,#EEDADA,#DDB6B6,#CC9191,#BC6D6D,#AB4848,#9B2424,#8B0000
INFO [2022-08-10 04:21:45] Quantiles of plotted data range: 2,3,3,3,4
INFO [2022-08-10 04:21:45] plot_cnv_observations:Writing observation data to ./data/infercnv/inferCNV_out_new/Pool105_88_newsick//infercnv.19_HMM_pred.Bayes_Net.Pnorm_0.5.observations.txt
INFO [2022-08-10 04:21:48] plot_cnv_references:Start
INFO [2022-08-10 04:21:48] Reference data size: Cells= 16134 Genes= 4841
INFO [2022-08-10 08:50:01] plot_cnv_references:Number reference groups= 1
INFO [2022-08-10 08:50:02] plot_cnv_references:Plotting heatmap.
INFO [2022-08-10 08:50:20] Colors for breaks:  #00008B,#24249B,#4848AB,#6D6DBC,#9191CC,#B6B6DD,#DADAEE,#FFFFFF,#EEDADA,#DDB6B6,#CC9191,#BC6D6D,#AB4848,#9B2424,#8B0000
INFO [2022-08-10 08:50:20] Quantiles of plotted data range: 3,3,3,3,3
INFO [2022-08-10 08:50:27] plot_cnv_references:Writing reference data to ./data/infercnv/inferCNV_out_new/Pool105_88_newsick//infercnv.19_HMM_pred.Bayes_Net.Pnorm_0.5.references.txt
INFO [2022-08-10 08:51:31] 

	STEP 20: Converting HMM-based CNV states to repr expr vals

INFO [2022-08-10 08:51:54] ::plot_cnv:Start
INFO [2022-08-10 08:51:54] ::plot_cnv:Current data dimensions (r,c)=4841,16921 Total=82076289.5 Min=0.5 Max=1.5.
INFO [2022-08-10 08:51:54] ::plot_cnv:Depending on the size of the matrix this may take a moment.
INFO [2022-08-10 08:53:03] plot_cnv_observation:Start
INFO [2022-08-10 08:53:03] Observation data size: Cells= 787 Genes= 4841
INFO [2022-08-10 08:53:03] plot_cnv_observation:Writing observation groupings/color.
INFO [2022-08-10 08:53:03] plot_cnv_observation:Done writing observation groupings/color.
INFO [2022-08-10 08:53:03] plot_cnv_observation:Writing observation heatmap thresholds.
INFO [2022-08-10 08:53:03] plot_cnv_observation:Done writing observation heatmap thresholds.
INFO [2022-08-10 08:53:04] Colors for breaks:  #00008B,#24249B,#4848AB,#6D6DBC,#9191CC,#B6B6DD,#DADAEE,#FFFFFF,#EEDADA,#DDB6B6,#CC9191,#BC6D6D,#AB4848,#9B2424,#8B0000
INFO [2022-08-10 08:53:04] Quantiles of plotted data range: 0.5,1,1,1,1.5
INFO [2022-08-10 08:53:04] plot_cnv_observations:Writing observation data to ./data/infercnv/inferCNV_out_new/Pool105_88_newsick//infercnv.20_HMM_predHMMi6.hmm_mode-samples.Pnorm_0.5.repr_intensities.observations.txt
INFO [2022-08-10 08:53:07] plot_cnv_references:Start
INFO [2022-08-10 08:53:07] Reference data size: Cells= 16134 Genes= 4841
INFO [2022-08-10 13:16:41] plot_cnv_references:Number reference groups= 1
INFO [2022-08-10 13:16:42] plot_cnv_references:Plotting heatmap.
INFO [2022-08-10 13:17:00] Colors for breaks:  #00008B,#24249B,#4848AB,#6D6DBC,#9191CC,#B6B6DD,#DADAEE,#FFFFFF,#EEDADA,#DDB6B6,#CC9191,#BC6D6D,#AB4848,#9B2424,#8B0000
INFO [2022-08-10 13:17:00] Quantiles of plotted data range: 1,1,1,1,1
INFO [2022-08-10 13:17:07] plot_cnv_references:Writing reference data to ./data/infercnv/inferCNV_out_new/Pool105_88_newsick//infercnv.20_HMM_predHMMi6.hmm_mode-samples.Pnorm_0.5.repr_intensities.references.txt
INFO [2022-08-10 13:18:11] 

	STEP 22: Denoising

INFO [2022-08-10 13:18:11] ::process_data:Remove noise, noise threshold defined via ref mean sd_amplifier:  1.5
INFO [2022-08-10 13:18:11] denoising using mean(normal) +- sd_amplifier * sd(normal) per gene per cell across all data
INFO [2022-08-10 13:18:14] :: **** clear_noise_via_ref_quantiles **** : removing noise between bounds:  0.939827395085936 - 1.06187401605942
INFO [2022-08-10 13:18:54] 

## Making the final infercnv heatmap ##
INFO [2022-08-10 13:18:54] ::plot_cnv:Start
INFO [2022-08-10 13:18:54] ::plot_cnv:Current data dimensions (r,c)=4841,16921 Total=82137971.5343749 Min=0.662232383865189 Max=1.49070929144801.
INFO [2022-08-10 13:18:55] ::plot_cnv:Depending on the size of the matrix this may take a moment.
INFO [2022-08-10 13:20:13] plot_cnv(): auto thresholding at: (0.886990 , 1.113010)
INFO [2022-08-10 13:20:15] plot_cnv_observation:Start
INFO [2022-08-10 13:20:15] Observation data size: Cells= 787 Genes= 4841
INFO [2022-08-10 13:20:16] plot_cnv_observation:Writing observation groupings/color.
INFO [2022-08-10 13:20:16] plot_cnv_observation:Done writing observation groupings/color.
INFO [2022-08-10 13:20:16] plot_cnv_observation:Writing observation heatmap thresholds.
INFO [2022-08-10 13:20:16] plot_cnv_observation:Done writing observation heatmap thresholds.
INFO [2022-08-10 13:20:16] Colors for breaks:  #00008B,#24249B,#4848AB,#6D6DBC,#9191CC,#B6B6DD,#DADAEE,#FFFFFF,#EEDADA,#DDB6B6,#CC9191,#BC6D6D,#AB4848,#9B2424,#8B0000
INFO [2022-08-10 13:20:16] Quantiles of plotted data range: 0.886990229435055,1.00085070557268,1.00085070557268,1.00085070557268,1.11300977056495
INFO [2022-08-10 13:20:17] plot_cnv_observations:Writing observation data to ./data/infercnv/inferCNV_out_new/Pool105_88_newsick//infercnv.observations.txt
INFO [2022-08-10 13:20:21] plot_cnv_references:Start
INFO [2022-08-10 13:20:21] Reference data size: Cells= 16134 Genes= 4841
INFO [2022-08-10 17:49:10] plot_cnv_references:Number reference groups= 1
INFO [2022-08-10 17:49:11] plot_cnv_references:Plotting heatmap.
INFO [2022-08-10 17:49:29] Colors for breaks:  #00008B,#24249B,#4848AB,#6D6DBC,#9191CC,#B6B6DD,#DADAEE,#FFFFFF,#EEDADA,#DDB6B6,#CC9191,#BC6D6D,#AB4848,#9B2424,#8B0000
INFO [2022-08-10 17:49:29] Quantiles of plotted data range: 0.886990229435055,1.00085070557268,1.00085070557268,1.00085070557268,1.11300977056495
INFO [2022-08-10 17:49:37] plot_cnv_references:Writing reference data to ./data/infercnv/inferCNV_out_new/Pool105_88_newsick//infercnv.references.txt
Warning messages:
1: In type.convert.default(X[[i]], ...) :
  'as.is' should be specified by the caller; using TRUE
2: In type.convert.default(X[[i]], ...) :
  'as.is' should be specified by the caller; using TRUE
3: In type.convert.default(X[[i]], ...) :
  'as.is' should be specified by the caller; using TRUE
4: In type.convert.default(X[[i]], ...) :
  'as.is' should be specified by the caller; using TRUE
5: In type.convert.default(X[[i]], ...) :
  'as.is' should be specified by the caller; using TRUE
6: In type.convert.default(X[[i]], ...) :
  'as.is' should be specified by the caller; using TRUE
