
CommandNotFoundError: Your shell has not been properly configured to use 'conda activate'.
To initialize your shell, run

    $ conda init <SHELL_NAME>

Currently supported shells are:
  - bash
  - fish
  - tcsh
  - xonsh
  - zsh
  - powershell

See 'conda init --help' for more information and options.

IMPORTANT: You may need to close and restart your shell after running 'conda init'.


[1] "/liulab/galib/mouse_scRNAseq_margaret/data/infercnv/inferCNV_out_new/sick/new_sick"
Warning message:
package ‘rBCS’ was built under R version 4.1.3 
── Attaching packages ─────────────────────────────────────── tidyverse 1.3.1 ──
✔ ggplot2 3.3.6     ✔ purrr   0.3.4
✔ tibble  3.1.7     ✔ dplyr   1.0.9
✔ tidyr   1.2.0     ✔ stringr 1.4.0
✔ readr   2.1.2     ✔ forcats 0.5.1
── Conflicts ────────────────────────────────────────── tidyverse_conflicts() ──
✖ dplyr::filter() masks stats::filter()
✖ dplyr::lag()    masks stats::lag()
Warning messages:
1: package ‘tidyverse’ was built under R version 4.1.3 
2: package ‘ggplot2’ was built under R version 4.1.3 
3: package ‘tibble’ was built under R version 4.1.3 
4: package ‘tidyr’ was built under R version 4.1.2 
5: package ‘readr’ was built under R version 4.1.2 
6: package ‘dplyr’ was built under R version 4.1.3 
7: package ‘forcats’ was built under R version 4.1.3 
Attaching SeuratObject
Attaching sp
Warning message:
package ‘Seurat’ was built under R version 4.1.3 
here() starts at /liulab/galib/mouse_scRNAseq_margaret
Loading required package: usethis
Warning message:
package ‘ggpubr’ was built under R version 4.1.3 
Warning message:
package ‘infercnv’ was built under R version 4.1.3 
[1]  32285 176583
Rows: 55228 Columns: 4
── Column specification ────────────────────────────────────────────────────────
Delimiter: "\t"
chr (2): X1, X2
dbl (2): X3, X4

ℹ Use `spec()` to retrieve the full column specification for this data.
ℹ Specify the column types or set `show_col_types = FALSE` to quiet this message.
[1] 14
INFO [2022-08-07 19:44:33] Parsing gene order file: ./data/infercnv/gene_order_file.txt
INFO [2022-08-07 19:44:33] ::order_reduce:Start.
INFO [2022-08-07 19:44:39] .order_reduce(): expr and order match.
INFO [2022-08-07 19:45:09] ::process_data:order_reduce:Reduction from positional data, new dimensions (r,c) = 32285,176583 Total=901670571 Min=0 Max=21505.
INFO [2022-08-07 19:45:11] num genes removed taking into account provided gene ordering list: 1949 = 6.03685922254917% removed.
INFO [2022-08-07 19:45:12] -filtering out cells < 100 or > Inf, removing 0 % of cells
INFO [2022-08-07 19:45:19] validating infercnv_obj
INFO [2022-08-07 19:45:19] ::process_data:Start
INFO [2022-08-07 19:45:19] Creating output path ./data/infercnv/inferCNV_out_new/Pool105_85_newsick/
INFO [2022-08-07 19:45:19] Checking for saved results.
INFO [2022-08-07 19:45:19] 

	STEP 1: incoming data

INFO [2022-08-07 19:45:42] 

	STEP 02: Removing lowly expressed genes

INFO [2022-08-07 19:45:42] ::above_min_mean_expr_cutoff:Start
INFO [2022-08-07 19:45:42] Removing 25758 genes from matrix as below mean expr threshold: 0.1
INFO [2022-08-07 19:45:43] validating infercnv_obj
INFO [2022-08-07 19:45:43] There are 4578 genes and 16258 cells remaining in the expr matrix.
INFO [2022-08-07 19:45:48] no genes removed due to min cells/gene filter
INFO [2022-08-07 19:46:10] 

	STEP 03: normalization by sequencing depth

INFO [2022-08-07 19:46:10] normalizing counts matrix by depth
INFO [2022-08-07 19:46:14] Computed total sum normalization factor as median libsize: 3021.000000
INFO [2022-08-07 19:46:14] Adding h-spike
INFO [2022-08-07 19:46:14] -hspike modeling of WT
INFO [2022-08-07 19:47:04] validating infercnv_obj
INFO [2022-08-07 19:47:04] normalizing counts matrix by depth
INFO [2022-08-07 19:47:04] Using specified normalization factor: 3021.000000
INFO [2022-08-07 19:47:25] 

	STEP 04: log transformation of data

INFO [2022-08-07 19:47:25] transforming log2xplus1()
INFO [2022-08-07 19:47:28] -mirroring for hspike
INFO [2022-08-07 19:47:28] transforming log2xplus1()
INFO [2022-08-07 19:47:50] 

	STEP 08: removing average of reference data (before smoothing)

INFO [2022-08-07 19:47:50] ::subtract_ref_expr_from_obs:Start inv_log=FALSE, use_bounds=TRUE
INFO [2022-08-07 19:47:50] subtracting mean(normal) per gene per cell across all data
INFO [2022-08-07 19:47:54] -subtracting expr per gene, use_bounds=TRUE
INFO [2022-08-07 20:10:56] -mirroring for hspike
INFO [2022-08-07 20:10:56] ::subtract_ref_expr_from_obs:Start inv_log=FALSE, use_bounds=TRUE
INFO [2022-08-07 20:10:56] subtracting mean(normal) per gene per cell across all data
INFO [2022-08-07 20:10:57] -subtracting expr per gene, use_bounds=TRUE
INFO [2022-08-07 20:11:34] 

	STEP 09: apply max centered expression threshold: 3

INFO [2022-08-07 20:11:34] ::process_data:setting max centered expr, threshold set to: +/-:  3
INFO [2022-08-07 20:11:36] -mirroring for hspike
INFO [2022-08-07 20:11:36] ::process_data:setting max centered expr, threshold set to: +/-:  3
INFO [2022-08-07 20:12:12] 

	STEP 10: Smoothing data per cell by chromosome

INFO [2022-08-07 20:12:12] smooth_by_chromosome: chr: chr1
INFO [2022-08-07 20:12:25] smooth_by_chromosome: chr: chr10
INFO [2022-08-07 20:12:37] smooth_by_chromosome: chr: chr11
INFO [2022-08-07 20:12:51] smooth_by_chromosome: chr: chr12
INFO [2022-08-07 20:13:02] smooth_by_chromosome: chr: chr13
INFO [2022-08-07 20:13:13] smooth_by_chromosome: chr: chr14
INFO [2022-08-07 20:13:24] smooth_by_chromosome: chr: chr15
INFO [2022-08-07 20:13:36] smooth_by_chromosome: chr: chr16
INFO [2022-08-07 20:13:47] smooth_by_chromosome: chr: chr17
INFO [2022-08-07 20:14:00] smooth_by_chromosome: chr: chr18
INFO [2022-08-07 20:14:11] smooth_by_chromosome: chr: chr19
INFO [2022-08-07 20:14:23] smooth_by_chromosome: chr: chr2
INFO [2022-08-07 20:14:36] smooth_by_chromosome: chr: chr3
INFO [2022-08-07 20:14:49] smooth_by_chromosome: chr: chr4
INFO [2022-08-07 20:15:01] smooth_by_chromosome: chr: chr5
INFO [2022-08-07 20:15:13] smooth_by_chromosome: chr: chr6
INFO [2022-08-07 20:15:26] smooth_by_chromosome: chr: chr7
INFO [2022-08-07 20:15:39] smooth_by_chromosome: chr: chr8
INFO [2022-08-07 20:15:51] smooth_by_chromosome: chr: chr9
INFO [2022-08-07 20:16:04] -mirroring for hspike
INFO [2022-08-07 20:16:04] smooth_by_chromosome: chr: chrA
INFO [2022-08-07 20:16:04] smooth_by_chromosome: chr: chr_0
INFO [2022-08-07 20:16:04] smooth_by_chromosome: chr: chr_B
INFO [2022-08-07 20:16:04] smooth_by_chromosome: chr: chr_0pt5
INFO [2022-08-07 20:16:05] smooth_by_chromosome: chr: chr_C
INFO [2022-08-07 20:16:05] smooth_by_chromosome: chr: chr_1pt5
INFO [2022-08-07 20:16:05] smooth_by_chromosome: chr: chr_D
INFO [2022-08-07 20:16:05] smooth_by_chromosome: chr: chr_2pt0
INFO [2022-08-07 20:16:05] smooth_by_chromosome: chr: chr_E
INFO [2022-08-07 20:16:05] smooth_by_chromosome: chr: chr_3pt0
INFO [2022-08-07 20:16:06] smooth_by_chromosome: chr: chr_F
INFO [2022-08-07 20:16:42] 

	STEP 11: re-centering data across chromosome after smoothing

INFO [2022-08-07 20:16:42] ::center_smooth across chromosomes per cell
INFO [2022-08-07 20:16:53] -mirroring for hspike
INFO [2022-08-07 20:16:53] ::center_smooth across chromosomes per cell
INFO [2022-08-07 20:17:30] 

	STEP 12: removing average of reference data (after smoothing)

INFO [2022-08-07 20:17:30] ::subtract_ref_expr_from_obs:Start inv_log=FALSE, use_bounds=TRUE
INFO [2022-08-07 20:17:30] subtracting mean(normal) per gene per cell across all data
INFO [2022-08-07 20:17:34] -subtracting expr per gene, use_bounds=TRUE
INFO [2022-08-07 20:17:39] -mirroring for hspike
INFO [2022-08-07 20:17:39] ::subtract_ref_expr_from_obs:Start inv_log=FALSE, use_bounds=TRUE
INFO [2022-08-07 20:17:39] subtracting mean(normal) per gene per cell across all data
INFO [2022-08-07 20:17:41] -subtracting expr per gene, use_bounds=TRUE
INFO [2022-08-07 20:18:17] 

	STEP 14: invert log2(FC) to FC

INFO [2022-08-07 20:18:17] invert_log2(), computing 2^x
INFO [2022-08-07 20:18:22] -mirroring for hspike
INFO [2022-08-07 20:18:22] invert_log2(), computing 2^x
INFO [2022-08-07 20:19:13] 

	STEP 15: Clustering samples (not defining tumor subclusters)

INFO [2022-08-07 20:19:13] define_signif_tumor_subclusters(p_val=0.1
INFO [2022-08-07 20:19:13] define_signif_tumor_subclusters(), tumor: CD70-/-;Bcl6tg/+
INFO [2022-08-07 20:19:13] cut tree into: 1 groups
INFO [2022-08-07 20:19:13] -processing CD70-/-;Bcl6tg/+,CD70-/-;Bcl6tg/+_s1
INFO [2022-08-07 20:19:13] define_signif_tumor_subclusters(), tumor: WT
INFO [2022-08-08 00:23:38] cut tree into: 1 groups
INFO [2022-08-08 00:23:38] -processing WT,WT_s1
INFO [2022-08-08 00:23:38] -mirroring for hspike
INFO [2022-08-08 00:23:38] define_signif_tumor_subclusters(p_val=0.1
INFO [2022-08-08 00:23:38] define_signif_tumor_subclusters(), tumor: spike_tumor_cell_WT
INFO [2022-08-08 00:23:38] cut tree into: 1 groups
INFO [2022-08-08 00:23:38] -processing spike_tumor_cell_WT,spike_tumor_cell_WT_s1
INFO [2022-08-08 00:23:38] define_signif_tumor_subclusters(), tumor: simnorm_cell_WT
INFO [2022-08-08 00:23:39] cut tree into: 1 groups
INFO [2022-08-08 00:23:39] -processing simnorm_cell_WT,simnorm_cell_WT_s1
INFO [2022-08-08 00:25:22] ::plot_cnv:Start
INFO [2022-08-08 00:25:22] ::plot_cnv:Current data dimensions (r,c)=4578,16258 Total=74497402.8337405 Min=0.66152919738471 Max=1.49241861838267.
INFO [2022-08-08 00:25:23] ::plot_cnv:Depending on the size of the matrix this may take a moment.
INFO [2022-08-08 00:26:40] plot_cnv(): auto thresholding at: (0.888602 , 1.113233)
INFO [2022-08-08 00:26:42] plot_cnv_observation:Start
INFO [2022-08-08 00:26:42] Observation data size: Cells= 124 Genes= 4578
INFO [2022-08-08 00:26:42] plot_cnv_observation:Writing observation groupings/color.
INFO [2022-08-08 00:26:42] plot_cnv_observation:Done writing observation groupings/color.
INFO [2022-08-08 00:26:42] plot_cnv_observation:Writing observation heatmap thresholds.
INFO [2022-08-08 00:26:42] plot_cnv_observation:Done writing observation heatmap thresholds.
INFO [2022-08-08 00:26:43] Colors for breaks:  #00008B,#24249B,#4848AB,#6D6DBC,#9191CC,#B6B6DD,#DADAEE,#FFFFFF,#EEDADA,#DDB6B6,#CC9191,#BC6D6D,#AB4848,#9B2424,#8B0000
INFO [2022-08-08 00:26:43] Quantiles of plotted data range: 0.888601784828014,0.971467753225884,0.998822622903858,1.03191508755125,1.11323294948219
INFO [2022-08-08 00:26:43] plot_cnv_observations:Writing observation data to ./data/infercnv/inferCNV_out_new/Pool105_85_newsick//infercnv.preliminary.observations.txt
INFO [2022-08-08 00:26:43] plot_cnv_references:Start
INFO [2022-08-08 00:26:43] Reference data size: Cells= 16134 Genes= 4578
INFO [2022-08-08 04:34:46] plot_cnv_references:Number reference groups= 1
INFO [2022-08-08 04:34:47] plot_cnv_references:Plotting heatmap.
INFO [2022-08-08 04:35:05] Colors for breaks:  #00008B,#24249B,#4848AB,#6D6DBC,#9191CC,#B6B6DD,#DADAEE,#FFFFFF,#EEDADA,#DDB6B6,#CC9191,#BC6D6D,#AB4848,#9B2424,#8B0000
INFO [2022-08-08 04:35:05] Quantiles of plotted data range: 0.888601784828014,0.973126224568075,0.998855657410691,1.02633922998317,1.11323294948219
INFO [2022-08-08 04:35:11] plot_cnv_references:Writing reference data to ./data/infercnv/inferCNV_out_new/Pool105_85_newsick//infercnv.preliminary.references.txt
INFO [2022-08-08 04:36:26] 

	STEP 17: HMM-based CNV prediction

INFO [2022-08-08 04:36:26] predict_CNV_via_HMM_on_whole_tumor_samples
INFO [2022-08-08 04:36:29] -done predicting CNV based on initial tumor subclusters
INFO [2022-08-08 04:36:29] get_predicted_CNV_regions(subcluster)
INFO [2022-08-08 04:36:29] -processing cell_group_name: CD70-/-;Bcl6tg/+.CD70-/-;Bcl6tg/+_s1, size: 124
INFO [2022-08-08 04:36:33] -processing cell_group_name: WT.WT_s1, size: 16134
INFO [2022-08-08 04:37:24] -writing cell clusters file: ./data/infercnv/inferCNV_out_new/Pool105_85_newsick//17_HMM_predHMMi6.hmm_mode-samples.cell_groupings
INFO [2022-08-08 04:37:24] -writing cnv regions file: ./data/infercnv/inferCNV_out_new/Pool105_85_newsick//17_HMM_predHMMi6.hmm_mode-samples.pred_cnv_regions.dat
INFO [2022-08-08 04:37:24] -writing per-gene cnv report: ./data/infercnv/inferCNV_out_new/Pool105_85_newsick//17_HMM_predHMMi6.hmm_mode-samples.pred_cnv_genes.dat
INFO [2022-08-08 04:37:24] -writing gene ordering info: ./data/infercnv/inferCNV_out_new/Pool105_85_newsick//17_HMM_predHMMi6.hmm_mode-samples.genes_used.dat
INFO [2022-08-08 04:37:41] ::plot_cnv:Start
INFO [2022-08-08 04:37:41] ::plot_cnv:Current data dimensions (r,c)=4578,16258 Total=223381240 Min=3 Max=4.
INFO [2022-08-08 04:37:41] ::plot_cnv:Depending on the size of the matrix this may take a moment.
INFO [2022-08-08 04:38:43] plot_cnv_observation:Start
INFO [2022-08-08 04:38:43] Observation data size: Cells= 124 Genes= 4578
INFO [2022-08-08 04:38:43] plot_cnv_observation:Writing observation groupings/color.
INFO [2022-08-08 04:38:43] plot_cnv_observation:Done writing observation groupings/color.
INFO [2022-08-08 04:38:43] plot_cnv_observation:Writing observation heatmap thresholds.
INFO [2022-08-08 04:38:43] plot_cnv_observation:Done writing observation heatmap thresholds.
INFO [2022-08-08 04:38:43] Colors for breaks:  #00008B,#24249B,#4848AB,#6D6DBC,#9191CC,#B6B6DD,#DADAEE,#FFFFFF,#EEDADA,#DDB6B6,#CC9191,#BC6D6D,#AB4848,#9B2424,#8B0000
INFO [2022-08-08 04:38:43] Quantiles of plotted data range: 3,3,3,3,4
INFO [2022-08-08 04:38:43] plot_cnv_observations:Writing observation data to ./data/infercnv/inferCNV_out_new/Pool105_85_newsick//infercnv.17_HMM_predHMMi6.hmm_mode-samples.observations.txt
INFO [2022-08-08 04:38:44] plot_cnv_references:Start
INFO [2022-08-08 04:38:44] Reference data size: Cells= 16134 Genes= 4578
INFO [2022-08-08 08:45:00] plot_cnv_references:Number reference groups= 1
INFO [2022-08-08 08:45:01] plot_cnv_references:Plotting heatmap.
INFO [2022-08-08 08:45:19] Colors for breaks:  #00008B,#24249B,#4848AB,#6D6DBC,#9191CC,#B6B6DD,#DADAEE,#FFFFFF,#EEDADA,#DDB6B6,#CC9191,#BC6D6D,#AB4848,#9B2424,#8B0000
INFO [2022-08-08 08:45:19] Quantiles of plotted data range: 3,3,3,3,3
INFO [2022-08-08 08:45:26] plot_cnv_references:Writing reference data to ./data/infercnv/inferCNV_out_new/Pool105_85_newsick//infercnv.17_HMM_predHMMi6.hmm_mode-samples.references.txt
INFO [2022-08-08 08:46:30] 

	STEP 18: Run Bayesian Network Model on HMM predicted CNVs

INFO [2022-08-08 08:46:32] Creating the following Directory:  ./data/infercnv/inferCNV_out_new/Pool105_85_newsick//BayesNetOutput.HMMi6.hmm_mode-samples
INFO [2022-08-08 08:46:32] Initializing new MCM InferCNV Object.
INFO [2022-08-08 08:46:32] validating infercnv_obj
INFO [2022-08-08 08:46:32] Total CNV's:  5
INFO [2022-08-08 08:46:32] Loading BUGS Model.
INFO [2022-08-08 08:46:32] Running Sampling Using Parallel with  64 Cores
INFO [2022-08-08 08:48:29] Obtaining probabilities post-sampling
INFO [2022-08-08 08:48:31] Gibbs sampling time:  1.98633653322856  Minutes
INFO [2022-08-08 08:49:25] ::plot_cnv:Start
INFO [2022-08-08 08:49:25] ::plot_cnv:Current data dimensions (r,c)=4578,16258 Total=63536.7020006609 Min=0 Max=0.853275458639551.
INFO [2022-08-08 08:49:26] ::plot_cnv:Depending on the size of the matrix this may take a moment.
INFO [2022-08-08 08:49:28] plot_cnv_observation:Start
INFO [2022-08-08 08:49:28] Observation data size: Cells= 124 Genes= 4578
INFO [2022-08-08 08:49:28] plot_cnv_observation:Writing observation groupings/color.
INFO [2022-08-08 08:49:28] plot_cnv_observation:Done writing observation groupings/color.
INFO [2022-08-08 08:49:28] plot_cnv_observation:Writing observation heatmap thresholds.
INFO [2022-08-08 08:49:28] plot_cnv_observation:Done writing observation heatmap thresholds.
INFO [2022-08-08 08:49:28] Colors for breaks:  #00008B,#24249B,#4848AB,#6D6DBC,#9191CC,#B6B6DD,#DADAEE,#FFFFFF,#EEDADA,#DDB6B6,#CC9191,#BC6D6D,#AB4848,#9B2424,#8B0000
INFO [2022-08-08 08:49:28] Quantiles of plotted data range: 0,0,0,0,0.853275458639551
INFO [2022-08-08 08:49:28] plot_cnv_observations:Writing observation data to ./data/infercnv/inferCNV_out_new/Pool105_85_newsick//BayesNetOutput.HMMi6.hmm_mode-samples/infercnv.NormalProbabilities.PreFiltering.observations.txt
INFO [2022-08-08 08:49:29] plot_cnv_references:Start
INFO [2022-08-08 08:49:29] Reference data size: Cells= 16134 Genes= 4578
INFO [2022-08-08 12:57:22] plot_cnv_references:Number reference groups= 1
INFO [2022-08-08 12:57:23] plot_cnv_references:Plotting heatmap.
INFO [2022-08-08 12:57:40] Colors for breaks:  #00008B,#24249B,#4848AB,#6D6DBC,#9191CC,#B6B6DD,#DADAEE,#FFFFFF,#EEDADA,#DDB6B6,#CC9191,#BC6D6D,#AB4848,#9B2424,#8B0000
INFO [2022-08-08 12:57:40] Quantiles of plotted data range: 0,0,0,0,0
INFO [2022-08-08 12:57:47] plot_cnv_references:Writing reference data to ./data/infercnv/inferCNV_out_new/Pool105_85_newsick//BayesNetOutput.HMMi6.hmm_mode-samples/infercnv.NormalProbabilities.PreFiltering.references.txt
INFO [2022-08-08 12:59:32] 

	STEP 19: Filter HMM predicted CNVs based on the Bayesian Network Model results and BayesMaxPNormal

INFO [2022-08-08 12:59:32] Attempting to removing CNV(s) with a probability of being normal above  0.5
INFO [2022-08-08 12:59:32] Removing  1  CNV(s) identified by the HMM.
INFO [2022-08-08 12:59:33] Total CNV's after removing:  4
INFO [2022-08-08 12:59:33] Reassigning CNVs based on state probabilities.
INFO [2022-08-08 12:59:33] Creating Plots for CNV and cell Probabilities.
INFO [2022-08-08 12:59:38] ::plot_cnv:Start
INFO [2022-08-08 12:59:38] ::plot_cnv:Current data dimensions (r,c)=4578,16258 Total=59594.3441576671 Min=0 Max=0.853275458639551.
INFO [2022-08-08 12:59:38] ::plot_cnv:Depending on the size of the matrix this may take a moment.
INFO [2022-08-08 12:59:40] plot_cnv_observation:Start
INFO [2022-08-08 12:59:40] Observation data size: Cells= 124 Genes= 4578
INFO [2022-08-08 12:59:40] plot_cnv_observation:Writing observation groupings/color.
INFO [2022-08-08 12:59:40] plot_cnv_observation:Done writing observation groupings/color.
INFO [2022-08-08 12:59:40] plot_cnv_observation:Writing observation heatmap thresholds.
INFO [2022-08-08 12:59:40] plot_cnv_observation:Done writing observation heatmap thresholds.
INFO [2022-08-08 12:59:40] Colors for breaks:  #00008B,#24249B,#4848AB,#6D6DBC,#9191CC,#B6B6DD,#DADAEE,#FFFFFF,#EEDADA,#DDB6B6,#CC9191,#BC6D6D,#AB4848,#9B2424,#8B0000
INFO [2022-08-08 12:59:40] Quantiles of plotted data range: 0,0,0,0,0.853275458639551
INFO [2022-08-08 12:59:41] plot_cnv_observations:Writing observation data to ./data/infercnv/inferCNV_out_new/Pool105_85_newsick//BayesNetOutput.HMMi6.hmm_mode-samples/infercnv.NormalProbabilities.PostFiltering.observations.txt
INFO [2022-08-08 12:59:41] plot_cnv_references:Start
INFO [2022-08-08 12:59:41] Reference data size: Cells= 16134 Genes= 4578
INFO [2022-08-08 17:04:54] plot_cnv_references:Number reference groups= 1
INFO [2022-08-08 17:04:55] plot_cnv_references:Plotting heatmap.
INFO [2022-08-08 17:05:13] Colors for breaks:  #00008B,#24249B,#4848AB,#6D6DBC,#9191CC,#B6B6DD,#DADAEE,#FFFFFF,#EEDADA,#DDB6B6,#CC9191,#BC6D6D,#AB4848,#9B2424,#8B0000
INFO [2022-08-08 17:05:13] Quantiles of plotted data range: 0,0,0,0,0
INFO [2022-08-08 17:05:19] plot_cnv_references:Writing reference data to ./data/infercnv/inferCNV_out_new/Pool105_85_newsick//BayesNetOutput.HMMi6.hmm_mode-samples/infercnv.NormalProbabilities.PostFiltering.references.txt
INFO [2022-08-08 17:06:26] ::plot_cnv:Start
INFO [2022-08-08 17:06:26] ::plot_cnv:Current data dimensions (r,c)=4578,16258 Total=223371568 Min=3 Max=4.
INFO [2022-08-08 17:06:27] ::plot_cnv:Depending on the size of the matrix this may take a moment.
INFO [2022-08-08 17:07:29] plot_cnv_observation:Start
INFO [2022-08-08 17:07:29] Observation data size: Cells= 124 Genes= 4578
INFO [2022-08-08 17:07:29] plot_cnv_observation:Writing observation groupings/color.
INFO [2022-08-08 17:07:29] plot_cnv_observation:Done writing observation groupings/color.
INFO [2022-08-08 17:07:29] plot_cnv_observation:Writing observation heatmap thresholds.
INFO [2022-08-08 17:07:29] plot_cnv_observation:Done writing observation heatmap thresholds.
INFO [2022-08-08 17:07:29] Colors for breaks:  #00008B,#24249B,#4848AB,#6D6DBC,#9191CC,#B6B6DD,#DADAEE,#FFFFFF,#EEDADA,#DDB6B6,#CC9191,#BC6D6D,#AB4848,#9B2424,#8B0000
INFO [2022-08-08 17:07:29] Quantiles of plotted data range: 3,3,3,3,4
INFO [2022-08-08 17:07:29] plot_cnv_observations:Writing observation data to ./data/infercnv/inferCNV_out_new/Pool105_85_newsick//infercnv.19_HMM_pred.Bayes_Net.Pnorm_0.5.observations.txt
INFO [2022-08-08 17:07:30] plot_cnv_references:Start
INFO [2022-08-08 17:07:30] Reference data size: Cells= 16134 Genes= 4578
INFO [2022-08-08 21:12:16] plot_cnv_references:Number reference groups= 1
INFO [2022-08-08 21:12:17] plot_cnv_references:Plotting heatmap.
INFO [2022-08-08 21:12:34] Colors for breaks:  #00008B,#24249B,#4848AB,#6D6DBC,#9191CC,#B6B6DD,#DADAEE,#FFFFFF,#EEDADA,#DDB6B6,#CC9191,#BC6D6D,#AB4848,#9B2424,#8B0000
INFO [2022-08-08 21:12:34] Quantiles of plotted data range: 3,3,3,3,3
INFO [2022-08-08 21:12:41] plot_cnv_references:Writing reference data to ./data/infercnv/inferCNV_out_new/Pool105_85_newsick//infercnv.19_HMM_pred.Bayes_Net.Pnorm_0.5.references.txt
INFO [2022-08-08 21:13:42] 

	STEP 20: Converting HMM-based CNV states to repr expr vals

INFO [2022-08-08 21:14:02] ::plot_cnv:Start
INFO [2022-08-08 21:14:02] ::plot_cnv:Current data dimensions (r,c)=4578,16258 Total=74471222 Min=1 Max=1.5.
INFO [2022-08-08 21:14:03] ::plot_cnv:Depending on the size of the matrix this may take a moment.
INFO [2022-08-08 21:15:04] plot_cnv_observation:Start
INFO [2022-08-08 21:15:04] Observation data size: Cells= 124 Genes= 4578
INFO [2022-08-08 21:15:04] plot_cnv_observation:Writing observation groupings/color.
INFO [2022-08-08 21:15:05] plot_cnv_observation:Done writing observation groupings/color.
INFO [2022-08-08 21:15:05] plot_cnv_observation:Writing observation heatmap thresholds.
INFO [2022-08-08 21:15:05] plot_cnv_observation:Done writing observation heatmap thresholds.
INFO [2022-08-08 21:15:05] Colors for breaks:  #00008B,#24249B,#4848AB,#6D6DBC,#9191CC,#B6B6DD,#DADAEE,#FFFFFF,#EEDADA,#DDB6B6,#CC9191,#BC6D6D,#AB4848,#9B2424,#8B0000
INFO [2022-08-08 21:15:05] Quantiles of plotted data range: 1,1,1,1,1.5
INFO [2022-08-08 21:15:05] plot_cnv_observations:Writing observation data to ./data/infercnv/inferCNV_out_new/Pool105_85_newsick//infercnv.20_HMM_predHMMi6.hmm_mode-samples.Pnorm_0.5.repr_intensities.observations.txt
INFO [2022-08-08 21:15:05] plot_cnv_references:Start
INFO [2022-08-08 21:15:05] Reference data size: Cells= 16134 Genes= 4578
INFO [2022-08-09 01:17:25] plot_cnv_references:Number reference groups= 1
INFO [2022-08-09 01:17:26] plot_cnv_references:Plotting heatmap.
INFO [2022-08-09 01:17:44] Colors for breaks:  #00008B,#24249B,#4848AB,#6D6DBC,#9191CC,#B6B6DD,#DADAEE,#FFFFFF,#EEDADA,#DDB6B6,#CC9191,#BC6D6D,#AB4848,#9B2424,#8B0000
INFO [2022-08-09 01:17:44] Quantiles of plotted data range: 1,1,1,1,1
INFO [2022-08-09 01:17:50] plot_cnv_references:Writing reference data to ./data/infercnv/inferCNV_out_new/Pool105_85_newsick//infercnv.20_HMM_predHMMi6.hmm_mode-samples.Pnorm_0.5.repr_intensities.references.txt
INFO [2022-08-09 01:18:51] 

	STEP 22: Denoising

INFO [2022-08-09 01:18:51] ::process_data:Remove noise, noise threshold defined via ref mean sd_amplifier:  1.5
INFO [2022-08-09 01:18:51] denoising using mean(normal) +- sd_amplifier * sd(normal) per gene per cell across all data
INFO [2022-08-09 01:18:54] :: **** clear_noise_via_ref_quantiles **** : removing noise between bounds:  0.938892647129945 - 1.06286467071371
INFO [2022-08-09 01:19:31] 

## Making the final infercnv heatmap ##
INFO [2022-08-09 01:19:32] ::plot_cnv:Start
INFO [2022-08-09 01:19:32] ::plot_cnv:Current data dimensions (r,c)=4578,16258 Total=74625158.3668608 Min=0.66152919738471 Max=1.49241861838267.
INFO [2022-08-09 01:19:33] ::plot_cnv:Depending on the size of the matrix this may take a moment.
INFO [2022-08-09 01:20:45] plot_cnv(): auto thresholding at: (0.886767 , 1.113233)
INFO [2022-08-09 01:20:47] plot_cnv_observation:Start
INFO [2022-08-09 01:20:47] Observation data size: Cells= 124 Genes= 4578
INFO [2022-08-09 01:20:47] plot_cnv_observation:Writing observation groupings/color.
INFO [2022-08-09 01:20:47] plot_cnv_observation:Done writing observation groupings/color.
INFO [2022-08-09 01:20:47] plot_cnv_observation:Writing observation heatmap thresholds.
INFO [2022-08-09 01:20:47] plot_cnv_observation:Done writing observation heatmap thresholds.
INFO [2022-08-09 01:20:48] Colors for breaks:  #00008B,#24249B,#4848AB,#6D6DBC,#9191CC,#B6B6DD,#DADAEE,#FFFFFF,#EEDADA,#DDB6B6,#CC9191,#BC6D6D,#AB4848,#9B2424,#8B0000
INFO [2022-08-09 01:20:48] Quantiles of plotted data range: 0.886767050517813,1.00087865892183,1.00087865892183,1.00087865892183,1.11323294948219
INFO [2022-08-09 01:20:48] plot_cnv_observations:Writing observation data to ./data/infercnv/inferCNV_out_new/Pool105_85_newsick//infercnv.observations.txt
INFO [2022-08-09 01:20:48] plot_cnv_references:Start
INFO [2022-08-09 01:20:48] Reference data size: Cells= 16134 Genes= 4578
INFO [2022-08-09 05:23:01] plot_cnv_references:Number reference groups= 1
INFO [2022-08-09 05:23:02] plot_cnv_references:Plotting heatmap.
INFO [2022-08-09 05:23:19] Colors for breaks:  #00008B,#24249B,#4848AB,#6D6DBC,#9191CC,#B6B6DD,#DADAEE,#FFFFFF,#EEDADA,#DDB6B6,#CC9191,#BC6D6D,#AB4848,#9B2424,#8B0000
INFO [2022-08-09 05:23:19] Quantiles of plotted data range: 0.886767050517813,1.00087865892183,1.00087865892183,1.00087865892183,1.11323294948219
INFO [2022-08-09 05:23:26] plot_cnv_references:Writing reference data to ./data/infercnv/inferCNV_out_new/Pool105_85_newsick//infercnv.references.txt
Warning messages:
1: In type.convert.default(X[[i]], ...) :
  'as.is' should be specified by the caller; using TRUE
2: In type.convert.default(X[[i]], ...) :
  'as.is' should be specified by the caller; using TRUE
3: In type.convert.default(X[[i]], ...) :
  'as.is' should be specified by the caller; using TRUE
4: In type.convert.default(X[[i]], ...) :
  'as.is' should be specified by the caller; using TRUE
