[1] "/liulab/galib/mouse_scRNAseq_margaret/data/infercnv/inferCNV_out_new/18mos"
Warning message:
package ‘rBCS’ was built under R version 4.1.3 
── Attaching packages ─────────────────────────────────────── tidyverse 1.3.1 ──
✔ ggplot2 3.3.6     ✔ purrr   0.3.4
✔ tibble  3.1.7     ✔ dplyr   1.0.9
✔ tidyr   1.2.0     ✔ stringr 1.4.0
✔ readr   2.1.2     ✔ forcats 0.5.1
── Conflicts ────────────────────────────────────────── tidyverse_conflicts() ──
✖ dplyr::filter() masks stats::filter()
✖ dplyr::lag()    masks stats::lag()
Warning messages:
1: package ‘tidyverse’ was built under R version 4.1.3 
2: package ‘ggplot2’ was built under R version 4.1.3 
3: package ‘tibble’ was built under R version 4.1.3 
4: package ‘tidyr’ was built under R version 4.1.2 
5: package ‘readr’ was built under R version 4.1.2 
6: package ‘dplyr’ was built under R version 4.1.3 
7: package ‘forcats’ was built under R version 4.1.3 
Attaching SeuratObject
Attaching sp
Warning message:
package ‘Seurat’ was built under R version 4.1.3 
here() starts at /liulab/galib/mouse_scRNAseq_margaret
Loading required package: usethis
Warning message:
package ‘ggpubr’ was built under R version 4.1.3 
Warning message:
package ‘infercnv’ was built under R version 4.1.3 
[1]  32285 176583
Rows: 55228 Columns: 4
── Column specification ────────────────────────────────────────────────────────
Delimiter: "\t"
chr (2): X1, X2
dbl (2): X3, X4

ℹ Use `spec()` to retrieve the full column specification for this data.
ℹ Specify the column types or set `show_col_types = FALSE` to quiet this message.
[1] 15
INFO [2022-07-20 15:16:43] Parsing gene order file: ./data/infercnv/gene_order_file.txt
INFO [2022-07-20 15:16:43] ::order_reduce:Start.
INFO [2022-07-20 15:16:50] .order_reduce(): expr and order match.
INFO [2022-07-20 15:17:24] ::process_data:order_reduce:Reduction from positional data, new dimensions (r,c) = 32285,176583 Total=901670571 Min=0 Max=21505.
INFO [2022-07-20 15:17:26] num genes removed taking into account provided gene ordering list: 1949 = 6.03685922254917% removed.
INFO [2022-07-20 15:17:27] -filtering out cells < 100 or > Inf, removing 0 % of cells
INFO [2022-07-20 15:17:34] validating infercnv_obj
INFO [2022-07-20 15:17:34] ::process_data:Start
INFO [2022-07-20 15:17:34] Creating output path ./data/infercnv/inferCNV_out_new/Pool105_89/
INFO [2022-07-20 15:17:34] Checking for saved results.
INFO [2022-07-20 15:17:34] 

	STEP 1: incoming data

INFO [2022-07-20 15:17:56] 

	STEP 02: Removing lowly expressed genes

INFO [2022-07-20 15:17:56] ::above_min_mean_expr_cutoff:Start
INFO [2022-07-20 15:17:56] Removing 25499 genes from matrix as below mean expr threshold: 0.1
INFO [2022-07-20 15:17:57] validating infercnv_obj
INFO [2022-07-20 15:17:57] There are 4837 genes and 14789 cells remaining in the expr matrix.
INFO [2022-07-20 15:18:01] no genes removed due to min cells/gene filter
INFO [2022-07-20 15:18:22] 

	STEP 03: normalization by sequencing depth

INFO [2022-07-20 15:18:22] normalizing counts matrix by depth
INFO [2022-07-20 15:18:27] Computed total sum normalization factor as median libsize: 3081.000000
INFO [2022-07-20 15:18:28] Adding h-spike
INFO [2022-07-20 15:18:28] -hspike modeling of WT
INFO [2022-07-20 15:19:27] validating infercnv_obj
INFO [2022-07-20 15:19:27] normalizing counts matrix by depth
INFO [2022-07-20 15:19:27] Using specified normalization factor: 3081.000000
INFO [2022-07-20 15:19:51] 

	STEP 04: log transformation of data

INFO [2022-07-20 15:19:51] transforming log2xplus1()
INFO [2022-07-20 15:19:54] -mirroring for hspike
INFO [2022-07-20 15:19:54] transforming log2xplus1()
INFO [2022-07-20 15:20:19] 

	STEP 08: removing average of reference data (before smoothing)

INFO [2022-07-20 15:20:19] ::subtract_ref_expr_from_obs:Start inv_log=FALSE, use_bounds=TRUE
INFO [2022-07-20 15:20:19] subtracting mean(normal) per gene per cell across all data
INFO [2022-07-20 15:20:24] -subtracting expr per gene, use_bounds=TRUE
INFO [2022-07-20 15:45:58] -mirroring for hspike
INFO [2022-07-20 15:45:58] ::subtract_ref_expr_from_obs:Start inv_log=FALSE, use_bounds=TRUE
INFO [2022-07-20 15:45:58] subtracting mean(normal) per gene per cell across all data
INFO [2022-07-20 15:46:00] -subtracting expr per gene, use_bounds=TRUE
INFO [2022-07-20 15:46:37] 

	STEP 09: apply max centered expression threshold: 3

INFO [2022-07-20 15:46:37] ::process_data:setting max centered expr, threshold set to: +/-:  3
INFO [2022-07-20 15:46:38] -mirroring for hspike
INFO [2022-07-20 15:46:38] ::process_data:setting max centered expr, threshold set to: +/-:  3
INFO [2022-07-20 15:47:13] 

	STEP 10: Smoothing data per cell by chromosome

INFO [2022-07-20 15:47:13] smooth_by_chromosome: chr: chr1
INFO [2022-07-20 15:47:26] smooth_by_chromosome: chr: chr10
INFO [2022-07-20 15:47:39] smooth_by_chromosome: chr: chr11
INFO [2022-07-20 15:47:54] smooth_by_chromosome: chr: chr12
INFO [2022-07-20 15:48:06] smooth_by_chromosome: chr: chr13
INFO [2022-07-20 15:48:17] smooth_by_chromosome: chr: chr14
INFO [2022-07-20 15:48:29] smooth_by_chromosome: chr: chr15
INFO [2022-07-20 15:48:41] smooth_by_chromosome: chr: chr16
INFO [2022-07-20 15:48:53] smooth_by_chromosome: chr: chr17
INFO [2022-07-20 15:49:06] smooth_by_chromosome: chr: chr18
INFO [2022-07-20 15:49:18] smooth_by_chromosome: chr: chr19
INFO [2022-07-20 15:49:30] smooth_by_chromosome: chr: chr2
INFO [2022-07-20 15:49:45] smooth_by_chromosome: chr: chr3
INFO [2022-07-20 15:49:58] smooth_by_chromosome: chr: chr4
INFO [2022-07-20 15:50:11] smooth_by_chromosome: chr: chr5
INFO [2022-07-20 15:50:24] smooth_by_chromosome: chr: chr6
INFO [2022-07-20 15:50:37] smooth_by_chromosome: chr: chr7
INFO [2022-07-20 15:50:51] smooth_by_chromosome: chr: chr8
INFO [2022-07-20 15:51:04] smooth_by_chromosome: chr: chr9
INFO [2022-07-20 15:51:17] -mirroring for hspike
INFO [2022-07-20 15:51:17] smooth_by_chromosome: chr: chrA
INFO [2022-07-20 15:51:17] smooth_by_chromosome: chr: chr_0
INFO [2022-07-20 15:51:17] smooth_by_chromosome: chr: chr_B
INFO [2022-07-20 15:51:18] smooth_by_chromosome: chr: chr_0pt5
INFO [2022-07-20 15:51:18] smooth_by_chromosome: chr: chr_C
INFO [2022-07-20 15:51:18] smooth_by_chromosome: chr: chr_1pt5
INFO [2022-07-20 15:51:18] smooth_by_chromosome: chr: chr_D
INFO [2022-07-20 15:51:18] smooth_by_chromosome: chr: chr_2pt0
INFO [2022-07-20 15:51:19] smooth_by_chromosome: chr: chr_E
INFO [2022-07-20 15:51:19] smooth_by_chromosome: chr: chr_3pt0
INFO [2022-07-20 15:51:19] smooth_by_chromosome: chr: chr_F
INFO [2022-07-20 15:51:56] 

	STEP 11: re-centering data across chromosome after smoothing

INFO [2022-07-20 15:51:56] ::center_smooth across chromosomes per cell
INFO [2022-07-20 15:52:08] -mirroring for hspike
INFO [2022-07-20 15:52:08] ::center_smooth across chromosomes per cell
INFO [2022-07-20 15:52:43] 

	STEP 12: removing average of reference data (after smoothing)

INFO [2022-07-20 15:52:43] ::subtract_ref_expr_from_obs:Start inv_log=FALSE, use_bounds=TRUE
INFO [2022-07-20 15:52:43] subtracting mean(normal) per gene per cell across all data
INFO [2022-07-20 15:52:49] -subtracting expr per gene, use_bounds=TRUE
INFO [2022-07-20 15:52:55] -mirroring for hspike
INFO [2022-07-20 15:52:55] ::subtract_ref_expr_from_obs:Start inv_log=FALSE, use_bounds=TRUE
INFO [2022-07-20 15:52:55] subtracting mean(normal) per gene per cell across all data
INFO [2022-07-20 15:52:56] -subtracting expr per gene, use_bounds=TRUE
INFO [2022-07-20 15:53:32] 

	STEP 14: invert log2(FC) to FC

INFO [2022-07-20 15:53:32] invert_log2(), computing 2^x
INFO [2022-07-20 15:53:36] -mirroring for hspike
INFO [2022-07-20 15:53:36] invert_log2(), computing 2^x
INFO [2022-07-20 15:54:26] 

	STEP 15: Clustering samples (not defining tumor subclusters)

INFO [2022-07-20 15:54:26] define_signif_tumor_subclusters(p_val=0.1
INFO [2022-07-20 15:54:26] define_signif_tumor_subclusters(), tumor: Bcl6tg/+
INFO [2022-07-20 15:55:09] cut tree into: 1 groups
INFO [2022-07-20 15:55:09] -processing Bcl6tg/+,Bcl6tg/+_s1
INFO [2022-07-20 15:55:09] define_signif_tumor_subclusters(), tumor: WT
INFO [2022-07-20 18:51:17] cut tree into: 1 groups
INFO [2022-07-20 18:51:17] -processing WT,WT_s1
INFO [2022-07-20 18:51:17] -mirroring for hspike
INFO [2022-07-20 18:51:17] define_signif_tumor_subclusters(p_val=0.1
INFO [2022-07-20 18:51:17] define_signif_tumor_subclusters(), tumor: spike_tumor_cell_WT
INFO [2022-07-20 18:51:17] cut tree into: 1 groups
INFO [2022-07-20 18:51:17] -processing spike_tumor_cell_WT,spike_tumor_cell_WT_s1
INFO [2022-07-20 18:51:17] define_signif_tumor_subclusters(), tumor: simnorm_cell_WT
INFO [2022-07-20 18:51:17] cut tree into: 1 groups
INFO [2022-07-20 18:51:17] -processing simnorm_cell_WT,simnorm_cell_WT_s1
INFO [2022-07-20 18:52:59] ::plot_cnv:Start
INFO [2022-07-20 18:52:59] ::plot_cnv:Current data dimensions (r,c)=4837,14789 Total=71613332.4529448 Min=0.69120945686146 Max=1.49293961877597.
INFO [2022-07-20 18:53:00] ::plot_cnv:Depending on the size of the matrix this may take a moment.
INFO [2022-07-20 18:54:15] plot_cnv(): auto thresholding at: (0.883809 , 1.118398)
INFO [2022-07-20 18:54:17] plot_cnv_observation:Start
INFO [2022-07-20 18:54:17] Observation data size: Cells= 1110 Genes= 4837
INFO [2022-07-20 18:54:17] plot_cnv_observation:Writing observation groupings/color.
INFO [2022-07-20 18:54:18] plot_cnv_observation:Done writing observation groupings/color.
INFO [2022-07-20 18:54:18] plot_cnv_observation:Writing observation heatmap thresholds.
INFO [2022-07-20 18:54:18] plot_cnv_observation:Done writing observation heatmap thresholds.
INFO [2022-07-20 18:54:19] Colors for breaks:  #00008B,#24249B,#4848AB,#6D6DBC,#9191CC,#B6B6DD,#DADAEE,#FFFFFF,#EEDADA,#DDB6B6,#CC9191,#BC6D6D,#AB4848,#9B2424,#8B0000
INFO [2022-07-20 18:54:19] Quantiles of plotted data range: 0.883809303121687,0.96959395485763,0.998841407664214,1.03186883195258,1.11839773183407
INFO [2022-07-20 18:54:20] plot_cnv_observations:Writing observation data to ./data/infercnv/inferCNV_out_new/Pool105_89//infercnv.preliminary.observations.txt
INFO [2022-07-20 18:54:26] plot_cnv_references:Start
INFO [2022-07-20 18:54:26] Reference data size: Cells= 13679 Genes= 4837
INFO [2022-07-20 21:56:49] plot_cnv_references:Number reference groups= 1
INFO [2022-07-20 21:56:50] plot_cnv_references:Plotting heatmap.
INFO [2022-07-20 21:57:09] Colors for breaks:  #00008B,#24249B,#4848AB,#6D6DBC,#9191CC,#B6B6DD,#DADAEE,#FFFFFF,#EEDADA,#DDB6B6,#CC9191,#BC6D6D,#AB4848,#9B2424,#8B0000
INFO [2022-07-20 21:57:09] Quantiles of plotted data range: 0.883809303121687,0.973185010029121,0.998822730452129,1.02615289634612,1.11839773183407
INFO [2022-07-20 21:57:15] plot_cnv_references:Writing reference data to ./data/infercnv/inferCNV_out_new/Pool105_89//infercnv.preliminary.references.txt
INFO [2022-07-20 21:58:28] 

	STEP 17: HMM-based CNV prediction

INFO [2022-07-20 21:58:28] predict_CNV_via_HMM_on_whole_tumor_samples
INFO [2022-07-20 21:58:31] -done predicting CNV based on initial tumor subclusters
INFO [2022-07-20 21:58:31] get_predicted_CNV_regions(subcluster)
INFO [2022-07-20 21:58:31] -processing cell_group_name: Bcl6tg/+.Bcl6tg/+_s1, size: 1110
INFO [2022-07-20 21:58:38] -processing cell_group_name: WT.WT_s1, size: 13679
INFO [2022-07-20 21:59:29] -writing cell clusters file: ./data/infercnv/inferCNV_out_new/Pool105_89//17_HMM_predHMMi6.hmm_mode-samples.cell_groupings
INFO [2022-07-20 21:59:29] -writing cnv regions file: ./data/infercnv/inferCNV_out_new/Pool105_89//17_HMM_predHMMi6.hmm_mode-samples.pred_cnv_regions.dat
INFO [2022-07-20 21:59:29] -writing per-gene cnv report: ./data/infercnv/inferCNV_out_new/Pool105_89//17_HMM_predHMMi6.hmm_mode-samples.pred_cnv_genes.dat
INFO [2022-07-20 21:59:29] -writing gene ordering info: ./data/infercnv/inferCNV_out_new/Pool105_89//17_HMM_predHMMi6.hmm_mode-samples.genes_used.dat
INFO [2022-07-20 21:59:46] ::plot_cnv:Start
INFO [2022-07-20 21:59:46] ::plot_cnv:Current data dimensions (r,c)=4837,14789 Total=215102679 Min=3 Max=4.
INFO [2022-07-20 21:59:46] ::plot_cnv:Depending on the size of the matrix this may take a moment.
INFO [2022-07-20 22:00:52] plot_cnv_observation:Start
INFO [2022-07-20 22:00:52] Observation data size: Cells= 1110 Genes= 4837
INFO [2022-07-20 22:00:52] plot_cnv_observation:Writing observation groupings/color.
INFO [2022-07-20 22:00:52] plot_cnv_observation:Done writing observation groupings/color.
INFO [2022-07-20 22:00:52] plot_cnv_observation:Writing observation heatmap thresholds.
INFO [2022-07-20 22:00:52] plot_cnv_observation:Done writing observation heatmap thresholds.
INFO [2022-07-20 22:00:53] Colors for breaks:  #00008B,#24249B,#4848AB,#6D6DBC,#9191CC,#B6B6DD,#DADAEE,#FFFFFF,#EEDADA,#DDB6B6,#CC9191,#BC6D6D,#AB4848,#9B2424,#8B0000
INFO [2022-07-20 22:00:53] Quantiles of plotted data range: 3,3,3,3,4
INFO [2022-07-20 22:00:54] plot_cnv_observations:Writing observation data to ./data/infercnv/inferCNV_out_new/Pool105_89//infercnv.17_HMM_predHMMi6.hmm_mode-samples.observations.txt
INFO [2022-07-20 22:00:59] plot_cnv_references:Start
INFO [2022-07-20 22:00:59] Reference data size: Cells= 13679 Genes= 4837
INFO [2022-07-21 00:54:45] plot_cnv_references:Number reference groups= 1
INFO [2022-07-21 00:54:46] plot_cnv_references:Plotting heatmap.
INFO [2022-07-21 00:55:02] Colors for breaks:  #00008B,#24249B,#4848AB,#6D6DBC,#9191CC,#B6B6DD,#DADAEE,#FFFFFF,#EEDADA,#DDB6B6,#CC9191,#BC6D6D,#AB4848,#9B2424,#8B0000
INFO [2022-07-21 00:55:02] Quantiles of plotted data range: 3,3,3,3,3
INFO [2022-07-21 00:55:08] plot_cnv_references:Writing reference data to ./data/infercnv/inferCNV_out_new/Pool105_89//infercnv.17_HMM_predHMMi6.hmm_mode-samples.references.txt
INFO [2022-07-21 00:56:07] 

	STEP 18: Run Bayesian Network Model on HMM predicted CNVs

INFO [2022-07-21 00:56:08] Creating the following Directory:  ./data/infercnv/inferCNV_out_new/Pool105_89//BayesNetOutput.HMMi6.hmm_mode-samples
INFO [2022-07-21 00:56:08] Initializing new MCM InferCNV Object.
INFO [2022-07-21 00:56:08] validating infercnv_obj
INFO [2022-07-21 00:56:08] Total CNV's:  4
INFO [2022-07-21 00:56:08] Loading BUGS Model.
INFO [2022-07-21 00:56:08] Running Sampling Using Parallel with  64 Cores
INFO [2022-07-21 01:04:38] Obtaining probabilities post-sampling
INFO [2022-07-21 01:04:56] Gibbs sampling time:  8.80162363052368  Minutes
INFO [2022-07-21 01:05:46] ::plot_cnv:Start
INFO [2022-07-21 01:05:46] ::plot_cnv:Current data dimensions (r,c)=4837,14789 Total=367580.356835835 Min=0 Max=0.765539787397294.
INFO [2022-07-21 01:05:47] ::plot_cnv:Depending on the size of the matrix this may take a moment.
INFO [2022-07-21 01:05:49] plot_cnv_observation:Start
INFO [2022-07-21 01:05:49] Observation data size: Cells= 1110 Genes= 4837
INFO [2022-07-21 01:05:49] plot_cnv_observation:Writing observation groupings/color.
INFO [2022-07-21 01:05:49] plot_cnv_observation:Done writing observation groupings/color.
INFO [2022-07-21 01:05:49] plot_cnv_observation:Writing observation heatmap thresholds.
INFO [2022-07-21 01:05:49] plot_cnv_observation:Done writing observation heatmap thresholds.
INFO [2022-07-21 01:05:50] Colors for breaks:  #00008B,#24249B,#4848AB,#6D6DBC,#9191CC,#B6B6DD,#DADAEE,#FFFFFF,#EEDADA,#DDB6B6,#CC9191,#BC6D6D,#AB4848,#9B2424,#8B0000
INFO [2022-07-21 01:05:50] Quantiles of plotted data range: 0,0,0,0,0.765539787397294
INFO [2022-07-21 01:05:51] plot_cnv_observations:Writing observation data to ./data/infercnv/inferCNV_out_new/Pool105_89//BayesNetOutput.HMMi6.hmm_mode-samples/infercnv.NormalProbabilities.PreFiltering.observations.txt
INFO [2022-07-21 01:05:55] plot_cnv_references:Start
INFO [2022-07-21 01:05:55] Reference data size: Cells= 13679 Genes= 4837
INFO [2022-07-21 03:33:05] plot_cnv_references:Number reference groups= 1
INFO [2022-07-21 03:33:06] plot_cnv_references:Plotting heatmap.
INFO [2022-07-21 03:33:22] Colors for breaks:  #00008B,#24249B,#4848AB,#6D6DBC,#9191CC,#B6B6DD,#DADAEE,#FFFFFF,#EEDADA,#DDB6B6,#CC9191,#BC6D6D,#AB4848,#9B2424,#8B0000
INFO [2022-07-21 03:33:22] Quantiles of plotted data range: 0,0,0,0,0
INFO [2022-07-21 03:33:28] plot_cnv_references:Writing reference data to ./data/infercnv/inferCNV_out_new/Pool105_89//BayesNetOutput.HMMi6.hmm_mode-samples/infercnv.NormalProbabilities.PreFiltering.references.txt
INFO [2022-07-21 03:35:25] 

	STEP 19: Filter HMM predicted CNVs based on the Bayesian Network Model results and BayesMaxPNormal

INFO [2022-07-21 03:35:25] Attempting to removing CNV(s) with a probability of being normal above  0.5
INFO [2022-07-21 03:35:25] Removing  0  CNV(s) identified by the HMM.
INFO [2022-07-21 03:35:25] Reassigning CNVs based on state probabilities.
INFO [2022-07-21 03:35:25] Creating Plots for CNV and cell Probabilities.
INFO [2022-07-21 03:35:33] ::plot_cnv:Start
INFO [2022-07-21 03:35:33] ::plot_cnv:Current data dimensions (r,c)=4837,14789 Total=367580.356835835 Min=0 Max=0.765539787397294.
INFO [2022-07-21 03:35:34] ::plot_cnv:Depending on the size of the matrix this may take a moment.
INFO [2022-07-21 03:35:36] plot_cnv_observation:Start
INFO [2022-07-21 03:35:36] Observation data size: Cells= 1110 Genes= 4837
INFO [2022-07-21 03:35:36] plot_cnv_observation:Writing observation groupings/color.
INFO [2022-07-21 03:35:36] plot_cnv_observation:Done writing observation groupings/color.
INFO [2022-07-21 03:35:36] plot_cnv_observation:Writing observation heatmap thresholds.
INFO [2022-07-21 03:35:36] plot_cnv_observation:Done writing observation heatmap thresholds.
INFO [2022-07-21 03:35:37] Colors for breaks:  #00008B,#24249B,#4848AB,#6D6DBC,#9191CC,#B6B6DD,#DADAEE,#FFFFFF,#EEDADA,#DDB6B6,#CC9191,#BC6D6D,#AB4848,#9B2424,#8B0000
INFO [2022-07-21 03:35:37] Quantiles of plotted data range: 0,0,0,0,0.765539787397294
INFO [2022-07-21 03:35:39] plot_cnv_observations:Writing observation data to ./data/infercnv/inferCNV_out_new/Pool105_89//BayesNetOutput.HMMi6.hmm_mode-samples/infercnv.NormalProbabilities.PostFiltering.observations.txt
INFO [2022-07-21 03:35:43] plot_cnv_references:Start
INFO [2022-07-21 03:35:43] Reference data size: Cells= 13679 Genes= 4837
INFO [2022-07-21 06:36:09] plot_cnv_references:Number reference groups= 1
INFO [2022-07-21 06:36:10] plot_cnv_references:Plotting heatmap.
INFO [2022-07-21 06:36:27] Colors for breaks:  #00008B,#24249B,#4848AB,#6D6DBC,#9191CC,#B6B6DD,#DADAEE,#FFFFFF,#EEDADA,#DDB6B6,#CC9191,#BC6D6D,#AB4848,#9B2424,#8B0000
INFO [2022-07-21 06:36:27] Quantiles of plotted data range: 0,0,0,0,0
INFO [2022-07-21 06:36:33] plot_cnv_references:Writing reference data to ./data/infercnv/inferCNV_out_new/Pool105_89//BayesNetOutput.HMMi6.hmm_mode-samples/infercnv.NormalProbabilities.PostFiltering.references.txt
INFO [2022-07-21 06:37:39] ::plot_cnv:Start
INFO [2022-07-21 06:37:39] ::plot_cnv:Current data dimensions (r,c)=4837,14789 Total=215102679 Min=3 Max=4.
INFO [2022-07-21 06:37:39] ::plot_cnv:Depending on the size of the matrix this may take a moment.
INFO [2022-07-21 06:38:48] plot_cnv_observation:Start
INFO [2022-07-21 06:38:48] Observation data size: Cells= 1110 Genes= 4837
INFO [2022-07-21 06:38:48] plot_cnv_observation:Writing observation groupings/color.
INFO [2022-07-21 06:38:48] plot_cnv_observation:Done writing observation groupings/color.
INFO [2022-07-21 06:38:48] plot_cnv_observation:Writing observation heatmap thresholds.
INFO [2022-07-21 06:38:48] plot_cnv_observation:Done writing observation heatmap thresholds.
INFO [2022-07-21 06:38:49] Colors for breaks:  #00008B,#24249B,#4848AB,#6D6DBC,#9191CC,#B6B6DD,#DADAEE,#FFFFFF,#EEDADA,#DDB6B6,#CC9191,#BC6D6D,#AB4848,#9B2424,#8B0000
INFO [2022-07-21 06:38:49] Quantiles of plotted data range: 3,3,3,3,4
INFO [2022-07-21 06:38:50] plot_cnv_observations:Writing observation data to ./data/infercnv/inferCNV_out_new/Pool105_89//infercnv.19_HMM_pred.Bayes_Net.Pnorm_0.5.observations.txt
INFO [2022-07-21 06:38:55] plot_cnv_references:Start
INFO [2022-07-21 06:38:55] Reference data size: Cells= 13679 Genes= 4837
INFO [2022-07-21 09:48:22] plot_cnv_references:Number reference groups= 1
INFO [2022-07-21 09:48:23] plot_cnv_references:Plotting heatmap.
INFO [2022-07-21 09:48:39] Colors for breaks:  #00008B,#24249B,#4848AB,#6D6DBC,#9191CC,#B6B6DD,#DADAEE,#FFFFFF,#EEDADA,#DDB6B6,#CC9191,#BC6D6D,#AB4848,#9B2424,#8B0000
INFO [2022-07-21 09:48:39] Quantiles of plotted data range: 3,3,3,3,3
INFO [2022-07-21 09:48:46] plot_cnv_references:Writing reference data to ./data/infercnv/inferCNV_out_new/Pool105_89//infercnv.19_HMM_pred.Bayes_Net.Pnorm_0.5.references.txt
INFO [2022-07-21 09:49:44] 

	STEP 20: Converting HMM-based CNV states to repr expr vals

INFO [2022-07-21 09:50:03] ::plot_cnv:Start
INFO [2022-07-21 09:50:03] ::plot_cnv:Current data dimensions (r,c)=4837,14789 Total=71784143 Min=1 Max=1.5.
INFO [2022-07-21 09:50:04] ::plot_cnv:Depending on the size of the matrix this may take a moment.
INFO [2022-07-21 09:51:06] plot_cnv_observation:Start
INFO [2022-07-21 09:51:06] Observation data size: Cells= 1110 Genes= 4837
INFO [2022-07-21 09:51:06] plot_cnv_observation:Writing observation groupings/color.
INFO [2022-07-21 09:51:06] plot_cnv_observation:Done writing observation groupings/color.
INFO [2022-07-21 09:51:06] plot_cnv_observation:Writing observation heatmap thresholds.
INFO [2022-07-21 09:51:06] plot_cnv_observation:Done writing observation heatmap thresholds.
INFO [2022-07-21 09:51:07] Colors for breaks:  #00008B,#24249B,#4848AB,#6D6DBC,#9191CC,#B6B6DD,#DADAEE,#FFFFFF,#EEDADA,#DDB6B6,#CC9191,#BC6D6D,#AB4848,#9B2424,#8B0000
INFO [2022-07-21 09:51:07] Quantiles of plotted data range: 1,1,1,1,1.5
INFO [2022-07-21 09:51:08] plot_cnv_observations:Writing observation data to ./data/infercnv/inferCNV_out_new/Pool105_89//infercnv.20_HMM_predHMMi6.hmm_mode-samples.Pnorm_0.5.repr_intensities.observations.txt
INFO [2022-07-21 09:51:13] plot_cnv_references:Start
INFO [2022-07-21 09:51:13] Reference data size: Cells= 13679 Genes= 4837
INFO [2022-07-21 12:48:11] plot_cnv_references:Number reference groups= 1
INFO [2022-07-21 12:48:12] plot_cnv_references:Plotting heatmap.
INFO [2022-07-21 12:48:28] Colors for breaks:  #00008B,#24249B,#4848AB,#6D6DBC,#9191CC,#B6B6DD,#DADAEE,#FFFFFF,#EEDADA,#DDB6B6,#CC9191,#BC6D6D,#AB4848,#9B2424,#8B0000
INFO [2022-07-21 12:48:28] Quantiles of plotted data range: 1,1,1,1,1
INFO [2022-07-21 12:48:33] plot_cnv_references:Writing reference data to ./data/infercnv/inferCNV_out_new/Pool105_89//infercnv.20_HMM_predHMMi6.hmm_mode-samples.Pnorm_0.5.repr_intensities.references.txt
INFO [2022-07-21 12:49:29] 

	STEP 22: Denoising

INFO [2022-07-21 12:49:29] ::process_data:Remove noise, noise threshold defined via ref mean sd_amplifier:  1.5
INFO [2022-07-21 12:49:29] denoising using mean(normal) +- sd_amplifier * sd(normal) per gene per cell across all data
INFO [2022-07-21 12:49:32] :: **** clear_noise_via_ref_quantiles **** : removing noise between bounds:  0.938778069502212 - 1.06298759104483
INFO [2022-07-21 12:50:09] 

## Making the final infercnv heatmap ##
INFO [2022-07-21 12:50:10] ::plot_cnv:Start
INFO [2022-07-21 12:50:10] ::plot_cnv:Current data dimensions (r,c)=4837,14789 Total=71743463.9090698 Min=0.69120945686146 Max=1.49293961877597.
INFO [2022-07-21 12:50:11] ::plot_cnv:Depending on the size of the matrix this may take a moment.
INFO [2022-07-21 12:51:22] plot_cnv(): auto thresholding at: (0.881602 , 1.118398)
INFO [2022-07-21 12:51:24] plot_cnv_observation:Start
INFO [2022-07-21 12:51:24] Observation data size: Cells= 1110 Genes= 4837
INFO [2022-07-21 12:51:24] plot_cnv_observation:Writing observation groupings/color.
INFO [2022-07-21 12:51:24] plot_cnv_observation:Done writing observation groupings/color.
INFO [2022-07-21 12:51:24] plot_cnv_observation:Writing observation heatmap thresholds.
INFO [2022-07-21 12:51:24] plot_cnv_observation:Done writing observation heatmap thresholds.
INFO [2022-07-21 12:51:26] Colors for breaks:  #00008B,#24249B,#4848AB,#6D6DBC,#9191CC,#B6B6DD,#DADAEE,#FFFFFF,#EEDADA,#DDB6B6,#CC9191,#BC6D6D,#AB4848,#9B2424,#8B0000
INFO [2022-07-21 12:51:26] Quantiles of plotted data range: 0.881602268165933,1.00088283027352,1.00088283027352,1.00088283027352,1.11839773183407
INFO [2022-07-21 12:51:27] plot_cnv_observations:Writing observation data to ./data/infercnv/inferCNV_out_new/Pool105_89//infercnv.observations.txt
INFO [2022-07-21 12:51:32] plot_cnv_references:Start
INFO [2022-07-21 12:51:32] Reference data size: Cells= 13679 Genes= 4837
INFO [2022-07-21 16:09:49] plot_cnv_references:Number reference groups= 1
INFO [2022-07-21 16:09:50] plot_cnv_references:Plotting heatmap.
INFO [2022-07-21 16:10:05] Colors for breaks:  #00008B,#24249B,#4848AB,#6D6DBC,#9191CC,#B6B6DD,#DADAEE,#FFFFFF,#EEDADA,#DDB6B6,#CC9191,#BC6D6D,#AB4848,#9B2424,#8B0000
INFO [2022-07-21 16:10:05] Quantiles of plotted data range: 0.881602268165933,1.00088283027352,1.00088283027352,1.00088283027352,1.11839773183407
INFO [2022-07-21 16:10:11] plot_cnv_references:Writing reference data to ./data/infercnv/inferCNV_out_new/Pool105_89//infercnv.references.txt
Warning messages:
1: In type.convert.default(X[[i]], ...) :
  'as.is' should be specified by the caller; using TRUE
2: In type.convert.default(X[[i]], ...) :
  'as.is' should be specified by the caller; using TRUE
3: In type.convert.default(X[[i]], ...) :
  'as.is' should be specified by the caller; using TRUE
4: In type.convert.default(X[[i]], ...) :
  'as.is' should be specified by the caller; using TRUE
