[1] "/liulab/galib/mouse_scRNAseq_margaret/data/infercnv/inferCNV_out_new/14mos"
Warning message:
package ‘rBCS’ was built under R version 4.1.3 
── Attaching packages ─────────────────────────────────────── tidyverse 1.3.1 ──
✔ ggplot2 3.3.6     ✔ purrr   0.3.4
✔ tibble  3.1.7     ✔ dplyr   1.0.9
✔ tidyr   1.2.0     ✔ stringr 1.4.0
✔ readr   2.1.2     ✔ forcats 0.5.1
── Conflicts ────────────────────────────────────────── tidyverse_conflicts() ──
✖ dplyr::filter() masks stats::filter()
✖ dplyr::lag()    masks stats::lag()
Warning messages:
1: package ‘tidyverse’ was built under R version 4.1.3 
2: package ‘ggplot2’ was built under R version 4.1.3 
3: package ‘tibble’ was built under R version 4.1.3 
4: package ‘tidyr’ was built under R version 4.1.2 
5: package ‘readr’ was built under R version 4.1.2 
6: package ‘dplyr’ was built under R version 4.1.3 
7: package ‘forcats’ was built under R version 4.1.3 
Attaching SeuratObject
Attaching sp
Warning message:
package ‘Seurat’ was built under R version 4.1.3 
here() starts at /liulab/galib/mouse_scRNAseq_margaret
Loading required package: usethis
Warning message:
package ‘ggpubr’ was built under R version 4.1.3 
Warning message:
package ‘infercnv’ was built under R version 4.1.3 
[1]  32285 176583
Rows: 55228 Columns: 4
── Column specification ────────────────────────────────────────────────────────
Delimiter: "\t"
chr (2): X1, X2
dbl (2): X3, X4

ℹ Use `spec()` to retrieve the full column specification for this data.
ℹ Specify the column types or set `show_col_types = FALSE` to quiet this message.
[1] 12
INFO [2022-07-16 16:52:33] Parsing gene order file: ./data/infercnv/gene_order_file.txt
INFO [2022-07-16 16:52:33] ::order_reduce:Start.
INFO [2022-07-16 16:52:41] .order_reduce(): expr and order match.
INFO [2022-07-16 16:53:13] ::process_data:order_reduce:Reduction from positional data, new dimensions (r,c) = 32285,176583 Total=901670571 Min=0 Max=21505.
INFO [2022-07-16 16:53:15] num genes removed taking into account provided gene ordering list: 1949 = 6.03685922254917% removed.
INFO [2022-07-16 16:53:16] -filtering out cells < 100 or > Inf, removing 0 % of cells
INFO [2022-07-16 16:53:24] validating infercnv_obj
INFO [2022-07-16 16:53:24] ::process_data:Start
INFO [2022-07-16 16:53:24] Creating output path ./data/infercnv/inferCNV_out_new/Pool105_51/
INFO [2022-07-16 16:53:24] Checking for saved results.
INFO [2022-07-16 16:53:24] 

	STEP 1: incoming data

INFO [2022-07-16 16:53:49] 

	STEP 02: Removing lowly expressed genes

INFO [2022-07-16 16:53:49] ::above_min_mean_expr_cutoff:Start
INFO [2022-07-16 16:53:50] Removing 25632 genes from matrix as below mean expr threshold: 0.1
INFO [2022-07-16 16:53:50] validating infercnv_obj
INFO [2022-07-16 16:53:50] There are 4704 genes and 18085 cells remaining in the expr matrix.
INFO [2022-07-16 16:53:55] no genes removed due to min cells/gene filter
INFO [2022-07-16 16:54:19] 

	STEP 03: normalization by sequencing depth

INFO [2022-07-16 16:54:19] normalizing counts matrix by depth
INFO [2022-07-16 16:54:25] Computed total sum normalization factor as median libsize: 3064.000000
INFO [2022-07-16 16:54:26] Adding h-spike
INFO [2022-07-16 16:54:26] -hspike modeling of WT
INFO [2022-07-16 16:55:23] validating infercnv_obj
INFO [2022-07-16 16:55:23] normalizing counts matrix by depth
INFO [2022-07-16 16:55:23] Using specified normalization factor: 3064.000000
INFO [2022-07-16 16:55:51] 

	STEP 04: log transformation of data

INFO [2022-07-16 16:55:51] transforming log2xplus1()
INFO [2022-07-16 16:55:55] -mirroring for hspike
INFO [2022-07-16 16:55:55] transforming log2xplus1()
INFO [2022-07-16 16:56:25] 

	STEP 08: removing average of reference data (before smoothing)

INFO [2022-07-16 16:56:25] ::subtract_ref_expr_from_obs:Start inv_log=FALSE, use_bounds=TRUE
INFO [2022-07-16 16:56:25] subtracting mean(normal) per gene per cell across all data
INFO [2022-07-16 16:56:31] -subtracting expr per gene, use_bounds=TRUE
INFO [2022-07-16 17:25:38] -mirroring for hspike
INFO [2022-07-16 17:25:38] ::subtract_ref_expr_from_obs:Start inv_log=FALSE, use_bounds=TRUE
INFO [2022-07-16 17:25:38] subtracting mean(normal) per gene per cell across all data
INFO [2022-07-16 17:25:40] -subtracting expr per gene, use_bounds=TRUE
INFO [2022-07-16 17:26:21] 

	STEP 09: apply max centered expression threshold: 3

INFO [2022-07-16 17:26:21] ::process_data:setting max centered expr, threshold set to: +/-:  3
INFO [2022-07-16 17:26:22] -mirroring for hspike
INFO [2022-07-16 17:26:22] ::process_data:setting max centered expr, threshold set to: +/-:  3
INFO [2022-07-16 17:27:03] 

	STEP 10: Smoothing data per cell by chromosome

INFO [2022-07-16 17:27:03] smooth_by_chromosome: chr: chr1
INFO [2022-07-16 17:27:17] smooth_by_chromosome: chr: chr10
INFO [2022-07-16 17:27:31] smooth_by_chromosome: chr: chr11
INFO [2022-07-16 17:27:46] smooth_by_chromosome: chr: chr12
INFO [2022-07-16 17:28:00] smooth_by_chromosome: chr: chr13
INFO [2022-07-16 17:28:13] smooth_by_chromosome: chr: chr14
INFO [2022-07-16 17:28:26] smooth_by_chromosome: chr: chr15
INFO [2022-07-16 17:28:40] smooth_by_chromosome: chr: chr16
INFO [2022-07-16 17:28:54] smooth_by_chromosome: chr: chr17
INFO [2022-07-16 17:29:07] smooth_by_chromosome: chr: chr18
INFO [2022-07-16 17:29:19] smooth_by_chromosome: chr: chr19
INFO [2022-07-16 17:29:32] smooth_by_chromosome: chr: chr2
INFO [2022-07-16 17:29:48] smooth_by_chromosome: chr: chr3
INFO [2022-07-16 17:30:02] smooth_by_chromosome: chr: chr4
INFO [2022-07-16 17:30:16] smooth_by_chromosome: chr: chr5
INFO [2022-07-16 17:30:31] smooth_by_chromosome: chr: chr6
INFO [2022-07-16 17:30:46] smooth_by_chromosome: chr: chr7
INFO [2022-07-16 17:31:03] smooth_by_chromosome: chr: chr8
INFO [2022-07-16 17:31:16] smooth_by_chromosome: chr: chr9
INFO [2022-07-16 17:31:30] -mirroring for hspike
INFO [2022-07-16 17:31:30] smooth_by_chromosome: chr: chrA
INFO [2022-07-16 17:31:30] smooth_by_chromosome: chr: chr_0
INFO [2022-07-16 17:31:30] smooth_by_chromosome: chr: chr_B
INFO [2022-07-16 17:31:30] smooth_by_chromosome: chr: chr_0pt5
INFO [2022-07-16 17:31:30] smooth_by_chromosome: chr: chr_C
INFO [2022-07-16 17:31:31] smooth_by_chromosome: chr: chr_1pt5
INFO [2022-07-16 17:31:31] smooth_by_chromosome: chr: chr_D
INFO [2022-07-16 17:31:31] smooth_by_chromosome: chr: chr_2pt0
INFO [2022-07-16 17:31:31] smooth_by_chromosome: chr: chr_E
INFO [2022-07-16 17:31:31] smooth_by_chromosome: chr: chr_3pt0
INFO [2022-07-16 17:31:32] smooth_by_chromosome: chr: chr_F
INFO [2022-07-16 17:32:12] 

	STEP 11: re-centering data across chromosome after smoothing

INFO [2022-07-16 17:32:12] ::center_smooth across chromosomes per cell
INFO [2022-07-16 17:32:26] -mirroring for hspike
INFO [2022-07-16 17:32:26] ::center_smooth across chromosomes per cell
INFO [2022-07-16 17:33:11] 

	STEP 12: removing average of reference data (after smoothing)

INFO [2022-07-16 17:33:11] ::subtract_ref_expr_from_obs:Start inv_log=FALSE, use_bounds=TRUE
INFO [2022-07-16 17:33:11] subtracting mean(normal) per gene per cell across all data
INFO [2022-07-16 17:33:17] -subtracting expr per gene, use_bounds=TRUE
INFO [2022-07-16 17:33:24] -mirroring for hspike
INFO [2022-07-16 17:33:24] ::subtract_ref_expr_from_obs:Start inv_log=FALSE, use_bounds=TRUE
INFO [2022-07-16 17:33:24] subtracting mean(normal) per gene per cell across all data
INFO [2022-07-16 17:33:25] -subtracting expr per gene, use_bounds=TRUE
INFO [2022-07-16 17:34:14] 

	STEP 14: invert log2(FC) to FC

INFO [2022-07-16 17:34:14] invert_log2(), computing 2^x
INFO [2022-07-16 17:34:19] -mirroring for hspike
INFO [2022-07-16 17:34:19] invert_log2(), computing 2^x
INFO [2022-07-16 17:35:29] 

	STEP 15: Clustering samples (not defining tumor subclusters)

INFO [2022-07-16 17:35:29] define_signif_tumor_subclusters(p_val=0.1
INFO [2022-07-16 17:35:29] define_signif_tumor_subclusters(), tumor: CD70-/-;Bcl6tg/+
INFO [2022-07-16 17:38:00] cut tree into: 1 groups
INFO [2022-07-16 17:38:00] -processing CD70-/-;Bcl6tg/+,CD70-/-;Bcl6tg/+_s1
INFO [2022-07-16 17:38:00] define_signif_tumor_subclusters(), tumor: WT
INFO [2022-07-16 22:14:04] cut tree into: 1 groups
INFO [2022-07-16 22:14:04] -processing WT,WT_s1
INFO [2022-07-16 22:14:04] -mirroring for hspike
INFO [2022-07-16 22:14:04] define_signif_tumor_subclusters(p_val=0.1
INFO [2022-07-16 22:14:04] define_signif_tumor_subclusters(), tumor: spike_tumor_cell_WT
INFO [2022-07-16 22:14:04] cut tree into: 1 groups
INFO [2022-07-16 22:14:04] -processing spike_tumor_cell_WT,spike_tumor_cell_WT_s1
INFO [2022-07-16 22:14:04] define_signif_tumor_subclusters(), tumor: simnorm_cell_WT
INFO [2022-07-16 22:14:04] cut tree into: 1 groups
INFO [2022-07-16 22:14:04] -processing simnorm_cell_WT,simnorm_cell_WT_s1
INFO [2022-07-16 22:16:01] ::plot_cnv:Start
INFO [2022-07-16 22:16:01] ::plot_cnv:Current data dimensions (r,c)=4704,18085 Total=85154284.0409399 Min=0.666193461116205 Max=3.06844578291721.
INFO [2022-07-16 22:16:02] ::plot_cnv:Depending on the size of the matrix this may take a moment.
INFO [2022-07-16 22:17:29] plot_cnv(): auto thresholding at: (0.888196 , 1.113742)
INFO [2022-07-16 22:17:32] plot_cnv_observation:Start
INFO [2022-07-16 22:17:32] Observation data size: Cells= 1951 Genes= 4704
INFO [2022-07-16 22:17:32] plot_cnv_observation:Writing observation groupings/color.
INFO [2022-07-16 22:17:32] plot_cnv_observation:Done writing observation groupings/color.
INFO [2022-07-16 22:17:32] plot_cnv_observation:Writing observation heatmap thresholds.
INFO [2022-07-16 22:17:32] plot_cnv_observation:Done writing observation heatmap thresholds.
INFO [2022-07-16 22:17:34] Colors for breaks:  #00008B,#24249B,#4848AB,#6D6DBC,#9191CC,#B6B6DD,#DADAEE,#FFFFFF,#EEDADA,#DDB6B6,#CC9191,#BC6D6D,#AB4848,#9B2424,#8B0000
INFO [2022-07-16 22:17:34] Quantiles of plotted data range: 0.888196022336823,0.972003068533249,0.998821943438291,1.0283806506937,1.11374219931067
INFO [2022-07-16 22:17:36] plot_cnv_observations:Writing observation data to ./data/infercnv/inferCNV_out_new/Pool105_51//infercnv.preliminary.observations.txt
INFO [2022-07-16 22:17:45] plot_cnv_references:Start
INFO [2022-07-16 22:17:45] Reference data size: Cells= 16134 Genes= 4704
INFO [2022-07-17 02:50:49] plot_cnv_references:Number reference groups= 1
INFO [2022-07-17 02:50:50] plot_cnv_references:Plotting heatmap.
INFO [2022-07-17 02:51:07] Colors for breaks:  #00008B,#24249B,#4848AB,#6D6DBC,#9191CC,#B6B6DD,#DADAEE,#FFFFFF,#EEDADA,#DDB6B6,#CC9191,#BC6D6D,#AB4848,#9B2424,#8B0000
INFO [2022-07-17 02:51:07] Quantiles of plotted data range: 0.888196022336823,0.97321517961373,0.998846113864621,1.02621723216764,1.11374219931067
INFO [2022-07-17 02:51:16] plot_cnv_references:Writing reference data to ./data/infercnv/inferCNV_out_new/Pool105_51//infercnv.preliminary.references.txt
INFO [2022-07-17 02:52:29] 

	STEP 17: HMM-based CNV prediction

INFO [2022-07-17 02:52:29] predict_CNV_via_HMM_on_whole_tumor_samples
INFO [2022-07-17 02:52:32] -done predicting CNV based on initial tumor subclusters
INFO [2022-07-17 02:52:32] get_predicted_CNV_regions(subcluster)
INFO [2022-07-17 02:52:32] -processing cell_group_name: CD70-/-;Bcl6tg/+.CD70-/-;Bcl6tg/+_s1, size: 1951
INFO [2022-07-17 02:52:42] -processing cell_group_name: WT.WT_s1, size: 16134
INFO [2022-07-17 02:53:33] -writing cell clusters file: ./data/infercnv/inferCNV_out_new/Pool105_51//17_HMM_predHMMi6.hmm_mode-samples.cell_groupings
INFO [2022-07-17 02:53:33] -writing cnv regions file: ./data/infercnv/inferCNV_out_new/Pool105_51//17_HMM_predHMMi6.hmm_mode-samples.pred_cnv_regions.dat
INFO [2022-07-17 02:53:33] -writing per-gene cnv report: ./data/infercnv/inferCNV_out_new/Pool105_51//17_HMM_predHMMi6.hmm_mode-samples.pred_cnv_genes.dat
INFO [2022-07-17 02:53:33] -writing gene ordering info: ./data/infercnv/inferCNV_out_new/Pool105_51//17_HMM_predHMMi6.hmm_mode-samples.genes_used.dat
INFO [2022-07-17 02:53:51] ::plot_cnv:Start
INFO [2022-07-17 02:53:51] ::plot_cnv:Current data dimensions (r,c)=4704,18085 Total=255346237 Min=3 Max=4.
INFO [2022-07-17 02:53:52] ::plot_cnv:Depending on the size of the matrix this may take a moment.
INFO [2022-07-17 02:55:01] plot_cnv_observation:Start
INFO [2022-07-17 02:55:01] Observation data size: Cells= 1951 Genes= 4704
INFO [2022-07-17 02:55:01] plot_cnv_observation:Writing observation groupings/color.
INFO [2022-07-17 02:55:02] plot_cnv_observation:Done writing observation groupings/color.
INFO [2022-07-17 02:55:02] plot_cnv_observation:Writing observation heatmap thresholds.
INFO [2022-07-17 02:55:02] plot_cnv_observation:Done writing observation heatmap thresholds.
INFO [2022-07-17 02:55:03] Colors for breaks:  #00008B,#24249B,#4848AB,#6D6DBC,#9191CC,#B6B6DD,#DADAEE,#FFFFFF,#EEDADA,#DDB6B6,#CC9191,#BC6D6D,#AB4848,#9B2424,#8B0000
INFO [2022-07-17 02:55:03] Quantiles of plotted data range: 3,3,3,3,4
INFO [2022-07-17 02:55:05] plot_cnv_observations:Writing observation data to ./data/infercnv/inferCNV_out_new/Pool105_51//infercnv.17_HMM_predHMMi6.hmm_mode-samples.observations.txt
INFO [2022-07-17 02:55:12] plot_cnv_references:Start
INFO [2022-07-17 02:55:12] Reference data size: Cells= 16134 Genes= 4704
INFO [2022-07-17 07:17:31] plot_cnv_references:Number reference groups= 1
INFO [2022-07-17 07:17:32] plot_cnv_references:Plotting heatmap.
INFO [2022-07-17 07:17:51] Colors for breaks:  #00008B,#24249B,#4848AB,#6D6DBC,#9191CC,#B6B6DD,#DADAEE,#FFFFFF,#EEDADA,#DDB6B6,#CC9191,#BC6D6D,#AB4848,#9B2424,#8B0000
INFO [2022-07-17 07:17:51] Quantiles of plotted data range: 3,3,3,3,3
INFO [2022-07-17 07:17:57] plot_cnv_references:Writing reference data to ./data/infercnv/inferCNV_out_new/Pool105_51//infercnv.17_HMM_predHMMi6.hmm_mode-samples.references.txt
INFO [2022-07-17 07:19:02] 

	STEP 18: Run Bayesian Network Model on HMM predicted CNVs

INFO [2022-07-17 07:19:03] Creating the following Directory:  ./data/infercnv/inferCNV_out_new/Pool105_51//BayesNetOutput.HMMi6.hmm_mode-samples
INFO [2022-07-17 07:19:03] Initializing new MCM InferCNV Object.
INFO [2022-07-17 07:19:03] validating infercnv_obj
INFO [2022-07-17 07:19:03] Total CNV's:  1
INFO [2022-07-17 07:19:03] Loading BUGS Model.
INFO [2022-07-17 07:19:03] Running Sampling Using Parallel with  64 Cores
INFO [2022-07-17 07:24:56] Obtaining probabilities post-sampling
INFO [2022-07-17 07:25:04] Gibbs sampling time:  6.01772498289744  Minutes
INFO [2022-07-17 07:26:02] ::plot_cnv:Start
INFO [2022-07-17 07:26:02] ::plot_cnv:Current data dimensions (r,c)=4704,18085 Total=82423.2447905882 Min=0 Max=0.630547249329378.
INFO [2022-07-17 07:26:02] ::plot_cnv:Depending on the size of the matrix this may take a moment.
INFO [2022-07-17 07:26:04] plot_cnv_observation:Start
INFO [2022-07-17 07:26:04] Observation data size: Cells= 1951 Genes= 4704
INFO [2022-07-17 07:26:04] plot_cnv_observation:Writing observation groupings/color.
INFO [2022-07-17 07:26:05] plot_cnv_observation:Done writing observation groupings/color.
INFO [2022-07-17 07:26:05] plot_cnv_observation:Writing observation heatmap thresholds.
INFO [2022-07-17 07:26:05] plot_cnv_observation:Done writing observation heatmap thresholds.
INFO [2022-07-17 07:26:06] Colors for breaks:  #00008B,#24249B,#4848AB,#6D6DBC,#9191CC,#B6B6DD,#DADAEE,#FFFFFF,#EEDADA,#DDB6B6,#CC9191,#BC6D6D,#AB4848,#9B2424,#8B0000
INFO [2022-07-17 07:26:06] Quantiles of plotted data range: 0,0,0,0,0.630547249329378
INFO [2022-07-17 07:26:08] plot_cnv_observations:Writing observation data to ./data/infercnv/inferCNV_out_new/Pool105_51//BayesNetOutput.HMMi6.hmm_mode-samples/infercnv.NormalProbabilities.PreFiltering.observations.txt
INFO [2022-07-17 07:26:14] plot_cnv_references:Start
INFO [2022-07-17 07:26:14] Reference data size: Cells= 16134 Genes= 4704
INFO [2022-07-17 11:38:03] plot_cnv_references:Number reference groups= 1
INFO [2022-07-17 11:38:04] plot_cnv_references:Plotting heatmap.
INFO [2022-07-17 11:38:22] Colors for breaks:  #00008B,#24249B,#4848AB,#6D6DBC,#9191CC,#B6B6DD,#DADAEE,#FFFFFF,#EEDADA,#DDB6B6,#CC9191,#BC6D6D,#AB4848,#9B2424,#8B0000
INFO [2022-07-17 11:38:22] Quantiles of plotted data range: 0,0,0,0,0
INFO [2022-07-17 11:38:29] plot_cnv_references:Writing reference data to ./data/infercnv/inferCNV_out_new/Pool105_51//BayesNetOutput.HMMi6.hmm_mode-samples/infercnv.NormalProbabilities.PreFiltering.references.txt
INFO [2022-07-17 11:40:18] 

	STEP 19: Filter HMM predicted CNVs based on the Bayesian Network Model results and BayesMaxPNormal

INFO [2022-07-17 11:40:18] Attempting to removing CNV(s) with a probability of being normal above  0.5
INFO [2022-07-17 11:40:18] Removing  0  CNV(s) identified by the HMM.
INFO [2022-07-17 11:40:18] Reassigning CNVs based on state probabilities.
INFO [2022-07-17 11:40:18] Creating Plots for CNV and cell Probabilities.
INFO [2022-07-17 11:40:21] ::plot_cnv:Start
INFO [2022-07-17 11:40:21] ::plot_cnv:Current data dimensions (r,c)=4704,18085 Total=82423.2447905882 Min=0 Max=0.630547249329378.
INFO [2022-07-17 11:40:22] ::plot_cnv:Depending on the size of the matrix this may take a moment.
INFO [2022-07-17 11:40:25] plot_cnv_observation:Start
INFO [2022-07-17 11:40:25] Observation data size: Cells= 1951 Genes= 4704
INFO [2022-07-17 11:40:25] plot_cnv_observation:Writing observation groupings/color.
INFO [2022-07-17 11:40:25] plot_cnv_observation:Done writing observation groupings/color.
INFO [2022-07-17 11:40:25] plot_cnv_observation:Writing observation heatmap thresholds.
INFO [2022-07-17 11:40:25] plot_cnv_observation:Done writing observation heatmap thresholds.
INFO [2022-07-17 11:40:26] Colors for breaks:  #00008B,#24249B,#4848AB,#6D6DBC,#9191CC,#B6B6DD,#DADAEE,#FFFFFF,#EEDADA,#DDB6B6,#CC9191,#BC6D6D,#AB4848,#9B2424,#8B0000
INFO [2022-07-17 11:40:26] Quantiles of plotted data range: 0,0,0,0,0.630547249329378
INFO [2022-07-17 11:40:28] plot_cnv_observations:Writing observation data to ./data/infercnv/inferCNV_out_new/Pool105_51//BayesNetOutput.HMMi6.hmm_mode-samples/infercnv.NormalProbabilities.PostFiltering.observations.txt
INFO [2022-07-17 11:40:34] plot_cnv_references:Start
INFO [2022-07-17 11:40:34] Reference data size: Cells= 16134 Genes= 4704
INFO [2022-07-17 15:51:23] plot_cnv_references:Number reference groups= 1
INFO [2022-07-17 15:51:24] plot_cnv_references:Plotting heatmap.
INFO [2022-07-17 15:51:43] Colors for breaks:  #00008B,#24249B,#4848AB,#6D6DBC,#9191CC,#B6B6DD,#DADAEE,#FFFFFF,#EEDADA,#DDB6B6,#CC9191,#BC6D6D,#AB4848,#9B2424,#8B0000
INFO [2022-07-17 15:51:43] Quantiles of plotted data range: 0,0,0,0,0
INFO [2022-07-17 15:51:50] plot_cnv_references:Writing reference data to ./data/infercnv/inferCNV_out_new/Pool105_51//BayesNetOutput.HMMi6.hmm_mode-samples/infercnv.NormalProbabilities.PostFiltering.references.txt
INFO [2022-07-17 15:53:10] ::plot_cnv:Start
INFO [2022-07-17 15:53:10] ::plot_cnv:Current data dimensions (r,c)=4704,18085 Total=255346237 Min=3 Max=4.
INFO [2022-07-17 15:53:10] ::plot_cnv:Depending on the size of the matrix this may take a moment.
INFO [2022-07-17 15:54:30] plot_cnv_observation:Start
INFO [2022-07-17 15:54:30] Observation data size: Cells= 1951 Genes= 4704
INFO [2022-07-17 15:54:31] plot_cnv_observation:Writing observation groupings/color.
INFO [2022-07-17 15:54:31] plot_cnv_observation:Done writing observation groupings/color.
INFO [2022-07-17 15:54:31] plot_cnv_observation:Writing observation heatmap thresholds.
INFO [2022-07-17 15:54:31] plot_cnv_observation:Done writing observation heatmap thresholds.
INFO [2022-07-17 15:54:32] Colors for breaks:  #00008B,#24249B,#4848AB,#6D6DBC,#9191CC,#B6B6DD,#DADAEE,#FFFFFF,#EEDADA,#DDB6B6,#CC9191,#BC6D6D,#AB4848,#9B2424,#8B0000
INFO [2022-07-17 15:54:32] Quantiles of plotted data range: 3,3,3,3,4
INFO [2022-07-17 15:54:34] plot_cnv_observations:Writing observation data to ./data/infercnv/inferCNV_out_new/Pool105_51//infercnv.19_HMM_pred.Bayes_Net.Pnorm_0.5.observations.txt
INFO [2022-07-17 15:54:42] plot_cnv_references:Start
INFO [2022-07-17 15:54:42] Reference data size: Cells= 16134 Genes= 4704
INFO [2022-07-17 19:35:29] plot_cnv_references:Number reference groups= 1
INFO [2022-07-17 19:35:30] plot_cnv_references:Plotting heatmap.
INFO [2022-07-17 19:35:50] Colors for breaks:  #00008B,#24249B,#4848AB,#6D6DBC,#9191CC,#B6B6DD,#DADAEE,#FFFFFF,#EEDADA,#DDB6B6,#CC9191,#BC6D6D,#AB4848,#9B2424,#8B0000
INFO [2022-07-17 19:35:50] Quantiles of plotted data range: 3,3,3,3,3
INFO [2022-07-17 19:35:58] plot_cnv_references:Writing reference data to ./data/infercnv/inferCNV_out_new/Pool105_51//infercnv.19_HMM_pred.Bayes_Net.Pnorm_0.5.references.txt
INFO [2022-07-17 19:37:16] 

	STEP 20: Converting HMM-based CNV states to repr expr vals

INFO [2022-07-17 19:37:41] ::plot_cnv:Start
INFO [2022-07-17 19:37:41] ::plot_cnv:Current data dimensions (r,c)=4704,18085 Total=85137198.5 Min=1 Max=1.5.
INFO [2022-07-17 19:37:42] ::plot_cnv:Depending on the size of the matrix this may take a moment.
INFO [2022-07-17 19:39:04] plot_cnv_observation:Start
INFO [2022-07-17 19:39:04] Observation data size: Cells= 1951 Genes= 4704
INFO [2022-07-17 19:39:04] plot_cnv_observation:Writing observation groupings/color.
INFO [2022-07-17 19:39:04] plot_cnv_observation:Done writing observation groupings/color.
INFO [2022-07-17 19:39:04] plot_cnv_observation:Writing observation heatmap thresholds.
INFO [2022-07-17 19:39:05] plot_cnv_observation:Done writing observation heatmap thresholds.
INFO [2022-07-17 19:39:06] Colors for breaks:  #00008B,#24249B,#4848AB,#6D6DBC,#9191CC,#B6B6DD,#DADAEE,#FFFFFF,#EEDADA,#DDB6B6,#CC9191,#BC6D6D,#AB4848,#9B2424,#8B0000
INFO [2022-07-17 19:39:06] Quantiles of plotted data range: 1,1,1,1,1.5
INFO [2022-07-17 19:39:08] plot_cnv_observations:Writing observation data to ./data/infercnv/inferCNV_out_new/Pool105_51//infercnv.20_HMM_predHMMi6.hmm_mode-samples.Pnorm_0.5.repr_intensities.observations.txt
INFO [2022-07-17 19:39:17] plot_cnv_references:Start
INFO [2022-07-17 19:39:17] Reference data size: Cells= 16134 Genes= 4704
INFO [2022-07-17 23:12:52] plot_cnv_references:Number reference groups= 1
INFO [2022-07-17 23:12:53] plot_cnv_references:Plotting heatmap.
INFO [2022-07-17 23:13:12] Colors for breaks:  #00008B,#24249B,#4848AB,#6D6DBC,#9191CC,#B6B6DD,#DADAEE,#FFFFFF,#EEDADA,#DDB6B6,#CC9191,#BC6D6D,#AB4848,#9B2424,#8B0000
INFO [2022-07-17 23:13:12] Quantiles of plotted data range: 1,1,1,1,1
INFO [2022-07-17 23:13:19] plot_cnv_references:Writing reference data to ./data/infercnv/inferCNV_out_new/Pool105_51//infercnv.20_HMM_predHMMi6.hmm_mode-samples.Pnorm_0.5.repr_intensities.references.txt
INFO [2022-07-17 23:14:30] 

	STEP 22: Denoising

INFO [2022-07-17 23:14:30] ::process_data:Remove noise, noise threshold defined via ref mean sd_amplifier:  1.5
INFO [2022-07-17 23:14:30] denoising using mean(normal) +- sd_amplifier * sd(normal) per gene per cell across all data
INFO [2022-07-17 23:14:33] :: **** clear_noise_via_ref_quantiles **** : removing noise between bounds:  0.939171995049246 - 1.06256799239817
INFO [2022-07-17 23:15:21] 

## Making the final infercnv heatmap ##
INFO [2022-07-17 23:15:22] ::plot_cnv:Start
INFO [2022-07-17 23:15:22] ::plot_cnv:Current data dimensions (r,c)=4704,18085 Total=85301475.573494 Min=0.666193461116205 Max=3.06844578291721.
INFO [2022-07-17 23:15:23] ::plot_cnv:Depending on the size of the matrix this may take a moment.
INFO [2022-07-17 23:16:56] plot_cnv(): auto thresholding at: (0.886258 , 1.113742)
INFO [2022-07-17 23:16:58] plot_cnv_observation:Start
INFO [2022-07-17 23:16:58] Observation data size: Cells= 1951 Genes= 4704
INFO [2022-07-17 23:16:59] plot_cnv_observation:Writing observation groupings/color.
INFO [2022-07-17 23:16:59] plot_cnv_observation:Done writing observation groupings/color.
INFO [2022-07-17 23:16:59] plot_cnv_observation:Writing observation heatmap thresholds.
INFO [2022-07-17 23:16:59] plot_cnv_observation:Done writing observation heatmap thresholds.
INFO [2022-07-17 23:17:00] Colors for breaks:  #00008B,#24249B,#4848AB,#6D6DBC,#9191CC,#B6B6DD,#DADAEE,#FFFFFF,#EEDADA,#DDB6B6,#CC9191,#BC6D6D,#AB4848,#9B2424,#8B0000
INFO [2022-07-17 23:17:01] Quantiles of plotted data range: 0.886257800689333,1.00086999372371,1.00086999372371,1.00086999372371,1.11374219931067
INFO [2022-07-17 23:17:02] plot_cnv_observations:Writing observation data to ./data/infercnv/inferCNV_out_new/Pool105_51//infercnv.observations.txt
INFO [2022-07-17 23:17:12] plot_cnv_references:Start
INFO [2022-07-17 23:17:12] Reference data size: Cells= 16134 Genes= 4704
INFO [2022-07-18 02:43:54] plot_cnv_references:Number reference groups= 1
INFO [2022-07-18 02:43:55] plot_cnv_references:Plotting heatmap.
INFO [2022-07-18 02:44:12] Colors for breaks:  #00008B,#24249B,#4848AB,#6D6DBC,#9191CC,#B6B6DD,#DADAEE,#FFFFFF,#EEDADA,#DDB6B6,#CC9191,#BC6D6D,#AB4848,#9B2424,#8B0000
INFO [2022-07-18 02:44:12] Quantiles of plotted data range: 0.886257800689333,1.00086999372371,1.00086999372371,1.00086999372371,1.11374219931067
INFO [2022-07-18 02:44:19] plot_cnv_references:Writing reference data to ./data/infercnv/inferCNV_out_new/Pool105_51//infercnv.references.txt
Warning message:
In type.convert.default(X[[i]], ...) :
  'as.is' should be specified by the caller; using TRUE
