[1] "/liulab/galib/mouse_scRNAseq_margaret/data/infercnv/inferCNV_out_new/18mos"
Warning message:
package ‘rBCS’ was built under R version 4.1.3 
── Attaching packages ─────────────────────────────────────── tidyverse 1.3.1 ──
✔ ggplot2 3.3.6     ✔ purrr   0.3.4
✔ tibble  3.1.7     ✔ dplyr   1.0.9
✔ tidyr   1.2.0     ✔ stringr 1.4.0
✔ readr   2.1.2     ✔ forcats 0.5.1
── Conflicts ────────────────────────────────────────── tidyverse_conflicts() ──
✖ dplyr::filter() masks stats::filter()
✖ dplyr::lag()    masks stats::lag()
Warning messages:
1: package ‘tidyverse’ was built under R version 4.1.3 
2: package ‘ggplot2’ was built under R version 4.1.3 
3: package ‘tibble’ was built under R version 4.1.3 
4: package ‘tidyr’ was built under R version 4.1.2 
5: package ‘readr’ was built under R version 4.1.2 
6: package ‘dplyr’ was built under R version 4.1.3 
7: package ‘forcats’ was built under R version 4.1.3 
Attaching SeuratObject
Attaching sp
Warning message:
package ‘Seurat’ was built under R version 4.1.3 
here() starts at /liulab/galib/mouse_scRNAseq_margaret
Loading required package: usethis
Warning message:
package ‘ggpubr’ was built under R version 4.1.3 
Warning message:
package ‘infercnv’ was built under R version 4.1.3 
[1]  32285 176583
Rows: 55228 Columns: 4
── Column specification ────────────────────────────────────────────────────────
Delimiter: "\t"
chr (2): X1, X2
dbl (2): X3, X4

ℹ Use `spec()` to retrieve the full column specification for this data.
ℹ Specify the column types or set `show_col_types = FALSE` to quiet this message.
[1] 15
INFO [2022-07-20 15:17:00] Parsing gene order file: ./data/infercnv/gene_order_file.txt
INFO [2022-07-20 15:17:01] ::order_reduce:Start.
INFO [2022-07-20 15:17:08] .order_reduce(): expr and order match.
INFO [2022-07-20 15:17:42] ::process_data:order_reduce:Reduction from positional data, new dimensions (r,c) = 32285,176583 Total=901670571 Min=0 Max=21505.
INFO [2022-07-20 15:17:44] num genes removed taking into account provided gene ordering list: 1949 = 6.03685922254917% removed.
INFO [2022-07-20 15:17:45] -filtering out cells < 100 or > Inf, removing 0 % of cells
INFO [2022-07-20 15:17:53] validating infercnv_obj
INFO [2022-07-20 15:17:53] ::process_data:Start
INFO [2022-07-20 15:17:53] Creating output path ./data/infercnv/inferCNV_out_new/Pool105_90/
INFO [2022-07-20 15:17:53] Checking for saved results.
INFO [2022-07-20 15:17:53] 

	STEP 1: incoming data

INFO [2022-07-20 15:18:14] 

	STEP 02: Removing lowly expressed genes

INFO [2022-07-20 15:18:14] ::above_min_mean_expr_cutoff:Start
INFO [2022-07-20 15:18:15] Removing 25417 genes from matrix as below mean expr threshold: 0.1
INFO [2022-07-20 15:18:15] validating infercnv_obj
INFO [2022-07-20 15:18:15] There are 4919 genes and 14741 cells remaining in the expr matrix.
INFO [2022-07-20 15:18:20] no genes removed due to min cells/gene filter
INFO [2022-07-20 15:18:41] 

	STEP 03: normalization by sequencing depth

INFO [2022-07-20 15:18:41] normalizing counts matrix by depth
INFO [2022-07-20 15:18:46] Computed total sum normalization factor as median libsize: 3099.000000
INFO [2022-07-20 15:18:46] Adding h-spike
INFO [2022-07-20 15:18:46] -hspike modeling of WT
INFO [2022-07-20 15:19:42] validating infercnv_obj
INFO [2022-07-20 15:19:42] normalizing counts matrix by depth
INFO [2022-07-20 15:19:42] Using specified normalization factor: 3099.000000
INFO [2022-07-20 15:20:04] 

	STEP 04: log transformation of data

INFO [2022-07-20 15:20:04] transforming log2xplus1()
INFO [2022-07-20 15:20:07] -mirroring for hspike
INFO [2022-07-20 15:20:07] transforming log2xplus1()
INFO [2022-07-20 15:20:30] 

	STEP 08: removing average of reference data (before smoothing)

INFO [2022-07-20 15:20:30] ::subtract_ref_expr_from_obs:Start inv_log=FALSE, use_bounds=TRUE
INFO [2022-07-20 15:20:30] subtracting mean(normal) per gene per cell across all data
INFO [2022-07-20 15:20:35] -subtracting expr per gene, use_bounds=TRUE
INFO [2022-07-20 15:46:27] -mirroring for hspike
INFO [2022-07-20 15:46:27] ::subtract_ref_expr_from_obs:Start inv_log=FALSE, use_bounds=TRUE
INFO [2022-07-20 15:46:27] subtracting mean(normal) per gene per cell across all data
INFO [2022-07-20 15:46:29] -subtracting expr per gene, use_bounds=TRUE
INFO [2022-07-20 15:47:06] 

	STEP 09: apply max centered expression threshold: 3

INFO [2022-07-20 15:47:06] ::process_data:setting max centered expr, threshold set to: +/-:  3
INFO [2022-07-20 15:47:07] -mirroring for hspike
INFO [2022-07-20 15:47:07] ::process_data:setting max centered expr, threshold set to: +/-:  3
INFO [2022-07-20 15:47:43] 

	STEP 10: Smoothing data per cell by chromosome

INFO [2022-07-20 15:47:43] smooth_by_chromosome: chr: chr1
INFO [2022-07-20 15:47:54] smooth_by_chromosome: chr: chr10
INFO [2022-07-20 15:48:06] smooth_by_chromosome: chr: chr11
INFO [2022-07-20 15:48:19] smooth_by_chromosome: chr: chr12
INFO [2022-07-20 15:48:30] smooth_by_chromosome: chr: chr13
INFO [2022-07-20 15:48:40] smooth_by_chromosome: chr: chr14
INFO [2022-07-20 15:48:51] smooth_by_chromosome: chr: chr15
INFO [2022-07-20 15:49:02] smooth_by_chromosome: chr: chr16
INFO [2022-07-20 15:49:13] smooth_by_chromosome: chr: chr17
INFO [2022-07-20 15:49:25] smooth_by_chromosome: chr: chr18
INFO [2022-07-20 15:49:35] smooth_by_chromosome: chr: chr19
INFO [2022-07-20 15:49:47] smooth_by_chromosome: chr: chr2
INFO [2022-07-20 15:50:00] smooth_by_chromosome: chr: chr3
INFO [2022-07-20 15:50:13] smooth_by_chromosome: chr: chr4
INFO [2022-07-20 15:50:25] smooth_by_chromosome: chr: chr5
INFO [2022-07-20 15:50:37] smooth_by_chromosome: chr: chr6
INFO [2022-07-20 15:50:49] smooth_by_chromosome: chr: chr7
INFO [2022-07-20 15:51:02] smooth_by_chromosome: chr: chr8
INFO [2022-07-20 15:51:13] smooth_by_chromosome: chr: chr9
INFO [2022-07-20 15:51:25] -mirroring for hspike
INFO [2022-07-20 15:51:25] smooth_by_chromosome: chr: chrA
INFO [2022-07-20 15:51:25] smooth_by_chromosome: chr: chr_0
INFO [2022-07-20 15:51:26] smooth_by_chromosome: chr: chr_B
INFO [2022-07-20 15:51:26] smooth_by_chromosome: chr: chr_0pt5
INFO [2022-07-20 15:51:26] smooth_by_chromosome: chr: chr_C
INFO [2022-07-20 15:51:26] smooth_by_chromosome: chr: chr_1pt5
INFO [2022-07-20 15:51:26] smooth_by_chromosome: chr: chr_D
INFO [2022-07-20 15:51:27] smooth_by_chromosome: chr: chr_2pt0
INFO [2022-07-20 15:51:27] smooth_by_chromosome: chr: chr_E
INFO [2022-07-20 15:51:27] smooth_by_chromosome: chr: chr_3pt0
INFO [2022-07-20 15:51:27] smooth_by_chromosome: chr: chr_F
INFO [2022-07-20 15:52:02] 

	STEP 11: re-centering data across chromosome after smoothing

INFO [2022-07-20 15:52:02] ::center_smooth across chromosomes per cell
INFO [2022-07-20 15:52:13] -mirroring for hspike
INFO [2022-07-20 15:52:13] ::center_smooth across chromosomes per cell
INFO [2022-07-20 15:52:49] 

	STEP 12: removing average of reference data (after smoothing)

INFO [2022-07-20 15:52:49] ::subtract_ref_expr_from_obs:Start inv_log=FALSE, use_bounds=TRUE
INFO [2022-07-20 15:52:49] subtracting mean(normal) per gene per cell across all data
INFO [2022-07-20 15:52:53] -subtracting expr per gene, use_bounds=TRUE
INFO [2022-07-20 15:52:59] -mirroring for hspike
INFO [2022-07-20 15:52:59] ::subtract_ref_expr_from_obs:Start inv_log=FALSE, use_bounds=TRUE
INFO [2022-07-20 15:52:59] subtracting mean(normal) per gene per cell across all data
INFO [2022-07-20 15:53:00] -subtracting expr per gene, use_bounds=TRUE
INFO [2022-07-20 15:53:35] 

	STEP 14: invert log2(FC) to FC

INFO [2022-07-20 15:53:35] invert_log2(), computing 2^x
INFO [2022-07-20 15:53:39] -mirroring for hspike
INFO [2022-07-20 15:53:39] invert_log2(), computing 2^x
INFO [2022-07-20 15:54:29] 

	STEP 15: Clustering samples (not defining tumor subclusters)

INFO [2022-07-20 15:54:29] define_signif_tumor_subclusters(p_val=0.1
INFO [2022-07-20 15:54:29] define_signif_tumor_subclusters(), tumor: Bcl6tg/+
INFO [2022-07-20 15:55:08] cut tree into: 1 groups
INFO [2022-07-20 15:55:08] -processing Bcl6tg/+,Bcl6tg/+_s1
INFO [2022-07-20 15:55:08] define_signif_tumor_subclusters(), tumor: WT
INFO [2022-07-20 18:40:19] cut tree into: 1 groups
INFO [2022-07-20 18:40:19] -processing WT,WT_s1
INFO [2022-07-20 18:40:19] -mirroring for hspike
INFO [2022-07-20 18:40:19] define_signif_tumor_subclusters(p_val=0.1
INFO [2022-07-20 18:40:19] define_signif_tumor_subclusters(), tumor: spike_tumor_cell_WT
INFO [2022-07-20 18:40:20] cut tree into: 1 groups
INFO [2022-07-20 18:40:20] -processing spike_tumor_cell_WT,spike_tumor_cell_WT_s1
INFO [2022-07-20 18:40:20] define_signif_tumor_subclusters(), tumor: simnorm_cell_WT
INFO [2022-07-20 18:40:20] cut tree into: 1 groups
INFO [2022-07-20 18:40:20] -processing simnorm_cell_WT,simnorm_cell_WT_s1
INFO [2022-07-20 18:42:38] ::plot_cnv:Start
INFO [2022-07-20 18:42:38] ::plot_cnv:Current data dimensions (r,c)=4919,14741 Total=72572720.5634947 Min=0.690383989138028 Max=1.48683275147648.
INFO [2022-07-20 18:42:39] ::plot_cnv:Depending on the size of the matrix this may take a moment.
INFO [2022-07-20 18:44:41] plot_cnv(): auto thresholding at: (0.886355 , 1.115348)
INFO [2022-07-20 18:44:43] plot_cnv_observation:Start
INFO [2022-07-20 18:44:43] Observation data size: Cells= 1062 Genes= 4919
INFO [2022-07-20 18:44:44] plot_cnv_observation:Writing observation groupings/color.
INFO [2022-07-20 18:44:44] plot_cnv_observation:Done writing observation groupings/color.
INFO [2022-07-20 18:44:44] plot_cnv_observation:Writing observation heatmap thresholds.
INFO [2022-07-20 18:44:44] plot_cnv_observation:Done writing observation heatmap thresholds.
INFO [2022-07-20 18:44:45] Colors for breaks:  #00008B,#24249B,#4848AB,#6D6DBC,#9191CC,#B6B6DD,#DADAEE,#FFFFFF,#EEDADA,#DDB6B6,#CC9191,#BC6D6D,#AB4848,#9B2424,#8B0000
INFO [2022-07-20 18:44:45] Quantiles of plotted data range: 0.886354728967375,0.966073239114798,0.998713817426586,1.0322355076303,1.11534822869079
INFO [2022-07-20 18:44:47] plot_cnv_observations:Writing observation data to ./data/infercnv/inferCNV_out_new/Pool105_90//infercnv.preliminary.observations.txt
INFO [2022-07-20 18:44:55] plot_cnv_references:Start
INFO [2022-07-20 18:44:55] Reference data size: Cells= 13679 Genes= 4919
INFO [2022-07-20 21:57:42] plot_cnv_references:Number reference groups= 1
INFO [2022-07-20 21:57:43] plot_cnv_references:Plotting heatmap.
INFO [2022-07-20 21:58:01] Colors for breaks:  #00008B,#24249B,#4848AB,#6D6DBC,#9191CC,#B6B6DD,#DADAEE,#FFFFFF,#EEDADA,#DDB6B6,#CC9191,#BC6D6D,#AB4848,#9B2424,#8B0000
INFO [2022-07-20 21:58:01] Quantiles of plotted data range: 0.886354728967375,0.973297602927703,0.998806656073493,1.02602851063988,1.11534822869079
INFO [2022-07-20 21:58:08] plot_cnv_references:Writing reference data to ./data/infercnv/inferCNV_out_new/Pool105_90//infercnv.preliminary.references.txt
INFO [2022-07-20 21:59:17] 

	STEP 17: HMM-based CNV prediction

INFO [2022-07-20 21:59:17] predict_CNV_via_HMM_on_whole_tumor_samples
INFO [2022-07-20 21:59:19] -done predicting CNV based on initial tumor subclusters
INFO [2022-07-20 21:59:19] get_predicted_CNV_regions(subcluster)
INFO [2022-07-20 21:59:19] -processing cell_group_name: Bcl6tg/+.Bcl6tg/+_s1, size: 1062
INFO [2022-07-20 21:59:27] -processing cell_group_name: WT.WT_s1, size: 13679
INFO [2022-07-20 22:00:14] -writing cell clusters file: ./data/infercnv/inferCNV_out_new/Pool105_90//17_HMM_predHMMi6.hmm_mode-samples.cell_groupings
INFO [2022-07-20 22:00:14] -writing cnv regions file: ./data/infercnv/inferCNV_out_new/Pool105_90//17_HMM_predHMMi6.hmm_mode-samples.pred_cnv_regions.dat
INFO [2022-07-20 22:00:14] -writing per-gene cnv report: ./data/infercnv/inferCNV_out_new/Pool105_90//17_HMM_predHMMi6.hmm_mode-samples.pred_cnv_genes.dat
INFO [2022-07-20 22:00:15] -writing gene ordering info: ./data/infercnv/inferCNV_out_new/Pool105_90//17_HMM_predHMMi6.hmm_mode-samples.genes_used.dat
INFO [2022-07-20 22:00:30] ::plot_cnv:Start
INFO [2022-07-20 22:00:30] ::plot_cnv:Current data dimensions (r,c)=4919,14741 Total=217703919 Min=3 Max=4.
INFO [2022-07-20 22:00:31] ::plot_cnv:Depending on the size of the matrix this may take a moment.
INFO [2022-07-20 22:01:31] plot_cnv_observation:Start
INFO [2022-07-20 22:01:31] Observation data size: Cells= 1062 Genes= 4919
INFO [2022-07-20 22:01:32] plot_cnv_observation:Writing observation groupings/color.
INFO [2022-07-20 22:01:32] plot_cnv_observation:Done writing observation groupings/color.
INFO [2022-07-20 22:01:32] plot_cnv_observation:Writing observation heatmap thresholds.
INFO [2022-07-20 22:01:32] plot_cnv_observation:Done writing observation heatmap thresholds.
INFO [2022-07-20 22:01:33] Colors for breaks:  #00008B,#24249B,#4848AB,#6D6DBC,#9191CC,#B6B6DD,#DADAEE,#FFFFFF,#EEDADA,#DDB6B6,#CC9191,#BC6D6D,#AB4848,#9B2424,#8B0000
INFO [2022-07-20 22:01:33] Quantiles of plotted data range: 3,3,3,3,4
INFO [2022-07-20 22:01:34] plot_cnv_observations:Writing observation data to ./data/infercnv/inferCNV_out_new/Pool105_90//infercnv.17_HMM_predHMMi6.hmm_mode-samples.observations.txt
INFO [2022-07-20 22:01:38] plot_cnv_references:Start
INFO [2022-07-20 22:01:38] Reference data size: Cells= 13679 Genes= 4919
INFO [2022-07-21 01:04:47] plot_cnv_references:Number reference groups= 1
INFO [2022-07-21 01:04:48] plot_cnv_references:Plotting heatmap.
INFO [2022-07-21 01:05:06] Colors for breaks:  #00008B,#24249B,#4848AB,#6D6DBC,#9191CC,#B6B6DD,#DADAEE,#FFFFFF,#EEDADA,#DDB6B6,#CC9191,#BC6D6D,#AB4848,#9B2424,#8B0000
INFO [2022-07-21 01:05:06] Quantiles of plotted data range: 3,3,3,3,3
INFO [2022-07-21 01:05:12] plot_cnv_references:Writing reference data to ./data/infercnv/inferCNV_out_new/Pool105_90//infercnv.17_HMM_predHMMi6.hmm_mode-samples.references.txt
INFO [2022-07-21 01:06:11] 

	STEP 18: Run Bayesian Network Model on HMM predicted CNVs

INFO [2022-07-21 01:06:12] Creating the following Directory:  ./data/infercnv/inferCNV_out_new/Pool105_90//BayesNetOutput.HMMi6.hmm_mode-samples
INFO [2022-07-21 01:06:12] Initializing new MCM InferCNV Object.
INFO [2022-07-21 01:06:12] validating infercnv_obj
INFO [2022-07-21 01:06:12] Total CNV's:  3
INFO [2022-07-21 01:06:12] Loading BUGS Model.
INFO [2022-07-21 01:06:12] Running Sampling Using Parallel with  64 Cores
INFO [2022-07-21 01:11:45] Obtaining probabilities post-sampling
INFO [2022-07-21 01:12:00] Gibbs sampling time:  5.78914107879003  Minutes
INFO [2022-07-21 01:12:55] ::plot_cnv:Start
INFO [2022-07-21 01:12:55] ::plot_cnv:Current data dimensions (r,c)=4919,14741 Total=116702.163836846 Min=0 Max=0.691087721124926.
INFO [2022-07-21 01:12:55] ::plot_cnv:Depending on the size of the matrix this may take a moment.
INFO [2022-07-21 01:12:58] plot_cnv_observation:Start
INFO [2022-07-21 01:12:58] Observation data size: Cells= 1062 Genes= 4919
INFO [2022-07-21 01:12:58] plot_cnv_observation:Writing observation groupings/color.
INFO [2022-07-21 01:12:58] plot_cnv_observation:Done writing observation groupings/color.
INFO [2022-07-21 01:12:58] plot_cnv_observation:Writing observation heatmap thresholds.
INFO [2022-07-21 01:12:58] plot_cnv_observation:Done writing observation heatmap thresholds.
INFO [2022-07-21 01:12:59] Colors for breaks:  #00008B,#24249B,#4848AB,#6D6DBC,#9191CC,#B6B6DD,#DADAEE,#FFFFFF,#EEDADA,#DDB6B6,#CC9191,#BC6D6D,#AB4848,#9B2424,#8B0000
INFO [2022-07-21 01:12:59] Quantiles of plotted data range: 0,0,0,0,0.691087721124926
INFO [2022-07-21 01:13:00] plot_cnv_observations:Writing observation data to ./data/infercnv/inferCNV_out_new/Pool105_90//BayesNetOutput.HMMi6.hmm_mode-samples/infercnv.NormalProbabilities.PreFiltering.observations.txt
INFO [2022-07-21 01:13:04] plot_cnv_references:Start
INFO [2022-07-21 01:13:04] Reference data size: Cells= 13679 Genes= 4919
INFO [2022-07-21 04:07:36] plot_cnv_references:Number reference groups= 1
INFO [2022-07-21 04:07:37] plot_cnv_references:Plotting heatmap.
INFO [2022-07-21 04:07:53] Colors for breaks:  #00008B,#24249B,#4848AB,#6D6DBC,#9191CC,#B6B6DD,#DADAEE,#FFFFFF,#EEDADA,#DDB6B6,#CC9191,#BC6D6D,#AB4848,#9B2424,#8B0000
INFO [2022-07-21 04:07:53] Quantiles of plotted data range: 0,0,0,0,0
INFO [2022-07-21 04:07:58] plot_cnv_references:Writing reference data to ./data/infercnv/inferCNV_out_new/Pool105_90//BayesNetOutput.HMMi6.hmm_mode-samples/infercnv.NormalProbabilities.PreFiltering.references.txt
INFO [2022-07-21 04:09:44] 

	STEP 19: Filter HMM predicted CNVs based on the Bayesian Network Model results and BayesMaxPNormal

INFO [2022-07-21 04:09:44] Attempting to removing CNV(s) with a probability of being normal above  0.5
INFO [2022-07-21 04:09:44] Removing  0  CNV(s) identified by the HMM.
INFO [2022-07-21 04:09:44] Reassigning CNVs based on state probabilities.
INFO [2022-07-21 04:09:44] Creating Plots for CNV and cell Probabilities.
INFO [2022-07-21 04:09:50] ::plot_cnv:Start
INFO [2022-07-21 04:09:50] ::plot_cnv:Current data dimensions (r,c)=4919,14741 Total=116702.163836846 Min=0 Max=0.691087721124926.
INFO [2022-07-21 04:09:50] ::plot_cnv:Depending on the size of the matrix this may take a moment.
INFO [2022-07-21 04:09:52] plot_cnv_observation:Start
INFO [2022-07-21 04:09:52] Observation data size: Cells= 1062 Genes= 4919
INFO [2022-07-21 04:09:52] plot_cnv_observation:Writing observation groupings/color.
INFO [2022-07-21 04:09:52] plot_cnv_observation:Done writing observation groupings/color.
INFO [2022-07-21 04:09:52] plot_cnv_observation:Writing observation heatmap thresholds.
INFO [2022-07-21 04:09:53] plot_cnv_observation:Done writing observation heatmap thresholds.
INFO [2022-07-21 04:09:54] Colors for breaks:  #00008B,#24249B,#4848AB,#6D6DBC,#9191CC,#B6B6DD,#DADAEE,#FFFFFF,#EEDADA,#DDB6B6,#CC9191,#BC6D6D,#AB4848,#9B2424,#8B0000
INFO [2022-07-21 04:09:54] Quantiles of plotted data range: 0,0,0,0,0.691087721124926
INFO [2022-07-21 04:09:55] plot_cnv_observations:Writing observation data to ./data/infercnv/inferCNV_out_new/Pool105_90//BayesNetOutput.HMMi6.hmm_mode-samples/infercnv.NormalProbabilities.PostFiltering.observations.txt
INFO [2022-07-21 04:09:59] plot_cnv_references:Start
INFO [2022-07-21 04:09:59] Reference data size: Cells= 13679 Genes= 4919
INFO [2022-07-21 07:00:11] plot_cnv_references:Number reference groups= 1
INFO [2022-07-21 07:00:12] plot_cnv_references:Plotting heatmap.
INFO [2022-07-21 07:00:30] Colors for breaks:  #00008B,#24249B,#4848AB,#6D6DBC,#9191CC,#B6B6DD,#DADAEE,#FFFFFF,#EEDADA,#DDB6B6,#CC9191,#BC6D6D,#AB4848,#9B2424,#8B0000
INFO [2022-07-21 07:00:30] Quantiles of plotted data range: 0,0,0,0,0
INFO [2022-07-21 07:00:35] plot_cnv_references:Writing reference data to ./data/infercnv/inferCNV_out_new/Pool105_90//BayesNetOutput.HMMi6.hmm_mode-samples/infercnv.NormalProbabilities.PostFiltering.references.txt
INFO [2022-07-21 07:01:41] ::plot_cnv:Start
INFO [2022-07-21 07:01:41] ::plot_cnv:Current data dimensions (r,c)=4919,14741 Total=217703919 Min=3 Max=4.
INFO [2022-07-21 07:01:42] ::plot_cnv:Depending on the size of the matrix this may take a moment.
INFO [2022-07-21 07:02:44] plot_cnv_observation:Start
INFO [2022-07-21 07:02:44] Observation data size: Cells= 1062 Genes= 4919
INFO [2022-07-21 07:02:44] plot_cnv_observation:Writing observation groupings/color.
INFO [2022-07-21 07:02:44] plot_cnv_observation:Done writing observation groupings/color.
INFO [2022-07-21 07:02:44] plot_cnv_observation:Writing observation heatmap thresholds.
INFO [2022-07-21 07:02:44] plot_cnv_observation:Done writing observation heatmap thresholds.
INFO [2022-07-21 07:02:45] Colors for breaks:  #00008B,#24249B,#4848AB,#6D6DBC,#9191CC,#B6B6DD,#DADAEE,#FFFFFF,#EEDADA,#DDB6B6,#CC9191,#BC6D6D,#AB4848,#9B2424,#8B0000
INFO [2022-07-21 07:02:45] Quantiles of plotted data range: 3,3,3,3,4
INFO [2022-07-21 07:02:46] plot_cnv_observations:Writing observation data to ./data/infercnv/inferCNV_out_new/Pool105_90//infercnv.19_HMM_pred.Bayes_Net.Pnorm_0.5.observations.txt
INFO [2022-07-21 07:02:51] plot_cnv_references:Start
INFO [2022-07-21 07:02:51] Reference data size: Cells= 13679 Genes= 4919
INFO [2022-07-21 10:08:56] plot_cnv_references:Number reference groups= 1
INFO [2022-07-21 10:08:57] plot_cnv_references:Plotting heatmap.
INFO [2022-07-21 10:09:17] Colors for breaks:  #00008B,#24249B,#4848AB,#6D6DBC,#9191CC,#B6B6DD,#DADAEE,#FFFFFF,#EEDADA,#DDB6B6,#CC9191,#BC6D6D,#AB4848,#9B2424,#8B0000
INFO [2022-07-21 10:09:17] Quantiles of plotted data range: 3,3,3,3,3
INFO [2022-07-21 10:09:23] plot_cnv_references:Writing reference data to ./data/infercnv/inferCNV_out_new/Pool105_90//infercnv.19_HMM_pred.Bayes_Net.Pnorm_0.5.references.txt
INFO [2022-07-21 10:10:19] 

	STEP 20: Converting HMM-based CNV states to repr expr vals

INFO [2022-07-21 10:10:38] ::plot_cnv:Start
INFO [2022-07-21 10:10:38] ::plot_cnv:Current data dimensions (r,c)=4919,14741 Total=72596470 Min=1 Max=1.5.
INFO [2022-07-21 10:10:39] ::plot_cnv:Depending on the size of the matrix this may take a moment.
INFO [2022-07-21 10:11:37] plot_cnv_observation:Start
INFO [2022-07-21 10:11:37] Observation data size: Cells= 1062 Genes= 4919
INFO [2022-07-21 10:11:37] plot_cnv_observation:Writing observation groupings/color.
INFO [2022-07-21 10:11:37] plot_cnv_observation:Done writing observation groupings/color.
INFO [2022-07-21 10:11:37] plot_cnv_observation:Writing observation heatmap thresholds.
INFO [2022-07-21 10:11:37] plot_cnv_observation:Done writing observation heatmap thresholds.
INFO [2022-07-21 10:11:38] Colors for breaks:  #00008B,#24249B,#4848AB,#6D6DBC,#9191CC,#B6B6DD,#DADAEE,#FFFFFF,#EEDADA,#DDB6B6,#CC9191,#BC6D6D,#AB4848,#9B2424,#8B0000
INFO [2022-07-21 10:11:38] Quantiles of plotted data range: 1,1,1,1,1.5
INFO [2022-07-21 10:11:39] plot_cnv_observations:Writing observation data to ./data/infercnv/inferCNV_out_new/Pool105_90//infercnv.20_HMM_predHMMi6.hmm_mode-samples.Pnorm_0.5.repr_intensities.observations.txt
INFO [2022-07-21 10:11:43] plot_cnv_references:Start
INFO [2022-07-21 10:11:43] Reference data size: Cells= 13679 Genes= 4919
INFO [2022-07-21 13:11:35] plot_cnv_references:Number reference groups= 1
INFO [2022-07-21 13:11:36] plot_cnv_references:Plotting heatmap.
INFO [2022-07-21 13:11:51] Colors for breaks:  #00008B,#24249B,#4848AB,#6D6DBC,#9191CC,#B6B6DD,#DADAEE,#FFFFFF,#EEDADA,#DDB6B6,#CC9191,#BC6D6D,#AB4848,#9B2424,#8B0000
INFO [2022-07-21 13:11:51] Quantiles of plotted data range: 1,1,1,1,1
INFO [2022-07-21 13:11:56] plot_cnv_references:Writing reference data to ./data/infercnv/inferCNV_out_new/Pool105_90//infercnv.20_HMM_predHMMi6.hmm_mode-samples.Pnorm_0.5.repr_intensities.references.txt
INFO [2022-07-21 13:12:50] 

	STEP 22: Denoising

INFO [2022-07-21 13:12:50] ::process_data:Remove noise, noise threshold defined via ref mean sd_amplifier:  1.5
INFO [2022-07-21 13:12:50] denoising using mean(normal) +- sd_amplifier * sd(normal) per gene per cell across all data
INFO [2022-07-21 13:12:53] :: **** clear_noise_via_ref_quantiles **** : removing noise between bounds:  0.93903442669615 - 1.06271569297093
INFO [2022-07-21 13:13:29] 

## Making the final infercnv heatmap ##
INFO [2022-07-21 13:13:30] ::plot_cnv:Start
INFO [2022-07-21 13:13:30] ::plot_cnv:Current data dimensions (r,c)=4919,14741 Total=72699003.8323433 Min=0.690383989138028 Max=1.48683275147648.
INFO [2022-07-21 13:13:31] ::plot_cnv:Depending on the size of the matrix this may take a moment.
INFO [2022-07-21 13:14:38] plot_cnv(): auto thresholding at: (0.884652 , 1.115348)
INFO [2022-07-21 13:14:39] plot_cnv_observation:Start
INFO [2022-07-21 13:14:39] Observation data size: Cells= 1062 Genes= 4919
INFO [2022-07-21 13:14:39] plot_cnv_observation:Writing observation groupings/color.
INFO [2022-07-21 13:14:40] plot_cnv_observation:Done writing observation groupings/color.
INFO [2022-07-21 13:14:40] plot_cnv_observation:Writing observation heatmap thresholds.
INFO [2022-07-21 13:14:40] plot_cnv_observation:Done writing observation heatmap thresholds.
INFO [2022-07-21 13:14:41] Colors for breaks:  #00008B,#24249B,#4848AB,#6D6DBC,#9191CC,#B6B6DD,#DADAEE,#FFFFFF,#EEDADA,#DDB6B6,#CC9191,#BC6D6D,#AB4848,#9B2424,#8B0000
INFO [2022-07-21 13:14:41] Quantiles of plotted data range: 0.884651771309205,1.00087505983354,1.00087505983354,1.00087505983354,1.11534822869079
INFO [2022-07-21 13:14:42] plot_cnv_observations:Writing observation data to ./data/infercnv/inferCNV_out_new/Pool105_90//infercnv.observations.txt
INFO [2022-07-21 13:14:47] plot_cnv_references:Start
INFO [2022-07-21 13:14:47] Reference data size: Cells= 13679 Genes= 4919
INFO [2022-07-21 16:16:13] plot_cnv_references:Number reference groups= 1
INFO [2022-07-21 16:16:14] plot_cnv_references:Plotting heatmap.
INFO [2022-07-21 16:16:30] Colors for breaks:  #00008B,#24249B,#4848AB,#6D6DBC,#9191CC,#B6B6DD,#DADAEE,#FFFFFF,#EEDADA,#DDB6B6,#CC9191,#BC6D6D,#AB4848,#9B2424,#8B0000
INFO [2022-07-21 16:16:30] Quantiles of plotted data range: 0.884651771309205,1.00087505983354,1.00087505983354,1.00087505983354,1.11534822869079
INFO [2022-07-21 16:16:36] plot_cnv_references:Writing reference data to ./data/infercnv/inferCNV_out_new/Pool105_90//infercnv.references.txt
Warning messages:
1: In type.convert.default(X[[i]], ...) :
  'as.is' should be specified by the caller; using TRUE
2: In type.convert.default(X[[i]], ...) :
  'as.is' should be specified by the caller; using TRUE
3: In type.convert.default(X[[i]], ...) :
  'as.is' should be specified by the caller; using TRUE
