[1] "/liulab/galib/mouse_scRNAseq_margaret/data/infercnv/inferCNV_out_new/6mos"
Warning message:
package ‘rBCS’ was built under R version 4.1.3 
── Attaching packages ─────────────────────────────────────── tidyverse 1.3.1 ──
✔ ggplot2 3.3.6     ✔ purrr   0.3.4
✔ tibble  3.1.7     ✔ dplyr   1.0.9
✔ tidyr   1.2.0     ✔ stringr 1.4.0
✔ readr   2.1.2     ✔ forcats 0.5.1
── Conflicts ────────────────────────────────────────── tidyverse_conflicts() ──
✖ dplyr::filter() masks stats::filter()
✖ dplyr::lag()    masks stats::lag()
Warning messages:
1: package ‘tidyverse’ was built under R version 4.1.3 
2: package ‘ggplot2’ was built under R version 4.1.3 
3: package ‘tibble’ was built under R version 4.1.3 
4: package ‘tidyr’ was built under R version 4.1.2 
5: package ‘readr’ was built under R version 4.1.2 
6: package ‘dplyr’ was built under R version 4.1.3 
7: package ‘forcats’ was built under R version 4.1.3 
Attaching SeuratObject
Attaching sp
Warning message:
package ‘Seurat’ was built under R version 4.1.3 
here() starts at /liulab/galib/mouse_scRNAseq_margaret
Loading required package: usethis
Warning message:
package ‘ggpubr’ was built under R version 4.1.3 
Warning message:
package ‘infercnv’ was built under R version 4.1.3 
[1]  32285 176583
Rows: 55228 Columns: 4
── Column specification ────────────────────────────────────────────────────────
Delimiter: "\t"
chr (2): X1, X2
dbl (2): X3, X4

ℹ Use `spec()` to retrieve the full column specification for this data.
ℹ Specify the column types or set `show_col_types = FALSE` to quiet this message.
[1] 12
INFO [2022-07-18 23:58:26] Parsing gene order file: ./data/infercnv/gene_order_file.txt
INFO [2022-07-18 23:58:26] ::order_reduce:Start.
INFO [2022-07-18 23:58:32] .order_reduce(): expr and order match.
INFO [2022-07-18 23:59:01] ::process_data:order_reduce:Reduction from positional data, new dimensions (r,c) = 32285,176583 Total=901670571 Min=0 Max=21505.
INFO [2022-07-18 23:59:03] num genes removed taking into account provided gene ordering list: 1949 = 6.03685922254917% removed.
INFO [2022-07-18 23:59:04] -filtering out cells < 100 or > Inf, removing 0 % of cells
INFO [2022-07-18 23:59:11] validating infercnv_obj
INFO [2022-07-18 23:59:11] ::process_data:Start
INFO [2022-07-18 23:59:11] Creating output path ./data/infercnv/inferCNV_out_new/Pool105_31/
INFO [2022-07-18 23:59:11] Checking for saved results.
INFO [2022-07-18 23:59:11] 

	STEP 1: incoming data

INFO [2022-07-18 23:59:34] 

	STEP 02: Removing lowly expressed genes

INFO [2022-07-18 23:59:34] ::above_min_mean_expr_cutoff:Start
INFO [2022-07-18 23:59:34] Removing 25595 genes from matrix as below mean expr threshold: 0.1
INFO [2022-07-18 23:59:35] validating infercnv_obj
INFO [2022-07-18 23:59:35] There are 4741 genes and 16428 cells remaining in the expr matrix.
INFO [2022-07-18 23:59:40] no genes removed due to min cells/gene filter
INFO [2022-07-19 00:00:01] 

	STEP 03: normalization by sequencing depth

INFO [2022-07-19 00:00:01] normalizing counts matrix by depth
INFO [2022-07-19 00:00:06] Computed total sum normalization factor as median libsize: 3039.000000
INFO [2022-07-19 00:00:06] Adding h-spike
INFO [2022-07-19 00:00:06] -hspike modeling of WT
INFO [2022-07-19 00:00:57] validating infercnv_obj
INFO [2022-07-19 00:00:57] normalizing counts matrix by depth
INFO [2022-07-19 00:00:57] Using specified normalization factor: 3039.000000
INFO [2022-07-19 00:01:18] 

	STEP 04: log transformation of data

INFO [2022-07-19 00:01:18] transforming log2xplus1()
INFO [2022-07-19 00:01:21] -mirroring for hspike
INFO [2022-07-19 00:01:21] transforming log2xplus1()
INFO [2022-07-19 00:01:44] 

	STEP 08: removing average of reference data (before smoothing)

INFO [2022-07-19 00:01:44] ::subtract_ref_expr_from_obs:Start inv_log=FALSE, use_bounds=TRUE
INFO [2022-07-19 00:01:44] subtracting mean(normal) per gene per cell across all data
INFO [2022-07-19 00:01:48] -subtracting expr per gene, use_bounds=TRUE
INFO [2022-07-19 00:22:54] -mirroring for hspike
INFO [2022-07-19 00:22:54] ::subtract_ref_expr_from_obs:Start inv_log=FALSE, use_bounds=TRUE
INFO [2022-07-19 00:22:54] subtracting mean(normal) per gene per cell across all data
INFO [2022-07-19 00:22:55] -subtracting expr per gene, use_bounds=TRUE
INFO [2022-07-19 00:23:32] 

	STEP 09: apply max centered expression threshold: 3

INFO [2022-07-19 00:23:32] ::process_data:setting max centered expr, threshold set to: +/-:  3
INFO [2022-07-19 00:23:34] -mirroring for hspike
INFO [2022-07-19 00:23:34] ::process_data:setting max centered expr, threshold set to: +/-:  3
INFO [2022-07-19 00:24:11] 

	STEP 10: Smoothing data per cell by chromosome

INFO [2022-07-19 00:24:11] smooth_by_chromosome: chr: chr1
INFO [2022-07-19 00:24:24] smooth_by_chromosome: chr: chr10
INFO [2022-07-19 00:24:36] smooth_by_chromosome: chr: chr11
INFO [2022-07-19 00:24:50] smooth_by_chromosome: chr: chr12
INFO [2022-07-19 00:25:02] smooth_by_chromosome: chr: chr13
INFO [2022-07-19 00:25:13] smooth_by_chromosome: chr: chr14
INFO [2022-07-19 00:25:25] smooth_by_chromosome: chr: chr15
INFO [2022-07-19 00:25:37] smooth_by_chromosome: chr: chr16
INFO [2022-07-19 00:25:49] smooth_by_chromosome: chr: chr17
INFO [2022-07-19 00:26:02] smooth_by_chromosome: chr: chr18
INFO [2022-07-19 00:26:14] smooth_by_chromosome: chr: chr19
INFO [2022-07-19 00:26:26] smooth_by_chromosome: chr: chr2
INFO [2022-07-19 00:26:39] smooth_by_chromosome: chr: chr3
INFO [2022-07-19 00:26:51] smooth_by_chromosome: chr: chr4
INFO [2022-07-19 00:27:04] smooth_by_chromosome: chr: chr5
INFO [2022-07-19 00:27:17] smooth_by_chromosome: chr: chr6
INFO [2022-07-19 00:27:30] smooth_by_chromosome: chr: chr7
INFO [2022-07-19 00:27:43] smooth_by_chromosome: chr: chr8
INFO [2022-07-19 00:27:56] smooth_by_chromosome: chr: chr9
INFO [2022-07-19 00:28:09] -mirroring for hspike
INFO [2022-07-19 00:28:09] smooth_by_chromosome: chr: chrA
INFO [2022-07-19 00:28:10] smooth_by_chromosome: chr: chr_0
INFO [2022-07-19 00:28:10] smooth_by_chromosome: chr: chr_B
INFO [2022-07-19 00:28:10] smooth_by_chromosome: chr: chr_0pt5
INFO [2022-07-19 00:28:10] smooth_by_chromosome: chr: chr_C
INFO [2022-07-19 00:28:10] smooth_by_chromosome: chr: chr_1pt5
INFO [2022-07-19 00:28:10] smooth_by_chromosome: chr: chr_D
INFO [2022-07-19 00:28:11] smooth_by_chromosome: chr: chr_2pt0
INFO [2022-07-19 00:28:11] smooth_by_chromosome: chr: chr_E
INFO [2022-07-19 00:28:11] smooth_by_chromosome: chr: chr_3pt0
INFO [2022-07-19 00:28:11] smooth_by_chromosome: chr: chr_F
INFO [2022-07-19 00:28:49] 

	STEP 11: re-centering data across chromosome after smoothing

INFO [2022-07-19 00:28:49] ::center_smooth across chromosomes per cell
INFO [2022-07-19 00:29:00] -mirroring for hspike
INFO [2022-07-19 00:29:00] ::center_smooth across chromosomes per cell
INFO [2022-07-19 00:29:38] 

	STEP 12: removing average of reference data (after smoothing)

INFO [2022-07-19 00:29:38] ::subtract_ref_expr_from_obs:Start inv_log=FALSE, use_bounds=TRUE
INFO [2022-07-19 00:29:38] subtracting mean(normal) per gene per cell across all data
INFO [2022-07-19 00:29:43] -subtracting expr per gene, use_bounds=TRUE
INFO [2022-07-19 00:29:48] -mirroring for hspike
INFO [2022-07-19 00:29:48] ::subtract_ref_expr_from_obs:Start inv_log=FALSE, use_bounds=TRUE
INFO [2022-07-19 00:29:48] subtracting mean(normal) per gene per cell across all data
INFO [2022-07-19 00:29:50] -subtracting expr per gene, use_bounds=TRUE
INFO [2022-07-19 00:30:27] 

	STEP 14: invert log2(FC) to FC

INFO [2022-07-19 00:30:27] invert_log2(), computing 2^x
INFO [2022-07-19 00:30:31] -mirroring for hspike
INFO [2022-07-19 00:30:31] invert_log2(), computing 2^x
INFO [2022-07-19 00:31:24] 

	STEP 15: Clustering samples (not defining tumor subclusters)

INFO [2022-07-19 00:31:24] define_signif_tumor_subclusters(p_val=0.1
INFO [2022-07-19 00:31:24] define_signif_tumor_subclusters(), tumor: CD70-/-;Bcl6tg/+
INFO [2022-07-19 00:33:48] cut tree into: 1 groups
INFO [2022-07-19 00:33:48] -processing CD70-/-;Bcl6tg/+,CD70-/-;Bcl6tg/+_s1
INFO [2022-07-19 00:33:48] define_signif_tumor_subclusters(), tumor: WT
INFO [2022-07-19 03:43:29] cut tree into: 1 groups
INFO [2022-07-19 03:43:29] -processing WT,WT_s1
INFO [2022-07-19 03:43:29] -mirroring for hspike
INFO [2022-07-19 03:43:29] define_signif_tumor_subclusters(p_val=0.1
INFO [2022-07-19 03:43:29] define_signif_tumor_subclusters(), tumor: spike_tumor_cell_WT
INFO [2022-07-19 03:43:29] cut tree into: 1 groups
INFO [2022-07-19 03:43:29] -processing spike_tumor_cell_WT,spike_tumor_cell_WT_s1
INFO [2022-07-19 03:43:29] define_signif_tumor_subclusters(), tumor: simnorm_cell_WT
INFO [2022-07-19 03:43:29] cut tree into: 1 groups
INFO [2022-07-19 03:43:29] -processing simnorm_cell_WT,simnorm_cell_WT_s1
INFO [2022-07-19 03:45:14] ::plot_cnv:Start
INFO [2022-07-19 03:45:14] ::plot_cnv:Current data dimensions (r,c)=4741,16428 Total=77954162.2677015 Min=0.642266501492395 Max=1.48020659830639.
INFO [2022-07-19 03:45:15] ::plot_cnv:Depending on the size of the matrix this may take a moment.
INFO [2022-07-19 03:46:33] plot_cnv(): auto thresholding at: (0.890141 , 1.111631)
INFO [2022-07-19 03:46:36] plot_cnv_observation:Start
INFO [2022-07-19 03:46:36] Observation data size: Cells= 2017 Genes= 4741
INFO [2022-07-19 03:46:36] plot_cnv_observation:Writing observation groupings/color.
INFO [2022-07-19 03:46:36] plot_cnv_observation:Done writing observation groupings/color.
INFO [2022-07-19 03:46:36] plot_cnv_observation:Writing observation heatmap thresholds.
INFO [2022-07-19 03:46:36] plot_cnv_observation:Done writing observation heatmap thresholds.
INFO [2022-07-19 03:46:38] Colors for breaks:  #00008B,#24249B,#4848AB,#6D6DBC,#9191CC,#B6B6DD,#DADAEE,#FFFFFF,#EEDADA,#DDB6B6,#CC9191,#BC6D6D,#AB4848,#9B2424,#8B0000
INFO [2022-07-19 03:46:38] Quantiles of plotted data range: 0.890140746105147,0.972483031055255,0.998871153707151,1.02705386148924,1.11163146000792
INFO [2022-07-19 03:46:40] plot_cnv_observations:Writing observation data to ./data/infercnv/inferCNV_out_new/Pool105_31//infercnv.preliminary.observations.txt
INFO [2022-07-19 03:46:50] plot_cnv_references:Start
INFO [2022-07-19 03:46:50] Reference data size: Cells= 14411 Genes= 4741
INFO [2022-07-19 06:58:45] plot_cnv_references:Number reference groups= 1
INFO [2022-07-19 06:58:45] plot_cnv_references:Plotting heatmap.
INFO [2022-07-19 06:59:00] Colors for breaks:  #00008B,#24249B,#4848AB,#6D6DBC,#9191CC,#B6B6DD,#DADAEE,#FFFFFF,#EEDADA,#DDB6B6,#CC9191,#BC6D6D,#AB4848,#9B2424,#8B0000
INFO [2022-07-19 06:59:00] Quantiles of plotted data range: 0.890140746105147,0.973402307062251,0.998907940987815,1.02606829399027,1.11163146000792
INFO [2022-07-19 06:59:07] plot_cnv_references:Writing reference data to ./data/infercnv/inferCNV_out_new/Pool105_31//infercnv.preliminary.references.txt
INFO [2022-07-19 07:00:15] 

	STEP 17: HMM-based CNV prediction

INFO [2022-07-19 07:00:15] predict_CNV_via_HMM_on_whole_tumor_samples
INFO [2022-07-19 07:00:18] -done predicting CNV based on initial tumor subclusters
INFO [2022-07-19 07:00:18] get_predicted_CNV_regions(subcluster)
INFO [2022-07-19 07:00:18] -processing cell_group_name: CD70-/-;Bcl6tg/+.CD70-/-;Bcl6tg/+_s1, size: 2017
INFO [2022-07-19 07:00:28] -processing cell_group_name: WT.WT_s1, size: 14411
INFO [2022-07-19 07:01:17] -writing cell clusters file: ./data/infercnv/inferCNV_out_new/Pool105_31//17_HMM_predHMMi6.hmm_mode-samples.cell_groupings
INFO [2022-07-19 07:01:17] -writing cnv regions file: ./data/infercnv/inferCNV_out_new/Pool105_31//17_HMM_predHMMi6.hmm_mode-samples.pred_cnv_regions.dat
INFO [2022-07-19 07:01:17] -writing per-gene cnv report: ./data/infercnv/inferCNV_out_new/Pool105_31//17_HMM_predHMMi6.hmm_mode-samples.pred_cnv_genes.dat
INFO [2022-07-19 07:01:17] -writing gene ordering info: ./data/infercnv/inferCNV_out_new/Pool105_31//17_HMM_predHMMi6.hmm_mode-samples.genes_used.dat
INFO [2022-07-19 07:01:33] ::plot_cnv:Start
INFO [2022-07-19 07:01:33] ::plot_cnv:Current data dimensions (r,c)=4741,16428 Total=233655444 Min=3 Max=3.
INFO [2022-07-19 07:01:34] ::plot_cnv:Depending on the size of the matrix this may take a moment.
INFO [2022-07-19 07:02:38] plot_cnv_observation:Start
INFO [2022-07-19 07:02:38] Observation data size: Cells= 2017 Genes= 4741
INFO [2022-07-19 07:02:38] plot_cnv_observation:Writing observation groupings/color.
INFO [2022-07-19 07:02:38] plot_cnv_observation:Done writing observation groupings/color.
INFO [2022-07-19 07:02:38] plot_cnv_observation:Writing observation heatmap thresholds.
INFO [2022-07-19 07:02:38] plot_cnv_observation:Done writing observation heatmap thresholds.
INFO [2022-07-19 07:02:40] Colors for breaks:  #00008B,#24249B,#4848AB,#6D6DBC,#9191CC,#B6B6DD,#DADAEE,#FFFFFF,#EEDADA,#DDB6B6,#CC9191,#BC6D6D,#AB4848,#9B2424,#8B0000
INFO [2022-07-19 07:02:40] Quantiles of plotted data range: 3,3,3,3,3
INFO [2022-07-19 07:02:42] plot_cnv_observations:Writing observation data to ./data/infercnv/inferCNV_out_new/Pool105_31//infercnv.17_HMM_predHMMi6.hmm_mode-samples.observations.txt
INFO [2022-07-19 07:02:50] plot_cnv_references:Start
INFO [2022-07-19 07:02:50] Reference data size: Cells= 14411 Genes= 4741
INFO [2022-07-19 10:12:43] plot_cnv_references:Number reference groups= 1
INFO [2022-07-19 10:12:44] plot_cnv_references:Plotting heatmap.
INFO [2022-07-19 10:12:59] Colors for breaks:  #00008B,#24249B,#4848AB,#6D6DBC,#9191CC,#B6B6DD,#DADAEE,#FFFFFF,#EEDADA,#DDB6B6,#CC9191,#BC6D6D,#AB4848,#9B2424,#8B0000
INFO [2022-07-19 10:12:59] Quantiles of plotted data range: 3,3,3,3,3
INFO [2022-07-19 10:13:04] plot_cnv_references:Writing reference data to ./data/infercnv/inferCNV_out_new/Pool105_31//infercnv.17_HMM_predHMMi6.hmm_mode-samples.references.txt
INFO [2022-07-19 10:14:07] 

	STEP 20: Converting HMM-based CNV states to repr expr vals

INFO [2022-07-19 10:14:26] ::plot_cnv:Start
INFO [2022-07-19 10:14:26] ::plot_cnv:Current data dimensions (r,c)=4741,16428 Total=77885148 Min=1 Max=1.
INFO [2022-07-19 10:14:27] ::plot_cnv:Depending on the size of the matrix this may take a moment.
INFO [2022-07-19 10:15:30] plot_cnv_observation:Start
INFO [2022-07-19 10:15:30] Observation data size: Cells= 2017 Genes= 4741
INFO [2022-07-19 10:15:30] plot_cnv_observation:Writing observation groupings/color.
INFO [2022-07-19 10:15:31] plot_cnv_observation:Done writing observation groupings/color.
INFO [2022-07-19 10:15:31] plot_cnv_observation:Writing observation heatmap thresholds.
INFO [2022-07-19 10:15:31] plot_cnv_observation:Done writing observation heatmap thresholds.
INFO [2022-07-19 10:15:33] Colors for breaks:  #00008B,#24249B,#4848AB,#6D6DBC,#9191CC,#B6B6DD,#DADAEE,#FFFFFF,#EEDADA,#DDB6B6,#CC9191,#BC6D6D,#AB4848,#9B2424,#8B0000
INFO [2022-07-19 10:15:33] Quantiles of plotted data range: 1,1,1,1,1
INFO [2022-07-19 10:15:34] plot_cnv_observations:Writing observation data to ./data/infercnv/inferCNV_out_new/Pool105_31//infercnv.20_HMM_predHMMi6.hmm_mode-samples.Pnorm_0.5.repr_intensities.observations.txt
INFO [2022-07-19 10:15:42] plot_cnv_references:Start
INFO [2022-07-19 10:15:42] Reference data size: Cells= 14411 Genes= 4741
INFO [2022-07-19 13:25:07] plot_cnv_references:Number reference groups= 1
INFO [2022-07-19 13:25:08] plot_cnv_references:Plotting heatmap.
INFO [2022-07-19 13:25:23] Colors for breaks:  #00008B,#24249B,#4848AB,#6D6DBC,#9191CC,#B6B6DD,#DADAEE,#FFFFFF,#EEDADA,#DDB6B6,#CC9191,#BC6D6D,#AB4848,#9B2424,#8B0000
INFO [2022-07-19 13:25:23] Quantiles of plotted data range: 1,1,1,1,1
INFO [2022-07-19 13:25:28] plot_cnv_references:Writing reference data to ./data/infercnv/inferCNV_out_new/Pool105_31//infercnv.20_HMM_predHMMi6.hmm_mode-samples.Pnorm_0.5.repr_intensities.references.txt
INFO [2022-07-19 13:26:24] 

	STEP 22: Denoising

INFO [2022-07-19 13:26:24] ::process_data:Remove noise, noise threshold defined via ref mean sd_amplifier:  1.5
INFO [2022-07-19 13:26:24] denoising using mean(normal) +- sd_amplifier * sd(normal) per gene per cell across all data
INFO [2022-07-19 13:26:26] :: **** clear_noise_via_ref_quantiles **** : removing noise between bounds:  0.939685080780973 - 1.0620194463279
INFO [2022-07-19 13:27:04] 

## Making the final infercnv heatmap ##
INFO [2022-07-19 13:27:05] ::plot_cnv:Start
INFO [2022-07-19 13:27:05] ::plot_cnv:Current data dimensions (r,c)=4741,16428 Total=78084237.093021 Min=0.642266501492395 Max=1.48020659830639.
INFO [2022-07-19 13:27:06] ::plot_cnv:Depending on the size of the matrix this may take a moment.
INFO [2022-07-19 13:28:20] plot_cnv(): auto thresholding at: (0.888369 , 1.111631)
INFO [2022-07-19 13:28:22] plot_cnv_observation:Start
INFO [2022-07-19 13:28:22] Observation data size: Cells= 2017 Genes= 4741
INFO [2022-07-19 13:28:22] plot_cnv_observation:Writing observation groupings/color.
INFO [2022-07-19 13:28:22] plot_cnv_observation:Done writing observation groupings/color.
INFO [2022-07-19 13:28:22] plot_cnv_observation:Writing observation heatmap thresholds.
INFO [2022-07-19 13:28:23] plot_cnv_observation:Done writing observation heatmap thresholds.
INFO [2022-07-19 13:28:25] Colors for breaks:  #00008B,#24249B,#4848AB,#6D6DBC,#9191CC,#B6B6DD,#DADAEE,#FFFFFF,#EEDADA,#DDB6B6,#CC9191,#BC6D6D,#AB4848,#9B2424,#8B0000
INFO [2022-07-19 13:28:25] Quantiles of plotted data range: 0.888368539992076,1.00085226355444,1.00085226355444,1.00085226355444,1.11163146000792
INFO [2022-07-19 13:28:26] plot_cnv_observations:Writing observation data to ./data/infercnv/inferCNV_out_new/Pool105_31//infercnv.observations.txt
INFO [2022-07-19 13:28:35] plot_cnv_references:Start
INFO [2022-07-19 13:28:35] Reference data size: Cells= 14411 Genes= 4741
INFO [2022-07-19 16:39:21] plot_cnv_references:Number reference groups= 1
INFO [2022-07-19 16:39:22] plot_cnv_references:Plotting heatmap.
INFO [2022-07-19 16:39:37] Colors for breaks:  #00008B,#24249B,#4848AB,#6D6DBC,#9191CC,#B6B6DD,#DADAEE,#FFFFFF,#EEDADA,#DDB6B6,#CC9191,#BC6D6D,#AB4848,#9B2424,#8B0000
INFO [2022-07-19 16:39:37] Quantiles of plotted data range: 0.888368539992076,1.00085226355444,1.00085226355444,1.00085226355444,1.11163146000792
INFO [2022-07-19 16:39:43] plot_cnv_references:Writing reference data to ./data/infercnv/inferCNV_out_new/Pool105_31//infercnv.references.txt
