
CommandNotFoundError: Your shell has not been properly configured to use 'conda activate'.
To initialize your shell, run

    $ conda init <SHELL_NAME>

Currently supported shells are:
  - bash
  - fish
  - tcsh
  - xonsh
  - zsh
  - powershell

See 'conda init --help' for more information and options.

IMPORTANT: You may need to close and restart your shell after running 'conda init'.


[1] "/liulab/galib/mouse_scRNAseq_margaret/data/infercnv/inferCNV_out_new/sick/new_sick"
Warning message:
package ‘rBCS’ was built under R version 4.1.3 
── Attaching packages ─────────────────────────────────────── tidyverse 1.3.1 ──
✔ ggplot2 3.3.6     ✔ purrr   0.3.4
✔ tibble  3.1.7     ✔ dplyr   1.0.9
✔ tidyr   1.2.0     ✔ stringr 1.4.0
✔ readr   2.1.2     ✔ forcats 0.5.1
── Conflicts ────────────────────────────────────────── tidyverse_conflicts() ──
✖ dplyr::filter() masks stats::filter()
✖ dplyr::lag()    masks stats::lag()
Warning messages:
1: package ‘tidyverse’ was built under R version 4.1.3 
2: package ‘ggplot2’ was built under R version 4.1.3 
3: package ‘tibble’ was built under R version 4.1.3 
4: package ‘tidyr’ was built under R version 4.1.2 
5: package ‘readr’ was built under R version 4.1.2 
6: package ‘dplyr’ was built under R version 4.1.3 
7: package ‘forcats’ was built under R version 4.1.3 
Attaching SeuratObject
Attaching sp
Warning message:
package ‘Seurat’ was built under R version 4.1.3 
here() starts at /liulab/galib/mouse_scRNAseq_margaret
Loading required package: usethis
Warning message:
package ‘ggpubr’ was built under R version 4.1.3 
Warning message:
package ‘infercnv’ was built under R version 4.1.3 
[1]  32285 176583
Rows: 55228 Columns: 4
── Column specification ────────────────────────────────────────────────────────
Delimiter: "\t"
chr (2): X1, X2
dbl (2): X3, X4

ℹ Use `spec()` to retrieve the full column specification for this data.
ℹ Specify the column types or set `show_col_types = FALSE` to quiet this message.
[1] 14
INFO [2022-08-07 19:36:24] Parsing gene order file: ./data/infercnv/gene_order_file.txt
INFO [2022-08-07 19:36:24] ::order_reduce:Start.
INFO [2022-08-07 19:36:30] .order_reduce(): expr and order match.
INFO [2022-08-07 19:36:58] ::process_data:order_reduce:Reduction from positional data, new dimensions (r,c) = 32285,176583 Total=901670571 Min=0 Max=21505.
INFO [2022-08-07 19:37:00] num genes removed taking into account provided gene ordering list: 1949 = 6.03685922254917% removed.
INFO [2022-08-07 19:37:01] -filtering out cells < 100 or > Inf, removing 0 % of cells
INFO [2022-08-07 19:37:08] validating infercnv_obj
INFO [2022-08-07 19:37:08] ::process_data:Start
INFO [2022-08-07 19:37:08] Creating output path ./data/infercnv/inferCNV_out_new/Pool105_83_newsick/
INFO [2022-08-07 19:37:08] Checking for saved results.
INFO [2022-08-07 19:37:08] 

	STEP 1: incoming data

INFO [2022-08-07 19:37:30] 

	STEP 02: Removing lowly expressed genes

INFO [2022-08-07 19:37:30] ::above_min_mean_expr_cutoff:Start
INFO [2022-08-07 19:37:31] Removing 25736 genes from matrix as below mean expr threshold: 0.1
INFO [2022-08-07 19:37:32] validating infercnv_obj
INFO [2022-08-07 19:37:32] There are 4600 genes and 17178 cells remaining in the expr matrix.
INFO [2022-08-07 19:37:36] no genes removed due to min cells/gene filter
INFO [2022-08-07 19:37:57] 

	STEP 03: normalization by sequencing depth

INFO [2022-08-07 19:37:57] normalizing counts matrix by depth
INFO [2022-08-07 19:38:02] Computed total sum normalization factor as median libsize: 3034.000000
INFO [2022-08-07 19:38:02] Adding h-spike
INFO [2022-08-07 19:38:02] -hspike modeling of WT
INFO [2022-08-07 19:38:52] validating infercnv_obj
INFO [2022-08-07 19:38:52] normalizing counts matrix by depth
INFO [2022-08-07 19:38:53] Using specified normalization factor: 3034.000000
INFO [2022-08-07 19:39:13] 

	STEP 04: log transformation of data

INFO [2022-08-07 19:39:13] transforming log2xplus1()
INFO [2022-08-07 19:39:16] -mirroring for hspike
INFO [2022-08-07 19:39:16] transforming log2xplus1()
INFO [2022-08-07 19:39:39] 

	STEP 08: removing average of reference data (before smoothing)

INFO [2022-08-07 19:39:39] ::subtract_ref_expr_from_obs:Start inv_log=FALSE, use_bounds=TRUE
INFO [2022-08-07 19:39:39] subtracting mean(normal) per gene per cell across all data
INFO [2022-08-07 19:39:43] -subtracting expr per gene, use_bounds=TRUE
INFO [2022-08-07 20:04:35] -mirroring for hspike
INFO [2022-08-07 20:04:35] ::subtract_ref_expr_from_obs:Start inv_log=FALSE, use_bounds=TRUE
INFO [2022-08-07 20:04:35] subtracting mean(normal) per gene per cell across all data
INFO [2022-08-07 20:04:37] -subtracting expr per gene, use_bounds=TRUE
INFO [2022-08-07 20:05:15] 

	STEP 09: apply max centered expression threshold: 3

INFO [2022-08-07 20:05:15] ::process_data:setting max centered expr, threshold set to: +/-:  3
INFO [2022-08-07 20:05:17] -mirroring for hspike
INFO [2022-08-07 20:05:17] ::process_data:setting max centered expr, threshold set to: +/-:  3
INFO [2022-08-07 20:05:54] 

	STEP 10: Smoothing data per cell by chromosome

INFO [2022-08-07 20:05:54] smooth_by_chromosome: chr: chr1
INFO [2022-08-07 20:06:07] smooth_by_chromosome: chr: chr10
INFO [2022-08-07 20:06:20] smooth_by_chromosome: chr: chr11
INFO [2022-08-07 20:06:34] smooth_by_chromosome: chr: chr12
INFO [2022-08-07 20:06:46] smooth_by_chromosome: chr: chr13
INFO [2022-08-07 20:06:58] smooth_by_chromosome: chr: chr14
INFO [2022-08-07 20:07:10] smooth_by_chromosome: chr: chr15
INFO [2022-08-07 20:07:23] smooth_by_chromosome: chr: chr16
INFO [2022-08-07 20:07:35] smooth_by_chromosome: chr: chr17
INFO [2022-08-07 20:07:49] smooth_by_chromosome: chr: chr18
INFO [2022-08-07 20:08:03] smooth_by_chromosome: chr: chr19
INFO [2022-08-07 20:08:16] smooth_by_chromosome: chr: chr2
INFO [2022-08-07 20:08:30] smooth_by_chromosome: chr: chr3
INFO [2022-08-07 20:08:43] smooth_by_chromosome: chr: chr4
INFO [2022-08-07 20:08:58] smooth_by_chromosome: chr: chr5
INFO [2022-08-07 20:09:13] smooth_by_chromosome: chr: chr6
INFO [2022-08-07 20:09:27] smooth_by_chromosome: chr: chr7
INFO [2022-08-07 20:09:42] smooth_by_chromosome: chr: chr8
INFO [2022-08-07 20:09:55] smooth_by_chromosome: chr: chr9
INFO [2022-08-07 20:10:09] -mirroring for hspike
INFO [2022-08-07 20:10:09] smooth_by_chromosome: chr: chrA
INFO [2022-08-07 20:10:09] smooth_by_chromosome: chr: chr_0
INFO [2022-08-07 20:10:09] smooth_by_chromosome: chr: chr_B
INFO [2022-08-07 20:10:10] smooth_by_chromosome: chr: chr_0pt5
INFO [2022-08-07 20:10:10] smooth_by_chromosome: chr: chr_C
INFO [2022-08-07 20:10:10] smooth_by_chromosome: chr: chr_1pt5
INFO [2022-08-07 20:10:10] smooth_by_chromosome: chr: chr_D
INFO [2022-08-07 20:10:10] smooth_by_chromosome: chr: chr_2pt0
INFO [2022-08-07 20:10:10] smooth_by_chromosome: chr: chr_E
INFO [2022-08-07 20:10:11] smooth_by_chromosome: chr: chr_3pt0
INFO [2022-08-07 20:10:11] smooth_by_chromosome: chr: chr_F
INFO [2022-08-07 20:10:49] 

	STEP 11: re-centering data across chromosome after smoothing

INFO [2022-08-07 20:10:49] ::center_smooth across chromosomes per cell
INFO [2022-08-07 20:11:01] -mirroring for hspike
INFO [2022-08-07 20:11:01] ::center_smooth across chromosomes per cell
INFO [2022-08-07 20:11:39] 

	STEP 12: removing average of reference data (after smoothing)

INFO [2022-08-07 20:11:39] ::subtract_ref_expr_from_obs:Start inv_log=FALSE, use_bounds=TRUE
INFO [2022-08-07 20:11:39] subtracting mean(normal) per gene per cell across all data
INFO [2022-08-07 20:11:44] -subtracting expr per gene, use_bounds=TRUE
INFO [2022-08-07 20:11:49] -mirroring for hspike
INFO [2022-08-07 20:11:49] ::subtract_ref_expr_from_obs:Start inv_log=FALSE, use_bounds=TRUE
INFO [2022-08-07 20:11:49] subtracting mean(normal) per gene per cell across all data
INFO [2022-08-07 20:11:50] -subtracting expr per gene, use_bounds=TRUE
INFO [2022-08-07 20:12:27] 

	STEP 14: invert log2(FC) to FC

INFO [2022-08-07 20:12:27] invert_log2(), computing 2^x
INFO [2022-08-07 20:12:32] -mirroring for hspike
INFO [2022-08-07 20:12:32] invert_log2(), computing 2^x
INFO [2022-08-07 20:13:27] 

	STEP 15: Clustering samples (not defining tumor subclusters)

INFO [2022-08-07 20:13:27] define_signif_tumor_subclusters(p_val=0.1
INFO [2022-08-07 20:13:27] define_signif_tumor_subclusters(), tumor: Bcl6tg/+
INFO [2022-08-07 20:13:50] cut tree into: 1 groups
INFO [2022-08-07 20:13:50] -processing Bcl6tg/+,Bcl6tg/+_s1
INFO [2022-08-07 20:13:50] define_signif_tumor_subclusters(), tumor: WT
INFO [2022-08-08 00:31:13] cut tree into: 1 groups
INFO [2022-08-08 00:31:13] -processing WT,WT_s1
INFO [2022-08-08 00:31:13] -mirroring for hspike
INFO [2022-08-08 00:31:13] define_signif_tumor_subclusters(p_val=0.1
INFO [2022-08-08 00:31:13] define_signif_tumor_subclusters(), tumor: spike_tumor_cell_WT
INFO [2022-08-08 00:31:13] cut tree into: 1 groups
INFO [2022-08-08 00:31:13] -processing spike_tumor_cell_WT,spike_tumor_cell_WT_s1
INFO [2022-08-08 00:31:13] define_signif_tumor_subclusters(), tumor: simnorm_cell_WT
INFO [2022-08-08 00:31:13] cut tree into: 1 groups
INFO [2022-08-08 00:31:13] -processing simnorm_cell_WT,simnorm_cell_WT_s1
INFO [2022-08-08 00:32:55] ::plot_cnv:Start
INFO [2022-08-08 00:32:55] ::plot_cnv:Current data dimensions (r,c)=4600,17178 Total=79100276.1533227 Min=0.661457974068368 Max=1.51756789721407.
INFO [2022-08-08 00:32:56] ::plot_cnv:Depending on the size of the matrix this may take a moment.
INFO [2022-08-08 00:34:11] plot_cnv(): auto thresholding at: (0.886864 , 1.115198)
INFO [2022-08-08 00:34:14] plot_cnv_observation:Start
INFO [2022-08-08 00:34:14] Observation data size: Cells= 1044 Genes= 4600
INFO [2022-08-08 00:34:14] plot_cnv_observation:Writing observation groupings/color.
INFO [2022-08-08 00:34:14] plot_cnv_observation:Done writing observation groupings/color.
INFO [2022-08-08 00:34:14] plot_cnv_observation:Writing observation heatmap thresholds.
INFO [2022-08-08 00:34:14] plot_cnv_observation:Done writing observation heatmap thresholds.
INFO [2022-08-08 00:34:15] Colors for breaks:  #00008B,#24249B,#4848AB,#6D6DBC,#9191CC,#B6B6DD,#DADAEE,#FFFFFF,#EEDADA,#DDB6B6,#CC9191,#BC6D6D,#AB4848,#9B2424,#8B0000
INFO [2022-08-08 00:34:15] Quantiles of plotted data range: 0.886863890093134,0.971031361291422,0.998880538316684,1.03013170434649,1.11519830658216
INFO [2022-08-08 00:34:16] plot_cnv_observations:Writing observation data to ./data/infercnv/inferCNV_out_new/Pool105_83_newsick//infercnv.preliminary.observations.txt
INFO [2022-08-08 00:34:21] plot_cnv_references:Start
INFO [2022-08-08 00:34:21] Reference data size: Cells= 16134 Genes= 4600
INFO [2022-08-08 04:42:52] plot_cnv_references:Number reference groups= 1
INFO [2022-08-08 04:42:53] plot_cnv_references:Plotting heatmap.
INFO [2022-08-08 04:43:10] Colors for breaks:  #00008B,#24249B,#4848AB,#6D6DBC,#9191CC,#B6B6DD,#DADAEE,#FFFFFF,#EEDADA,#DDB6B6,#CC9191,#BC6D6D,#AB4848,#9B2424,#8B0000
INFO [2022-08-08 04:43:10] Quantiles of plotted data range: 0.886863890093134,0.973124844760562,0.998853535644947,1.02633009586462,1.11519830658216
INFO [2022-08-08 04:43:16] plot_cnv_references:Writing reference data to ./data/infercnv/inferCNV_out_new/Pool105_83_newsick//infercnv.preliminary.references.txt
INFO [2022-08-08 04:44:28] 

	STEP 17: HMM-based CNV prediction

INFO [2022-08-08 04:44:28] predict_CNV_via_HMM_on_whole_tumor_samples
INFO [2022-08-08 04:44:31] -done predicting CNV based on initial tumor subclusters
INFO [2022-08-08 04:44:31] get_predicted_CNV_regions(subcluster)
INFO [2022-08-08 04:44:31] -processing cell_group_name: Bcl6tg/+.Bcl6tg/+_s1, size: 1044
INFO [2022-08-08 04:44:39] -processing cell_group_name: WT.WT_s1, size: 16134
INFO [2022-08-08 04:45:28] -writing cell clusters file: ./data/infercnv/inferCNV_out_new/Pool105_83_newsick//17_HMM_predHMMi6.hmm_mode-samples.cell_groupings
INFO [2022-08-08 04:45:28] -writing cnv regions file: ./data/infercnv/inferCNV_out_new/Pool105_83_newsick//17_HMM_predHMMi6.hmm_mode-samples.pred_cnv_regions.dat
INFO [2022-08-08 04:45:28] -writing per-gene cnv report: ./data/infercnv/inferCNV_out_new/Pool105_83_newsick//17_HMM_predHMMi6.hmm_mode-samples.pred_cnv_genes.dat
INFO [2022-08-08 04:45:28] -writing gene ordering info: ./data/infercnv/inferCNV_out_new/Pool105_83_newsick//17_HMM_predHMMi6.hmm_mode-samples.genes_used.dat
INFO [2022-08-08 04:45:45] ::plot_cnv:Start
INFO [2022-08-08 04:45:45] ::plot_cnv:Current data dimensions (r,c)=4600,17178 Total=237301740 Min=3 Max=4.
INFO [2022-08-08 04:45:46] ::plot_cnv:Depending on the size of the matrix this may take a moment.
INFO [2022-08-08 04:46:50] plot_cnv_observation:Start
INFO [2022-08-08 04:46:50] Observation data size: Cells= 1044 Genes= 4600
INFO [2022-08-08 04:46:50] plot_cnv_observation:Writing observation groupings/color.
INFO [2022-08-08 04:46:50] plot_cnv_observation:Done writing observation groupings/color.
INFO [2022-08-08 04:46:50] plot_cnv_observation:Writing observation heatmap thresholds.
INFO [2022-08-08 04:46:50] plot_cnv_observation:Done writing observation heatmap thresholds.
INFO [2022-08-08 04:46:51] Colors for breaks:  #00008B,#24249B,#4848AB,#6D6DBC,#9191CC,#B6B6DD,#DADAEE,#FFFFFF,#EEDADA,#DDB6B6,#CC9191,#BC6D6D,#AB4848,#9B2424,#8B0000
INFO [2022-08-08 04:46:51] Quantiles of plotted data range: 3,3,3,3,4
INFO [2022-08-08 04:46:52] plot_cnv_observations:Writing observation data to ./data/infercnv/inferCNV_out_new/Pool105_83_newsick//infercnv.17_HMM_predHMMi6.hmm_mode-samples.observations.txt
INFO [2022-08-08 04:46:56] plot_cnv_references:Start
INFO [2022-08-08 04:46:56] Reference data size: Cells= 16134 Genes= 4600
INFO [2022-08-08 08:54:53] plot_cnv_references:Number reference groups= 1
INFO [2022-08-08 08:54:54] plot_cnv_references:Plotting heatmap.
INFO [2022-08-08 08:55:10] Colors for breaks:  #00008B,#24249B,#4848AB,#6D6DBC,#9191CC,#B6B6DD,#DADAEE,#FFFFFF,#EEDADA,#DDB6B6,#CC9191,#BC6D6D,#AB4848,#9B2424,#8B0000
INFO [2022-08-08 08:55:10] Quantiles of plotted data range: 3,3,3,3,3
INFO [2022-08-08 08:55:16] plot_cnv_references:Writing reference data to ./data/infercnv/inferCNV_out_new/Pool105_83_newsick//infercnv.17_HMM_predHMMi6.hmm_mode-samples.references.txt
INFO [2022-08-08 08:56:18] 

	STEP 18: Run Bayesian Network Model on HMM predicted CNVs

INFO [2022-08-08 08:56:20] Creating the following Directory:  ./data/infercnv/inferCNV_out_new/Pool105_83_newsick//BayesNetOutput.HMMi6.hmm_mode-samples
INFO [2022-08-08 08:56:20] Initializing new MCM InferCNV Object.
INFO [2022-08-08 08:56:20] validating infercnv_obj
INFO [2022-08-08 08:56:20] Total CNV's:  3
INFO [2022-08-08 08:56:20] Loading BUGS Model.
INFO [2022-08-08 08:56:20] Running Sampling Using Parallel with  64 Cores
INFO [2022-08-08 09:01:22] Obtaining probabilities post-sampling
INFO [2022-08-08 09:01:35] Gibbs sampling time:  5.23688989480337  Minutes
INFO [2022-08-08 09:02:27] ::plot_cnv:Start
INFO [2022-08-08 09:02:27] ::plot_cnv:Current data dimensions (r,c)=4600,17178 Total=168195.029271118 Min=0 Max=0.763755842583567.
INFO [2022-08-08 09:02:27] ::plot_cnv:Depending on the size of the matrix this may take a moment.
INFO [2022-08-08 09:02:29] plot_cnv_observation:Start
INFO [2022-08-08 09:02:29] Observation data size: Cells= 1044 Genes= 4600
INFO [2022-08-08 09:02:29] plot_cnv_observation:Writing observation groupings/color.
INFO [2022-08-08 09:02:29] plot_cnv_observation:Done writing observation groupings/color.
INFO [2022-08-08 09:02:29] plot_cnv_observation:Writing observation heatmap thresholds.
INFO [2022-08-08 09:02:29] plot_cnv_observation:Done writing observation heatmap thresholds.
INFO [2022-08-08 09:02:30] Colors for breaks:  #00008B,#24249B,#4848AB,#6D6DBC,#9191CC,#B6B6DD,#DADAEE,#FFFFFF,#EEDADA,#DDB6B6,#CC9191,#BC6D6D,#AB4848,#9B2424,#8B0000
INFO [2022-08-08 09:02:30] Quantiles of plotted data range: 0,0,0,0,0.763755842583567
INFO [2022-08-08 09:02:31] plot_cnv_observations:Writing observation data to ./data/infercnv/inferCNV_out_new/Pool105_83_newsick//BayesNetOutput.HMMi6.hmm_mode-samples/infercnv.NormalProbabilities.PreFiltering.observations.txt
INFO [2022-08-08 09:02:34] plot_cnv_references:Start
INFO [2022-08-08 09:02:34] Reference data size: Cells= 16134 Genes= 4600
INFO [2022-08-08 13:08:53] plot_cnv_references:Number reference groups= 1
INFO [2022-08-08 13:08:54] plot_cnv_references:Plotting heatmap.
INFO [2022-08-08 13:09:10] Colors for breaks:  #00008B,#24249B,#4848AB,#6D6DBC,#9191CC,#B6B6DD,#DADAEE,#FFFFFF,#EEDADA,#DDB6B6,#CC9191,#BC6D6D,#AB4848,#9B2424,#8B0000
INFO [2022-08-08 13:09:10] Quantiles of plotted data range: 0,0,0,0,0
INFO [2022-08-08 13:09:17] plot_cnv_references:Writing reference data to ./data/infercnv/inferCNV_out_new/Pool105_83_newsick//BayesNetOutput.HMMi6.hmm_mode-samples/infercnv.NormalProbabilities.PreFiltering.references.txt
INFO [2022-08-08 13:11:08] 

	STEP 19: Filter HMM predicted CNVs based on the Bayesian Network Model results and BayesMaxPNormal

INFO [2022-08-08 13:11:08] Attempting to removing CNV(s) with a probability of being normal above  0.5
INFO [2022-08-08 13:11:08] Removing  0  CNV(s) identified by the HMM.
INFO [2022-08-08 13:11:08] Reassigning CNVs based on state probabilities.
INFO [2022-08-08 13:11:08] Creating Plots for CNV and cell Probabilities.
INFO [2022-08-08 13:11:14] ::plot_cnv:Start
INFO [2022-08-08 13:11:14] ::plot_cnv:Current data dimensions (r,c)=4600,17178 Total=168195.029271118 Min=0 Max=0.763755842583567.
INFO [2022-08-08 13:11:14] ::plot_cnv:Depending on the size of the matrix this may take a moment.
INFO [2022-08-08 13:11:16] plot_cnv_observation:Start
INFO [2022-08-08 13:11:16] Observation data size: Cells= 1044 Genes= 4600
INFO [2022-08-08 13:11:16] plot_cnv_observation:Writing observation groupings/color.
INFO [2022-08-08 13:11:16] plot_cnv_observation:Done writing observation groupings/color.
INFO [2022-08-08 13:11:16] plot_cnv_observation:Writing observation heatmap thresholds.
INFO [2022-08-08 13:11:16] plot_cnv_observation:Done writing observation heatmap thresholds.
INFO [2022-08-08 13:11:17] Colors for breaks:  #00008B,#24249B,#4848AB,#6D6DBC,#9191CC,#B6B6DD,#DADAEE,#FFFFFF,#EEDADA,#DDB6B6,#CC9191,#BC6D6D,#AB4848,#9B2424,#8B0000
INFO [2022-08-08 13:11:17] Quantiles of plotted data range: 0,0,0,0,0.763755842583567
INFO [2022-08-08 13:11:18] plot_cnv_observations:Writing observation data to ./data/infercnv/inferCNV_out_new/Pool105_83_newsick//BayesNetOutput.HMMi6.hmm_mode-samples/infercnv.NormalProbabilities.PostFiltering.observations.txt
INFO [2022-08-08 13:11:21] plot_cnv_references:Start
INFO [2022-08-08 13:11:21] Reference data size: Cells= 16134 Genes= 4600
INFO [2022-08-08 17:17:38] plot_cnv_references:Number reference groups= 1
INFO [2022-08-08 17:17:39] plot_cnv_references:Plotting heatmap.
INFO [2022-08-08 17:17:56] Colors for breaks:  #00008B,#24249B,#4848AB,#6D6DBC,#9191CC,#B6B6DD,#DADAEE,#FFFFFF,#EEDADA,#DDB6B6,#CC9191,#BC6D6D,#AB4848,#9B2424,#8B0000
INFO [2022-08-08 17:17:56] Quantiles of plotted data range: 0,0,0,0,0
INFO [2022-08-08 17:18:02] plot_cnv_references:Writing reference data to ./data/infercnv/inferCNV_out_new/Pool105_83_newsick//BayesNetOutput.HMMi6.hmm_mode-samples/infercnv.NormalProbabilities.PostFiltering.references.txt
INFO [2022-08-08 17:19:07] ::plot_cnv:Start
INFO [2022-08-08 17:19:07] ::plot_cnv:Current data dimensions (r,c)=4600,17178 Total=237301740 Min=3 Max=4.
INFO [2022-08-08 17:19:08] ::plot_cnv:Depending on the size of the matrix this may take a moment.
INFO [2022-08-08 17:20:12] plot_cnv_observation:Start
INFO [2022-08-08 17:20:12] Observation data size: Cells= 1044 Genes= 4600
INFO [2022-08-08 17:20:12] plot_cnv_observation:Writing observation groupings/color.
INFO [2022-08-08 17:20:12] plot_cnv_observation:Done writing observation groupings/color.
INFO [2022-08-08 17:20:12] plot_cnv_observation:Writing observation heatmap thresholds.
INFO [2022-08-08 17:20:12] plot_cnv_observation:Done writing observation heatmap thresholds.
INFO [2022-08-08 17:20:13] Colors for breaks:  #00008B,#24249B,#4848AB,#6D6DBC,#9191CC,#B6B6DD,#DADAEE,#FFFFFF,#EEDADA,#DDB6B6,#CC9191,#BC6D6D,#AB4848,#9B2424,#8B0000
INFO [2022-08-08 17:20:13] Quantiles of plotted data range: 3,3,3,3,4
INFO [2022-08-08 17:20:14] plot_cnv_observations:Writing observation data to ./data/infercnv/inferCNV_out_new/Pool105_83_newsick//infercnv.19_HMM_pred.Bayes_Net.Pnorm_0.5.observations.txt
INFO [2022-08-08 17:20:18] plot_cnv_references:Start
INFO [2022-08-08 17:20:18] Reference data size: Cells= 16134 Genes= 4600
INFO [2022-08-08 21:25:21] plot_cnv_references:Number reference groups= 1
INFO [2022-08-08 21:25:22] plot_cnv_references:Plotting heatmap.
INFO [2022-08-08 21:25:38] Colors for breaks:  #00008B,#24249B,#4848AB,#6D6DBC,#9191CC,#B6B6DD,#DADAEE,#FFFFFF,#EEDADA,#DDB6B6,#CC9191,#BC6D6D,#AB4848,#9B2424,#8B0000
INFO [2022-08-08 21:25:38] Quantiles of plotted data range: 3,3,3,3,3
INFO [2022-08-08 21:25:44] plot_cnv_references:Writing reference data to ./data/infercnv/inferCNV_out_new/Pool105_83_newsick//infercnv.19_HMM_pred.Bayes_Net.Pnorm_0.5.references.txt
INFO [2022-08-08 21:26:43] 

	STEP 20: Converting HMM-based CNV states to repr expr vals

INFO [2022-08-08 21:27:04] ::plot_cnv:Start
INFO [2022-08-08 21:27:04] ::plot_cnv:Current data dimensions (r,c)=4600,17178 Total=79141470 Min=1 Max=1.5.
INFO [2022-08-08 21:27:05] ::plot_cnv:Depending on the size of the matrix this may take a moment.
INFO [2022-08-08 21:28:07] plot_cnv_observation:Start
INFO [2022-08-08 21:28:07] Observation data size: Cells= 1044 Genes= 4600
INFO [2022-08-08 21:28:07] plot_cnv_observation:Writing observation groupings/color.
INFO [2022-08-08 21:28:08] plot_cnv_observation:Done writing observation groupings/color.
INFO [2022-08-08 21:28:08] plot_cnv_observation:Writing observation heatmap thresholds.
INFO [2022-08-08 21:28:08] plot_cnv_observation:Done writing observation heatmap thresholds.
INFO [2022-08-08 21:28:08] Colors for breaks:  #00008B,#24249B,#4848AB,#6D6DBC,#9191CC,#B6B6DD,#DADAEE,#FFFFFF,#EEDADA,#DDB6B6,#CC9191,#BC6D6D,#AB4848,#9B2424,#8B0000
INFO [2022-08-08 21:28:08] Quantiles of plotted data range: 1,1,1,1,1.5
INFO [2022-08-08 21:28:09] plot_cnv_observations:Writing observation data to ./data/infercnv/inferCNV_out_new/Pool105_83_newsick//infercnv.20_HMM_predHMMi6.hmm_mode-samples.Pnorm_0.5.repr_intensities.observations.txt
INFO [2022-08-08 21:28:13] plot_cnv_references:Start
INFO [2022-08-08 21:28:13] Reference data size: Cells= 16134 Genes= 4600
INFO [2022-08-09 01:32:25] plot_cnv_references:Number reference groups= 1
INFO [2022-08-09 01:32:26] plot_cnv_references:Plotting heatmap.
INFO [2022-08-09 01:32:42] Colors for breaks:  #00008B,#24249B,#4848AB,#6D6DBC,#9191CC,#B6B6DD,#DADAEE,#FFFFFF,#EEDADA,#DDB6B6,#CC9191,#BC6D6D,#AB4848,#9B2424,#8B0000
INFO [2022-08-09 01:32:42] Quantiles of plotted data range: 1,1,1,1,1
INFO [2022-08-09 01:32:49] plot_cnv_references:Writing reference data to ./data/infercnv/inferCNV_out_new/Pool105_83_newsick//infercnv.20_HMM_predHMMi6.hmm_mode-samples.Pnorm_0.5.repr_intensities.references.txt
INFO [2022-08-09 01:33:46] 

	STEP 22: Denoising

INFO [2022-08-09 01:33:46] ::process_data:Remove noise, noise threshold defined via ref mean sd_amplifier:  1.5
INFO [2022-08-09 01:33:46] denoising using mean(normal) +- sd_amplifier * sd(normal) per gene per cell across all data
INFO [2022-08-09 01:33:49] :: **** clear_noise_via_ref_quantiles **** : removing noise between bounds:  0.938901346556474 - 1.06285526315947
INFO [2022-08-09 01:34:26] 

## Making the final infercnv heatmap ##
INFO [2022-08-09 01:34:27] ::plot_cnv:Start
INFO [2022-08-09 01:34:27] ::plot_cnv:Current data dimensions (r,c)=4600,17178 Total=79237490.5739217 Min=0.661457974068368 Max=1.51756789721407.
INFO [2022-08-09 01:34:28] ::plot_cnv:Depending on the size of the matrix this may take a moment.
INFO [2022-08-09 01:35:39] plot_cnv(): auto thresholding at: (0.884802 , 1.115198)
INFO [2022-08-09 01:35:41] plot_cnv_observation:Start
INFO [2022-08-09 01:35:41] Observation data size: Cells= 1044 Genes= 4600
INFO [2022-08-09 01:35:41] plot_cnv_observation:Writing observation groupings/color.
INFO [2022-08-09 01:35:41] plot_cnv_observation:Done writing observation groupings/color.
INFO [2022-08-09 01:35:41] plot_cnv_observation:Writing observation heatmap thresholds.
INFO [2022-08-09 01:35:42] plot_cnv_observation:Done writing observation heatmap thresholds.
INFO [2022-08-09 01:35:42] Colors for breaks:  #00008B,#24249B,#4848AB,#6D6DBC,#9191CC,#B6B6DD,#DADAEE,#FFFFFF,#EEDADA,#DDB6B6,#CC9191,#BC6D6D,#AB4848,#9B2424,#8B0000
INFO [2022-08-09 01:35:42] Quantiles of plotted data range: 0.884801693417842,1.00087830485797,1.00087830485797,1.00087830485797,1.11519830658216
INFO [2022-08-09 01:35:43] plot_cnv_observations:Writing observation data to ./data/infercnv/inferCNV_out_new/Pool105_83_newsick//infercnv.observations.txt
INFO [2022-08-09 01:35:48] plot_cnv_references:Start
INFO [2022-08-09 01:35:48] Reference data size: Cells= 16134 Genes= 4600
INFO [2022-08-09 05:58:09] plot_cnv_references:Number reference groups= 1
INFO [2022-08-09 05:58:10] plot_cnv_references:Plotting heatmap.
INFO [2022-08-09 05:58:31] Colors for breaks:  #00008B,#24249B,#4848AB,#6D6DBC,#9191CC,#B6B6DD,#DADAEE,#FFFFFF,#EEDADA,#DDB6B6,#CC9191,#BC6D6D,#AB4848,#9B2424,#8B0000
INFO [2022-08-09 05:58:31] Quantiles of plotted data range: 0.884801693417842,1.00087830485797,1.00087830485797,1.00087830485797,1.11519830658216
INFO [2022-08-09 05:58:39] plot_cnv_references:Writing reference data to ./data/infercnv/inferCNV_out_new/Pool105_83_newsick//infercnv.references.txt
Warning messages:
1: In type.convert.default(X[[i]], ...) :
  'as.is' should be specified by the caller; using TRUE
2: In type.convert.default(X[[i]], ...) :
  'as.is' should be specified by the caller; using TRUE
3: In type.convert.default(X[[i]], ...) :
  'as.is' should be specified by the caller; using TRUE
